<?xml version="1.0" encoding="UTF-8"?>
<testsuites name="Sanity_GBS_SF_CIR" time="1797.834" tests="10" failures="7" errors="0">
   <testsuite name="Sanity_GBS_SF_CIR" tests="10" failures="7" errors="0" time="1797.834" skipped="0" timestamp="2022-06-27 11:22:00" hostname="gssprpra - GSSM6818.asia.ad.flextronics.com" id="Test Suites/Sanity_GBS_SF_CIR">
      <properties>
         <property name="deviceName" value=""/>
         <property name="devicePlatform" value=""/>
         <property name="logFolder" value="C:\\Users\\gssprpra\\git\\KatalonStudioCodeRep1\\Reports\\20220627_111149\\Sanity_GBS_SF_CIR\\20220627_111157"/>
         <property name="logFiles" value="C:\\Users\\gssprpra\\git\\KatalonStudioCodeRep1\\Reports\\20220627_111149\\Sanity_GBS_SF_CIR\\20220627_111157\\execution0.log"/>
         <property name="attachments" value="C:\\Users\\gssprpra\\git\\KatalonStudioCodeRep1\\Reports\\20220627_111149\\Sanity_GBS_SF_CIR\\20220627_111157\\1656309158212.png, C:\\Users\\gssprpra\\git\\KatalonStudioCodeRep1\\Reports\\20220627_111149\\Sanity_GBS_SF_CIR\\20220627_111157\\1656309225702.png, C:\\Users\\gssprpra\\git\\KatalonStudioCodeRep1\\Reports\\20220627_111149\\Sanity_GBS_SF_CIR\\20220627_111157\\1656309295982.png, C:\\Users\\gssprpra\\git\\KatalonStudioCodeRep1\\Reports\\20220627_111149\\Sanity_GBS_SF_CIR\\20220627_111157\\1656309598973.png, C:\\Users\\gssprpra\\git\\KatalonStudioCodeRep1\\Reports\\20220627_111149\\Sanity_GBS_SF_CIR\\20220627_111157\\1656309964959.png, C:\\Users\\gssprpra\\git\\KatalonStudioCodeRep1\\Reports\\20220627_111149\\Sanity_GBS_SF_CIR\\20220627_111157\\1656309965371.png, C:\\Users\\gssprpra\\git\\KatalonStudioCodeRep1\\Reports\\20220627_111149\\Sanity_GBS_SF_CIR\\20220627_111157\\1656310271572.png, C:\\Users\\gssprpra\\git\\KatalonStudioCodeRep1\\Reports\\20220627_111149\\Sanity_GBS_SF_CIR\\20220627_111157\\1656310297558.png"/>
         <property name="hostName" value="gssprpra - GSSM6818.asia.ad.flextronics.com"/>
         <property name="os" value="Windows 10 64bit"/>
         <property name="katalonVersion" value="8.3.0.208"/>
         <property name="browser" value="Chrome 102.0.5005.115"/>
         <property name="hostAddress" value="10.195.90.218"/>
         <property name="sessionId" value="fcde9f25b94b66572aad89b479c42fc1"/>
         <property name="seleniumVersion" value="3.141.59"/>
         <property name="proxyInformation" value="ProxyInformation { proxyOption=NO_PROXY, proxyServerType=HTTP, username=, password=********, proxyServerAddress=, proxyServerPort=0, executionList=&quot;&quot;, isApplyToDesiredCapabilities=true }"/>
         <property name="platform" value="Windows 10"/>
      </properties>
      <testcase name="Test Cases/Sanity/GBS/Create AF Project" time="37.343" classname="Test Cases/Sanity/GBS/Create AF Project" status="FAILED">
         <failure type="FAILED" message="Test Cases/Sanity/GBS/Create AF Project FAILED.
Reason:
com.kms.katalon.core.exception.StepFailedException: Unable to click on object 'Object Repository/Page_DIR_GBS/GBS Project/div_To Create Project   Drop GBS project'
	at com.kms.katalon.core.webui.keyword.internal.WebUIKeywordMain.stepFailed(WebUIKeywordMain.groovy:64)
	at com.kms.katalon.core.webui.keyword.internal.WebUIKeywordMain.runKeyword(WebUIKeywordMain.groovy:26)
	at com.kms.katalon.core.webui.keyword.builtin.UploadFileWithDragAndDrop.uploadFileWithDragAndDrop(UploadFileWithDragAndDrop.groovy:67)
	at com.kms.katalon.core.webui.keyword.builtin.UploadFileWithDragAndDrop.execute(UploadFileWithDragAndDrop.groovy:41)
	at com.kms.katalon.core.keyword.internal.KeywordExecutor.executeKeywordForPlatform(KeywordExecutor.groovy:74)
	at com.kms.katalon.core.webui.keyword.WebUiBuiltInKeywords.uploadFileWithDragAndDrop(WebUiBuiltInKeywords.groovy:5008)
	at com.kms.katalon.core.webui.keyword.WebUiBuiltInKeywords$uploadFileWithDragAndDrop$9.call(Unknown Source)
	at Create AF Project.run(Create AF Project:54)
	at com.kms.katalon.core.main.ScriptEngine.run(ScriptEngine.java:194)
	at com.kms.katalon.core.main.ScriptEngine.runScriptAsRawText(ScriptEngine.java:119)
	at com.kms.katalon.core.main.TestCaseExecutor.runScript(TestCaseExecutor.java:445)
	at com.kms.katalon.core.main.TestCaseExecutor.doExecute(TestCaseExecutor.java:436)
	at com.kms.katalon.core.main.TestCaseExecutor.processExecutionPhase(TestCaseExecutor.java:415)
	at com.kms.katalon.core.main.TestCaseExecutor.accessMainPhase(TestCaseExecutor.java:407)
	at com.kms.katalon.core.main.TestCaseExecutor.execute(TestCaseExecutor.java:284)
	at com.kms.katalon.core.common.CommonExecutor.accessTestCaseMainPhase(CommonExecutor.java:65)
	at com.kms.katalon.core.main.TestSuiteExecutor.accessTestSuiteMainPhase(TestSuiteExecutor.java:144)
	at com.kms.katalon.core.main.TestSuiteExecutor.execute(TestSuiteExecutor.java:106)
	at com.kms.katalon.core.main.TestCaseMain.startTestSuite(TestCaseMain.java:185)
	at com.kms.katalon.core.main.TestCaseMain$startTestSuite$0.call(Unknown Source)
	at TempTestSuite1656308517742.run(TempTestSuite1656308517742.groovy:36)
Caused by: org.openqa.selenium.InvalidArgumentException: invalid argument: File not found : C:\Sumathy\Katalon Projects_Scripts\PIR_DIR3\TestFiles\File for Dummy MPN.xlsx
  (Session info: chrome=102.0.5005.115)
Build info: version: '3.141.59', revision: 'e82be7d358', time: '2018-11-14T08:25:53'
System info: host: 'GSSM6818', ip: '10.195.90.218', os.name: 'Windows 10', os.arch: 'amd64', os.version: '10.0', java.version: '1.8.0_282'
Driver info: com.kms.katalon.selenium.driver.CChromeDriver
Capabilities {acceptInsecureCerts: false, browserName: chrome, browserVersion: 102.0.5005.115, chrome: {chromedriverVersion: 102.0.5005.61 (0e59bcc00cc4..., userDataDir: C:\Users\gssprpra\AppData\L...}, goog:chromeOptions: {debuggerAddress: localhost:55036}, javascriptEnabled: true, networkConnectionEnabled: false, pageLoadStrategy: normal, platform: WINDOWS, platformName: WINDOWS, proxy: Proxy(), setWindowRect: true, strictFileInteractability: false, timeouts: {implicit: 0, pageLoad: 300000, script: 30000}, unhandledPromptBehavior: dismiss and notify, webauthn:extension:credBlob: true, webauthn:extension:largeBlob: true, webauthn:virtualAuthenticators: true}
Session ID: e4a8312bcb39779412cb07a5b37c2785
	at org.openqa.selenium.remote.http.W3CHttpResponseCodec.createException(W3CHttpResponseCodec.java:187)
	at org.openqa.selenium.remote.http.W3CHttpResponseCodec.decode(W3CHttpResponseCodec.java:122)
	at org.openqa.selenium.remote.http.W3CHttpResponseCodec.decode(W3CHttpResponseCodec.java:49)
	at org.openqa.selenium.remote.HttpCommandExecutor.execute(HttpCommandExecutor.java:158)
	at org.openqa.selenium.remote.service.DriverCommandExecutor.execute(DriverCommandExecutor.java:83)
	at org.openqa.selenium.remote.RemoteWebDriver.execute(RemoteWebDriver.java:552)
	at com.kms.katalon.selenium.driver.CChromeDriver.execute(CChromeDriver.java:19)
	at org.openqa.selenium.remote.RemoteWebElement.execute(RemoteWebElement.java:285)
	at org.openqa.selenium.remote.RemoteWebElement.sendKeys(RemoteWebElement.java:106)
	at org.openqa.selenium.support.events.EventFiringWebDriver$EventFiringWebElement.lambda$new$0(EventFiringWebDriver.java:404)
	at com.sun.proxy.$Proxy11.sendKeys(Unknown Source)
	at org.openqa.selenium.support.events.EventFiringWebDriver$EventFiringWebElement.sendKeys(EventFiringWebDriver.java:429)
	at com.kms.katalon.core.webui.keyword.builtin.UploadFileWithDragAndDrop$_uploadFileWithDragAndDrop_closure1.doCall(UploadFileWithDragAndDrop.groovy:60)
	at com.kms.katalon.core.webui.keyword.builtin.UploadFileWithDragAndDrop$_uploadFileWithDragAndDrop_closure1.call(UploadFileWithDragAndDrop.groovy)
	at com.kms.katalon.core.webui.keyword.internal.WebUIKeywordMain.runKeyword(WebUIKeywordMain.groovy:20)
	... 19 more
"/>
         <system-out><![CDATA[2022-06-27 11:22:01 - [TEST_CASE][FAILED] - Test Cases/Sanity/GBS/Create AF Project: Test Cases/Sanity/GBS/Create AF Project FAILED.
Reason:
com.kms.katalon.core.exception.StepFailedException: Unable to click on object 'Object Repository/Page_DIR_GBS/GBS Project/div_To Create Project   Drop GBS project'
	at com.kms.katalon.core.webui.keyword.internal.WebUIKeywordMain.stepFailed(WebUIKeywordMain.groovy:64)
	at com.kms.katalon.core.webui.keyword.internal.WebUIKeywordMain.runKeyword(WebUIKeywordMain.groovy:26)
	at com.kms.katalon.core.webui.keyword.builtin.UploadFileWithDragAndDrop.uploadFileWithDragAndDrop(UploadFileWithDragAndDrop.groovy:67)
	at com.kms.katalon.core.webui.keyword.builtin.UploadFileWithDragAndDrop.execute(UploadFileWithDragAndDrop.groovy:41)
	at com.kms.katalon.core.keyword.internal.KeywordExecutor.executeKeywordForPlatform(KeywordExecutor.groovy:74)
	at com.kms.katalon.core.webui.keyword.WebUiBuiltInKeywords.uploadFileWithDragAndDrop(WebUiBuiltInKeywords.groovy:5008)
	at com.kms.katalon.core.webui.keyword.WebUiBuiltInKeywords$uploadFileWithDragAndDrop$9.call(Unknown Source)
	at Create AF Project.run(Create AF Project:54)
	at com.kms.katalon.core.main.ScriptEngine.run(ScriptEngine.java:194)
	at com.kms.katalon.core.main.ScriptEngine.runScriptAsRawText(ScriptEngine.java:119)
	at com.kms.katalon.core.main.TestCaseExecutor.runScript(TestCaseExecutor.java:445)
	at com.kms.katalon.core.main.TestCaseExecutor.doExecute(TestCaseExecutor.java:436)
	at com.kms.katalon.core.main.TestCaseExecutor.processExecutionPhase(TestCaseExecutor.java:415)
	at com.kms.katalon.core.main.TestCaseExecutor.accessMainPhase(TestCaseExecutor.java:407)
	at com.kms.katalon.core.main.TestCaseExecutor.execute(TestCaseExecutor.java:284)
	at com.kms.katalon.core.common.CommonExecutor.accessTestCaseMainPhase(CommonExecutor.java:65)
	at com.kms.katalon.core.main.TestSuiteExecutor.accessTestSuiteMainPhase(TestSuiteExecutor.java:144)
	at com.kms.katalon.core.main.TestSuiteExecutor.execute(TestSuiteExecutor.java:106)
	at com.kms.katalon.core.main.TestCaseMain.startTestSuite(TestCaseMain.java:185)
	at com.kms.katalon.core.main.TestCaseMain$startTestSuite$0.call(Unknown Source)
	at TempTestSuite1656308517742.run(TempTestSuite1656308517742.groovy:36)
Caused by: org.openqa.selenium.InvalidArgumentException: invalid argument: File not found : C:\Sumathy\Katalon Projects_Scripts\PIR_DIR3\TestFiles\File for Dummy MPN.xlsx
  (Session info: chrome=102.0.5005.115)
Build info: version: '3.141.59', revision: 'e82be7d358', time: '2018-11-14T08:25:53'
System info: host: 'GSSM6818', ip: '10.195.90.218', os.name: 'Windows 10', os.arch: 'amd64', os.version: '10.0', java.version: '1.8.0_282'
Driver info: com.kms.katalon.selenium.driver.CChromeDriver
Capabilities {acceptInsecureCerts: false, browserName: chrome, browserVersion: 102.0.5005.115, chrome: {chromedriverVersion: 102.0.5005.61 (0e59bcc00cc4..., userDataDir: C:\Users\gssprpra\AppData\L...}, goog:chromeOptions: {debuggerAddress: localhost:55036}, javascriptEnabled: true, networkConnectionEnabled: false, pageLoadStrategy: normal, platform: WINDOWS, platformName: WINDOWS, proxy: Proxy(), setWindowRect: true, strictFileInteractability: false, timeouts: {implicit: 0, pageLoad: 300000, script: 30000}, unhandledPromptBehavior: dismiss and notify, webauthn:extension:credBlob: true, webauthn:extension:largeBlob: true, webauthn:virtualAuthenticators: true}
Session ID: e4a8312bcb39779412cb07a5b37c2785
	at org.openqa.selenium.remote.http.W3CHttpResponseCodec.createException(W3CHttpResponseCodec.java:187)
	at org.openqa.selenium.remote.http.W3CHttpResponseCodec.decode(W3CHttpResponseCodec.java:122)
	at org.openqa.selenium.remote.http.W3CHttpResponseCodec.decode(W3CHttpResponseCodec.java:49)
	at org.openqa.selenium.remote.HttpCommandExecutor.execute(HttpCommandExecutor.java:158)
	at org.openqa.selenium.remote.service.DriverCommandExecutor.execute(DriverCommandExecutor.java:83)
	at org.openqa.selenium.remote.RemoteWebDriver.execute(RemoteWebDriver.java:552)
	at com.kms.katalon.selenium.driver.CChromeDriver.execute(CChromeDriver.java:19)
	at org.openqa.selenium.remote.RemoteWebElement.execute(RemoteWebElement.java:285)
	at org.openqa.selenium.remote.RemoteWebElement.sendKeys(RemoteWebElement.java:106)
	at org.openqa.selenium.support.events.EventFiringWebDriver$EventFiringWebElement.lambda$new$0(EventFiringWebDriver.java:404)
	at com.sun.proxy.$Proxy11.sendKeys(Unknown Source)
	at org.openqa.selenium.support.events.EventFiringWebDriver$EventFiringWebElement.sendKeys(EventFiringWebDriver.java:429)
	at com.kms.katalon.core.webui.keyword.builtin.UploadFileWithDragAndDrop$_uploadFileWithDragAndDrop_closure1.doCall(UploadFileWithDragAndDrop.groovy:60)
	at com.kms.katalon.core.webui.keyword.builtin.UploadFileWithDragAndDrop$_uploadFileWithDragAndDrop_closure1.call(UploadFileWithDragAndDrop.groovy)
	at com.kms.katalon.core.webui.keyword.internal.WebUIKeywordMain.runKeyword(WebUIKeywordMain.groovy:20)
	... 19 more


2022-06-27 11:22:03 - [TEST_STEP][PASSED] - openBrowser(""): Browser is opened with url: ''

2022-06-27 11:22:03 - [MESSAGE][INFO] - Starting 'Chrome' driver

2022-06-27 11:22:03 - [MESSAGE][INFO] - Action delay is set to 0 milliseconds

2022-06-27 11:22:07 - [MESSAGE][PASSED] - Browser is opened with url: ''

2022-06-27 11:22:07 - [TEST_STEP][PASSED] - maximizeWindow(): Current window maximized

2022-06-27 11:22:07 - [MESSAGE][PASSED] - Current window maximized

2022-06-27 11:22:07 - [TEST_STEP][PASSED] - navigateToUrl(URL): Navigate to 'https://priceitright.flextronics.com/login' successfully

2022-06-27 11:22:11 - [MESSAGE][PASSED] - Navigate to 'https://priceitright.flextronics.com/login' successfully

2022-06-27 11:22:11 - [TEST_STEP][PASSED] - setText(findTestObject("Page_It-Right Platform_GBS/Username"), username): Text 'gsstjaya' is set on object 'Object Repository/Page_It-Right Platform_GBS/Username'

2022-06-27 11:22:12 - [MESSAGE][PASSED] - Text 'gsstjaya' is set on object 'Object Repository/Page_It-Right Platform_GBS/Username'

2022-06-27 11:22:12 - [TEST_STEP][PASSED] - setEncryptedText(findTestObject("Page_It-Right Platform_GBS/password"), pwd): Text ****** has been set on object 'Object Repository/Page_It-Right Platform_GBS/password'

2022-06-27 11:22:13 - [MESSAGE][PASSED] - Text ****** has been set on object 'Object Repository/Page_It-Right Platform_GBS/password'

2022-06-27 11:22:13 - [TEST_STEP][PASSED] - click(findTestObject("Page_It-Right Platform_GBS/button_Sign in")): Object: 'Object Repository/Page_It-Right Platform_GBS/button_Sign in' is clicked on

2022-06-27 11:22:16 - [MESSAGE][PASSED] - Object: 'Object Repository/Page_It-Right Platform_GBS/button_Sign in' is clicked on

2022-06-27 11:22:16 - [TEST_STEP][PASSED] - click(findTestObject("Object Repository/Page_It-Right Platform_GBS/span_WelcomeToggler")): Object: 'Object Repository/Page_It-Right Platform_GBS/span_WelcomeToggler' is clicked on

2022-06-27 11:22:17 - [MESSAGE][PASSED] - Object: 'Object Repository/Page_It-Right Platform_GBS/span_WelcomeToggler' is clicked on

2022-06-27 11:22:17 - [TEST_STEP][PASSED] - verifyElementPresent(findTestObject("Object Repository/Page_It-Right Platform_GBS/div_WelcomeMenu"), 0): Object 'Object Repository/Page_It-Right Platform_GBS/div_WelcomeMenu' is present

2022-06-27 11:22:17 - [MESSAGE][WARNING] - Timeout '0' is invalid. Using default page load timeout: '30'

2022-06-27 11:22:17 - [MESSAGE][PASSED] - Object 'Object Repository/Page_It-Right Platform_GBS/div_WelcomeMenu' is present

2022-06-27 11:22:17 - [TEST_STEP][PASSED] - scrollToElement(findTestObject("Page_It-Right Platform_GBS/span_GBS"), 0): Scroll to object 'Object Repository/Page_It-Right Platform_GBS/span_GBS' successfully

2022-06-27 11:22:18 - [MESSAGE][WARNING] - Timeout '0' is invalid. Using default page load timeout: '30'

2022-06-27 11:22:18 - [MESSAGE][PASSED] - Scroll to object 'Object Repository/Page_It-Right Platform_GBS/span_GBS' successfully

2022-06-27 11:22:18 - [TEST_STEP][PASSED] - waitForElementClickable(findTestObject("Page_It-Right Platform_GBS/span_GBS"), 0): Object 'Object Repository/Page_It-Right Platform_GBS/span_GBS' is clickable

2022-06-27 11:22:18 - [MESSAGE][WARNING] - Timeout '0' is invalid. Using default page load timeout: '30'

2022-06-27 11:22:19 - [MESSAGE][PASSED] - Object 'Object Repository/Page_It-Right Platform_GBS/span_GBS' is clickable

2022-06-27 11:22:19 - [TEST_STEP][PASSED] - click(findTestObject("Page_It-Right Platform_GBS/span_GBS")): Object: 'Object Repository/Page_It-Right Platform_GBS/span_GBS' is clicked on

2022-06-27 11:22:25 - [MESSAGE][PASSED] - Object: 'Object Repository/Page_It-Right Platform_GBS/span_GBS' is clicked on

2022-06-27 11:22:25 - [TEST_STEP][PASSED] - delay(2): Delayed 2 second(s)

2022-06-27 11:22:27 - [MESSAGE][PASSED] - Delayed 2 second(s)

2022-06-27 11:22:27 - [TEST_STEP][PASSED] - click(findTestObject("Page_DIR_GBS/GBS Project/button_Technical Sourcing")): Object: 'Object Repository/Page_DIR_GBS/GBS Project/button_Technical Sourcing' is clicked on

2022-06-27 11:22:28 - [MESSAGE][PASSED] - Object: 'Object Repository/Page_DIR_GBS/GBS Project/button_Technical Sourcing' is clicked on

2022-06-27 11:22:28 - [TEST_STEP][PASSED] - click(findTestObject("Page_DIR_GBS/GBS Project/span_Flex_Organization")): Object: 'Object Repository/Page_DIR_GBS/GBS Project/span_Flex_Organization' is clicked on

2022-06-27 11:22:28 - [MESSAGE][PASSED] - Object: 'Object Repository/Page_DIR_GBS/GBS Project/span_Flex_Organization' is clicked on

2022-06-27 11:22:28 - [TEST_STEP][PASSED] - selectOptionByValue(findTestObject("Page_DIR_GBS/GBS Project/select_Organization"), "FLEX", true): All options with value 'FLEX' are selected in object 'Object Repository/Page_DIR_GBS/GBS Project/select_Organization'  using regular expression

2022-06-27 11:22:34 - [MESSAGE][PASSED] - All options with value 'FLEX' are selected in object 'Object Repository/Page_DIR_GBS/GBS Project/select_Organization'  using regular expression

2022-06-27 11:22:34 - [TEST_STEP][PASSED] - delay(2): Delayed 2 second(s)

2022-06-27 11:22:36 - [MESSAGE][PASSED] - Delayed 2 second(s)

2022-06-27 11:22:36 - [TEST_STEP][PASSED] - verifyElementPresent(findTestObject("Page_DIR_GBS/GBS Project/div_To Create Project   Drop GBS project"), 0): Object 'Object Repository/Page_DIR_GBS/GBS Project/div_To Create Project   Drop GBS project' is present

2022-06-27 11:22:37 - [MESSAGE][WARNING] - Timeout '0' is invalid. Using default page load timeout: '30'

2022-06-27 11:22:37 - [MESSAGE][PASSED] - Object 'Object Repository/Page_DIR_GBS/GBS Project/div_To Create Project   Drop GBS project' is present

2022-06-27 11:22:37 - [TEST_STEP][FAILED] - uploadFileWithDragAndDrop(findTestObject("Page_DIR_GBS/GBS Project/div_To Create Project   Drop GBS project"), GBSAF_File): Unable to click on object 'Object Repository/Page_DIR_GBS/GBS Project/div_To Create Project   Drop GBS project' (Root cause: com.kms.katalon.core.exception.StepFailedException: Unable to click on object 'Object Repository/Page_DIR_GBS/GBS Project/div_To Create Project   Drop GBS project'
	at com.kms.katalon.core.webui.keyword.internal.WebUIKeywordMain.stepFailed(WebUIKeywordMain.groovy:64)
	at com.kms.katalon.core.webui.keyword.internal.WebUIKeywordMain.runKeyword(WebUIKeywordMain.groovy:26)
	at com.kms.katalon.core.webui.keyword.builtin.UploadFileWithDragAndDrop.uploadFileWithDragAndDrop(UploadFileWithDragAndDrop.groovy:67)
	at com.kms.katalon.core.webui.keyword.builtin.UploadFileWithDragAndDrop.execute(UploadFileWithDragAndDrop.groovy:41)
	at com.kms.katalon.core.keyword.internal.KeywordExecutor.executeKeywordForPlatform(KeywordExecutor.groovy:74)
	at com.kms.katalon.core.webui.keyword.WebUiBuiltInKeywords.uploadFileWithDragAndDrop(WebUiBuiltInKeywords.groovy:5008)
	at com.kms.katalon.core.webui.keyword.WebUiBuiltInKeywords$uploadFileWithDragAndDrop$9.call(Unknown Source)
	at Create AF Project.run(Create AF Project:54)
	at com.kms.katalon.core.main.ScriptEngine.run(ScriptEngine.java:194)
	at com.kms.katalon.core.main.ScriptEngine.runScriptAsRawText(ScriptEngine.java:119)
	at com.kms.katalon.core.main.TestCaseExecutor.runScript(TestCaseExecutor.java:445)
	at com.kms.katalon.core.main.TestCaseExecutor.doExecute(TestCaseExecutor.java:436)
	at com.kms.katalon.core.main.TestCaseExecutor.processExecutionPhase(TestCaseExecutor.java:415)
	at com.kms.katalon.core.main.TestCaseExecutor.accessMainPhase(TestCaseExecutor.java:407)
	at com.kms.katalon.core.main.TestCaseExecutor.execute(TestCaseExecutor.java:284)
	at com.kms.katalon.core.common.CommonExecutor.accessTestCaseMainPhase(CommonExecutor.java:65)
	at com.kms.katalon.core.main.TestSuiteExecutor.accessTestSuiteMainPhase(TestSuiteExecutor.java:144)
	at com.kms.katalon.core.main.TestSuiteExecutor.execute(TestSuiteExecutor.java:106)
	at com.kms.katalon.core.main.TestCaseMain.startTestSuite(TestCaseMain.java:185)
	at com.kms.katalon.core.main.TestCaseMain$startTestSuite$0.call(Unknown Source)
	at TempTestSuite1656308517742.run(TempTestSuite1656308517742.groovy:36)
Caused by: org.openqa.selenium.InvalidArgumentException: invalid argument: File not found : C:\Sumathy\Katalon Projects_Scripts\PIR_DIR3\TestFiles\File for Dummy MPN.xlsx
  (Session info: chrome=102.0.5005.115)
Build info: version: '3.141.59', revision: 'e82be7d358', time: '2018-11-14T08:25:53'
System info: host: 'GSSM6818', ip: '10.195.90.218', os.name: 'Windows 10', os.arch: 'amd64', os.version: '10.0', java.version: '1.8.0_282'
Driver info: com.kms.katalon.selenium.driver.CChromeDriver
Capabilities {acceptInsecureCerts: false, browserName: chrome, browserVersion: 102.0.5005.115, chrome: {chromedriverVersion: 102.0.5005.61 (0e59bcc00cc4..., userDataDir: C:\Users\gssprpra\AppData\L...}, goog:chromeOptions: {debuggerAddress: localhost:55036}, javascriptEnabled: true, networkConnectionEnabled: false, pageLoadStrategy: normal, platform: WINDOWS, platformName: WINDOWS, proxy: Proxy(), setWindowRect: true, strictFileInteractability: false, timeouts: {implicit: 0, pageLoad: 300000, script: 30000}, unhandledPromptBehavior: dismiss and notify, webauthn:extension:credBlob: true, webauthn:extension:largeBlob: true, webauthn:virtualAuthenticators: true}
Session ID: e4a8312bcb39779412cb07a5b37c2785
	at org.openqa.selenium.remote.http.W3CHttpResponseCodec.createException(W3CHttpResponseCodec.java:187)
	at org.openqa.selenium.remote.http.W3CHttpResponseCodec.decode(W3CHttpResponseCodec.java:122)
	at org.openqa.selenium.remote.http.W3CHttpResponseCodec.decode(W3CHttpResponseCodec.java:49)
	at org.openqa.selenium.remote.HttpCommandExecutor.execute(HttpCommandExecutor.java:158)
	at org.openqa.selenium.remote.service.DriverCommandExecutor.execute(DriverCommandExecutor.java:83)
	at org.openqa.selenium.remote.RemoteWebDriver.execute(RemoteWebDriver.java:552)
	at com.kms.katalon.selenium.driver.CChromeDriver.execute(CChromeDriver.java:19)
	at org.openqa.selenium.remote.RemoteWebElement.execute(RemoteWebElement.java:285)
	at org.openqa.selenium.remote.RemoteWebElement.sendKeys(RemoteWebElement.java:106)
	at org.openqa.selenium.support.events.EventFiringWebDriver$EventFiringWebElement.lambda$new$0(EventFiringWebDriver.java:404)
	at com.sun.proxy.$Proxy11.sendKeys(Unknown Source)
	at org.openqa.selenium.support.events.EventFiringWebDriver$EventFiringWebElement.sendKeys(EventFiringWebDriver.java:429)
	at com.kms.katalon.core.webui.keyword.builtin.UploadFileWithDragAndDrop$_uploadFileWithDragAndDrop_closure1.doCall(UploadFileWithDragAndDrop.groovy:60)
	at com.kms.katalon.core.webui.keyword.builtin.UploadFileWithDragAndDrop$_uploadFileWithDragAndDrop_closure1.call(UploadFileWithDragAndDrop.groovy)
	at com.kms.katalon.core.webui.keyword.internal.WebUIKeywordMain.runKeyword(WebUIKeywordMain.groovy:20)
	at com.kms.katalon.core.webui.keyword.builtin.UploadFileWithDragAndDrop.uploadFileWithDragAndDrop(UploadFileWithDragAndDrop.groovy:67)
	at com.kms.katalon.core.webui.keyword.builtin.UploadFileWithDragAndDrop.execute(UploadFileWithDragAndDrop.groovy:41)
	at com.kms.katalon.core.keyword.internal.KeywordExecutor.executeKeywordForPlatform(KeywordExecutor.groovy:74)
	at com.kms.katalon.core.webui.keyword.WebUiBuiltInKeywords.uploadFileWithDragAndDrop(WebUiBuiltInKeywords.groovy:5008)
	at com.kms.katalon.core.webui.keyword.WebUiBuiltInKeywords$uploadFileWithDragAndDrop$9.call(Unknown Source)
	at Script1632384454973.run(Script1632384454973.groovy:54)
	... 13 more
)

2022-06-27 11:22:38 - [MESSAGE][FAILED] - Unable to click on object 'Object Repository/Page_DIR_GBS/GBS Project/div_To Create Project   Drop GBS project' (Root cause: com.kms.katalon.core.exception.StepFailedException: Unable to click on object 'Object Repository/Page_DIR_GBS/GBS Project/div_To Create Project   Drop GBS project'
	at com.kms.katalon.core.webui.keyword.internal.WebUIKeywordMain.stepFailed(WebUIKeywordMain.groovy:64)
	at com.kms.katalon.core.webui.keyword.internal.WebUIKeywordMain.runKeyword(WebUIKeywordMain.groovy:26)
	at com.kms.katalon.core.webui.keyword.builtin.UploadFileWithDragAndDrop.uploadFileWithDragAndDrop(UploadFileWithDragAndDrop.groovy:67)
	at com.kms.katalon.core.webui.keyword.builtin.UploadFileWithDragAndDrop.execute(UploadFileWithDragAndDrop.groovy:41)
	at com.kms.katalon.core.keyword.internal.KeywordExecutor.executeKeywordForPlatform(KeywordExecutor.groovy:74)
	at com.kms.katalon.core.webui.keyword.WebUiBuiltInKeywords.uploadFileWithDragAndDrop(WebUiBuiltInKeywords.groovy:5008)
	at com.kms.katalon.core.webui.keyword.WebUiBuiltInKeywords$uploadFileWithDragAndDrop$9.call(Unknown Source)
	at Create AF Project.run(Create AF Project:54)
	at com.kms.katalon.core.main.ScriptEngine.run(ScriptEngine.java:194)
	at com.kms.katalon.core.main.ScriptEngine.runScriptAsRawText(ScriptEngine.java:119)
	at com.kms.katalon.core.main.TestCaseExecutor.runScript(TestCaseExecutor.java:445)
	at com.kms.katalon.core.main.TestCaseExecutor.doExecute(TestCaseExecutor.java:436)
	at com.kms.katalon.core.main.TestCaseExecutor.processExecutionPhase(TestCaseExecutor.java:415)
	at com.kms.katalon.core.main.TestCaseExecutor.accessMainPhase(TestCaseExecutor.java:407)
	at com.kms.katalon.core.main.TestCaseExecutor.execute(TestCaseExecutor.java:284)
	at com.kms.katalon.core.common.CommonExecutor.accessTestCaseMainPhase(CommonExecutor.java:65)
	at com.kms.katalon.core.main.TestSuiteExecutor.accessTestSuiteMainPhase(TestSuiteExecutor.java:144)
	at com.kms.katalon.core.main.TestSuiteExecutor.execute(TestSuiteExecutor.java:106)
	at com.kms.katalon.core.main.TestCaseMain.startTestSuite(TestCaseMain.java:185)
	at com.kms.katalon.core.main.TestCaseMain$startTestSuite$0.call(Unknown Source)
	at TempTestSuite1656308517742.run(TempTestSuite1656308517742.groovy:36)
Caused by: org.openqa.selenium.InvalidArgumentException: invalid argument: File not found : C:\Sumathy\Katalon Projects_Scripts\PIR_DIR3\TestFiles\File for Dummy MPN.xlsx
  (Session info: chrome=102.0.5005.115)
Build info: version: '3.141.59', revision: 'e82be7d358', time: '2018-11-14T08:25:53'
System info: host: 'GSSM6818', ip: '10.195.90.218', os.name: 'Windows 10', os.arch: 'amd64', os.version: '10.0', java.version: '1.8.0_282'
Driver info: com.kms.katalon.selenium.driver.CChromeDriver
Capabilities {acceptInsecureCerts: false, browserName: chrome, browserVersion: 102.0.5005.115, chrome: {chromedriverVersion: 102.0.5005.61 (0e59bcc00cc4..., userDataDir: C:\Users\gssprpra\AppData\L...}, goog:chromeOptions: {debuggerAddress: localhost:55036}, javascriptEnabled: true, networkConnectionEnabled: false, pageLoadStrategy: normal, platform: WINDOWS, platformName: WINDOWS, proxy: Proxy(), setWindowRect: true, strictFileInteractability: false, timeouts: {implicit: 0, pageLoad: 300000, script: 30000}, unhandledPromptBehavior: dismiss and notify, webauthn:extension:credBlob: true, webauthn:extension:largeBlob: true, webauthn:virtualAuthenticators: true}
Session ID: e4a8312bcb39779412cb07a5b37c2785
	at org.openqa.selenium.remote.http.W3CHttpResponseCodec.createException(W3CHttpResponseCodec.java:187)
	at org.openqa.selenium.remote.http.W3CHttpResponseCodec.decode(W3CHttpResponseCodec.java:122)
	at org.openqa.selenium.remote.http.W3CHttpResponseCodec.decode(W3CHttpResponseCodec.java:49)
	at org.openqa.selenium.remote.HttpCommandExecutor.execute(HttpCommandExecutor.java:158)
	at org.openqa.selenium.remote.service.DriverCommandExecutor.execute(DriverCommandExecutor.java:83)
	at org.openqa.selenium.remote.RemoteWebDriver.execute(RemoteWebDriver.java:552)
	at com.kms.katalon.selenium.driver.CChromeDriver.execute(CChromeDriver.java:19)
	at org.openqa.selenium.remote.RemoteWebElement.execute(RemoteWebElement.java:285)
	at org.openqa.selenium.remote.RemoteWebElement.sendKeys(RemoteWebElement.java:106)
	at org.openqa.selenium.support.events.EventFiringWebDriver$EventFiringWebElement.lambda$new$0(EventFiringWebDriver.java:404)
	at com.sun.proxy.$Proxy11.sendKeys(Unknown Source)
	at org.openqa.selenium.support.events.EventFiringWebDriver$EventFiringWebElement.sendKeys(EventFiringWebDriver.java:429)
	at com.kms.katalon.core.webui.keyword.builtin.UploadFileWithDragAndDrop$_uploadFileWithDragAndDrop_closure1.doCall(UploadFileWithDragAndDrop.groovy:60)
	at com.kms.katalon.core.webui.keyword.builtin.UploadFileWithDragAndDrop$_uploadFileWithDragAndDrop_closure1.call(UploadFileWithDragAndDrop.groovy)
	at com.kms.katalon.core.webui.keyword.internal.WebUIKeywordMain.runKeyword(WebUIKeywordMain.groovy:20)
	at com.kms.katalon.core.webui.keyword.builtin.UploadFileWithDragAndDrop.uploadFileWithDragAndDrop(UploadFileWithDragAndDrop.groovy:67)
	at com.kms.katalon.core.webui.keyword.builtin.UploadFileWithDragAndDrop.execute(UploadFileWithDragAndDrop.groovy:41)
	at com.kms.katalon.core.keyword.internal.KeywordExecutor.executeKeywordForPlatform(KeywordExecutor.groovy:74)
	at com.kms.katalon.core.webui.keyword.WebUiBuiltInKeywords.uploadFileWithDragAndDrop(WebUiBuiltInKeywords.groovy:5008)
	at com.kms.katalon.core.webui.keyword.WebUiBuiltInKeywords$uploadFileWithDragAndDrop$9.call(Unknown Source)
	at Script1632384454973.run(Script1632384454973.groovy:54)
	... 13 more
)
[[ATTACHMENT|C:\\Users\\gssprpra\\git\\KatalonStudioCodeRep1\\Reports\\20220627_111149\\Sanity_GBS_SF_CIR\\20220627_111157\\1656309158212.png]]]]></system-out>
         <system-err><![CDATA[2022-06-27 11:22:01 - [TEST_CASE][FAILED] - Test Cases/Sanity/GBS/Create AF Project: Test Cases/Sanity/GBS/Create AF Project FAILED.
Reason:
com.kms.katalon.core.exception.StepFailedException: Unable to click on object 'Object Repository/Page_DIR_GBS/GBS Project/div_To Create Project   Drop GBS project'
	at com.kms.katalon.core.webui.keyword.internal.WebUIKeywordMain.stepFailed(WebUIKeywordMain.groovy:64)
	at com.kms.katalon.core.webui.keyword.internal.WebUIKeywordMain.runKeyword(WebUIKeywordMain.groovy:26)
	at com.kms.katalon.core.webui.keyword.builtin.UploadFileWithDragAndDrop.uploadFileWithDragAndDrop(UploadFileWithDragAndDrop.groovy:67)
	at com.kms.katalon.core.webui.keyword.builtin.UploadFileWithDragAndDrop.execute(UploadFileWithDragAndDrop.groovy:41)
	at com.kms.katalon.core.keyword.internal.KeywordExecutor.executeKeywordForPlatform(KeywordExecutor.groovy:74)
	at com.kms.katalon.core.webui.keyword.WebUiBuiltInKeywords.uploadFileWithDragAndDrop(WebUiBuiltInKeywords.groovy:5008)
	at com.kms.katalon.core.webui.keyword.WebUiBuiltInKeywords$uploadFileWithDragAndDrop$9.call(Unknown Source)
	at Create AF Project.run(Create AF Project:54)
	at com.kms.katalon.core.main.ScriptEngine.run(ScriptEngine.java:194)
	at com.kms.katalon.core.main.ScriptEngine.runScriptAsRawText(ScriptEngine.java:119)
	at com.kms.katalon.core.main.TestCaseExecutor.runScript(TestCaseExecutor.java:445)
	at com.kms.katalon.core.main.TestCaseExecutor.doExecute(TestCaseExecutor.java:436)
	at com.kms.katalon.core.main.TestCaseExecutor.processExecutionPhase(TestCaseExecutor.java:415)
	at com.kms.katalon.core.main.TestCaseExecutor.accessMainPhase(TestCaseExecutor.java:407)
	at com.kms.katalon.core.main.TestCaseExecutor.execute(TestCaseExecutor.java:284)
	at com.kms.katalon.core.common.CommonExecutor.accessTestCaseMainPhase(CommonExecutor.java:65)
	at com.kms.katalon.core.main.TestSuiteExecutor.accessTestSuiteMainPhase(TestSuiteExecutor.java:144)
	at com.kms.katalon.core.main.TestSuiteExecutor.execute(TestSuiteExecutor.java:106)
	at com.kms.katalon.core.main.TestCaseMain.startTestSuite(TestCaseMain.java:185)
	at com.kms.katalon.core.main.TestCaseMain$startTestSuite$0.call(Unknown Source)
	at TempTestSuite1656308517742.run(TempTestSuite1656308517742.groovy:36)
Caused by: org.openqa.selenium.InvalidArgumentException: invalid argument: File not found : C:\Sumathy\Katalon Projects_Scripts\PIR_DIR3\TestFiles\File for Dummy MPN.xlsx
  (Session info: chrome=102.0.5005.115)
Build info: version: '3.141.59', revision: 'e82be7d358', time: '2018-11-14T08:25:53'
System info: host: 'GSSM6818', ip: '10.195.90.218', os.name: 'Windows 10', os.arch: 'amd64', os.version: '10.0', java.version: '1.8.0_282'
Driver info: com.kms.katalon.selenium.driver.CChromeDriver
Capabilities {acceptInsecureCerts: false, browserName: chrome, browserVersion: 102.0.5005.115, chrome: {chromedriverVersion: 102.0.5005.61 (0e59bcc00cc4..., userDataDir: C:\Users\gssprpra\AppData\L...}, goog:chromeOptions: {debuggerAddress: localhost:55036}, javascriptEnabled: true, networkConnectionEnabled: false, pageLoadStrategy: normal, platform: WINDOWS, platformName: WINDOWS, proxy: Proxy(), setWindowRect: true, strictFileInteractability: false, timeouts: {implicit: 0, pageLoad: 300000, script: 30000}, unhandledPromptBehavior: dismiss and notify, webauthn:extension:credBlob: true, webauthn:extension:largeBlob: true, webauthn:virtualAuthenticators: true}
Session ID: e4a8312bcb39779412cb07a5b37c2785
	at org.openqa.selenium.remote.http.W3CHttpResponseCodec.createException(W3CHttpResponseCodec.java:187)
	at org.openqa.selenium.remote.http.W3CHttpResponseCodec.decode(W3CHttpResponseCodec.java:122)
	at org.openqa.selenium.remote.http.W3CHttpResponseCodec.decode(W3CHttpResponseCodec.java:49)
	at org.openqa.selenium.remote.HttpCommandExecutor.execute(HttpCommandExecutor.java:158)
	at org.openqa.selenium.remote.service.DriverCommandExecutor.execute(DriverCommandExecutor.java:83)
	at org.openqa.selenium.remote.RemoteWebDriver.execute(RemoteWebDriver.java:552)
	at com.kms.katalon.selenium.driver.CChromeDriver.execute(CChromeDriver.java:19)
	at org.openqa.selenium.remote.RemoteWebElement.execute(RemoteWebElement.java:285)
	at org.openqa.selenium.remote.RemoteWebElement.sendKeys(RemoteWebElement.java:106)
	at org.openqa.selenium.support.events.EventFiringWebDriver$EventFiringWebElement.lambda$new$0(EventFiringWebDriver.java:404)
	at com.sun.proxy.$Proxy11.sendKeys(Unknown Source)
	at org.openqa.selenium.support.events.EventFiringWebDriver$EventFiringWebElement.sendKeys(EventFiringWebDriver.java:429)
	at com.kms.katalon.core.webui.keyword.builtin.UploadFileWithDragAndDrop$_uploadFileWithDragAndDrop_closure1.doCall(UploadFileWithDragAndDrop.groovy:60)
	at com.kms.katalon.core.webui.keyword.builtin.UploadFileWithDragAndDrop$_uploadFileWithDragAndDrop_closure1.call(UploadFileWithDragAndDrop.groovy)
	at com.kms.katalon.core.webui.keyword.internal.WebUIKeywordMain.runKeyword(WebUIKeywordMain.groovy:20)
	... 19 more]]></system-err>
      </testcase>
      <testcase name="Test Cases/Sanity/GBS/AF_Review_Verify" time="67.609" classname="Test Cases/Sanity/GBS/AF_Review_Verify" status="FAILED">
         <failure type="FAILED" message="Test Cases/Sanity/GBS/AF_Review_Verify FAILED.
Reason:
com.kms.katalon.core.exception.StepFailedException: Unable to scroll to object 'Object Repository/Page_DIR_GBS/GBS Project/i_Project-folder-open'
	at com.kms.katalon.core.webui.keyword.internal.WebUIKeywordMain.stepFailed(WebUIKeywordMain.groovy:64)
	at com.kms.katalon.core.webui.keyword.internal.WebUIKeywordMain.runKeyword(WebUIKeywordMain.groovy:26)
	at com.kms.katalon.core.webui.keyword.builtin.ScrollToElementKeyword.scrollToElement(ScrollToElementKeyword.groovy:88)
	at com.kms.katalon.core.webui.keyword.builtin.ScrollToElementKeyword.execute(ScrollToElementKeyword.groovy:68)
	at com.kms.katalon.core.keyword.internal.KeywordExecutor.executeKeywordForPlatform(KeywordExecutor.groovy:74)
	at com.kms.katalon.core.webui.keyword.WebUiBuiltInKeywords.scrollToElement(WebUiBuiltInKeywords.groovy:4061)
	at com.kms.katalon.core.webui.keyword.WebUiBuiltInKeywords$scrollToElement$6.call(Unknown Source)
	at AF_Review_Verify.run(AF_Review_Verify:48)
	at com.kms.katalon.core.main.ScriptEngine.run(ScriptEngine.java:194)
	at com.kms.katalon.core.main.ScriptEngine.runScriptAsRawText(ScriptEngine.java:119)
	at com.kms.katalon.core.main.TestCaseExecutor.runScript(TestCaseExecutor.java:445)
	at com.kms.katalon.core.main.TestCaseExecutor.doExecute(TestCaseExecutor.java:436)
	at com.kms.katalon.core.main.TestCaseExecutor.processExecutionPhase(TestCaseExecutor.java:415)
	at com.kms.katalon.core.main.TestCaseExecutor.accessMainPhase(TestCaseExecutor.java:407)
	at com.kms.katalon.core.main.TestCaseExecutor.execute(TestCaseExecutor.java:284)
	at com.kms.katalon.core.common.CommonExecutor.accessTestCaseMainPhase(CommonExecutor.java:65)
	at com.kms.katalon.core.main.TestSuiteExecutor.accessTestSuiteMainPhase(TestSuiteExecutor.java:144)
	at com.kms.katalon.core.main.TestSuiteExecutor.execute(TestSuiteExecutor.java:106)
	at com.kms.katalon.core.main.TestCaseMain.startTestSuite(TestCaseMain.java:185)
	at com.kms.katalon.core.main.TestCaseMain$startTestSuite$0.call(Unknown Source)
	at TempTestSuite1656308517742.run(TempTestSuite1656308517742.groovy:36)
Caused by: com.kms.katalon.core.webui.exception.WebElementNotFoundException: Web element with id: 'Object Repository/Page_DIR_GBS/GBS Project/i_Project-folder-open' located by '//tr[@id='3835']/td[17]/a/i' not found
	at com.kms.katalon.core.webui.common.WebUiCommonHelper.findWebElement(WebUiCommonHelper.java:1370)
	at com.kms.katalon.core.webui.keyword.internal.WebUIAbstractKeyword.findWebElement(WebUIAbstractKeyword.groovy:27)
	at com.kms.katalon.core.webui.keyword.internal.WebUIAbstractKeyword.findWebElement(WebUIAbstractKeyword.groovy:26)
	at com.kms.katalon.core.webui.keyword.builtin.ScrollToElementKeyword$_scrollToElement_closure1.doCall(ScrollToElementKeyword.groovy:79)
	at com.kms.katalon.core.webui.keyword.builtin.ScrollToElementKeyword$_scrollToElement_closure1.call(ScrollToElementKeyword.groovy)
	at com.kms.katalon.core.webui.keyword.internal.WebUIKeywordMain.runKeyword(WebUIKeywordMain.groovy:20)
	... 19 more
"/>
         <system-out><![CDATA[2022-06-27 11:22:38 - [TEST_CASE][FAILED] - Test Cases/Sanity/GBS/AF_Review_Verify: Test Cases/Sanity/GBS/AF_Review_Verify FAILED.
Reason:
com.kms.katalon.core.exception.StepFailedException: Unable to scroll to object 'Object Repository/Page_DIR_GBS/GBS Project/i_Project-folder-open'
	at com.kms.katalon.core.webui.keyword.internal.WebUIKeywordMain.stepFailed(WebUIKeywordMain.groovy:64)
	at com.kms.katalon.core.webui.keyword.internal.WebUIKeywordMain.runKeyword(WebUIKeywordMain.groovy:26)
	at com.kms.katalon.core.webui.keyword.builtin.ScrollToElementKeyword.scrollToElement(ScrollToElementKeyword.groovy:88)
	at com.kms.katalon.core.webui.keyword.builtin.ScrollToElementKeyword.execute(ScrollToElementKeyword.groovy:68)
	at com.kms.katalon.core.keyword.internal.KeywordExecutor.executeKeywordForPlatform(KeywordExecutor.groovy:74)
	at com.kms.katalon.core.webui.keyword.WebUiBuiltInKeywords.scrollToElement(WebUiBuiltInKeywords.groovy:4061)
	at com.kms.katalon.core.webui.keyword.WebUiBuiltInKeywords$scrollToElement$6.call(Unknown Source)
	at AF_Review_Verify.run(AF_Review_Verify:48)
	at com.kms.katalon.core.main.ScriptEngine.run(ScriptEngine.java:194)
	at com.kms.katalon.core.main.ScriptEngine.runScriptAsRawText(ScriptEngine.java:119)
	at com.kms.katalon.core.main.TestCaseExecutor.runScript(TestCaseExecutor.java:445)
	at com.kms.katalon.core.main.TestCaseExecutor.doExecute(TestCaseExecutor.java:436)
	at com.kms.katalon.core.main.TestCaseExecutor.processExecutionPhase(TestCaseExecutor.java:415)
	at com.kms.katalon.core.main.TestCaseExecutor.accessMainPhase(TestCaseExecutor.java:407)
	at com.kms.katalon.core.main.TestCaseExecutor.execute(TestCaseExecutor.java:284)
	at com.kms.katalon.core.common.CommonExecutor.accessTestCaseMainPhase(CommonExecutor.java:65)
	at com.kms.katalon.core.main.TestSuiteExecutor.accessTestSuiteMainPhase(TestSuiteExecutor.java:144)
	at com.kms.katalon.core.main.TestSuiteExecutor.execute(TestSuiteExecutor.java:106)
	at com.kms.katalon.core.main.TestCaseMain.startTestSuite(TestCaseMain.java:185)
	at com.kms.katalon.core.main.TestCaseMain$startTestSuite$0.call(Unknown Source)
	at TempTestSuite1656308517742.run(TempTestSuite1656308517742.groovy:36)
Caused by: com.kms.katalon.core.webui.exception.WebElementNotFoundException: Web element with id: 'Object Repository/Page_DIR_GBS/GBS Project/i_Project-folder-open' located by '//tr[@id='3835']/td[17]/a/i' not found
	at com.kms.katalon.core.webui.common.WebUiCommonHelper.findWebElement(WebUiCommonHelper.java:1370)
	at com.kms.katalon.core.webui.keyword.internal.WebUIAbstractKeyword.findWebElement(WebUIAbstractKeyword.groovy:27)
	at com.kms.katalon.core.webui.keyword.internal.WebUIAbstractKeyword.findWebElement(WebUIAbstractKeyword.groovy:26)
	at com.kms.katalon.core.webui.keyword.builtin.ScrollToElementKeyword$_scrollToElement_closure1.doCall(ScrollToElementKeyword.groovy:79)
	at com.kms.katalon.core.webui.keyword.builtin.ScrollToElementKeyword$_scrollToElement_closure1.call(ScrollToElementKeyword.groovy)
	at com.kms.katalon.core.webui.keyword.internal.WebUIKeywordMain.runKeyword(WebUIKeywordMain.groovy:20)
	... 19 more


2022-06-27 11:22:39 - [TEST_STEP][PASSED] - openBrowser(""): Browser is opened with url: ''

2022-06-27 11:22:39 - [MESSAGE][WARNING] - A browser is already opened. Closing browser and opening a new one

2022-06-27 11:22:40 - [MESSAGE][INFO] - Starting 'Chrome' driver

2022-06-27 11:22:40 - [MESSAGE][INFO] - Action delay is set to 0 milliseconds

2022-06-27 11:22:42 - [MESSAGE][PASSED] - Browser is opened with url: ''

2022-06-27 11:22:42 - [TEST_STEP][PASSED] - maximizeWindow(): Current window maximized

2022-06-27 11:22:42 - [MESSAGE][PASSED] - Current window maximized

2022-06-27 11:22:42 - [TEST_STEP][PASSED] - navigateToUrl(URL): Navigate to 'https://priceitright.flextronics.com/login' successfully

2022-06-27 11:22:45 - [MESSAGE][PASSED] - Navigate to 'https://priceitright.flextronics.com/login' successfully

2022-06-27 11:22:45 - [TEST_STEP][PASSED] - setText(findTestObject("Page_It-Right Platform_GBS/Username"), username): Text 'gsstjaya' is set on object 'Object Repository/Page_It-Right Platform_GBS/Username'

2022-06-27 11:22:46 - [MESSAGE][PASSED] - Text 'gsstjaya' is set on object 'Object Repository/Page_It-Right Platform_GBS/Username'

2022-06-27 11:22:46 - [TEST_STEP][PASSED] - setEncryptedText(findTestObject("Page_It-Right Platform_GBS/password"), pwd): Text ****** has been set on object 'Object Repository/Page_It-Right Platform_GBS/password'

2022-06-27 11:22:46 - [MESSAGE][PASSED] - Text ****** has been set on object 'Object Repository/Page_It-Right Platform_GBS/password'

2022-06-27 11:22:46 - [TEST_STEP][PASSED] - click(findTestObject("Page_It-Right Platform_GBS/button_Sign in")): Object: 'Object Repository/Page_It-Right Platform_GBS/button_Sign in' is clicked on

2022-06-27 11:22:49 - [MESSAGE][PASSED] - Object: 'Object Repository/Page_It-Right Platform_GBS/button_Sign in' is clicked on

2022-06-27 11:22:49 - [TEST_STEP][PASSED] - click(findTestObject("Object Repository/Page_It-Right Platform_GBS/span_WelcomeToggler")): Object: 'Object Repository/Page_It-Right Platform_GBS/span_WelcomeToggler' is clicked on

2022-06-27 11:22:50 - [MESSAGE][PASSED] - Object: 'Object Repository/Page_It-Right Platform_GBS/span_WelcomeToggler' is clicked on

2022-06-27 11:22:50 - [TEST_STEP][PASSED] - verifyElementPresent(findTestObject("Object Repository/Page_It-Right Platform_GBS/div_WelcomeMenu"), 0): Object 'Object Repository/Page_It-Right Platform_GBS/div_WelcomeMenu' is present

2022-06-27 11:22:50 - [MESSAGE][WARNING] - Timeout '0' is invalid. Using default page load timeout: '30'

2022-06-27 11:22:50 - [MESSAGE][PASSED] - Object 'Object Repository/Page_It-Right Platform_GBS/div_WelcomeMenu' is present

2022-06-27 11:22:50 - [TEST_STEP][PASSED] - click(findTestObject("Object Repository/Page_It-Right Platform_GBS/span_GBS")): Object: 'Object Repository/Page_It-Right Platform_GBS/span_GBS' is clicked on

2022-06-27 11:22:56 - [MESSAGE][PASSED] - Object: 'Object Repository/Page_It-Right Platform_GBS/span_GBS' is clicked on

2022-06-27 11:22:56 - [TEST_STEP][PASSED] - delay(2): Delayed 2 second(s)

2022-06-27 11:22:58 - [MESSAGE][PASSED] - Delayed 2 second(s)

2022-06-27 11:22:58 - [TEST_STEP][PASSED] - click(findTestObject("Page_DIR_GBS/GBS Project/button_Technical Sourcing")): Object: 'Object Repository/Page_DIR_GBS/GBS Project/button_Technical Sourcing' is clicked on

2022-06-27 11:22:58 - [MESSAGE][PASSED] - Object: 'Object Repository/Page_DIR_GBS/GBS Project/button_Technical Sourcing' is clicked on

2022-06-27 11:22:58 - [TEST_STEP][PASSED] - click(findTestObject("Page_DIR_GBS/GBS Project/span_Flex_Organization")): Object: 'Object Repository/Page_DIR_GBS/GBS Project/span_Flex_Organization' is clicked on

2022-06-27 11:22:59 - [MESSAGE][PASSED] - Object: 'Object Repository/Page_DIR_GBS/GBS Project/span_Flex_Organization' is clicked on

2022-06-27 11:22:59 - [TEST_STEP][PASSED] - selectOptionByValue(findTestObject("Page_DIR_GBS/GBS Project/select_Organization"), "FLEX", true): All options with value 'FLEX' are selected in object 'Object Repository/Page_DIR_GBS/GBS Project/select_Organization'  using regular expression

2022-06-27 11:23:07 - [MESSAGE][PASSED] - All options with value 'FLEX' are selected in object 'Object Repository/Page_DIR_GBS/GBS Project/select_Organization'  using regular expression

2022-06-27 11:23:07 - [TEST_STEP][PASSED] - delay(2): Delayed 2 second(s)

2022-06-27 11:23:09 - [MESSAGE][PASSED] - Delayed 2 second(s)

2022-06-27 11:23:09 - [TEST_STEP][FAILED] - scrollToElement(findTestObject("Page_DIR_GBS/GBS Project/i_Project-folder-open"), 2): Unable to scroll to object 'Object Repository/Page_DIR_GBS/GBS Project/i_Project-folder-open' (Root cause: com.kms.katalon.core.exception.StepFailedException: Unable to scroll to object 'Object Repository/Page_DIR_GBS/GBS Project/i_Project-folder-open'
	at com.kms.katalon.core.webui.keyword.internal.WebUIKeywordMain.stepFailed(WebUIKeywordMain.groovy:64)
	at com.kms.katalon.core.webui.keyword.internal.WebUIKeywordMain.runKeyword(WebUIKeywordMain.groovy:26)
	at com.kms.katalon.core.webui.keyword.builtin.ScrollToElementKeyword.scrollToElement(ScrollToElementKeyword.groovy:88)
	at com.kms.katalon.core.webui.keyword.builtin.ScrollToElementKeyword.execute(ScrollToElementKeyword.groovy:68)
	at com.kms.katalon.core.keyword.internal.KeywordExecutor.executeKeywordForPlatform(KeywordExecutor.groovy:74)
	at com.kms.katalon.core.webui.keyword.WebUiBuiltInKeywords.scrollToElement(WebUiBuiltInKeywords.groovy:4061)
	at com.kms.katalon.core.webui.keyword.WebUiBuiltInKeywords$scrollToElement$6.call(Unknown Source)
	at AF_Review_Verify.run(AF_Review_Verify:48)
	at com.kms.katalon.core.main.ScriptEngine.run(ScriptEngine.java:194)
	at com.kms.katalon.core.main.ScriptEngine.runScriptAsRawText(ScriptEngine.java:119)
	at com.kms.katalon.core.main.TestCaseExecutor.runScript(TestCaseExecutor.java:445)
	at com.kms.katalon.core.main.TestCaseExecutor.doExecute(TestCaseExecutor.java:436)
	at com.kms.katalon.core.main.TestCaseExecutor.processExecutionPhase(TestCaseExecutor.java:415)
	at com.kms.katalon.core.main.TestCaseExecutor.accessMainPhase(TestCaseExecutor.java:407)
	at com.kms.katalon.core.main.TestCaseExecutor.execute(TestCaseExecutor.java:284)
	at com.kms.katalon.core.common.CommonExecutor.accessTestCaseMainPhase(CommonExecutor.java:65)
	at com.kms.katalon.core.main.TestSuiteExecutor.accessTestSuiteMainPhase(TestSuiteExecutor.java:144)
	at com.kms.katalon.core.main.TestSuiteExecutor.execute(TestSuiteExecutor.java:106)
	at com.kms.katalon.core.main.TestCaseMain.startTestSuite(TestCaseMain.java:185)
	at com.kms.katalon.core.main.TestCaseMain$startTestSuite$0.call(Unknown Source)
	at TempTestSuite1656308517742.run(TempTestSuite1656308517742.groovy:36)
Caused by: com.kms.katalon.core.webui.exception.WebElementNotFoundException: Web element with id: 'Object Repository/Page_DIR_GBS/GBS Project/i_Project-folder-open' located by '//tr[@id='3835']/td[17]/a/i' not found
	at com.kms.katalon.core.webui.common.WebUiCommonHelper.findWebElement(WebUiCommonHelper.java:1370)
	at com.kms.katalon.core.webui.keyword.internal.WebUIAbstractKeyword.findWebElement(WebUIAbstractKeyword.groovy:27)
	at com.kms.katalon.core.webui.keyword.internal.WebUIAbstractKeyword.findWebElement(WebUIAbstractKeyword.groovy:26)
	at com.kms.katalon.core.webui.keyword.builtin.ScrollToElementKeyword$_scrollToElement_closure1.doCall(ScrollToElementKeyword.groovy:79)
	at com.kms.katalon.core.webui.keyword.builtin.ScrollToElementKeyword$_scrollToElement_closure1.call(ScrollToElementKeyword.groovy)
	at com.kms.katalon.core.webui.keyword.internal.WebUIKeywordMain.runKeyword(WebUIKeywordMain.groovy:20)
	at com.kms.katalon.core.webui.keyword.builtin.ScrollToElementKeyword.scrollToElement(ScrollToElementKeyword.groovy:88)
	at com.kms.katalon.core.webui.keyword.builtin.ScrollToElementKeyword.execute(ScrollToElementKeyword.groovy:68)
	at com.kms.katalon.core.keyword.internal.KeywordExecutor.executeKeywordForPlatform(KeywordExecutor.groovy:74)
	at com.kms.katalon.core.webui.keyword.WebUiBuiltInKeywords.scrollToElement(WebUiBuiltInKeywords.groovy:4061)
	at com.kms.katalon.core.webui.keyword.WebUiBuiltInKeywords$scrollToElement$6.call(Unknown Source)
	at Script1655200255952.run(Script1655200255952.groovy:48)
	... 13 more
)

2022-06-27 11:23:40 - [MESSAGE][INFO] - Unable to find the element located by 'By.xpath: //tr[@id='3835']/td[17]/a/i'. Please recheck the objects properties to make sure the desired element is located. 

2022-06-27 11:23:40 - [MESSAGE][WARNING] - [SELF-HEALING] Failed to find element with id 'Object Repository/Page_DIR_GBS/GBS Project/i_Project-folder-open'. Try using Self-healing.

2022-06-27 11:23:41 - [MESSAGE][INFO] - Unable to find the element located by 'By.xpath: //tr[2]/td[17]/a/i'. Please recheck the objects properties to make sure the desired element is located. 

2022-06-27 11:23:42 - [MESSAGE][INFO] - [SELF-HEALING] Failed Locator: '//tr[@id='3835']/td[17]/a/i'.

2022-06-27 11:23:42 - [MESSAGE][INFO] - [SELF-HEALING] Failed Locator: '//tr[2]/td[17]/a/i'.

2022-06-27 11:23:42 - [MESSAGE][INFO] - [SELF-HEALING] Failed Locator: '//tr[@id='3835']/td[17]/a/i'.

2022-06-27 11:23:43 - [MESSAGE][INFO] - [SELF-HEALING] Failed Locator: '//tr[2]/td[17]/a/i'.

2022-06-27 11:23:44 - [MESSAGE][INFO] - Unable to find the element located by 'By.xpath: id("3835")/td[@class="dt-body-center action-links"]/a[@class="open"]/i[@class="fa fa-folder-open"]'. Please recheck the objects properties to make sure the desired element is located. 

2022-06-27 11:23:45 - [MESSAGE][INFO] - Unable to find the element located by 'By.cssSelector: i.fa.fa-folder-open'. Please recheck the objects properties to make sure the desired element is located. 

2022-06-27 11:23:46 - [MESSAGE][FAILED] - Unable to scroll to object 'Object Repository/Page_DIR_GBS/GBS Project/i_Project-folder-open' (Root cause: com.kms.katalon.core.exception.StepFailedException: Unable to scroll to object 'Object Repository/Page_DIR_GBS/GBS Project/i_Project-folder-open'
	at com.kms.katalon.core.webui.keyword.internal.WebUIKeywordMain.stepFailed(WebUIKeywordMain.groovy:64)
	at com.kms.katalon.core.webui.keyword.internal.WebUIKeywordMain.runKeyword(WebUIKeywordMain.groovy:26)
	at com.kms.katalon.core.webui.keyword.builtin.ScrollToElementKeyword.scrollToElement(ScrollToElementKeyword.groovy:88)
	at com.kms.katalon.core.webui.keyword.builtin.ScrollToElementKeyword.execute(ScrollToElementKeyword.groovy:68)
	at com.kms.katalon.core.keyword.internal.KeywordExecutor.executeKeywordForPlatform(KeywordExecutor.groovy:74)
	at com.kms.katalon.core.webui.keyword.WebUiBuiltInKeywords.scrollToElement(WebUiBuiltInKeywords.groovy:4061)
	at com.kms.katalon.core.webui.keyword.WebUiBuiltInKeywords$scrollToElement$6.call(Unknown Source)
	at AF_Review_Verify.run(AF_Review_Verify:48)
	at com.kms.katalon.core.main.ScriptEngine.run(ScriptEngine.java:194)
	at com.kms.katalon.core.main.ScriptEngine.runScriptAsRawText(ScriptEngine.java:119)
	at com.kms.katalon.core.main.TestCaseExecutor.runScript(TestCaseExecutor.java:445)
	at com.kms.katalon.core.main.TestCaseExecutor.doExecute(TestCaseExecutor.java:436)
	at com.kms.katalon.core.main.TestCaseExecutor.processExecutionPhase(TestCaseExecutor.java:415)
	at com.kms.katalon.core.main.TestCaseExecutor.accessMainPhase(TestCaseExecutor.java:407)
	at com.kms.katalon.core.main.TestCaseExecutor.execute(TestCaseExecutor.java:284)
	at com.kms.katalon.core.common.CommonExecutor.accessTestCaseMainPhase(CommonExecutor.java:65)
	at com.kms.katalon.core.main.TestSuiteExecutor.accessTestSuiteMainPhase(TestSuiteExecutor.java:144)
	at com.kms.katalon.core.main.TestSuiteExecutor.execute(TestSuiteExecutor.java:106)
	at com.kms.katalon.core.main.TestCaseMain.startTestSuite(TestCaseMain.java:185)
	at com.kms.katalon.core.main.TestCaseMain$startTestSuite$0.call(Unknown Source)
	at TempTestSuite1656308517742.run(TempTestSuite1656308517742.groovy:36)
Caused by: com.kms.katalon.core.webui.exception.WebElementNotFoundException: Web element with id: 'Object Repository/Page_DIR_GBS/GBS Project/i_Project-folder-open' located by '//tr[@id='3835']/td[17]/a/i' not found
	at com.kms.katalon.core.webui.common.WebUiCommonHelper.findWebElement(WebUiCommonHelper.java:1370)
	at com.kms.katalon.core.webui.keyword.internal.WebUIAbstractKeyword.findWebElement(WebUIAbstractKeyword.groovy:27)
	at com.kms.katalon.core.webui.keyword.internal.WebUIAbstractKeyword.findWebElement(WebUIAbstractKeyword.groovy:26)
	at com.kms.katalon.core.webui.keyword.builtin.ScrollToElementKeyword$_scrollToElement_closure1.doCall(ScrollToElementKeyword.groovy:79)
	at com.kms.katalon.core.webui.keyword.builtin.ScrollToElementKeyword$_scrollToElement_closure1.call(ScrollToElementKeyword.groovy)
	at com.kms.katalon.core.webui.keyword.internal.WebUIKeywordMain.runKeyword(WebUIKeywordMain.groovy:20)
	at com.kms.katalon.core.webui.keyword.builtin.ScrollToElementKeyword.scrollToElement(ScrollToElementKeyword.groovy:88)
	at com.kms.katalon.core.webui.keyword.builtin.ScrollToElementKeyword.execute(ScrollToElementKeyword.groovy:68)
	at com.kms.katalon.core.keyword.internal.KeywordExecutor.executeKeywordForPlatform(KeywordExecutor.groovy:74)
	at com.kms.katalon.core.webui.keyword.WebUiBuiltInKeywords.scrollToElement(WebUiBuiltInKeywords.groovy:4061)
	at com.kms.katalon.core.webui.keyword.WebUiBuiltInKeywords$scrollToElement$6.call(Unknown Source)
	at Script1655200255952.run(Script1655200255952.groovy:48)
	... 13 more
)
[[ATTACHMENT|C:\\Users\\gssprpra\\git\\KatalonStudioCodeRep1\\Reports\\20220627_111149\\Sanity_GBS_SF_CIR\\20220627_111157\\1656309225702.png]]]]></system-out>
         <system-err><![CDATA[2022-06-27 11:22:38 - [TEST_CASE][FAILED] - Test Cases/Sanity/GBS/AF_Review_Verify: Test Cases/Sanity/GBS/AF_Review_Verify FAILED.
Reason:
com.kms.katalon.core.exception.StepFailedException: Unable to scroll to object 'Object Repository/Page_DIR_GBS/GBS Project/i_Project-folder-open'
	at com.kms.katalon.core.webui.keyword.internal.WebUIKeywordMain.stepFailed(WebUIKeywordMain.groovy:64)
	at com.kms.katalon.core.webui.keyword.internal.WebUIKeywordMain.runKeyword(WebUIKeywordMain.groovy:26)
	at com.kms.katalon.core.webui.keyword.builtin.ScrollToElementKeyword.scrollToElement(ScrollToElementKeyword.groovy:88)
	at com.kms.katalon.core.webui.keyword.builtin.ScrollToElementKeyword.execute(ScrollToElementKeyword.groovy:68)
	at com.kms.katalon.core.keyword.internal.KeywordExecutor.executeKeywordForPlatform(KeywordExecutor.groovy:74)
	at com.kms.katalon.core.webui.keyword.WebUiBuiltInKeywords.scrollToElement(WebUiBuiltInKeywords.groovy:4061)
	at com.kms.katalon.core.webui.keyword.WebUiBuiltInKeywords$scrollToElement$6.call(Unknown Source)
	at AF_Review_Verify.run(AF_Review_Verify:48)
	at com.kms.katalon.core.main.ScriptEngine.run(ScriptEngine.java:194)
	at com.kms.katalon.core.main.ScriptEngine.runScriptAsRawText(ScriptEngine.java:119)
	at com.kms.katalon.core.main.TestCaseExecutor.runScript(TestCaseExecutor.java:445)
	at com.kms.katalon.core.main.TestCaseExecutor.doExecute(TestCaseExecutor.java:436)
	at com.kms.katalon.core.main.TestCaseExecutor.processExecutionPhase(TestCaseExecutor.java:415)
	at com.kms.katalon.core.main.TestCaseExecutor.accessMainPhase(TestCaseExecutor.java:407)
	at com.kms.katalon.core.main.TestCaseExecutor.execute(TestCaseExecutor.java:284)
	at com.kms.katalon.core.common.CommonExecutor.accessTestCaseMainPhase(CommonExecutor.java:65)
	at com.kms.katalon.core.main.TestSuiteExecutor.accessTestSuiteMainPhase(TestSuiteExecutor.java:144)
	at com.kms.katalon.core.main.TestSuiteExecutor.execute(TestSuiteExecutor.java:106)
	at com.kms.katalon.core.main.TestCaseMain.startTestSuite(TestCaseMain.java:185)
	at com.kms.katalon.core.main.TestCaseMain$startTestSuite$0.call(Unknown Source)
	at TempTestSuite1656308517742.run(TempTestSuite1656308517742.groovy:36)
Caused by: com.kms.katalon.core.webui.exception.WebElementNotFoundException: Web element with id: 'Object Repository/Page_DIR_GBS/GBS Project/i_Project-folder-open' located by '//tr[@id='3835']/td[17]/a/i' not found
	at com.kms.katalon.core.webui.common.WebUiCommonHelper.findWebElement(WebUiCommonHelper.java:1370)
	at com.kms.katalon.core.webui.keyword.internal.WebUIAbstractKeyword.findWebElement(WebUIAbstractKeyword.groovy:27)
	at com.kms.katalon.core.webui.keyword.internal.WebUIAbstractKeyword.findWebElement(WebUIAbstractKeyword.groovy:26)
	at com.kms.katalon.core.webui.keyword.builtin.ScrollToElementKeyword$_scrollToElement_closure1.doCall(ScrollToElementKeyword.groovy:79)
	at com.kms.katalon.core.webui.keyword.builtin.ScrollToElementKeyword$_scrollToElement_closure1.call(ScrollToElementKeyword.groovy)
	at com.kms.katalon.core.webui.keyword.internal.WebUIKeywordMain.runKeyword(WebUIKeywordMain.groovy:20)
	... 19 more]]></system-err>
      </testcase>
      <testcase name="Test Cases/Checklist/GBS/AF_Review_Save" time="70.057" classname="Test Cases/Checklist/GBS/AF_Review_Save" status="FAILED">
         <failure type="FAILED" message="Test Cases/Checklist/GBS/AF_Review_Save FAILED.
Reason:
com.kms.katalon.core.exception.StepFailedException: Unable to scroll to object 'Object Repository/Page_DIR_GBS/GBS Project/i_Project-folder-open'
	at com.kms.katalon.core.webui.keyword.internal.WebUIKeywordMain.stepFailed(WebUIKeywordMain.groovy:64)
	at com.kms.katalon.core.webui.keyword.internal.WebUIKeywordMain.runKeyword(WebUIKeywordMain.groovy:26)
	at com.kms.katalon.core.webui.keyword.builtin.ScrollToElementKeyword.scrollToElement(ScrollToElementKeyword.groovy:88)
	at com.kms.katalon.core.webui.keyword.builtin.ScrollToElementKeyword.execute(ScrollToElementKeyword.groovy:68)
	at com.kms.katalon.core.keyword.internal.KeywordExecutor.executeKeywordForPlatform(KeywordExecutor.groovy:74)
	at com.kms.katalon.core.webui.keyword.WebUiBuiltInKeywords.scrollToElement(WebUiBuiltInKeywords.groovy:4061)
	at com.kms.katalon.core.webui.keyword.WebUiBuiltInKeywords$scrollToElement$6.call(Unknown Source)
	at AF_Review_Save.run(AF_Review_Save:48)
	at com.kms.katalon.core.main.ScriptEngine.run(ScriptEngine.java:194)
	at com.kms.katalon.core.main.ScriptEngine.runScriptAsRawText(ScriptEngine.java:119)
	at com.kms.katalon.core.main.TestCaseExecutor.runScript(TestCaseExecutor.java:445)
	at com.kms.katalon.core.main.TestCaseExecutor.doExecute(TestCaseExecutor.java:436)
	at com.kms.katalon.core.main.TestCaseExecutor.processExecutionPhase(TestCaseExecutor.java:415)
	at com.kms.katalon.core.main.TestCaseExecutor.accessMainPhase(TestCaseExecutor.java:407)
	at com.kms.katalon.core.main.TestCaseExecutor.execute(TestCaseExecutor.java:284)
	at com.kms.katalon.core.common.CommonExecutor.accessTestCaseMainPhase(CommonExecutor.java:65)
	at com.kms.katalon.core.main.TestSuiteExecutor.accessTestSuiteMainPhase(TestSuiteExecutor.java:144)
	at com.kms.katalon.core.main.TestSuiteExecutor.execute(TestSuiteExecutor.java:106)
	at com.kms.katalon.core.main.TestCaseMain.startTestSuite(TestCaseMain.java:185)
	at com.kms.katalon.core.main.TestCaseMain$startTestSuite$0.call(Unknown Source)
	at TempTestSuite1656308517742.run(TempTestSuite1656308517742.groovy:36)
Caused by: com.kms.katalon.core.webui.exception.WebElementNotFoundException: Web element with id: 'Object Repository/Page_DIR_GBS/GBS Project/i_Project-folder-open' located by '//tr[@id='3835']/td[17]/a/i' not found
	at com.kms.katalon.core.webui.common.WebUiCommonHelper.findWebElement(WebUiCommonHelper.java:1370)
	at com.kms.katalon.core.webui.keyword.internal.WebUIAbstractKeyword.findWebElement(WebUIAbstractKeyword.groovy:27)
	at com.kms.katalon.core.webui.keyword.internal.WebUIAbstractKeyword.findWebElement(WebUIAbstractKeyword.groovy:26)
	at com.kms.katalon.core.webui.keyword.builtin.ScrollToElementKeyword$_scrollToElement_closure1.doCall(ScrollToElementKeyword.groovy:79)
	at com.kms.katalon.core.webui.keyword.builtin.ScrollToElementKeyword$_scrollToElement_closure1.call(ScrollToElementKeyword.groovy)
	at com.kms.katalon.core.webui.keyword.internal.WebUIKeywordMain.runKeyword(WebUIKeywordMain.groovy:20)
	... 19 more
"/>
         <system-out><![CDATA[2022-06-27 11:23:46 - [TEST_CASE][FAILED] - Test Cases/Checklist/GBS/AF_Review_Save: Test Cases/Checklist/GBS/AF_Review_Save FAILED.
Reason:
com.kms.katalon.core.exception.StepFailedException: Unable to scroll to object 'Object Repository/Page_DIR_GBS/GBS Project/i_Project-folder-open'
	at com.kms.katalon.core.webui.keyword.internal.WebUIKeywordMain.stepFailed(WebUIKeywordMain.groovy:64)
	at com.kms.katalon.core.webui.keyword.internal.WebUIKeywordMain.runKeyword(WebUIKeywordMain.groovy:26)
	at com.kms.katalon.core.webui.keyword.builtin.ScrollToElementKeyword.scrollToElement(ScrollToElementKeyword.groovy:88)
	at com.kms.katalon.core.webui.keyword.builtin.ScrollToElementKeyword.execute(ScrollToElementKeyword.groovy:68)
	at com.kms.katalon.core.keyword.internal.KeywordExecutor.executeKeywordForPlatform(KeywordExecutor.groovy:74)
	at com.kms.katalon.core.webui.keyword.WebUiBuiltInKeywords.scrollToElement(WebUiBuiltInKeywords.groovy:4061)
	at com.kms.katalon.core.webui.keyword.WebUiBuiltInKeywords$scrollToElement$6.call(Unknown Source)
	at AF_Review_Save.run(AF_Review_Save:48)
	at com.kms.katalon.core.main.ScriptEngine.run(ScriptEngine.java:194)
	at com.kms.katalon.core.main.ScriptEngine.runScriptAsRawText(ScriptEngine.java:119)
	at com.kms.katalon.core.main.TestCaseExecutor.runScript(TestCaseExecutor.java:445)
	at com.kms.katalon.core.main.TestCaseExecutor.doExecute(TestCaseExecutor.java:436)
	at com.kms.katalon.core.main.TestCaseExecutor.processExecutionPhase(TestCaseExecutor.java:415)
	at com.kms.katalon.core.main.TestCaseExecutor.accessMainPhase(TestCaseExecutor.java:407)
	at com.kms.katalon.core.main.TestCaseExecutor.execute(TestCaseExecutor.java:284)
	at com.kms.katalon.core.common.CommonExecutor.accessTestCaseMainPhase(CommonExecutor.java:65)
	at com.kms.katalon.core.main.TestSuiteExecutor.accessTestSuiteMainPhase(TestSuiteExecutor.java:144)
	at com.kms.katalon.core.main.TestSuiteExecutor.execute(TestSuiteExecutor.java:106)
	at com.kms.katalon.core.main.TestCaseMain.startTestSuite(TestCaseMain.java:185)
	at com.kms.katalon.core.main.TestCaseMain$startTestSuite$0.call(Unknown Source)
	at TempTestSuite1656308517742.run(TempTestSuite1656308517742.groovy:36)
Caused by: com.kms.katalon.core.webui.exception.WebElementNotFoundException: Web element with id: 'Object Repository/Page_DIR_GBS/GBS Project/i_Project-folder-open' located by '//tr[@id='3835']/td[17]/a/i' not found
	at com.kms.katalon.core.webui.common.WebUiCommonHelper.findWebElement(WebUiCommonHelper.java:1370)
	at com.kms.katalon.core.webui.keyword.internal.WebUIAbstractKeyword.findWebElement(WebUIAbstractKeyword.groovy:27)
	at com.kms.katalon.core.webui.keyword.internal.WebUIAbstractKeyword.findWebElement(WebUIAbstractKeyword.groovy:26)
	at com.kms.katalon.core.webui.keyword.builtin.ScrollToElementKeyword$_scrollToElement_closure1.doCall(ScrollToElementKeyword.groovy:79)
	at com.kms.katalon.core.webui.keyword.builtin.ScrollToElementKeyword$_scrollToElement_closure1.call(ScrollToElementKeyword.groovy)
	at com.kms.katalon.core.webui.keyword.internal.WebUIKeywordMain.runKeyword(WebUIKeywordMain.groovy:20)
	... 19 more


2022-06-27 11:23:47 - [TEST_STEP][PASSED] - openBrowser(""): Browser is opened with url: ''

2022-06-27 11:23:47 - [MESSAGE][WARNING] - A browser is already opened. Closing browser and opening a new one

2022-06-27 11:23:48 - [MESSAGE][INFO] - Starting 'Chrome' driver

2022-06-27 11:23:48 - [MESSAGE][INFO] - Action delay is set to 0 milliseconds

2022-06-27 11:23:50 - [MESSAGE][PASSED] - Browser is opened with url: ''

2022-06-27 11:23:50 - [TEST_STEP][PASSED] - maximizeWindow(): Current window maximized

2022-06-27 11:23:50 - [MESSAGE][PASSED] - Current window maximized

2022-06-27 11:23:50 - [TEST_STEP][PASSED] - navigateToUrl(URL): Navigate to 'https://priceitright.flextronics.com/login' successfully

2022-06-27 11:23:53 - [MESSAGE][PASSED] - Navigate to 'https://priceitright.flextronics.com/login' successfully

2022-06-27 11:23:53 - [TEST_STEP][PASSED] - setText(findTestObject("Page_It-Right Platform_GBS/Username"), username): Text 'gsstjaya' is set on object 'Object Repository/Page_It-Right Platform_GBS/Username'

2022-06-27 11:23:54 - [MESSAGE][PASSED] - Text 'gsstjaya' is set on object 'Object Repository/Page_It-Right Platform_GBS/Username'

2022-06-27 11:23:54 - [TEST_STEP][PASSED] - setEncryptedText(findTestObject("Page_It-Right Platform_GBS/password"), pwd): Text ****** has been set on object 'Object Repository/Page_It-Right Platform_GBS/password'

2022-06-27 11:23:55 - [MESSAGE][PASSED] - Text ****** has been set on object 'Object Repository/Page_It-Right Platform_GBS/password'

2022-06-27 11:23:55 - [TEST_STEP][PASSED] - click(findTestObject("Page_It-Right Platform_GBS/button_Sign in")): Object: 'Object Repository/Page_It-Right Platform_GBS/button_Sign in' is clicked on

2022-06-27 11:23:58 - [MESSAGE][PASSED] - Object: 'Object Repository/Page_It-Right Platform_GBS/button_Sign in' is clicked on

2022-06-27 11:23:58 - [TEST_STEP][PASSED] - click(findTestObject("Object Repository/Page_It-Right Platform_GBS/span_WelcomeToggler")): Object: 'Object Repository/Page_It-Right Platform_GBS/span_WelcomeToggler' is clicked on

2022-06-27 11:23:58 - [MESSAGE][PASSED] - Object: 'Object Repository/Page_It-Right Platform_GBS/span_WelcomeToggler' is clicked on

2022-06-27 11:23:58 - [TEST_STEP][PASSED] - verifyElementPresent(findTestObject("Object Repository/Page_It-Right Platform_GBS/div_WelcomeMenu"), 0): Object 'Object Repository/Page_It-Right Platform_GBS/div_WelcomeMenu' is present

2022-06-27 11:23:58 - [MESSAGE][WARNING] - Timeout '0' is invalid. Using default page load timeout: '30'

2022-06-27 11:23:59 - [MESSAGE][PASSED] - Object 'Object Repository/Page_It-Right Platform_GBS/div_WelcomeMenu' is present

2022-06-27 11:23:59 - [TEST_STEP][PASSED] - click(findTestObject("Object Repository/Page_It-Right Platform_GBS/span_GBS")): Object: 'Object Repository/Page_It-Right Platform_GBS/span_GBS' is clicked on

2022-06-27 11:24:06 - [MESSAGE][PASSED] - Object: 'Object Repository/Page_It-Right Platform_GBS/span_GBS' is clicked on

2022-06-27 11:24:06 - [TEST_STEP][PASSED] - delay(2): Delayed 2 second(s)

2022-06-27 11:24:08 - [MESSAGE][PASSED] - Delayed 2 second(s)

2022-06-27 11:24:08 - [TEST_STEP][PASSED] - click(findTestObject("Page_DIR_GBS/GBS Project/button_Technical Sourcing")): Object: 'Object Repository/Page_DIR_GBS/GBS Project/button_Technical Sourcing' is clicked on

2022-06-27 11:24:09 - [MESSAGE][PASSED] - Object: 'Object Repository/Page_DIR_GBS/GBS Project/button_Technical Sourcing' is clicked on

2022-06-27 11:24:09 - [TEST_STEP][PASSED] - click(findTestObject("Page_DIR_GBS/GBS Project/span_Flex_Organization")): Object: 'Object Repository/Page_DIR_GBS/GBS Project/span_Flex_Organization' is clicked on

2022-06-27 11:24:10 - [MESSAGE][PASSED] - Object: 'Object Repository/Page_DIR_GBS/GBS Project/span_Flex_Organization' is clicked on

2022-06-27 11:24:10 - [TEST_STEP][PASSED] - selectOptionByValue(findTestObject("Page_DIR_GBS/GBS Project/select_Organization"), "FLEX", true): All options with value 'FLEX' are selected in object 'Object Repository/Page_DIR_GBS/GBS Project/select_Organization'  using regular expression

2022-06-27 11:24:17 - [MESSAGE][PASSED] - All options with value 'FLEX' are selected in object 'Object Repository/Page_DIR_GBS/GBS Project/select_Organization'  using regular expression

2022-06-27 11:24:17 - [TEST_STEP][PASSED] - delay(2): Delayed 2 second(s)

2022-06-27 11:24:19 - [MESSAGE][PASSED] - Delayed 2 second(s)

2022-06-27 11:24:19 - [TEST_STEP][FAILED] - scrollToElement(findTestObject("Page_DIR_GBS/GBS Project/i_Project-folder-open"), 2): Unable to scroll to object 'Object Repository/Page_DIR_GBS/GBS Project/i_Project-folder-open' (Root cause: com.kms.katalon.core.exception.StepFailedException: Unable to scroll to object 'Object Repository/Page_DIR_GBS/GBS Project/i_Project-folder-open'
	at com.kms.katalon.core.webui.keyword.internal.WebUIKeywordMain.stepFailed(WebUIKeywordMain.groovy:64)
	at com.kms.katalon.core.webui.keyword.internal.WebUIKeywordMain.runKeyword(WebUIKeywordMain.groovy:26)
	at com.kms.katalon.core.webui.keyword.builtin.ScrollToElementKeyword.scrollToElement(ScrollToElementKeyword.groovy:88)
	at com.kms.katalon.core.webui.keyword.builtin.ScrollToElementKeyword.execute(ScrollToElementKeyword.groovy:68)
	at com.kms.katalon.core.keyword.internal.KeywordExecutor.executeKeywordForPlatform(KeywordExecutor.groovy:74)
	at com.kms.katalon.core.webui.keyword.WebUiBuiltInKeywords.scrollToElement(WebUiBuiltInKeywords.groovy:4061)
	at com.kms.katalon.core.webui.keyword.WebUiBuiltInKeywords$scrollToElement$6.call(Unknown Source)
	at AF_Review_Save.run(AF_Review_Save:48)
	at com.kms.katalon.core.main.ScriptEngine.run(ScriptEngine.java:194)
	at com.kms.katalon.core.main.ScriptEngine.runScriptAsRawText(ScriptEngine.java:119)
	at com.kms.katalon.core.main.TestCaseExecutor.runScript(TestCaseExecutor.java:445)
	at com.kms.katalon.core.main.TestCaseExecutor.doExecute(TestCaseExecutor.java:436)
	at com.kms.katalon.core.main.TestCaseExecutor.processExecutionPhase(TestCaseExecutor.java:415)
	at com.kms.katalon.core.main.TestCaseExecutor.accessMainPhase(TestCaseExecutor.java:407)
	at com.kms.katalon.core.main.TestCaseExecutor.execute(TestCaseExecutor.java:284)
	at com.kms.katalon.core.common.CommonExecutor.accessTestCaseMainPhase(CommonExecutor.java:65)
	at com.kms.katalon.core.main.TestSuiteExecutor.accessTestSuiteMainPhase(TestSuiteExecutor.java:144)
	at com.kms.katalon.core.main.TestSuiteExecutor.execute(TestSuiteExecutor.java:106)
	at com.kms.katalon.core.main.TestCaseMain.startTestSuite(TestCaseMain.java:185)
	at com.kms.katalon.core.main.TestCaseMain$startTestSuite$0.call(Unknown Source)
	at TempTestSuite1656308517742.run(TempTestSuite1656308517742.groovy:36)
Caused by: com.kms.katalon.core.webui.exception.WebElementNotFoundException: Web element with id: 'Object Repository/Page_DIR_GBS/GBS Project/i_Project-folder-open' located by '//tr[@id='3835']/td[17]/a/i' not found
	at com.kms.katalon.core.webui.common.WebUiCommonHelper.findWebElement(WebUiCommonHelper.java:1370)
	at com.kms.katalon.core.webui.keyword.internal.WebUIAbstractKeyword.findWebElement(WebUIAbstractKeyword.groovy:27)
	at com.kms.katalon.core.webui.keyword.internal.WebUIAbstractKeyword.findWebElement(WebUIAbstractKeyword.groovy:26)
	at com.kms.katalon.core.webui.keyword.builtin.ScrollToElementKeyword$_scrollToElement_closure1.doCall(ScrollToElementKeyword.groovy:79)
	at com.kms.katalon.core.webui.keyword.builtin.ScrollToElementKeyword$_scrollToElement_closure1.call(ScrollToElementKeyword.groovy)
	at com.kms.katalon.core.webui.keyword.internal.WebUIKeywordMain.runKeyword(WebUIKeywordMain.groovy:20)
	at com.kms.katalon.core.webui.keyword.builtin.ScrollToElementKeyword.scrollToElement(ScrollToElementKeyword.groovy:88)
	at com.kms.katalon.core.webui.keyword.builtin.ScrollToElementKeyword.execute(ScrollToElementKeyword.groovy:68)
	at com.kms.katalon.core.keyword.internal.KeywordExecutor.executeKeywordForPlatform(KeywordExecutor.groovy:74)
	at com.kms.katalon.core.webui.keyword.WebUiBuiltInKeywords.scrollToElement(WebUiBuiltInKeywords.groovy:4061)
	at com.kms.katalon.core.webui.keyword.WebUiBuiltInKeywords$scrollToElement$6.call(Unknown Source)
	at Script1632486186651.run(Script1632486186651.groovy:48)
	... 13 more
)

2022-06-27 11:24:51 - [MESSAGE][INFO] - Unable to find the element located by 'By.xpath: //tr[@id='3835']/td[17]/a/i'. Please recheck the objects properties to make sure the desired element is located. 

2022-06-27 11:24:51 - [MESSAGE][WARNING] - [SELF-HEALING] Failed to find element with id 'Object Repository/Page_DIR_GBS/GBS Project/i_Project-folder-open'. Try using Self-healing.

2022-06-27 11:24:52 - [MESSAGE][INFO] - Unable to find the element located by 'By.xpath: //tr[2]/td[17]/a/i'. Please recheck the objects properties to make sure the desired element is located. 

2022-06-27 11:24:52 - [MESSAGE][INFO] - [SELF-HEALING] Failed Locator: '//tr[@id='3835']/td[17]/a/i'.

2022-06-27 11:24:53 - [MESSAGE][INFO] - [SELF-HEALING] Failed Locator: '//tr[2]/td[17]/a/i'.

2022-06-27 11:24:53 - [MESSAGE][INFO] - [SELF-HEALING] Failed Locator: '//tr[@id='3835']/td[17]/a/i'.

2022-06-27 11:24:53 - [MESSAGE][INFO] - [SELF-HEALING] Failed Locator: '//tr[2]/td[17]/a/i'.

2022-06-27 11:24:54 - [MESSAGE][INFO] - Unable to find the element located by 'By.xpath: id("3835")/td[@class="dt-body-center action-links"]/a[@class="open"]/i[@class="fa fa-folder-open"]'. Please recheck the objects properties to make sure the desired element is located. 

2022-06-27 11:24:55 - [MESSAGE][INFO] - Unable to find the element located by 'By.cssSelector: i.fa.fa-folder-open'. Please recheck the objects properties to make sure the desired element is located. 

2022-06-27 11:24:56 - [MESSAGE][FAILED] - Unable to scroll to object 'Object Repository/Page_DIR_GBS/GBS Project/i_Project-folder-open' (Root cause: com.kms.katalon.core.exception.StepFailedException: Unable to scroll to object 'Object Repository/Page_DIR_GBS/GBS Project/i_Project-folder-open'
	at com.kms.katalon.core.webui.keyword.internal.WebUIKeywordMain.stepFailed(WebUIKeywordMain.groovy:64)
	at com.kms.katalon.core.webui.keyword.internal.WebUIKeywordMain.runKeyword(WebUIKeywordMain.groovy:26)
	at com.kms.katalon.core.webui.keyword.builtin.ScrollToElementKeyword.scrollToElement(ScrollToElementKeyword.groovy:88)
	at com.kms.katalon.core.webui.keyword.builtin.ScrollToElementKeyword.execute(ScrollToElementKeyword.groovy:68)
	at com.kms.katalon.core.keyword.internal.KeywordExecutor.executeKeywordForPlatform(KeywordExecutor.groovy:74)
	at com.kms.katalon.core.webui.keyword.WebUiBuiltInKeywords.scrollToElement(WebUiBuiltInKeywords.groovy:4061)
	at com.kms.katalon.core.webui.keyword.WebUiBuiltInKeywords$scrollToElement$6.call(Unknown Source)
	at AF_Review_Save.run(AF_Review_Save:48)
	at com.kms.katalon.core.main.ScriptEngine.run(ScriptEngine.java:194)
	at com.kms.katalon.core.main.ScriptEngine.runScriptAsRawText(ScriptEngine.java:119)
	at com.kms.katalon.core.main.TestCaseExecutor.runScript(TestCaseExecutor.java:445)
	at com.kms.katalon.core.main.TestCaseExecutor.doExecute(TestCaseExecutor.java:436)
	at com.kms.katalon.core.main.TestCaseExecutor.processExecutionPhase(TestCaseExecutor.java:415)
	at com.kms.katalon.core.main.TestCaseExecutor.accessMainPhase(TestCaseExecutor.java:407)
	at com.kms.katalon.core.main.TestCaseExecutor.execute(TestCaseExecutor.java:284)
	at com.kms.katalon.core.common.CommonExecutor.accessTestCaseMainPhase(CommonExecutor.java:65)
	at com.kms.katalon.core.main.TestSuiteExecutor.accessTestSuiteMainPhase(TestSuiteExecutor.java:144)
	at com.kms.katalon.core.main.TestSuiteExecutor.execute(TestSuiteExecutor.java:106)
	at com.kms.katalon.core.main.TestCaseMain.startTestSuite(TestCaseMain.java:185)
	at com.kms.katalon.core.main.TestCaseMain$startTestSuite$0.call(Unknown Source)
	at TempTestSuite1656308517742.run(TempTestSuite1656308517742.groovy:36)
Caused by: com.kms.katalon.core.webui.exception.WebElementNotFoundException: Web element with id: 'Object Repository/Page_DIR_GBS/GBS Project/i_Project-folder-open' located by '//tr[@id='3835']/td[17]/a/i' not found
	at com.kms.katalon.core.webui.common.WebUiCommonHelper.findWebElement(WebUiCommonHelper.java:1370)
	at com.kms.katalon.core.webui.keyword.internal.WebUIAbstractKeyword.findWebElement(WebUIAbstractKeyword.groovy:27)
	at com.kms.katalon.core.webui.keyword.internal.WebUIAbstractKeyword.findWebElement(WebUIAbstractKeyword.groovy:26)
	at com.kms.katalon.core.webui.keyword.builtin.ScrollToElementKeyword$_scrollToElement_closure1.doCall(ScrollToElementKeyword.groovy:79)
	at com.kms.katalon.core.webui.keyword.builtin.ScrollToElementKeyword$_scrollToElement_closure1.call(ScrollToElementKeyword.groovy)
	at com.kms.katalon.core.webui.keyword.internal.WebUIKeywordMain.runKeyword(WebUIKeywordMain.groovy:20)
	at com.kms.katalon.core.webui.keyword.builtin.ScrollToElementKeyword.scrollToElement(ScrollToElementKeyword.groovy:88)
	at com.kms.katalon.core.webui.keyword.builtin.ScrollToElementKeyword.execute(ScrollToElementKeyword.groovy:68)
	at com.kms.katalon.core.keyword.internal.KeywordExecutor.executeKeywordForPlatform(KeywordExecutor.groovy:74)
	at com.kms.katalon.core.webui.keyword.WebUiBuiltInKeywords.scrollToElement(WebUiBuiltInKeywords.groovy:4061)
	at com.kms.katalon.core.webui.keyword.WebUiBuiltInKeywords$scrollToElement$6.call(Unknown Source)
	at Script1632486186651.run(Script1632486186651.groovy:48)
	... 13 more
)
[[ATTACHMENT|C:\\Users\\gssprpra\\git\\KatalonStudioCodeRep1\\Reports\\20220627_111149\\Sanity_GBS_SF_CIR\\20220627_111157\\1656309295982.png]]]]></system-out>
         <system-err><![CDATA[2022-06-27 11:23:46 - [TEST_CASE][FAILED] - Test Cases/Checklist/GBS/AF_Review_Save: Test Cases/Checklist/GBS/AF_Review_Save FAILED.
Reason:
com.kms.katalon.core.exception.StepFailedException: Unable to scroll to object 'Object Repository/Page_DIR_GBS/GBS Project/i_Project-folder-open'
	at com.kms.katalon.core.webui.keyword.internal.WebUIKeywordMain.stepFailed(WebUIKeywordMain.groovy:64)
	at com.kms.katalon.core.webui.keyword.internal.WebUIKeywordMain.runKeyword(WebUIKeywordMain.groovy:26)
	at com.kms.katalon.core.webui.keyword.builtin.ScrollToElementKeyword.scrollToElement(ScrollToElementKeyword.groovy:88)
	at com.kms.katalon.core.webui.keyword.builtin.ScrollToElementKeyword.execute(ScrollToElementKeyword.groovy:68)
	at com.kms.katalon.core.keyword.internal.KeywordExecutor.executeKeywordForPlatform(KeywordExecutor.groovy:74)
	at com.kms.katalon.core.webui.keyword.WebUiBuiltInKeywords.scrollToElement(WebUiBuiltInKeywords.groovy:4061)
	at com.kms.katalon.core.webui.keyword.WebUiBuiltInKeywords$scrollToElement$6.call(Unknown Source)
	at AF_Review_Save.run(AF_Review_Save:48)
	at com.kms.katalon.core.main.ScriptEngine.run(ScriptEngine.java:194)
	at com.kms.katalon.core.main.ScriptEngine.runScriptAsRawText(ScriptEngine.java:119)
	at com.kms.katalon.core.main.TestCaseExecutor.runScript(TestCaseExecutor.java:445)
	at com.kms.katalon.core.main.TestCaseExecutor.doExecute(TestCaseExecutor.java:436)
	at com.kms.katalon.core.main.TestCaseExecutor.processExecutionPhase(TestCaseExecutor.java:415)
	at com.kms.katalon.core.main.TestCaseExecutor.accessMainPhase(TestCaseExecutor.java:407)
	at com.kms.katalon.core.main.TestCaseExecutor.execute(TestCaseExecutor.java:284)
	at com.kms.katalon.core.common.CommonExecutor.accessTestCaseMainPhase(CommonExecutor.java:65)
	at com.kms.katalon.core.main.TestSuiteExecutor.accessTestSuiteMainPhase(TestSuiteExecutor.java:144)
	at com.kms.katalon.core.main.TestSuiteExecutor.execute(TestSuiteExecutor.java:106)
	at com.kms.katalon.core.main.TestCaseMain.startTestSuite(TestCaseMain.java:185)
	at com.kms.katalon.core.main.TestCaseMain$startTestSuite$0.call(Unknown Source)
	at TempTestSuite1656308517742.run(TempTestSuite1656308517742.groovy:36)
Caused by: com.kms.katalon.core.webui.exception.WebElementNotFoundException: Web element with id: 'Object Repository/Page_DIR_GBS/GBS Project/i_Project-folder-open' located by '//tr[@id='3835']/td[17]/a/i' not found
	at com.kms.katalon.core.webui.common.WebUiCommonHelper.findWebElement(WebUiCommonHelper.java:1370)
	at com.kms.katalon.core.webui.keyword.internal.WebUIAbstractKeyword.findWebElement(WebUIAbstractKeyword.groovy:27)
	at com.kms.katalon.core.webui.keyword.internal.WebUIAbstractKeyword.findWebElement(WebUIAbstractKeyword.groovy:26)
	at com.kms.katalon.core.webui.keyword.builtin.ScrollToElementKeyword$_scrollToElement_closure1.doCall(ScrollToElementKeyword.groovy:79)
	at com.kms.katalon.core.webui.keyword.builtin.ScrollToElementKeyword$_scrollToElement_closure1.call(ScrollToElementKeyword.groovy)
	at com.kms.katalon.core.webui.keyword.internal.WebUIKeywordMain.runKeyword(WebUIKeywordMain.groovy:20)
	... 19 more]]></system-err>
      </testcase>
      <testcase name="Test Cases/Checklist/GBS/AF_Review_RevertSave" time="303.282" classname="Test Cases/Checklist/GBS/AF_Review_RevertSave" status="FAILED">
         <failure type="FAILED" message="Test Cases/Checklist/GBS/AF_Review_RevertSave FAILED.
Reason:
com.kms.katalon.core.exception.StepFailedException: Unable to scroll to object 'Object Repository/Page_DIR_GBS/GBS Project/i_Project-folder-open'
	at com.kms.katalon.core.webui.keyword.internal.WebUIKeywordMain.stepFailed(WebUIKeywordMain.groovy:64)
	at com.kms.katalon.core.webui.keyword.internal.WebUIKeywordMain.runKeyword(WebUIKeywordMain.groovy:26)
	at com.kms.katalon.core.webui.keyword.builtin.ScrollToElementKeyword.scrollToElement(ScrollToElementKeyword.groovy:88)
	at com.kms.katalon.core.webui.keyword.builtin.ScrollToElementKeyword.execute(ScrollToElementKeyword.groovy:68)
	at com.kms.katalon.core.keyword.internal.KeywordExecutor.executeKeywordForPlatform(KeywordExecutor.groovy:74)
	at com.kms.katalon.core.webui.keyword.WebUiBuiltInKeywords.scrollToElement(WebUiBuiltInKeywords.groovy:4061)
	at com.kms.katalon.core.webui.keyword.WebUiBuiltInKeywords$scrollToElement$6.call(Unknown Source)
	at AF_Review_RevertSave.run(AF_Review_RevertSave:48)
	at com.kms.katalon.core.main.ScriptEngine.run(ScriptEngine.java:194)
	at com.kms.katalon.core.main.ScriptEngine.runScriptAsRawText(ScriptEngine.java:119)
	at com.kms.katalon.core.main.TestCaseExecutor.runScript(TestCaseExecutor.java:445)
	at com.kms.katalon.core.main.TestCaseExecutor.doExecute(TestCaseExecutor.java:436)
	at com.kms.katalon.core.main.TestCaseExecutor.processExecutionPhase(TestCaseExecutor.java:415)
	at com.kms.katalon.core.main.TestCaseExecutor.accessMainPhase(TestCaseExecutor.java:407)
	at com.kms.katalon.core.main.TestCaseExecutor.execute(TestCaseExecutor.java:284)
	at com.kms.katalon.core.common.CommonExecutor.accessTestCaseMainPhase(CommonExecutor.java:65)
	at com.kms.katalon.core.main.TestSuiteExecutor.accessTestSuiteMainPhase(TestSuiteExecutor.java:144)
	at com.kms.katalon.core.main.TestSuiteExecutor.execute(TestSuiteExecutor.java:106)
	at com.kms.katalon.core.main.TestCaseMain.startTestSuite(TestCaseMain.java:185)
	at com.kms.katalon.core.main.TestCaseMain$startTestSuite$0.call(Unknown Source)
	at TempTestSuite1656308517742.run(TempTestSuite1656308517742.groovy:36)
Caused by: com.kms.katalon.core.webui.exception.WebElementNotFoundException: Web element with id: 'Object Repository/Page_DIR_GBS/GBS Project/i_Project-folder-open' located by '//tr[@id='3835']/td[17]/a/i' not found
	at com.kms.katalon.core.webui.common.WebUiCommonHelper.findWebElement(WebUiCommonHelper.java:1370)
	at com.kms.katalon.core.webui.keyword.internal.WebUIAbstractKeyword.findWebElement(WebUIAbstractKeyword.groovy:27)
	at com.kms.katalon.core.webui.keyword.internal.WebUIAbstractKeyword.findWebElement(WebUIAbstractKeyword.groovy:26)
	at com.kms.katalon.core.webui.keyword.builtin.ScrollToElementKeyword$_scrollToElement_closure1.doCall(ScrollToElementKeyword.groovy:79)
	at com.kms.katalon.core.webui.keyword.builtin.ScrollToElementKeyword$_scrollToElement_closure1.call(ScrollToElementKeyword.groovy)
	at com.kms.katalon.core.webui.keyword.internal.WebUIKeywordMain.runKeyword(WebUIKeywordMain.groovy:20)
	... 19 more
"/>
         <system-out><![CDATA[2022-06-27 11:24:56 - [TEST_CASE][FAILED] - Test Cases/Checklist/GBS/AF_Review_RevertSave: Test Cases/Checklist/GBS/AF_Review_RevertSave FAILED.
Reason:
com.kms.katalon.core.exception.StepFailedException: Unable to scroll to object 'Object Repository/Page_DIR_GBS/GBS Project/i_Project-folder-open'
	at com.kms.katalon.core.webui.keyword.internal.WebUIKeywordMain.stepFailed(WebUIKeywordMain.groovy:64)
	at com.kms.katalon.core.webui.keyword.internal.WebUIKeywordMain.runKeyword(WebUIKeywordMain.groovy:26)
	at com.kms.katalon.core.webui.keyword.builtin.ScrollToElementKeyword.scrollToElement(ScrollToElementKeyword.groovy:88)
	at com.kms.katalon.core.webui.keyword.builtin.ScrollToElementKeyword.execute(ScrollToElementKeyword.groovy:68)
	at com.kms.katalon.core.keyword.internal.KeywordExecutor.executeKeywordForPlatform(KeywordExecutor.groovy:74)
	at com.kms.katalon.core.webui.keyword.WebUiBuiltInKeywords.scrollToElement(WebUiBuiltInKeywords.groovy:4061)
	at com.kms.katalon.core.webui.keyword.WebUiBuiltInKeywords$scrollToElement$6.call(Unknown Source)
	at AF_Review_RevertSave.run(AF_Review_RevertSave:48)
	at com.kms.katalon.core.main.ScriptEngine.run(ScriptEngine.java:194)
	at com.kms.katalon.core.main.ScriptEngine.runScriptAsRawText(ScriptEngine.java:119)
	at com.kms.katalon.core.main.TestCaseExecutor.runScript(TestCaseExecutor.java:445)
	at com.kms.katalon.core.main.TestCaseExecutor.doExecute(TestCaseExecutor.java:436)
	at com.kms.katalon.core.main.TestCaseExecutor.processExecutionPhase(TestCaseExecutor.java:415)
	at com.kms.katalon.core.main.TestCaseExecutor.accessMainPhase(TestCaseExecutor.java:407)
	at com.kms.katalon.core.main.TestCaseExecutor.execute(TestCaseExecutor.java:284)
	at com.kms.katalon.core.common.CommonExecutor.accessTestCaseMainPhase(CommonExecutor.java:65)
	at com.kms.katalon.core.main.TestSuiteExecutor.accessTestSuiteMainPhase(TestSuiteExecutor.java:144)
	at com.kms.katalon.core.main.TestSuiteExecutor.execute(TestSuiteExecutor.java:106)
	at com.kms.katalon.core.main.TestCaseMain.startTestSuite(TestCaseMain.java:185)
	at com.kms.katalon.core.main.TestCaseMain$startTestSuite$0.call(Unknown Source)
	at TempTestSuite1656308517742.run(TempTestSuite1656308517742.groovy:36)
Caused by: com.kms.katalon.core.webui.exception.WebElementNotFoundException: Web element with id: 'Object Repository/Page_DIR_GBS/GBS Project/i_Project-folder-open' located by '//tr[@id='3835']/td[17]/a/i' not found
	at com.kms.katalon.core.webui.common.WebUiCommonHelper.findWebElement(WebUiCommonHelper.java:1370)
	at com.kms.katalon.core.webui.keyword.internal.WebUIAbstractKeyword.findWebElement(WebUIAbstractKeyword.groovy:27)
	at com.kms.katalon.core.webui.keyword.internal.WebUIAbstractKeyword.findWebElement(WebUIAbstractKeyword.groovy:26)
	at com.kms.katalon.core.webui.keyword.builtin.ScrollToElementKeyword$_scrollToElement_closure1.doCall(ScrollToElementKeyword.groovy:79)
	at com.kms.katalon.core.webui.keyword.builtin.ScrollToElementKeyword$_scrollToElement_closure1.call(ScrollToElementKeyword.groovy)
	at com.kms.katalon.core.webui.keyword.internal.WebUIKeywordMain.runKeyword(WebUIKeywordMain.groovy:20)
	... 19 more


2022-06-27 11:24:57 - [TEST_STEP][PASSED] - openBrowser(""): Browser is opened with url: ''

2022-06-27 11:24:57 - [MESSAGE][WARNING] - A browser is already opened. Closing browser and opening a new one

2022-06-27 11:24:58 - [MESSAGE][INFO] - Starting 'Chrome' driver

2022-06-27 11:24:58 - [MESSAGE][INFO] - Action delay is set to 0 milliseconds

2022-06-27 11:25:00 - [MESSAGE][PASSED] - Browser is opened with url: ''

2022-06-27 11:25:00 - [TEST_STEP][PASSED] - maximizeWindow(): Current window maximized

2022-06-27 11:25:00 - [MESSAGE][PASSED] - Current window maximized

2022-06-27 11:25:00 - [TEST_STEP][PASSED] - navigateToUrl(URL): Navigate to 'https://priceitright.flextronics.com/login' successfully

2022-06-27 11:25:04 - [MESSAGE][PASSED] - Navigate to 'https://priceitright.flextronics.com/login' successfully

2022-06-27 11:25:04 - [TEST_STEP][PASSED] - setText(findTestObject("Page_It-Right Platform_GBS/Username"), username): Text 'gsstjaya' is set on object 'Object Repository/Page_It-Right Platform_GBS/Username'

2022-06-27 11:25:06 - [MESSAGE][PASSED] - Text 'gsstjaya' is set on object 'Object Repository/Page_It-Right Platform_GBS/Username'

2022-06-27 11:25:06 - [TEST_STEP][PASSED] - setEncryptedText(findTestObject("Page_It-Right Platform_GBS/password"), pwd): Text ****** has been set on object 'Object Repository/Page_It-Right Platform_GBS/password'

2022-06-27 11:25:06 - [MESSAGE][PASSED] - Text ****** has been set on object 'Object Repository/Page_It-Right Platform_GBS/password'

2022-06-27 11:25:06 - [TEST_STEP][PASSED] - click(findTestObject("Page_It-Right Platform_GBS/button_Sign in")): Object: 'Object Repository/Page_It-Right Platform_GBS/button_Sign in' is clicked on

2022-06-27 11:25:08 - [MESSAGE][PASSED] - Object: 'Object Repository/Page_It-Right Platform_GBS/button_Sign in' is clicked on

2022-06-27 11:25:08 - [TEST_STEP][PASSED] - click(findTestObject("Object Repository/Page_It-Right Platform_GBS/span_WelcomeToggler")): Object: 'Object Repository/Page_It-Right Platform_GBS/span_WelcomeToggler' is clicked on

2022-06-27 11:25:09 - [MESSAGE][PASSED] - Object: 'Object Repository/Page_It-Right Platform_GBS/span_WelcomeToggler' is clicked on

2022-06-27 11:25:09 - [TEST_STEP][PASSED] - verifyElementPresent(findTestObject("Object Repository/Page_It-Right Platform_GBS/div_WelcomeMenu"), 0): Object 'Object Repository/Page_It-Right Platform_GBS/div_WelcomeMenu' is present

2022-06-27 11:25:09 - [MESSAGE][WARNING] - Timeout '0' is invalid. Using default page load timeout: '30'

2022-06-27 11:25:10 - [MESSAGE][PASSED] - Object 'Object Repository/Page_It-Right Platform_GBS/div_WelcomeMenu' is present

2022-06-27 11:25:10 - [TEST_STEP][PASSED] - click(findTestObject("Object Repository/Page_It-Right Platform_GBS/span_GBS")): Object: 'Object Repository/Page_It-Right Platform_GBS/span_GBS' is clicked on

2022-06-27 11:25:17 - [MESSAGE][PASSED] - Object: 'Object Repository/Page_It-Right Platform_GBS/span_GBS' is clicked on

2022-06-27 11:25:17 - [TEST_STEP][PASSED] - delay(2): Delayed 2 second(s)

2022-06-27 11:25:19 - [MESSAGE][PASSED] - Delayed 2 second(s)

2022-06-27 11:25:19 - [TEST_STEP][PASSED] - click(findTestObject("Page_DIR_GBS/GBS Project/button_Technical Sourcing")): Object: 'Object Repository/Page_DIR_GBS/GBS Project/button_Technical Sourcing' is clicked on

2022-06-27 11:25:19 - [MESSAGE][PASSED] - Object: 'Object Repository/Page_DIR_GBS/GBS Project/button_Technical Sourcing' is clicked on

2022-06-27 11:25:19 - [TEST_STEP][PASSED] - click(findTestObject("Page_DIR_GBS/GBS Project/span_Flex_Organization")): Object: 'Object Repository/Page_DIR_GBS/GBS Project/span_Flex_Organization' is clicked on

2022-06-27 11:25:20 - [MESSAGE][PASSED] - Object: 'Object Repository/Page_DIR_GBS/GBS Project/span_Flex_Organization' is clicked on

2022-06-27 11:25:20 - [TEST_STEP][PASSED] - selectOptionByValue(findTestObject("Page_DIR_GBS/GBS Project/select_Organization"), "FLEX", true): All options with value 'FLEX' are selected in object 'Object Repository/Page_DIR_GBS/GBS Project/select_Organization'  using regular expression

2022-06-27 11:26:26 - [MESSAGE][PASSED] - All options with value 'FLEX' are selected in object 'Object Repository/Page_DIR_GBS/GBS Project/select_Organization'  using regular expression

2022-06-27 11:26:26 - [TEST_STEP][PASSED] - delay(2): Delayed 2 second(s)

2022-06-27 11:26:28 - [MESSAGE][PASSED] - Delayed 2 second(s)

2022-06-27 11:26:28 - [TEST_STEP][FAILED] - scrollToElement(findTestObject("Page_DIR_GBS/GBS Project/i_Project-folder-open"), 2): Unable to scroll to object 'Object Repository/Page_DIR_GBS/GBS Project/i_Project-folder-open' (Root cause: com.kms.katalon.core.exception.StepFailedException: Unable to scroll to object 'Object Repository/Page_DIR_GBS/GBS Project/i_Project-folder-open'
	at com.kms.katalon.core.webui.keyword.internal.WebUIKeywordMain.stepFailed(WebUIKeywordMain.groovy:64)
	at com.kms.katalon.core.webui.keyword.internal.WebUIKeywordMain.runKeyword(WebUIKeywordMain.groovy:26)
	at com.kms.katalon.core.webui.keyword.builtin.ScrollToElementKeyword.scrollToElement(ScrollToElementKeyword.groovy:88)
	at com.kms.katalon.core.webui.keyword.builtin.ScrollToElementKeyword.execute(ScrollToElementKeyword.groovy:68)
	at com.kms.katalon.core.keyword.internal.KeywordExecutor.executeKeywordForPlatform(KeywordExecutor.groovy:74)
	at com.kms.katalon.core.webui.keyword.WebUiBuiltInKeywords.scrollToElement(WebUiBuiltInKeywords.groovy:4061)
	at com.kms.katalon.core.webui.keyword.WebUiBuiltInKeywords$scrollToElement$6.call(Unknown Source)
	at AF_Review_RevertSave.run(AF_Review_RevertSave:48)
	at com.kms.katalon.core.main.ScriptEngine.run(ScriptEngine.java:194)
	at com.kms.katalon.core.main.ScriptEngine.runScriptAsRawText(ScriptEngine.java:119)
	at com.kms.katalon.core.main.TestCaseExecutor.runScript(TestCaseExecutor.java:445)
	at com.kms.katalon.core.main.TestCaseExecutor.doExecute(TestCaseExecutor.java:436)
	at com.kms.katalon.core.main.TestCaseExecutor.processExecutionPhase(TestCaseExecutor.java:415)
	at com.kms.katalon.core.main.TestCaseExecutor.accessMainPhase(TestCaseExecutor.java:407)
	at com.kms.katalon.core.main.TestCaseExecutor.execute(TestCaseExecutor.java:284)
	at com.kms.katalon.core.common.CommonExecutor.accessTestCaseMainPhase(CommonExecutor.java:65)
	at com.kms.katalon.core.main.TestSuiteExecutor.accessTestSuiteMainPhase(TestSuiteExecutor.java:144)
	at com.kms.katalon.core.main.TestSuiteExecutor.execute(TestSuiteExecutor.java:106)
	at com.kms.katalon.core.main.TestCaseMain.startTestSuite(TestCaseMain.java:185)
	at com.kms.katalon.core.main.TestCaseMain$startTestSuite$0.call(Unknown Source)
	at TempTestSuite1656308517742.run(TempTestSuite1656308517742.groovy:36)
Caused by: com.kms.katalon.core.webui.exception.WebElementNotFoundException: Web element with id: 'Object Repository/Page_DIR_GBS/GBS Project/i_Project-folder-open' located by '//tr[@id='3835']/td[17]/a/i' not found
	at com.kms.katalon.core.webui.common.WebUiCommonHelper.findWebElement(WebUiCommonHelper.java:1370)
	at com.kms.katalon.core.webui.keyword.internal.WebUIAbstractKeyword.findWebElement(WebUIAbstractKeyword.groovy:27)
	at com.kms.katalon.core.webui.keyword.internal.WebUIAbstractKeyword.findWebElement(WebUIAbstractKeyword.groovy:26)
	at com.kms.katalon.core.webui.keyword.builtin.ScrollToElementKeyword$_scrollToElement_closure1.doCall(ScrollToElementKeyword.groovy:79)
	at com.kms.katalon.core.webui.keyword.builtin.ScrollToElementKeyword$_scrollToElement_closure1.call(ScrollToElementKeyword.groovy)
	at com.kms.katalon.core.webui.keyword.internal.WebUIKeywordMain.runKeyword(WebUIKeywordMain.groovy:20)
	at com.kms.katalon.core.webui.keyword.builtin.ScrollToElementKeyword.scrollToElement(ScrollToElementKeyword.groovy:88)
	at com.kms.katalon.core.webui.keyword.builtin.ScrollToElementKeyword.execute(ScrollToElementKeyword.groovy:68)
	at com.kms.katalon.core.keyword.internal.KeywordExecutor.executeKeywordForPlatform(KeywordExecutor.groovy:74)
	at com.kms.katalon.core.webui.keyword.WebUiBuiltInKeywords.scrollToElement(WebUiBuiltInKeywords.groovy:4061)
	at com.kms.katalon.core.webui.keyword.WebUiBuiltInKeywords$scrollToElement$6.call(Unknown Source)
	at Script1652854256331.run(Script1652854256331.groovy:48)
	... 13 more
)

2022-06-27 11:27:28 - [MESSAGE][INFO] - Unable to find the element located by 'By.xpath: //tr[@id='3835']/td[17]/a/i'. Please recheck the objects properties to make sure the desired element is located. 

2022-06-27 11:27:28 - [MESSAGE][WARNING] - [SELF-HEALING] Failed to find element with id 'Object Repository/Page_DIR_GBS/GBS Project/i_Project-folder-open'. Try using Self-healing.

2022-06-27 11:27:58 - [MESSAGE][INFO] - Unable to find the element located by 'By.xpath: //tr[2]/td[17]/a/i'. Please recheck the objects properties to make sure the desired element is located. 

2022-06-27 11:28:28 - [MESSAGE][INFO] - [SELF-HEALING] Failed Locator: '//tr[@id='3835']/td[17]/a/i'.

2022-06-27 11:28:58 - [MESSAGE][INFO] - [SELF-HEALING] Failed Locator: '//tr[2]/td[17]/a/i'.

2022-06-27 11:29:28 - [MESSAGE][INFO] - Unable to find the element located by 'By.xpath: id("3835")/td[@class="dt-body-center action-links"]/a[@class="open"]/i[@class="fa fa-folder-open"]'. Please recheck the objects properties to make sure the desired element is located. 

2022-06-27 11:29:58 - [MESSAGE][INFO] - Unable to find the element located by 'By.cssSelector: i.fa.fa-folder-open'. Please recheck the objects properties to make sure the desired element is located. 

2022-06-27 11:29:59 - [MESSAGE][FAILED] - Unable to scroll to object 'Object Repository/Page_DIR_GBS/GBS Project/i_Project-folder-open' (Root cause: com.kms.katalon.core.exception.StepFailedException: Unable to scroll to object 'Object Repository/Page_DIR_GBS/GBS Project/i_Project-folder-open'
	at com.kms.katalon.core.webui.keyword.internal.WebUIKeywordMain.stepFailed(WebUIKeywordMain.groovy:64)
	at com.kms.katalon.core.webui.keyword.internal.WebUIKeywordMain.runKeyword(WebUIKeywordMain.groovy:26)
	at com.kms.katalon.core.webui.keyword.builtin.ScrollToElementKeyword.scrollToElement(ScrollToElementKeyword.groovy:88)
	at com.kms.katalon.core.webui.keyword.builtin.ScrollToElementKeyword.execute(ScrollToElementKeyword.groovy:68)
	at com.kms.katalon.core.keyword.internal.KeywordExecutor.executeKeywordForPlatform(KeywordExecutor.groovy:74)
	at com.kms.katalon.core.webui.keyword.WebUiBuiltInKeywords.scrollToElement(WebUiBuiltInKeywords.groovy:4061)
	at com.kms.katalon.core.webui.keyword.WebUiBuiltInKeywords$scrollToElement$6.call(Unknown Source)
	at AF_Review_RevertSave.run(AF_Review_RevertSave:48)
	at com.kms.katalon.core.main.ScriptEngine.run(ScriptEngine.java:194)
	at com.kms.katalon.core.main.ScriptEngine.runScriptAsRawText(ScriptEngine.java:119)
	at com.kms.katalon.core.main.TestCaseExecutor.runScript(TestCaseExecutor.java:445)
	at com.kms.katalon.core.main.TestCaseExecutor.doExecute(TestCaseExecutor.java:436)
	at com.kms.katalon.core.main.TestCaseExecutor.processExecutionPhase(TestCaseExecutor.java:415)
	at com.kms.katalon.core.main.TestCaseExecutor.accessMainPhase(TestCaseExecutor.java:407)
	at com.kms.katalon.core.main.TestCaseExecutor.execute(TestCaseExecutor.java:284)
	at com.kms.katalon.core.common.CommonExecutor.accessTestCaseMainPhase(CommonExecutor.java:65)
	at com.kms.katalon.core.main.TestSuiteExecutor.accessTestSuiteMainPhase(TestSuiteExecutor.java:144)
	at com.kms.katalon.core.main.TestSuiteExecutor.execute(TestSuiteExecutor.java:106)
	at com.kms.katalon.core.main.TestCaseMain.startTestSuite(TestCaseMain.java:185)
	at com.kms.katalon.core.main.TestCaseMain$startTestSuite$0.call(Unknown Source)
	at TempTestSuite1656308517742.run(TempTestSuite1656308517742.groovy:36)
Caused by: com.kms.katalon.core.webui.exception.WebElementNotFoundException: Web element with id: 'Object Repository/Page_DIR_GBS/GBS Project/i_Project-folder-open' located by '//tr[@id='3835']/td[17]/a/i' not found
	at com.kms.katalon.core.webui.common.WebUiCommonHelper.findWebElement(WebUiCommonHelper.java:1370)
	at com.kms.katalon.core.webui.keyword.internal.WebUIAbstractKeyword.findWebElement(WebUIAbstractKeyword.groovy:27)
	at com.kms.katalon.core.webui.keyword.internal.WebUIAbstractKeyword.findWebElement(WebUIAbstractKeyword.groovy:26)
	at com.kms.katalon.core.webui.keyword.builtin.ScrollToElementKeyword$_scrollToElement_closure1.doCall(ScrollToElementKeyword.groovy:79)
	at com.kms.katalon.core.webui.keyword.builtin.ScrollToElementKeyword$_scrollToElement_closure1.call(ScrollToElementKeyword.groovy)
	at com.kms.katalon.core.webui.keyword.internal.WebUIKeywordMain.runKeyword(WebUIKeywordMain.groovy:20)
	at com.kms.katalon.core.webui.keyword.builtin.ScrollToElementKeyword.scrollToElement(ScrollToElementKeyword.groovy:88)
	at com.kms.katalon.core.webui.keyword.builtin.ScrollToElementKeyword.execute(ScrollToElementKeyword.groovy:68)
	at com.kms.katalon.core.keyword.internal.KeywordExecutor.executeKeywordForPlatform(KeywordExecutor.groovy:74)
	at com.kms.katalon.core.webui.keyword.WebUiBuiltInKeywords.scrollToElement(WebUiBuiltInKeywords.groovy:4061)
	at com.kms.katalon.core.webui.keyword.WebUiBuiltInKeywords$scrollToElement$6.call(Unknown Source)
	at Script1652854256331.run(Script1652854256331.groovy:48)
	... 13 more
)
[[ATTACHMENT|C:\\Users\\gssprpra\\git\\KatalonStudioCodeRep1\\Reports\\20220627_111149\\Sanity_GBS_SF_CIR\\20220627_111157\\1656309598973.png]]]]></system-out>
         <system-err><![CDATA[2022-06-27 11:24:56 - [TEST_CASE][FAILED] - Test Cases/Checklist/GBS/AF_Review_RevertSave: Test Cases/Checklist/GBS/AF_Review_RevertSave FAILED.
Reason:
com.kms.katalon.core.exception.StepFailedException: Unable to scroll to object 'Object Repository/Page_DIR_GBS/GBS Project/i_Project-folder-open'
	at com.kms.katalon.core.webui.keyword.internal.WebUIKeywordMain.stepFailed(WebUIKeywordMain.groovy:64)
	at com.kms.katalon.core.webui.keyword.internal.WebUIKeywordMain.runKeyword(WebUIKeywordMain.groovy:26)
	at com.kms.katalon.core.webui.keyword.builtin.ScrollToElementKeyword.scrollToElement(ScrollToElementKeyword.groovy:88)
	at com.kms.katalon.core.webui.keyword.builtin.ScrollToElementKeyword.execute(ScrollToElementKeyword.groovy:68)
	at com.kms.katalon.core.keyword.internal.KeywordExecutor.executeKeywordForPlatform(KeywordExecutor.groovy:74)
	at com.kms.katalon.core.webui.keyword.WebUiBuiltInKeywords.scrollToElement(WebUiBuiltInKeywords.groovy:4061)
	at com.kms.katalon.core.webui.keyword.WebUiBuiltInKeywords$scrollToElement$6.call(Unknown Source)
	at AF_Review_RevertSave.run(AF_Review_RevertSave:48)
	at com.kms.katalon.core.main.ScriptEngine.run(ScriptEngine.java:194)
	at com.kms.katalon.core.main.ScriptEngine.runScriptAsRawText(ScriptEngine.java:119)
	at com.kms.katalon.core.main.TestCaseExecutor.runScript(TestCaseExecutor.java:445)
	at com.kms.katalon.core.main.TestCaseExecutor.doExecute(TestCaseExecutor.java:436)
	at com.kms.katalon.core.main.TestCaseExecutor.processExecutionPhase(TestCaseExecutor.java:415)
	at com.kms.katalon.core.main.TestCaseExecutor.accessMainPhase(TestCaseExecutor.java:407)
	at com.kms.katalon.core.main.TestCaseExecutor.execute(TestCaseExecutor.java:284)
	at com.kms.katalon.core.common.CommonExecutor.accessTestCaseMainPhase(CommonExecutor.java:65)
	at com.kms.katalon.core.main.TestSuiteExecutor.accessTestSuiteMainPhase(TestSuiteExecutor.java:144)
	at com.kms.katalon.core.main.TestSuiteExecutor.execute(TestSuiteExecutor.java:106)
	at com.kms.katalon.core.main.TestCaseMain.startTestSuite(TestCaseMain.java:185)
	at com.kms.katalon.core.main.TestCaseMain$startTestSuite$0.call(Unknown Source)
	at TempTestSuite1656308517742.run(TempTestSuite1656308517742.groovy:36)
Caused by: com.kms.katalon.core.webui.exception.WebElementNotFoundException: Web element with id: 'Object Repository/Page_DIR_GBS/GBS Project/i_Project-folder-open' located by '//tr[@id='3835']/td[17]/a/i' not found
	at com.kms.katalon.core.webui.common.WebUiCommonHelper.findWebElement(WebUiCommonHelper.java:1370)
	at com.kms.katalon.core.webui.keyword.internal.WebUIAbstractKeyword.findWebElement(WebUIAbstractKeyword.groovy:27)
	at com.kms.katalon.core.webui.keyword.internal.WebUIAbstractKeyword.findWebElement(WebUIAbstractKeyword.groovy:26)
	at com.kms.katalon.core.webui.keyword.builtin.ScrollToElementKeyword$_scrollToElement_closure1.doCall(ScrollToElementKeyword.groovy:79)
	at com.kms.katalon.core.webui.keyword.builtin.ScrollToElementKeyword$_scrollToElement_closure1.call(ScrollToElementKeyword.groovy)
	at com.kms.katalon.core.webui.keyword.internal.WebUIKeywordMain.runKeyword(WebUIKeywordMain.groovy:20)
	... 19 more]]></system-err>
      </testcase>
      <testcase name="Test Cases/Sanity/GBS/AF_Export_Dashboard" time="366.049" classname="Test Cases/Sanity/GBS/AF_Export_Dashboard" status="FAILED">
         <failure type="FAILED" message="Test Cases/Sanity/GBS/AF_Export_Dashboard FAILED.
Reason:
com.kms.katalon.core.exception.StepFailedException: Unable to verify object 'Object Repository/Page_DIR_GBS/GBS Project/ul_ExportOptions' is present
	at com.kms.katalon.core.webui.keyword.internal.WebUIKeywordMain.stepFailed(WebUIKeywordMain.groovy:64)
	at com.kms.katalon.core.webui.keyword.internal.WebUIKeywordMain.runKeyword(WebUIKeywordMain.groovy:26)
	at com.kms.katalon.core.webui.keyword.builtin.VerifyElementPresentKeyword.verifyElementPresent(VerifyElementPresentKeyword.groovy:92)
	at com.kms.katalon.core.webui.keyword.builtin.VerifyElementPresentKeyword.execute(VerifyElementPresentKeyword.groovy:68)
	at com.kms.katalon.core.keyword.internal.KeywordExecutor.executeKeywordForPlatform(KeywordExecutor.groovy:74)
	at com.kms.katalon.core.webui.keyword.WebUiBuiltInKeywords.verifyElementPresent(WebUiBuiltInKeywords.groovy:1464)
	at com.kms.katalon.core.webui.keyword.WebUiBuiltInKeywords$verifyElementPresent$5.call(Unknown Source)
	at AF_Export_Dashboard.run(AF_Export_Dashboard:51)
	at com.kms.katalon.core.main.ScriptEngine.run(ScriptEngine.java:194)
	at com.kms.katalon.core.main.ScriptEngine.runScriptAsRawText(ScriptEngine.java:119)
	at com.kms.katalon.core.main.TestCaseExecutor.runScript(TestCaseExecutor.java:445)
	at com.kms.katalon.core.main.TestCaseExecutor.doExecute(TestCaseExecutor.java:436)
	at com.kms.katalon.core.main.TestCaseExecutor.processExecutionPhase(TestCaseExecutor.java:415)
	at com.kms.katalon.core.main.TestCaseExecutor.accessMainPhase(TestCaseExecutor.java:407)
	at com.kms.katalon.core.main.TestCaseExecutor.execute(TestCaseExecutor.java:284)
	at com.kms.katalon.core.common.CommonExecutor.accessTestCaseMainPhase(CommonExecutor.java:65)
	at com.kms.katalon.core.main.TestSuiteExecutor.accessTestSuiteMainPhase(TestSuiteExecutor.java:144)
	at com.kms.katalon.core.main.TestSuiteExecutor.execute(TestSuiteExecutor.java:106)
	at com.kms.katalon.core.main.TestCaseMain.startTestSuite(TestCaseMain.java:185)
	at com.kms.katalon.core.main.TestCaseMain$startTestSuite$0.call(Unknown Source)
	at TempTestSuite1656308517742.run(TempTestSuite1656308517742.groovy:36)
Caused by: com.kms.katalon.core.exception.StepFailedException: com.kms.katalon.core.webui.exception.WebElementNotFoundException: Web element with id: 'Object Repository/Page_DIR_GBS/GBS Project/ul_ExportOptions' located by '//tr[@id='50965']/td[17]/div/ul' not found
	at com.kms.katalon.core.webui.keyword.internal.WebUIKeywordMain.stepFailed(WebUIKeywordMain.groovy:64)
	at com.kms.katalon.core.webui.keyword.builtin.VerifyElementPresentKeyword$_verifyElementPresent_closure1.doCall(VerifyElementPresentKeyword.groovy:85)
	at com.kms.katalon.core.webui.keyword.builtin.VerifyElementPresentKeyword$_verifyElementPresent_closure1.call(VerifyElementPresentKeyword.groovy)
	at com.kms.katalon.core.webui.keyword.internal.WebUIKeywordMain.runKeyword(WebUIKeywordMain.groovy:20)
	... 19 more
"/>
         <system-out><![CDATA[2022-06-27 11:29:59 - [TEST_CASE][FAILED] - Test Cases/Sanity/GBS/AF_Export_Dashboard: Test Cases/Sanity/GBS/AF_Export_Dashboard FAILED.
Reason:
com.kms.katalon.core.exception.StepFailedException: Unable to verify object 'Object Repository/Page_DIR_GBS/GBS Project/ul_ExportOptions' is present
	at com.kms.katalon.core.webui.keyword.internal.WebUIKeywordMain.stepFailed(WebUIKeywordMain.groovy:64)
	at com.kms.katalon.core.webui.keyword.internal.WebUIKeywordMain.runKeyword(WebUIKeywordMain.groovy:26)
	at com.kms.katalon.core.webui.keyword.builtin.VerifyElementPresentKeyword.verifyElementPresent(VerifyElementPresentKeyword.groovy:92)
	at com.kms.katalon.core.webui.keyword.builtin.VerifyElementPresentKeyword.execute(VerifyElementPresentKeyword.groovy:68)
	at com.kms.katalon.core.keyword.internal.KeywordExecutor.executeKeywordForPlatform(KeywordExecutor.groovy:74)
	at com.kms.katalon.core.webui.keyword.WebUiBuiltInKeywords.verifyElementPresent(WebUiBuiltInKeywords.groovy:1464)
	at com.kms.katalon.core.webui.keyword.WebUiBuiltInKeywords$verifyElementPresent$5.call(Unknown Source)
	at AF_Export_Dashboard.run(AF_Export_Dashboard:51)
	at com.kms.katalon.core.main.ScriptEngine.run(ScriptEngine.java:194)
	at com.kms.katalon.core.main.ScriptEngine.runScriptAsRawText(ScriptEngine.java:119)
	at com.kms.katalon.core.main.TestCaseExecutor.runScript(TestCaseExecutor.java:445)
	at com.kms.katalon.core.main.TestCaseExecutor.doExecute(TestCaseExecutor.java:436)
	at com.kms.katalon.core.main.TestCaseExecutor.processExecutionPhase(TestCaseExecutor.java:415)
	at com.kms.katalon.core.main.TestCaseExecutor.accessMainPhase(TestCaseExecutor.java:407)
	at com.kms.katalon.core.main.TestCaseExecutor.execute(TestCaseExecutor.java:284)
	at com.kms.katalon.core.common.CommonExecutor.accessTestCaseMainPhase(CommonExecutor.java:65)
	at com.kms.katalon.core.main.TestSuiteExecutor.accessTestSuiteMainPhase(TestSuiteExecutor.java:144)
	at com.kms.katalon.core.main.TestSuiteExecutor.execute(TestSuiteExecutor.java:106)
	at com.kms.katalon.core.main.TestCaseMain.startTestSuite(TestCaseMain.java:185)
	at com.kms.katalon.core.main.TestCaseMain$startTestSuite$0.call(Unknown Source)
	at TempTestSuite1656308517742.run(TempTestSuite1656308517742.groovy:36)
Caused by: com.kms.katalon.core.exception.StepFailedException: com.kms.katalon.core.webui.exception.WebElementNotFoundException: Web element with id: 'Object Repository/Page_DIR_GBS/GBS Project/ul_ExportOptions' located by '//tr[@id='50965']/td[17]/div/ul' not found
	at com.kms.katalon.core.webui.keyword.internal.WebUIKeywordMain.stepFailed(WebUIKeywordMain.groovy:64)
	at com.kms.katalon.core.webui.keyword.builtin.VerifyElementPresentKeyword$_verifyElementPresent_closure1.doCall(VerifyElementPresentKeyword.groovy:85)
	at com.kms.katalon.core.webui.keyword.builtin.VerifyElementPresentKeyword$_verifyElementPresent_closure1.call(VerifyElementPresentKeyword.groovy)
	at com.kms.katalon.core.webui.keyword.internal.WebUIKeywordMain.runKeyword(WebUIKeywordMain.groovy:20)
	... 19 more


2022-06-27 11:30:00 - [TEST_STEP][PASSED] - openBrowser(""): Browser is opened with url: ''

2022-06-27 11:30:00 - [MESSAGE][WARNING] - A browser is already opened. Closing browser and opening a new one

2022-06-27 11:30:02 - [MESSAGE][INFO] - Starting 'Chrome' driver

2022-06-27 11:30:02 - [MESSAGE][INFO] - Action delay is set to 0 milliseconds

2022-06-27 11:30:03 - [MESSAGE][PASSED] - Browser is opened with url: ''

2022-06-27 11:30:03 - [TEST_STEP][PASSED] - maximizeWindow(): Current window maximized

2022-06-27 11:30:04 - [MESSAGE][PASSED] - Current window maximized

2022-06-27 11:30:04 - [TEST_STEP][PASSED] - navigateToUrl(URL): Navigate to 'https://priceitright.flextronics.com/login' successfully

2022-06-27 11:30:08 - [MESSAGE][PASSED] - Navigate to 'https://priceitright.flextronics.com/login' successfully

2022-06-27 11:30:08 - [TEST_STEP][PASSED] - setText(findTestObject("Page_It-Right Platform_GBS/Username"), username): Text 'gsstjaya' is set on object 'Object Repository/Page_It-Right Platform_GBS/Username'

2022-06-27 11:30:09 - [MESSAGE][PASSED] - Text 'gsstjaya' is set on object 'Object Repository/Page_It-Right Platform_GBS/Username'

2022-06-27 11:30:09 - [TEST_STEP][PASSED] - setEncryptedText(findTestObject("Page_It-Right Platform_GBS/password"), pwd): Text ****** has been set on object 'Object Repository/Page_It-Right Platform_GBS/password'

2022-06-27 11:30:10 - [MESSAGE][PASSED] - Text ****** has been set on object 'Object Repository/Page_It-Right Platform_GBS/password'

2022-06-27 11:30:10 - [TEST_STEP][PASSED] - click(findTestObject("Page_It-Right Platform_GBS/button_Sign in")): Object: 'Object Repository/Page_It-Right Platform_GBS/button_Sign in' is clicked on

2022-06-27 11:30:13 - [MESSAGE][PASSED] - Object: 'Object Repository/Page_It-Right Platform_GBS/button_Sign in' is clicked on

2022-06-27 11:30:13 - [TEST_STEP][PASSED] - click(findTestObject("Object Repository/Page_It-Right Platform_GBS/span_WelcomeToggler")): Object: 'Object Repository/Page_It-Right Platform_GBS/span_WelcomeToggler' is clicked on

2022-06-27 11:30:13 - [MESSAGE][PASSED] - Object: 'Object Repository/Page_It-Right Platform_GBS/span_WelcomeToggler' is clicked on

2022-06-27 11:30:13 - [TEST_STEP][PASSED] - verifyElementPresent(findTestObject("Object Repository/Page_It-Right Platform_GBS/div_WelcomeMenu"), 0): Object 'Object Repository/Page_It-Right Platform_GBS/div_WelcomeMenu' is present

2022-06-27 11:30:14 - [MESSAGE][WARNING] - Timeout '0' is invalid. Using default page load timeout: '30'

2022-06-27 11:30:14 - [MESSAGE][PASSED] - Object 'Object Repository/Page_It-Right Platform_GBS/div_WelcomeMenu' is present

2022-06-27 11:30:14 - [TEST_STEP][PASSED] - click(findTestObject("Object Repository/Page_It-Right Platform_GBS/span_GBS")): Object: 'Object Repository/Page_It-Right Platform_GBS/span_GBS' is clicked on

2022-06-27 11:30:19 - [MESSAGE][PASSED] - Object: 'Object Repository/Page_It-Right Platform_GBS/span_GBS' is clicked on

2022-06-27 11:30:19 - [TEST_STEP][PASSED] - click(findTestObject("Object Repository/Page_DIR_GBS/GBS Project/div_Technical Sourcing")): Object: 'Object Repository/Page_DIR_GBS/GBS Project/div_Technical Sourcing' is clicked on

2022-06-27 11:30:22 - [MESSAGE][PASSED] - Object: 'Object Repository/Page_DIR_GBS/GBS Project/div_Technical Sourcing' is clicked on

2022-06-27 11:30:22 - [TEST_STEP][PASSED] - click(findTestObject("Object Repository/Page_DIR_GBS/GBS Project/span_Flex")): Object: 'Object Repository/Page_DIR_GBS/GBS Project/span_Flex' is clicked on

2022-06-27 11:30:22 - [MESSAGE][PASSED] - Object: 'Object Repository/Page_DIR_GBS/GBS Project/span_Flex' is clicked on

2022-06-27 11:30:22 - [TEST_STEP][PASSED] - selectOptionByValue(findTestObject("Object Repository/Page_DIR_GBS/GBS Project/select_Technical Sourcing                Flex"), "FLEX", true): All options with value 'FLEX' are selected in object 'Object Repository/Page_DIR_GBS/GBS Project/select_Technical Sourcing                Flex'  using regular expression

2022-06-27 11:31:29 - [MESSAGE][PASSED] - All options with value 'FLEX' are selected in object 'Object Repository/Page_DIR_GBS/GBS Project/select_Technical Sourcing                Flex'  using regular expression

2022-06-27 11:31:29 - [TEST_STEP][PASSED] - delay(2): Delayed 2 second(s)

2022-06-27 11:31:31 - [MESSAGE][PASSED] - Delayed 2 second(s)

2022-06-27 11:31:31 - [TEST_STEP][PASSED] - scrollToElement(findTestObject("Page_DIR_GBS/GBS Project/i_Project file-excel"), 2): Scroll to object 'Object Repository/Page_DIR_GBS/GBS Project/i_Project file-excel' successfully

2022-06-27 11:32:31 - [MESSAGE][INFO] - Unable to find the element located by 'By.xpath: //tr[@id='50965']/td[17]/div/a/i'. Please recheck the objects properties to make sure the desired element is located. 

2022-06-27 11:32:31 - [MESSAGE][WARNING] - [SELF-HEALING] Failed to find element with id 'Object Repository/Page_DIR_GBS/GBS Project/i_Project file-excel'. Try using Self-healing.

2022-06-27 11:33:01 - [MESSAGE][INFO] - [SELF-HEALING] Failed Locator: '//tr[@id='50965']/td[17]/div/a/i'.

2022-06-27 11:33:31 - [MESSAGE][INFO] - [SELF-HEALING] Working Locator: '//td[17]/div/a/i'.

2022-06-27 11:33:32 - [MESSAGE][INFO] - [SELF-HEALING] Screenshot: C:/Users/gssprpra/git/KatalonStudioCodeRep1/Reports/Self-healing/Object Repository/Page_DIR_GBS/GBS Project/i_Project file-excel_position.png

2022-06-27 11:33:33 - [MESSAGE][WARNING] - [SELF-HEALING] The current locator of test object 'Object Repository/Page_DIR_GBS/GBS Project/i_Project file-excel' was broken. Propose an alternative one: '//td[17]/div/a/i'.

2022-06-27 11:33:33 - [MESSAGE][PASSED] - Scroll to object 'Object Repository/Page_DIR_GBS/GBS Project/i_Project file-excel' successfully

2022-06-27 11:33:33 - [TEST_STEP][PASSED] - click(findTestObject("Page_DIR_GBS/GBS Project/i_Project file-excel")): Object: 'Object Repository/Page_DIR_GBS/GBS Project/i_Project file-excel' is clicked on

2022-06-27 11:34:33 - [MESSAGE][INFO] - Unable to find the element located by 'By.xpath: //tr[@id='50965']/td[17]/div/a/i'. Please recheck the objects properties to make sure the desired element is located. 

2022-06-27 11:34:33 - [MESSAGE][WARNING] - [SELF-HEALING] Failed to find element with id 'Object Repository/Page_DIR_GBS/GBS Project/i_Project file-excel'. Try using Self-healing.

2022-06-27 11:35:03 - [MESSAGE][WARNING] - [SELF-HEALING] The current locator of test object 'Object Repository/Page_DIR_GBS/GBS Project/i_Project file-excel' was broken. Propose an alternative one: '//td[17]/div/a/i'.

2022-06-27 11:35:04 - [MESSAGE][PASSED] - Object: 'Object Repository/Page_DIR_GBS/GBS Project/i_Project file-excel' is clicked on

2022-06-27 11:35:04 - [TEST_STEP][FAILED] - verifyElementPresent(findTestObject("Page_DIR_GBS/GBS Project/ul_ExportOptions"), 0): Unable to verify object 'Object Repository/Page_DIR_GBS/GBS Project/ul_ExportOptions' is present (Root cause: com.kms.katalon.core.exception.StepFailedException: Unable to verify object 'Object Repository/Page_DIR_GBS/GBS Project/ul_ExportOptions' is present
	at com.kms.katalon.core.webui.keyword.internal.WebUIKeywordMain.stepFailed(WebUIKeywordMain.groovy:64)
	at com.kms.katalon.core.webui.keyword.internal.WebUIKeywordMain.runKeyword(WebUIKeywordMain.groovy:26)
	at com.kms.katalon.core.webui.keyword.builtin.VerifyElementPresentKeyword.verifyElementPresent(VerifyElementPresentKeyword.groovy:92)
	at com.kms.katalon.core.webui.keyword.builtin.VerifyElementPresentKeyword.execute(VerifyElementPresentKeyword.groovy:68)
	at com.kms.katalon.core.keyword.internal.KeywordExecutor.executeKeywordForPlatform(KeywordExecutor.groovy:74)
	at com.kms.katalon.core.webui.keyword.WebUiBuiltInKeywords.verifyElementPresent(WebUiBuiltInKeywords.groovy:1464)
	at com.kms.katalon.core.webui.keyword.WebUiBuiltInKeywords$verifyElementPresent$5.call(Unknown Source)
	at AF_Export_Dashboard.run(AF_Export_Dashboard:51)
	at com.kms.katalon.core.main.ScriptEngine.run(ScriptEngine.java:194)
	at com.kms.katalon.core.main.ScriptEngine.runScriptAsRawText(ScriptEngine.java:119)
	at com.kms.katalon.core.main.TestCaseExecutor.runScript(TestCaseExecutor.java:445)
	at com.kms.katalon.core.main.TestCaseExecutor.doExecute(TestCaseExecutor.java:436)
	at com.kms.katalon.core.main.TestCaseExecutor.processExecutionPhase(TestCaseExecutor.java:415)
	at com.kms.katalon.core.main.TestCaseExecutor.accessMainPhase(TestCaseExecutor.java:407)
	at com.kms.katalon.core.main.TestCaseExecutor.execute(TestCaseExecutor.java:284)
	at com.kms.katalon.core.common.CommonExecutor.accessTestCaseMainPhase(CommonExecutor.java:65)
	at com.kms.katalon.core.main.TestSuiteExecutor.accessTestSuiteMainPhase(TestSuiteExecutor.java:144)
	at com.kms.katalon.core.main.TestSuiteExecutor.execute(TestSuiteExecutor.java:106)
	at com.kms.katalon.core.main.TestCaseMain.startTestSuite(TestCaseMain.java:185)
	at com.kms.katalon.core.main.TestCaseMain$startTestSuite$0.call(Unknown Source)
	at TempTestSuite1656308517742.run(TempTestSuite1656308517742.groovy:36)
Caused by: com.kms.katalon.core.exception.StepFailedException: com.kms.katalon.core.webui.exception.WebElementNotFoundException: Web element with id: 'Object Repository/Page_DIR_GBS/GBS Project/ul_ExportOptions' located by '//tr[@id='50965']/td[17]/div/ul' not found
	at com.kms.katalon.core.webui.keyword.internal.WebUIKeywordMain.stepFailed(WebUIKeywordMain.groovy:64)
	at com.kms.katalon.core.webui.keyword.builtin.VerifyElementPresentKeyword$_verifyElementPresent_closure1.doCall(VerifyElementPresentKeyword.groovy:85)
	at com.kms.katalon.core.webui.keyword.builtin.VerifyElementPresentKeyword$_verifyElementPresent_closure1.call(VerifyElementPresentKeyword.groovy)
	at com.kms.katalon.core.webui.keyword.internal.WebUIKeywordMain.runKeyword(WebUIKeywordMain.groovy:20)
	... 19 more
)

2022-06-27 11:35:04 - [MESSAGE][WARNING] - Timeout '0' is invalid. Using default page load timeout: '30'

2022-06-27 11:36:04 - [MESSAGE][INFO] - Unable to find the element located by 'By.xpath: //tr[@id='50965']/td[17]/div/ul'. Please recheck the objects properties to make sure the desired element is located. 

2022-06-27 11:36:05 - [MESSAGE][FAILED] - com.kms.katalon.core.webui.exception.WebElementNotFoundException: Web element with id: 'Object Repository/Page_DIR_GBS/GBS Project/ul_ExportOptions' located by '//tr[@id='50965']/td[17]/div/ul' not found (Root cause: com.kms.katalon.core.exception.StepFailedException: com.kms.katalon.core.webui.exception.WebElementNotFoundException: Web element with id: 'Object Repository/Page_DIR_GBS/GBS Project/ul_ExportOptions' located by '//tr[@id='50965']/td[17]/div/ul' not found
	at com.kms.katalon.core.webui.keyword.internal.WebUIKeywordMain.stepFailed(WebUIKeywordMain.groovy:64)
	at com.kms.katalon.core.webui.keyword.builtin.VerifyElementPresentKeyword$_verifyElementPresent_closure1.doCall(VerifyElementPresentKeyword.groovy:85)
	at com.kms.katalon.core.webui.keyword.builtin.VerifyElementPresentKeyword$_verifyElementPresent_closure1.call(VerifyElementPresentKeyword.groovy)
	at com.kms.katalon.core.webui.keyword.internal.WebUIKeywordMain.runKeyword(WebUIKeywordMain.groovy:20)
	at com.kms.katalon.core.webui.keyword.builtin.VerifyElementPresentKeyword.verifyElementPresent(VerifyElementPresentKeyword.groovy:92)
	at com.kms.katalon.core.webui.keyword.builtin.VerifyElementPresentKeyword.execute(VerifyElementPresentKeyword.groovy:68)
	at com.kms.katalon.core.keyword.internal.KeywordExecutor.executeKeywordForPlatform(KeywordExecutor.groovy:74)
	at com.kms.katalon.core.webui.keyword.WebUiBuiltInKeywords.verifyElementPresent(WebUiBuiltInKeywords.groovy:1464)
	at com.kms.katalon.core.webui.keyword.WebUiBuiltInKeywords$verifyElementPresent$5.call(Unknown Source)
	at AF_Export_Dashboard.run(AF_Export_Dashboard:51)
	at com.kms.katalon.core.main.ScriptEngine.run(ScriptEngine.java:194)
	at com.kms.katalon.core.main.ScriptEngine.runScriptAsRawText(ScriptEngine.java:119)
	at com.kms.katalon.core.main.TestCaseExecutor.runScript(TestCaseExecutor.java:445)
	at com.kms.katalon.core.main.TestCaseExecutor.doExecute(TestCaseExecutor.java:436)
	at com.kms.katalon.core.main.TestCaseExecutor.processExecutionPhase(TestCaseExecutor.java:415)
	at com.kms.katalon.core.main.TestCaseExecutor.accessMainPhase(TestCaseExecutor.java:407)
	at com.kms.katalon.core.main.TestCaseExecutor.execute(TestCaseExecutor.java:284)
	at com.kms.katalon.core.common.CommonExecutor.accessTestCaseMainPhase(CommonExecutor.java:65)
	at com.kms.katalon.core.main.TestSuiteExecutor.accessTestSuiteMainPhase(TestSuiteExecutor.java:144)
	at com.kms.katalon.core.main.TestSuiteExecutor.execute(TestSuiteExecutor.java:106)
	at com.kms.katalon.core.main.TestCaseMain.startTestSuite(TestCaseMain.java:185)
	at com.kms.katalon.core.main.TestCaseMain$startTestSuite$0.call(Unknown Source)
	at TempTestSuite1656308517742.run(TempTestSuite1656308517742.groovy:36)
)
[[ATTACHMENT|C:\\Users\\gssprpra\\git\\KatalonStudioCodeRep1\\Reports\\20220627_111149\\Sanity_GBS_SF_CIR\\20220627_111157\\1656309964959.png]]

2022-06-27 11:36:05 - [MESSAGE][FAILED] - Unable to verify object 'Object Repository/Page_DIR_GBS/GBS Project/ul_ExportOptions' is present (Root cause: com.kms.katalon.core.exception.StepFailedException: Unable to verify object 'Object Repository/Page_DIR_GBS/GBS Project/ul_ExportOptions' is present
	at com.kms.katalon.core.webui.keyword.internal.WebUIKeywordMain.stepFailed(WebUIKeywordMain.groovy:64)
	at com.kms.katalon.core.webui.keyword.internal.WebUIKeywordMain.runKeyword(WebUIKeywordMain.groovy:26)
	at com.kms.katalon.core.webui.keyword.builtin.VerifyElementPresentKeyword.verifyElementPresent(VerifyElementPresentKeyword.groovy:92)
	at com.kms.katalon.core.webui.keyword.builtin.VerifyElementPresentKeyword.execute(VerifyElementPresentKeyword.groovy:68)
	at com.kms.katalon.core.keyword.internal.KeywordExecutor.executeKeywordForPlatform(KeywordExecutor.groovy:74)
	at com.kms.katalon.core.webui.keyword.WebUiBuiltInKeywords.verifyElementPresent(WebUiBuiltInKeywords.groovy:1464)
	at com.kms.katalon.core.webui.keyword.WebUiBuiltInKeywords$verifyElementPresent$5.call(Unknown Source)
	at AF_Export_Dashboard.run(AF_Export_Dashboard:51)
	at com.kms.katalon.core.main.ScriptEngine.run(ScriptEngine.java:194)
	at com.kms.katalon.core.main.ScriptEngine.runScriptAsRawText(ScriptEngine.java:119)
	at com.kms.katalon.core.main.TestCaseExecutor.runScript(TestCaseExecutor.java:445)
	at com.kms.katalon.core.main.TestCaseExecutor.doExecute(TestCaseExecutor.java:436)
	at com.kms.katalon.core.main.TestCaseExecutor.processExecutionPhase(TestCaseExecutor.java:415)
	at com.kms.katalon.core.main.TestCaseExecutor.accessMainPhase(TestCaseExecutor.java:407)
	at com.kms.katalon.core.main.TestCaseExecutor.execute(TestCaseExecutor.java:284)
	at com.kms.katalon.core.common.CommonExecutor.accessTestCaseMainPhase(CommonExecutor.java:65)
	at com.kms.katalon.core.main.TestSuiteExecutor.accessTestSuiteMainPhase(TestSuiteExecutor.java:144)
	at com.kms.katalon.core.main.TestSuiteExecutor.execute(TestSuiteExecutor.java:106)
	at com.kms.katalon.core.main.TestCaseMain.startTestSuite(TestCaseMain.java:185)
	at com.kms.katalon.core.main.TestCaseMain$startTestSuite$0.call(Unknown Source)
	at TempTestSuite1656308517742.run(TempTestSuite1656308517742.groovy:36)
Caused by: com.kms.katalon.core.exception.StepFailedException: com.kms.katalon.core.webui.exception.WebElementNotFoundException: Web element with id: 'Object Repository/Page_DIR_GBS/GBS Project/ul_ExportOptions' located by '//tr[@id='50965']/td[17]/div/ul' not found
	at com.kms.katalon.core.webui.keyword.internal.WebUIKeywordMain.stepFailed(WebUIKeywordMain.groovy:64)
	at com.kms.katalon.core.webui.keyword.builtin.VerifyElementPresentKeyword$_verifyElementPresent_closure1.doCall(VerifyElementPresentKeyword.groovy:85)
	at com.kms.katalon.core.webui.keyword.builtin.VerifyElementPresentKeyword$_verifyElementPresent_closure1.call(VerifyElementPresentKeyword.groovy)
	at com.kms.katalon.core.webui.keyword.internal.WebUIKeywordMain.runKeyword(WebUIKeywordMain.groovy:20)
	... 19 more
)
[[ATTACHMENT|C:\\Users\\gssprpra\\git\\KatalonStudioCodeRep1\\Reports\\20220627_111149\\Sanity_GBS_SF_CIR\\20220627_111157\\1656309965371.png]]]]></system-out>
         <system-err><![CDATA[2022-06-27 11:29:59 - [TEST_CASE][FAILED] - Test Cases/Sanity/GBS/AF_Export_Dashboard: Test Cases/Sanity/GBS/AF_Export_Dashboard FAILED.
Reason:
com.kms.katalon.core.exception.StepFailedException: Unable to verify object 'Object Repository/Page_DIR_GBS/GBS Project/ul_ExportOptions' is present
	at com.kms.katalon.core.webui.keyword.internal.WebUIKeywordMain.stepFailed(WebUIKeywordMain.groovy:64)
	at com.kms.katalon.core.webui.keyword.internal.WebUIKeywordMain.runKeyword(WebUIKeywordMain.groovy:26)
	at com.kms.katalon.core.webui.keyword.builtin.VerifyElementPresentKeyword.verifyElementPresent(VerifyElementPresentKeyword.groovy:92)
	at com.kms.katalon.core.webui.keyword.builtin.VerifyElementPresentKeyword.execute(VerifyElementPresentKeyword.groovy:68)
	at com.kms.katalon.core.keyword.internal.KeywordExecutor.executeKeywordForPlatform(KeywordExecutor.groovy:74)
	at com.kms.katalon.core.webui.keyword.WebUiBuiltInKeywords.verifyElementPresent(WebUiBuiltInKeywords.groovy:1464)
	at com.kms.katalon.core.webui.keyword.WebUiBuiltInKeywords$verifyElementPresent$5.call(Unknown Source)
	at AF_Export_Dashboard.run(AF_Export_Dashboard:51)
	at com.kms.katalon.core.main.ScriptEngine.run(ScriptEngine.java:194)
	at com.kms.katalon.core.main.ScriptEngine.runScriptAsRawText(ScriptEngine.java:119)
	at com.kms.katalon.core.main.TestCaseExecutor.runScript(TestCaseExecutor.java:445)
	at com.kms.katalon.core.main.TestCaseExecutor.doExecute(TestCaseExecutor.java:436)
	at com.kms.katalon.core.main.TestCaseExecutor.processExecutionPhase(TestCaseExecutor.java:415)
	at com.kms.katalon.core.main.TestCaseExecutor.accessMainPhase(TestCaseExecutor.java:407)
	at com.kms.katalon.core.main.TestCaseExecutor.execute(TestCaseExecutor.java:284)
	at com.kms.katalon.core.common.CommonExecutor.accessTestCaseMainPhase(CommonExecutor.java:65)
	at com.kms.katalon.core.main.TestSuiteExecutor.accessTestSuiteMainPhase(TestSuiteExecutor.java:144)
	at com.kms.katalon.core.main.TestSuiteExecutor.execute(TestSuiteExecutor.java:106)
	at com.kms.katalon.core.main.TestCaseMain.startTestSuite(TestCaseMain.java:185)
	at com.kms.katalon.core.main.TestCaseMain$startTestSuite$0.call(Unknown Source)
	at TempTestSuite1656308517742.run(TempTestSuite1656308517742.groovy:36)
Caused by: com.kms.katalon.core.exception.StepFailedException: com.kms.katalon.core.webui.exception.WebElementNotFoundException: Web element with id: 'Object Repository/Page_DIR_GBS/GBS Project/ul_ExportOptions' located by '//tr[@id='50965']/td[17]/div/ul' not found
	at com.kms.katalon.core.webui.keyword.internal.WebUIKeywordMain.stepFailed(WebUIKeywordMain.groovy:64)
	at com.kms.katalon.core.webui.keyword.builtin.VerifyElementPresentKeyword$_verifyElementPresent_closure1.doCall(VerifyElementPresentKeyword.groovy:85)
	at com.kms.katalon.core.webui.keyword.builtin.VerifyElementPresentKeyword$_verifyElementPresent_closure1.call(VerifyElementPresentKeyword.groovy)
	at com.kms.katalon.core.webui.keyword.internal.WebUIKeywordMain.runKeyword(WebUIKeywordMain.groovy:20)
	... 19 more]]></system-err>
      </testcase>
      <testcase name="Test Cases/Checklist/GBS/AF_Export_Mainpage" time="306.482" classname="Test Cases/Checklist/GBS/AF_Export_Mainpage" status="FAILED">
         <failure type="FAILED" message="Test Cases/Checklist/GBS/AF_Export_Mainpage FAILED.
Reason:
com.kms.katalon.core.exception.StepFailedException: Unable to click on object 'Object Repository/Page_DIR_GBS/GBS Project/i_Project-folder-open'
	at com.kms.katalon.core.webui.keyword.internal.WebUIKeywordMain.stepFailed(WebUIKeywordMain.groovy:64)
	at com.kms.katalon.core.webui.keyword.internal.WebUIKeywordMain.runKeyword(WebUIKeywordMain.groovy:26)
	at com.kms.katalon.core.webui.keyword.builtin.ClickKeyword.click(ClickKeyword.groovy:74)
	at com.kms.katalon.core.webui.keyword.builtin.ClickKeyword.execute(ClickKeyword.groovy:40)
	at com.kms.katalon.core.keyword.internal.KeywordExecutor.executeKeywordForPlatform(KeywordExecutor.groovy:74)
	at com.kms.katalon.core.webui.keyword.WebUiBuiltInKeywords.click(WebUiBuiltInKeywords.groovy:620)
	at com.kms.katalon.core.webui.keyword.WebUiBuiltInKeywords$click$4.call(Unknown Source)
	at AF_Export_Mainpage.run(AF_Export_Mainpage:61)
	at com.kms.katalon.core.main.ScriptEngine.run(ScriptEngine.java:194)
	at com.kms.katalon.core.main.ScriptEngine.runScriptAsRawText(ScriptEngine.java:119)
	at com.kms.katalon.core.main.TestCaseExecutor.runScript(TestCaseExecutor.java:445)
	at com.kms.katalon.core.main.TestCaseExecutor.doExecute(TestCaseExecutor.java:436)
	at com.kms.katalon.core.main.TestCaseExecutor.processExecutionPhase(TestCaseExecutor.java:415)
	at com.kms.katalon.core.main.TestCaseExecutor.accessMainPhase(TestCaseExecutor.java:407)
	at com.kms.katalon.core.main.TestCaseExecutor.execute(TestCaseExecutor.java:284)
	at com.kms.katalon.core.common.CommonExecutor.accessTestCaseMainPhase(CommonExecutor.java:65)
	at com.kms.katalon.core.main.TestSuiteExecutor.accessTestSuiteMainPhase(TestSuiteExecutor.java:144)
	at com.kms.katalon.core.main.TestSuiteExecutor.execute(TestSuiteExecutor.java:106)
	at com.kms.katalon.core.main.TestCaseMain.startTestSuite(TestCaseMain.java:185)
	at com.kms.katalon.core.main.TestCaseMain$startTestSuite$0.call(Unknown Source)
	at TempTestSuite1656308517742.run(TempTestSuite1656308517742.groovy:36)
Caused by: com.kms.katalon.core.webui.exception.WebElementNotFoundException: Web element with id: 'Object Repository/Page_DIR_GBS/GBS Project/i_Project-folder-open' located by '//tr[@id='3835']/td[17]/a/i' not found
	at com.kms.katalon.core.webui.common.WebUiCommonHelper.findWebElement(WebUiCommonHelper.java:1370)
	at com.kms.katalon.core.webui.keyword.internal.WebUIAbstractKeyword.findWebElement(WebUIAbstractKeyword.groovy:27)
	at com.kms.katalon.core.webui.keyword.builtin.ClickKeyword$_click_closure1.doCall(ClickKeyword.groovy:65)
	at com.kms.katalon.core.webui.keyword.builtin.ClickKeyword$_click_closure1.call(ClickKeyword.groovy)
	at com.kms.katalon.core.webui.keyword.internal.WebUIKeywordMain.runKeyword(WebUIKeywordMain.groovy:20)
	... 19 more
"/>
         <system-out><![CDATA[2022-06-27 11:36:05 - [TEST_CASE][FAILED] - Test Cases/Checklist/GBS/AF_Export_Mainpage: Test Cases/Checklist/GBS/AF_Export_Mainpage FAILED.
Reason:
com.kms.katalon.core.exception.StepFailedException: Unable to click on object 'Object Repository/Page_DIR_GBS/GBS Project/i_Project-folder-open'
	at com.kms.katalon.core.webui.keyword.internal.WebUIKeywordMain.stepFailed(WebUIKeywordMain.groovy:64)
	at com.kms.katalon.core.webui.keyword.internal.WebUIKeywordMain.runKeyword(WebUIKeywordMain.groovy:26)
	at com.kms.katalon.core.webui.keyword.builtin.ClickKeyword.click(ClickKeyword.groovy:74)
	at com.kms.katalon.core.webui.keyword.builtin.ClickKeyword.execute(ClickKeyword.groovy:40)
	at com.kms.katalon.core.keyword.internal.KeywordExecutor.executeKeywordForPlatform(KeywordExecutor.groovy:74)
	at com.kms.katalon.core.webui.keyword.WebUiBuiltInKeywords.click(WebUiBuiltInKeywords.groovy:620)
	at com.kms.katalon.core.webui.keyword.WebUiBuiltInKeywords$click$4.call(Unknown Source)
	at AF_Export_Mainpage.run(AF_Export_Mainpage:61)
	at com.kms.katalon.core.main.ScriptEngine.run(ScriptEngine.java:194)
	at com.kms.katalon.core.main.ScriptEngine.runScriptAsRawText(ScriptEngine.java:119)
	at com.kms.katalon.core.main.TestCaseExecutor.runScript(TestCaseExecutor.java:445)
	at com.kms.katalon.core.main.TestCaseExecutor.doExecute(TestCaseExecutor.java:436)
	at com.kms.katalon.core.main.TestCaseExecutor.processExecutionPhase(TestCaseExecutor.java:415)
	at com.kms.katalon.core.main.TestCaseExecutor.accessMainPhase(TestCaseExecutor.java:407)
	at com.kms.katalon.core.main.TestCaseExecutor.execute(TestCaseExecutor.java:284)
	at com.kms.katalon.core.common.CommonExecutor.accessTestCaseMainPhase(CommonExecutor.java:65)
	at com.kms.katalon.core.main.TestSuiteExecutor.accessTestSuiteMainPhase(TestSuiteExecutor.java:144)
	at com.kms.katalon.core.main.TestSuiteExecutor.execute(TestSuiteExecutor.java:106)
	at com.kms.katalon.core.main.TestCaseMain.startTestSuite(TestCaseMain.java:185)
	at com.kms.katalon.core.main.TestCaseMain$startTestSuite$0.call(Unknown Source)
	at TempTestSuite1656308517742.run(TempTestSuite1656308517742.groovy:36)
Caused by: com.kms.katalon.core.webui.exception.WebElementNotFoundException: Web element with id: 'Object Repository/Page_DIR_GBS/GBS Project/i_Project-folder-open' located by '//tr[@id='3835']/td[17]/a/i' not found
	at com.kms.katalon.core.webui.common.WebUiCommonHelper.findWebElement(WebUiCommonHelper.java:1370)
	at com.kms.katalon.core.webui.keyword.internal.WebUIAbstractKeyword.findWebElement(WebUIAbstractKeyword.groovy:27)
	at com.kms.katalon.core.webui.keyword.builtin.ClickKeyword$_click_closure1.doCall(ClickKeyword.groovy:65)
	at com.kms.katalon.core.webui.keyword.builtin.ClickKeyword$_click_closure1.call(ClickKeyword.groovy)
	at com.kms.katalon.core.webui.keyword.internal.WebUIKeywordMain.runKeyword(WebUIKeywordMain.groovy:20)
	... 19 more


2022-06-27 11:36:07 - [TEST_STEP][PASSED] - openBrowser(""): Browser is opened with url: ''

2022-06-27 11:36:07 - [MESSAGE][WARNING] - A browser is already opened. Closing browser and opening a new one

2022-06-27 11:36:08 - [MESSAGE][INFO] - Starting 'Chrome' driver

2022-06-27 11:36:08 - [MESSAGE][INFO] - Action delay is set to 0 milliseconds

2022-06-27 11:36:10 - [MESSAGE][PASSED] - Browser is opened with url: ''

2022-06-27 11:36:10 - [TEST_STEP][PASSED] - maximizeWindow(): Current window maximized

2022-06-27 11:36:10 - [MESSAGE][PASSED] - Current window maximized

2022-06-27 11:36:10 - [TEST_STEP][PASSED] - navigateToUrl(URL): Navigate to 'https://priceitright.flextronics.com/login' successfully

2022-06-27 11:36:14 - [MESSAGE][PASSED] - Navigate to 'https://priceitright.flextronics.com/login' successfully

2022-06-27 11:36:14 - [TEST_STEP][PASSED] - setText(findTestObject("Page_It-Right Platform_GBS/Username"), username): Text 'gsstjaya' is set on object 'Object Repository/Page_It-Right Platform_GBS/Username'

2022-06-27 11:36:15 - [MESSAGE][PASSED] - Text 'gsstjaya' is set on object 'Object Repository/Page_It-Right Platform_GBS/Username'

2022-06-27 11:36:15 - [TEST_STEP][PASSED] - setEncryptedText(findTestObject("Page_It-Right Platform_GBS/password"), pwd): Text ****** has been set on object 'Object Repository/Page_It-Right Platform_GBS/password'

2022-06-27 11:36:16 - [MESSAGE][PASSED] - Text ****** has been set on object 'Object Repository/Page_It-Right Platform_GBS/password'

2022-06-27 11:36:16 - [TEST_STEP][PASSED] - click(findTestObject("Page_It-Right Platform_GBS/button_Sign in")): Object: 'Object Repository/Page_It-Right Platform_GBS/button_Sign in' is clicked on

2022-06-27 11:36:18 - [MESSAGE][PASSED] - Object: 'Object Repository/Page_It-Right Platform_GBS/button_Sign in' is clicked on

2022-06-27 11:36:18 - [TEST_STEP][PASSED] - click(findTestObject("Object Repository/Page_It-Right Platform_GBS/span_WelcomeToggler")): Object: 'Object Repository/Page_It-Right Platform_GBS/span_WelcomeToggler' is clicked on

2022-06-27 11:36:19 - [MESSAGE][PASSED] - Object: 'Object Repository/Page_It-Right Platform_GBS/span_WelcomeToggler' is clicked on

2022-06-27 11:36:19 - [TEST_STEP][PASSED] - verifyElementPresent(findTestObject("Object Repository/Page_It-Right Platform_GBS/div_WelcomeMenu"), 0): Object 'Object Repository/Page_It-Right Platform_GBS/div_WelcomeMenu' is present

2022-06-27 11:36:19 - [MESSAGE][WARNING] - Timeout '0' is invalid. Using default page load timeout: '30'

2022-06-27 11:36:20 - [MESSAGE][PASSED] - Object 'Object Repository/Page_It-Right Platform_GBS/div_WelcomeMenu' is present

2022-06-27 11:36:20 - [TEST_STEP][PASSED] - click(findTestObject("Object Repository/Page_It-Right Platform_GBS/span_GBS")): Object: 'Object Repository/Page_It-Right Platform_GBS/span_GBS' is clicked on

2022-06-27 11:36:27 - [MESSAGE][PASSED] - Object: 'Object Repository/Page_It-Right Platform_GBS/span_GBS' is clicked on

2022-06-27 11:36:27 - [TEST_STEP][PASSED] - click(findTestObject("Object Repository/Page_DIR_GBS/GBS Project/div_Technical Sourcing")): Object: 'Object Repository/Page_DIR_GBS/GBS Project/div_Technical Sourcing' is clicked on

2022-06-27 11:36:29 - [MESSAGE][PASSED] - Object: 'Object Repository/Page_DIR_GBS/GBS Project/div_Technical Sourcing' is clicked on

2022-06-27 11:36:29 - [TEST_STEP][PASSED] - click(findTestObject("Object Repository/Page_DIR_GBS/GBS Project/span_Flex")): Object: 'Object Repository/Page_DIR_GBS/GBS Project/span_Flex' is clicked on

2022-06-27 11:36:30 - [MESSAGE][PASSED] - Object: 'Object Repository/Page_DIR_GBS/GBS Project/span_Flex' is clicked on

2022-06-27 11:36:30 - [TEST_STEP][PASSED] - selectOptionByValue(findTestObject("Object Repository/Page_DIR_GBS/GBS Project/select_Technical Sourcing                Flex"), "FLEX", true): All options with value 'FLEX' are selected in object 'Object Repository/Page_DIR_GBS/GBS Project/select_Technical Sourcing                Flex'  using regular expression

2022-06-27 11:37:38 - [MESSAGE][PASSED] - All options with value 'FLEX' are selected in object 'Object Repository/Page_DIR_GBS/GBS Project/select_Technical Sourcing                Flex'  using regular expression

2022-06-27 11:37:38 - [TEST_STEP][PASSED] - delay(2): Delayed 2 second(s)

2022-06-27 11:37:40 - [MESSAGE][PASSED] - Delayed 2 second(s)

2022-06-27 11:37:40 - [TEST_STEP][FAILED] - click(findTestObject("Object Repository/Page_DIR_GBS/GBS Project/i_Project-folder-open")): Unable to click on object 'Object Repository/Page_DIR_GBS/GBS Project/i_Project-folder-open' (Root cause: com.kms.katalon.core.exception.StepFailedException: Unable to click on object 'Object Repository/Page_DIR_GBS/GBS Project/i_Project-folder-open'
	at com.kms.katalon.core.webui.keyword.internal.WebUIKeywordMain.stepFailed(WebUIKeywordMain.groovy:64)
	at com.kms.katalon.core.webui.keyword.internal.WebUIKeywordMain.runKeyword(WebUIKeywordMain.groovy:26)
	at com.kms.katalon.core.webui.keyword.builtin.ClickKeyword.click(ClickKeyword.groovy:74)
	at com.kms.katalon.core.webui.keyword.builtin.ClickKeyword.execute(ClickKeyword.groovy:40)
	at com.kms.katalon.core.keyword.internal.KeywordExecutor.executeKeywordForPlatform(KeywordExecutor.groovy:74)
	at com.kms.katalon.core.webui.keyword.WebUiBuiltInKeywords.click(WebUiBuiltInKeywords.groovy:620)
	at com.kms.katalon.core.webui.keyword.WebUiBuiltInKeywords$click$4.call(Unknown Source)
	at AF_Export_Mainpage.run(AF_Export_Mainpage:61)
	at com.kms.katalon.core.main.ScriptEngine.run(ScriptEngine.java:194)
	at com.kms.katalon.core.main.ScriptEngine.runScriptAsRawText(ScriptEngine.java:119)
	at com.kms.katalon.core.main.TestCaseExecutor.runScript(TestCaseExecutor.java:445)
	at com.kms.katalon.core.main.TestCaseExecutor.doExecute(TestCaseExecutor.java:436)
	at com.kms.katalon.core.main.TestCaseExecutor.processExecutionPhase(TestCaseExecutor.java:415)
	at com.kms.katalon.core.main.TestCaseExecutor.accessMainPhase(TestCaseExecutor.java:407)
	at com.kms.katalon.core.main.TestCaseExecutor.execute(TestCaseExecutor.java:284)
	at com.kms.katalon.core.common.CommonExecutor.accessTestCaseMainPhase(CommonExecutor.java:65)
	at com.kms.katalon.core.main.TestSuiteExecutor.accessTestSuiteMainPhase(TestSuiteExecutor.java:144)
	at com.kms.katalon.core.main.TestSuiteExecutor.execute(TestSuiteExecutor.java:106)
	at com.kms.katalon.core.main.TestCaseMain.startTestSuite(TestCaseMain.java:185)
	at com.kms.katalon.core.main.TestCaseMain$startTestSuite$0.call(Unknown Source)
	at TempTestSuite1656308517742.run(TempTestSuite1656308517742.groovy:36)
Caused by: com.kms.katalon.core.webui.exception.WebElementNotFoundException: Web element with id: 'Object Repository/Page_DIR_GBS/GBS Project/i_Project-folder-open' located by '//tr[@id='3835']/td[17]/a/i' not found
	at com.kms.katalon.core.webui.common.WebUiCommonHelper.findWebElement(WebUiCommonHelper.java:1370)
	at com.kms.katalon.core.webui.keyword.internal.WebUIAbstractKeyword.findWebElement(WebUIAbstractKeyword.groovy:27)
	at com.kms.katalon.core.webui.keyword.builtin.ClickKeyword$_click_closure1.doCall(ClickKeyword.groovy:65)
	at com.kms.katalon.core.webui.keyword.builtin.ClickKeyword$_click_closure1.call(ClickKeyword.groovy)
	at com.kms.katalon.core.webui.keyword.internal.WebUIKeywordMain.runKeyword(WebUIKeywordMain.groovy:20)
	at com.kms.katalon.core.webui.keyword.builtin.ClickKeyword.click(ClickKeyword.groovy:74)
	at com.kms.katalon.core.webui.keyword.builtin.ClickKeyword.execute(ClickKeyword.groovy:40)
	at com.kms.katalon.core.keyword.internal.KeywordExecutor.executeKeywordForPlatform(KeywordExecutor.groovy:74)
	at com.kms.katalon.core.webui.keyword.WebUiBuiltInKeywords.click(WebUiBuiltInKeywords.groovy:620)
	at com.kms.katalon.core.webui.keyword.WebUiBuiltInKeywords$click$4.call(Unknown Source)
	at Script1655202574053.run(Script1655202574053.groovy:61)
	... 13 more
)

2022-06-27 11:38:40 - [MESSAGE][INFO] - Unable to find the element located by 'By.xpath: //tr[@id='3835']/td[17]/a/i'. Please recheck the objects properties to make sure the desired element is located. 

2022-06-27 11:38:40 - [MESSAGE][WARNING] - [SELF-HEALING] Failed to find element with id 'Object Repository/Page_DIR_GBS/GBS Project/i_Project-folder-open'. Try using Self-healing.

2022-06-27 11:39:11 - [MESSAGE][INFO] - Unable to find the element located by 'By.xpath: //tr[2]/td[17]/a/i'. Please recheck the objects properties to make sure the desired element is located. 

2022-06-27 11:39:41 - [MESSAGE][INFO] - [SELF-HEALING] Failed Locator: '//tr[@id='3835']/td[17]/a/i'.

2022-06-27 11:40:11 - [MESSAGE][INFO] - [SELF-HEALING] Failed Locator: '//tr[2]/td[17]/a/i'.

2022-06-27 11:40:41 - [MESSAGE][INFO] - Unable to find the element located by 'By.xpath: id("3835")/td[@class="dt-body-center action-links"]/a[@class="open"]/i[@class="fa fa-folder-open"]'. Please recheck the objects properties to make sure the desired element is located. 

2022-06-27 11:41:11 - [MESSAGE][INFO] - Unable to find the element located by 'By.cssSelector: i.fa.fa-folder-open'. Please recheck the objects properties to make sure the desired element is located. 

2022-06-27 11:41:12 - [MESSAGE][FAILED] - Unable to click on object 'Object Repository/Page_DIR_GBS/GBS Project/i_Project-folder-open' (Root cause: com.kms.katalon.core.exception.StepFailedException: Unable to click on object 'Object Repository/Page_DIR_GBS/GBS Project/i_Project-folder-open'
	at com.kms.katalon.core.webui.keyword.internal.WebUIKeywordMain.stepFailed(WebUIKeywordMain.groovy:64)
	at com.kms.katalon.core.webui.keyword.internal.WebUIKeywordMain.runKeyword(WebUIKeywordMain.groovy:26)
	at com.kms.katalon.core.webui.keyword.builtin.ClickKeyword.click(ClickKeyword.groovy:74)
	at com.kms.katalon.core.webui.keyword.builtin.ClickKeyword.execute(ClickKeyword.groovy:40)
	at com.kms.katalon.core.keyword.internal.KeywordExecutor.executeKeywordForPlatform(KeywordExecutor.groovy:74)
	at com.kms.katalon.core.webui.keyword.WebUiBuiltInKeywords.click(WebUiBuiltInKeywords.groovy:620)
	at com.kms.katalon.core.webui.keyword.WebUiBuiltInKeywords$click$4.call(Unknown Source)
	at AF_Export_Mainpage.run(AF_Export_Mainpage:61)
	at com.kms.katalon.core.main.ScriptEngine.run(ScriptEngine.java:194)
	at com.kms.katalon.core.main.ScriptEngine.runScriptAsRawText(ScriptEngine.java:119)
	at com.kms.katalon.core.main.TestCaseExecutor.runScript(TestCaseExecutor.java:445)
	at com.kms.katalon.core.main.TestCaseExecutor.doExecute(TestCaseExecutor.java:436)
	at com.kms.katalon.core.main.TestCaseExecutor.processExecutionPhase(TestCaseExecutor.java:415)
	at com.kms.katalon.core.main.TestCaseExecutor.accessMainPhase(TestCaseExecutor.java:407)
	at com.kms.katalon.core.main.TestCaseExecutor.execute(TestCaseExecutor.java:284)
	at com.kms.katalon.core.common.CommonExecutor.accessTestCaseMainPhase(CommonExecutor.java:65)
	at com.kms.katalon.core.main.TestSuiteExecutor.accessTestSuiteMainPhase(TestSuiteExecutor.java:144)
	at com.kms.katalon.core.main.TestSuiteExecutor.execute(TestSuiteExecutor.java:106)
	at com.kms.katalon.core.main.TestCaseMain.startTestSuite(TestCaseMain.java:185)
	at com.kms.katalon.core.main.TestCaseMain$startTestSuite$0.call(Unknown Source)
	at TempTestSuite1656308517742.run(TempTestSuite1656308517742.groovy:36)
Caused by: com.kms.katalon.core.webui.exception.WebElementNotFoundException: Web element with id: 'Object Repository/Page_DIR_GBS/GBS Project/i_Project-folder-open' located by '//tr[@id='3835']/td[17]/a/i' not found
	at com.kms.katalon.core.webui.common.WebUiCommonHelper.findWebElement(WebUiCommonHelper.java:1370)
	at com.kms.katalon.core.webui.keyword.internal.WebUIAbstractKeyword.findWebElement(WebUIAbstractKeyword.groovy:27)
	at com.kms.katalon.core.webui.keyword.builtin.ClickKeyword$_click_closure1.doCall(ClickKeyword.groovy:65)
	at com.kms.katalon.core.webui.keyword.builtin.ClickKeyword$_click_closure1.call(ClickKeyword.groovy)
	at com.kms.katalon.core.webui.keyword.internal.WebUIKeywordMain.runKeyword(WebUIKeywordMain.groovy:20)
	at com.kms.katalon.core.webui.keyword.builtin.ClickKeyword.click(ClickKeyword.groovy:74)
	at com.kms.katalon.core.webui.keyword.builtin.ClickKeyword.execute(ClickKeyword.groovy:40)
	at com.kms.katalon.core.keyword.internal.KeywordExecutor.executeKeywordForPlatform(KeywordExecutor.groovy:74)
	at com.kms.katalon.core.webui.keyword.WebUiBuiltInKeywords.click(WebUiBuiltInKeywords.groovy:620)
	at com.kms.katalon.core.webui.keyword.WebUiBuiltInKeywords$click$4.call(Unknown Source)
	at Script1655202574053.run(Script1655202574053.groovy:61)
	... 13 more
)
[[ATTACHMENT|C:\\Users\\gssprpra\\git\\KatalonStudioCodeRep1\\Reports\\20220627_111149\\Sanity_GBS_SF_CIR\\20220627_111157\\1656310271572.png]]]]></system-out>
         <system-err><![CDATA[2022-06-27 11:36:05 - [TEST_CASE][FAILED] - Test Cases/Checklist/GBS/AF_Export_Mainpage: Test Cases/Checklist/GBS/AF_Export_Mainpage FAILED.
Reason:
com.kms.katalon.core.exception.StepFailedException: Unable to click on object 'Object Repository/Page_DIR_GBS/GBS Project/i_Project-folder-open'
	at com.kms.katalon.core.webui.keyword.internal.WebUIKeywordMain.stepFailed(WebUIKeywordMain.groovy:64)
	at com.kms.katalon.core.webui.keyword.internal.WebUIKeywordMain.runKeyword(WebUIKeywordMain.groovy:26)
	at com.kms.katalon.core.webui.keyword.builtin.ClickKeyword.click(ClickKeyword.groovy:74)
	at com.kms.katalon.core.webui.keyword.builtin.ClickKeyword.execute(ClickKeyword.groovy:40)
	at com.kms.katalon.core.keyword.internal.KeywordExecutor.executeKeywordForPlatform(KeywordExecutor.groovy:74)
	at com.kms.katalon.core.webui.keyword.WebUiBuiltInKeywords.click(WebUiBuiltInKeywords.groovy:620)
	at com.kms.katalon.core.webui.keyword.WebUiBuiltInKeywords$click$4.call(Unknown Source)
	at AF_Export_Mainpage.run(AF_Export_Mainpage:61)
	at com.kms.katalon.core.main.ScriptEngine.run(ScriptEngine.java:194)
	at com.kms.katalon.core.main.ScriptEngine.runScriptAsRawText(ScriptEngine.java:119)
	at com.kms.katalon.core.main.TestCaseExecutor.runScript(TestCaseExecutor.java:445)
	at com.kms.katalon.core.main.TestCaseExecutor.doExecute(TestCaseExecutor.java:436)
	at com.kms.katalon.core.main.TestCaseExecutor.processExecutionPhase(TestCaseExecutor.java:415)
	at com.kms.katalon.core.main.TestCaseExecutor.accessMainPhase(TestCaseExecutor.java:407)
	at com.kms.katalon.core.main.TestCaseExecutor.execute(TestCaseExecutor.java:284)
	at com.kms.katalon.core.common.CommonExecutor.accessTestCaseMainPhase(CommonExecutor.java:65)
	at com.kms.katalon.core.main.TestSuiteExecutor.accessTestSuiteMainPhase(TestSuiteExecutor.java:144)
	at com.kms.katalon.core.main.TestSuiteExecutor.execute(TestSuiteExecutor.java:106)
	at com.kms.katalon.core.main.TestCaseMain.startTestSuite(TestCaseMain.java:185)
	at com.kms.katalon.core.main.TestCaseMain$startTestSuite$0.call(Unknown Source)
	at TempTestSuite1656308517742.run(TempTestSuite1656308517742.groovy:36)
Caused by: com.kms.katalon.core.webui.exception.WebElementNotFoundException: Web element with id: 'Object Repository/Page_DIR_GBS/GBS Project/i_Project-folder-open' located by '//tr[@id='3835']/td[17]/a/i' not found
	at com.kms.katalon.core.webui.common.WebUiCommonHelper.findWebElement(WebUiCommonHelper.java:1370)
	at com.kms.katalon.core.webui.keyword.internal.WebUIAbstractKeyword.findWebElement(WebUIAbstractKeyword.groovy:27)
	at com.kms.katalon.core.webui.keyword.builtin.ClickKeyword$_click_closure1.doCall(ClickKeyword.groovy:65)
	at com.kms.katalon.core.webui.keyword.builtin.ClickKeyword$_click_closure1.call(ClickKeyword.groovy)
	at com.kms.katalon.core.webui.keyword.internal.WebUIKeywordMain.runKeyword(WebUIKeywordMain.groovy:20)
	... 19 more]]></system-err>
      </testcase>
      <testcase name="Test Cases/Sanity/GBS Request/Create AF Request" time="25.573" classname="Test Cases/Sanity/GBS Request/Create AF Request" status="FAILED">
         <failure type="FAILED" message="Test Cases/Sanity/GBS Request/Create AF Request FAILED.
Reason:
com.kms.katalon.core.exception.StepFailedException: Unable to click on object 'Object Repository/Page_DIR_GBS/GBS_Request/div_To Create Request'
	at com.kms.katalon.core.webui.keyword.internal.WebUIKeywordMain.stepFailed(WebUIKeywordMain.groovy:64)
	at com.kms.katalon.core.webui.keyword.internal.WebUIKeywordMain.runKeyword(WebUIKeywordMain.groovy:26)
	at com.kms.katalon.core.webui.keyword.builtin.UploadFileWithDragAndDrop.uploadFileWithDragAndDrop(UploadFileWithDragAndDrop.groovy:67)
	at com.kms.katalon.core.webui.keyword.builtin.UploadFileWithDragAndDrop.execute(UploadFileWithDragAndDrop.groovy:41)
	at com.kms.katalon.core.keyword.internal.KeywordExecutor.executeKeywordForPlatform(KeywordExecutor.groovy:74)
	at com.kms.katalon.core.webui.keyword.WebUiBuiltInKeywords.uploadFileWithDragAndDrop(WebUiBuiltInKeywords.groovy:5008)
	at com.kms.katalon.core.webui.keyword.WebUiBuiltInKeywords$uploadFileWithDragAndDrop$9.call(Unknown Source)
	at Create AF Request.run(Create AF Request:40)
	at com.kms.katalon.core.main.ScriptEngine.run(ScriptEngine.java:194)
	at com.kms.katalon.core.main.ScriptEngine.runScriptAsRawText(ScriptEngine.java:119)
	at com.kms.katalon.core.main.TestCaseExecutor.runScript(TestCaseExecutor.java:445)
	at com.kms.katalon.core.main.TestCaseExecutor.doExecute(TestCaseExecutor.java:436)
	at com.kms.katalon.core.main.TestCaseExecutor.processExecutionPhase(TestCaseExecutor.java:415)
	at com.kms.katalon.core.main.TestCaseExecutor.accessMainPhase(TestCaseExecutor.java:407)
	at com.kms.katalon.core.main.TestCaseExecutor.execute(TestCaseExecutor.java:284)
	at com.kms.katalon.core.common.CommonExecutor.accessTestCaseMainPhase(CommonExecutor.java:65)
	at com.kms.katalon.core.main.TestSuiteExecutor.accessTestSuiteMainPhase(TestSuiteExecutor.java:144)
	at com.kms.katalon.core.main.TestSuiteExecutor.execute(TestSuiteExecutor.java:106)
	at com.kms.katalon.core.main.TestCaseMain.startTestSuite(TestCaseMain.java:185)
	at com.kms.katalon.core.main.TestCaseMain$startTestSuite$0.call(Unknown Source)
	at TempTestSuite1656308517742.run(TempTestSuite1656308517742.groovy:36)
Caused by: org.openqa.selenium.InvalidArgumentException: invalid argument: File not found : C:\Sumathy\Katalon Projects_Scripts\PIR_DIR3\TestFiles\REQ_SS_AF Check.xlsx
  (Session info: chrome=102.0.5005.115)
Build info: version: '3.141.59', revision: 'e82be7d358', time: '2018-11-14T08:25:53'
System info: host: 'GSSM6818', ip: '10.195.90.218', os.name: 'Windows 10', os.arch: 'amd64', os.version: '10.0', java.version: '1.8.0_282'
Driver info: com.kms.katalon.selenium.driver.CChromeDriver
Capabilities {acceptInsecureCerts: false, browserName: chrome, browserVersion: 102.0.5005.115, chrome: {chromedriverVersion: 102.0.5005.61 (0e59bcc00cc4..., userDataDir: C:\Users\gssprpra\AppData\L...}, goog:chromeOptions: {debuggerAddress: localhost:57325}, javascriptEnabled: true, networkConnectionEnabled: false, pageLoadStrategy: normal, platform: WINDOWS, platformName: WINDOWS, proxy: Proxy(), setWindowRect: true, strictFileInteractability: false, timeouts: {implicit: 0, pageLoad: 300000, script: 30000}, unhandledPromptBehavior: dismiss and notify, webauthn:extension:credBlob: true, webauthn:extension:largeBlob: true, webauthn:virtualAuthenticators: true}
Session ID: 2217ed1ce000fcab69a4e28534a38a34
	at org.openqa.selenium.remote.http.W3CHttpResponseCodec.createException(W3CHttpResponseCodec.java:187)
	at org.openqa.selenium.remote.http.W3CHttpResponseCodec.decode(W3CHttpResponseCodec.java:122)
	at org.openqa.selenium.remote.http.W3CHttpResponseCodec.decode(W3CHttpResponseCodec.java:49)
	at org.openqa.selenium.remote.HttpCommandExecutor.execute(HttpCommandExecutor.java:158)
	at org.openqa.selenium.remote.service.DriverCommandExecutor.execute(DriverCommandExecutor.java:83)
	at org.openqa.selenium.remote.RemoteWebDriver.execute(RemoteWebDriver.java:552)
	at com.kms.katalon.selenium.driver.CChromeDriver.execute(CChromeDriver.java:19)
	at org.openqa.selenium.remote.RemoteWebElement.execute(RemoteWebElement.java:285)
	at org.openqa.selenium.remote.RemoteWebElement.sendKeys(RemoteWebElement.java:106)
	at org.openqa.selenium.support.events.EventFiringWebDriver$EventFiringWebElement.lambda$new$0(EventFiringWebDriver.java:404)
	at com.sun.proxy.$Proxy11.sendKeys(Unknown Source)
	at org.openqa.selenium.support.events.EventFiringWebDriver$EventFiringWebElement.sendKeys(EventFiringWebDriver.java:429)
	at com.kms.katalon.core.webui.keyword.builtin.UploadFileWithDragAndDrop$_uploadFileWithDragAndDrop_closure1.doCall(UploadFileWithDragAndDrop.groovy:60)
	at com.kms.katalon.core.webui.keyword.builtin.UploadFileWithDragAndDrop$_uploadFileWithDragAndDrop_closure1.call(UploadFileWithDragAndDrop.groovy)
	at com.kms.katalon.core.webui.keyword.internal.WebUIKeywordMain.runKeyword(WebUIKeywordMain.groovy:20)
	... 19 more
"/>
         <system-out><![CDATA[2022-06-27 11:41:12 - [TEST_CASE][FAILED] - Test Cases/Sanity/GBS Request/Create AF Request: Test Cases/Sanity/GBS Request/Create AF Request FAILED.
Reason:
com.kms.katalon.core.exception.StepFailedException: Unable to click on object 'Object Repository/Page_DIR_GBS/GBS_Request/div_To Create Request'
	at com.kms.katalon.core.webui.keyword.internal.WebUIKeywordMain.stepFailed(WebUIKeywordMain.groovy:64)
	at com.kms.katalon.core.webui.keyword.internal.WebUIKeywordMain.runKeyword(WebUIKeywordMain.groovy:26)
	at com.kms.katalon.core.webui.keyword.builtin.UploadFileWithDragAndDrop.uploadFileWithDragAndDrop(UploadFileWithDragAndDrop.groovy:67)
	at com.kms.katalon.core.webui.keyword.builtin.UploadFileWithDragAndDrop.execute(UploadFileWithDragAndDrop.groovy:41)
	at com.kms.katalon.core.keyword.internal.KeywordExecutor.executeKeywordForPlatform(KeywordExecutor.groovy:74)
	at com.kms.katalon.core.webui.keyword.WebUiBuiltInKeywords.uploadFileWithDragAndDrop(WebUiBuiltInKeywords.groovy:5008)
	at com.kms.katalon.core.webui.keyword.WebUiBuiltInKeywords$uploadFileWithDragAndDrop$9.call(Unknown Source)
	at Create AF Request.run(Create AF Request:40)
	at com.kms.katalon.core.main.ScriptEngine.run(ScriptEngine.java:194)
	at com.kms.katalon.core.main.ScriptEngine.runScriptAsRawText(ScriptEngine.java:119)
	at com.kms.katalon.core.main.TestCaseExecutor.runScript(TestCaseExecutor.java:445)
	at com.kms.katalon.core.main.TestCaseExecutor.doExecute(TestCaseExecutor.java:436)
	at com.kms.katalon.core.main.TestCaseExecutor.processExecutionPhase(TestCaseExecutor.java:415)
	at com.kms.katalon.core.main.TestCaseExecutor.accessMainPhase(TestCaseExecutor.java:407)
	at com.kms.katalon.core.main.TestCaseExecutor.execute(TestCaseExecutor.java:284)
	at com.kms.katalon.core.common.CommonExecutor.accessTestCaseMainPhase(CommonExecutor.java:65)
	at com.kms.katalon.core.main.TestSuiteExecutor.accessTestSuiteMainPhase(TestSuiteExecutor.java:144)
	at com.kms.katalon.core.main.TestSuiteExecutor.execute(TestSuiteExecutor.java:106)
	at com.kms.katalon.core.main.TestCaseMain.startTestSuite(TestCaseMain.java:185)
	at com.kms.katalon.core.main.TestCaseMain$startTestSuite$0.call(Unknown Source)
	at TempTestSuite1656308517742.run(TempTestSuite1656308517742.groovy:36)
Caused by: org.openqa.selenium.InvalidArgumentException: invalid argument: File not found : C:\Sumathy\Katalon Projects_Scripts\PIR_DIR3\TestFiles\REQ_SS_AF Check.xlsx
  (Session info: chrome=102.0.5005.115)
Build info: version: '3.141.59', revision: 'e82be7d358', time: '2018-11-14T08:25:53'
System info: host: 'GSSM6818', ip: '10.195.90.218', os.name: 'Windows 10', os.arch: 'amd64', os.version: '10.0', java.version: '1.8.0_282'
Driver info: com.kms.katalon.selenium.driver.CChromeDriver
Capabilities {acceptInsecureCerts: false, browserName: chrome, browserVersion: 102.0.5005.115, chrome: {chromedriverVersion: 102.0.5005.61 (0e59bcc00cc4..., userDataDir: C:\Users\gssprpra\AppData\L...}, goog:chromeOptions: {debuggerAddress: localhost:57325}, javascriptEnabled: true, networkConnectionEnabled: false, pageLoadStrategy: normal, platform: WINDOWS, platformName: WINDOWS, proxy: Proxy(), setWindowRect: true, strictFileInteractability: false, timeouts: {implicit: 0, pageLoad: 300000, script: 30000}, unhandledPromptBehavior: dismiss and notify, webauthn:extension:credBlob: true, webauthn:extension:largeBlob: true, webauthn:virtualAuthenticators: true}
Session ID: 2217ed1ce000fcab69a4e28534a38a34
	at org.openqa.selenium.remote.http.W3CHttpResponseCodec.createException(W3CHttpResponseCodec.java:187)
	at org.openqa.selenium.remote.http.W3CHttpResponseCodec.decode(W3CHttpResponseCodec.java:122)
	at org.openqa.selenium.remote.http.W3CHttpResponseCodec.decode(W3CHttpResponseCodec.java:49)
	at org.openqa.selenium.remote.HttpCommandExecutor.execute(HttpCommandExecutor.java:158)
	at org.openqa.selenium.remote.service.DriverCommandExecutor.execute(DriverCommandExecutor.java:83)
	at org.openqa.selenium.remote.RemoteWebDriver.execute(RemoteWebDriver.java:552)
	at com.kms.katalon.selenium.driver.CChromeDriver.execute(CChromeDriver.java:19)
	at org.openqa.selenium.remote.RemoteWebElement.execute(RemoteWebElement.java:285)
	at org.openqa.selenium.remote.RemoteWebElement.sendKeys(RemoteWebElement.java:106)
	at org.openqa.selenium.support.events.EventFiringWebDriver$EventFiringWebElement.lambda$new$0(EventFiringWebDriver.java:404)
	at com.sun.proxy.$Proxy11.sendKeys(Unknown Source)
	at org.openqa.selenium.support.events.EventFiringWebDriver$EventFiringWebElement.sendKeys(EventFiringWebDriver.java:429)
	at com.kms.katalon.core.webui.keyword.builtin.UploadFileWithDragAndDrop$_uploadFileWithDragAndDrop_closure1.doCall(UploadFileWithDragAndDrop.groovy:60)
	at com.kms.katalon.core.webui.keyword.builtin.UploadFileWithDragAndDrop$_uploadFileWithDragAndDrop_closure1.call(UploadFileWithDragAndDrop.groovy)
	at com.kms.katalon.core.webui.keyword.internal.WebUIKeywordMain.runKeyword(WebUIKeywordMain.groovy:20)
	... 19 more


2022-06-27 11:41:13 - [TEST_STEP][PASSED] - openBrowser(""): Browser is opened with url: ''

2022-06-27 11:41:13 - [MESSAGE][WARNING] - A browser is already opened. Closing browser and opening a new one

2022-06-27 11:41:14 - [MESSAGE][INFO] - Starting 'Chrome' driver

2022-06-27 11:41:14 - [MESSAGE][INFO] - Action delay is set to 0 milliseconds

2022-06-27 11:41:16 - [MESSAGE][PASSED] - Browser is opened with url: ''

2022-06-27 11:41:16 - [TEST_STEP][PASSED] - maximizeWindow(): Current window maximized

2022-06-27 11:41:16 - [MESSAGE][PASSED] - Current window maximized

2022-06-27 11:41:16 - [TEST_STEP][PASSED] - navigateToUrl(URL): Navigate to 'https://priceitright.flextronics.com/login' successfully

2022-06-27 11:41:21 - [MESSAGE][PASSED] - Navigate to 'https://priceitright.flextronics.com/login' successfully

2022-06-27 11:41:21 - [TEST_STEP][PASSED] - setText(findTestObject("Page_It-Right Platform_GBS/Username"), username): Text 'gsstjaya' is set on object 'Object Repository/Page_It-Right Platform_GBS/Username'

2022-06-27 11:41:22 - [MESSAGE][PASSED] - Text 'gsstjaya' is set on object 'Object Repository/Page_It-Right Platform_GBS/Username'

2022-06-27 11:41:22 - [TEST_STEP][PASSED] - setEncryptedText(findTestObject("Page_It-Right Platform_GBS/password"), pwd): Text ****** has been set on object 'Object Repository/Page_It-Right Platform_GBS/password'

2022-06-27 11:41:23 - [MESSAGE][PASSED] - Text ****** has been set on object 'Object Repository/Page_It-Right Platform_GBS/password'

2022-06-27 11:41:23 - [TEST_STEP][PASSED] - click(findTestObject("Page_It-Right Platform_GBS/button_Sign in")): Object: 'Object Repository/Page_It-Right Platform_GBS/button_Sign in' is clicked on

2022-06-27 11:41:26 - [MESSAGE][PASSED] - Object: 'Object Repository/Page_It-Right Platform_GBS/button_Sign in' is clicked on

2022-06-27 11:41:26 - [TEST_STEP][PASSED] - click(findTestObject("Object Repository/Page_It-Right Platform_GBS/span_WelcomeToggler")): Object: 'Object Repository/Page_It-Right Platform_GBS/span_WelcomeToggler' is clicked on

2022-06-27 11:41:27 - [MESSAGE][PASSED] - Object: 'Object Repository/Page_It-Right Platform_GBS/span_WelcomeToggler' is clicked on

2022-06-27 11:41:27 - [TEST_STEP][PASSED] - verifyElementPresent(findTestObject("Object Repository/Page_It-Right Platform_GBS/div_WelcomeMenu"), 0): Object 'Object Repository/Page_It-Right Platform_GBS/div_WelcomeMenu' is present

2022-06-27 11:41:27 - [MESSAGE][WARNING] - Timeout '0' is invalid. Using default page load timeout: '30'

2022-06-27 11:41:27 - [MESSAGE][PASSED] - Object 'Object Repository/Page_It-Right Platform_GBS/div_WelcomeMenu' is present

2022-06-27 11:41:27 - [TEST_STEP][PASSED] - click(findTestObject("Object Repository/Page_DIR_GBS/GBS_Request/span_GBS Project Request")): Object: 'Object Repository/Page_DIR_GBS/GBS_Request/span_GBS Project Request' is clicked on

2022-06-27 11:41:34 - [MESSAGE][PASSED] - Object: 'Object Repository/Page_DIR_GBS/GBS_Request/span_GBS Project Request' is clicked on

2022-06-27 11:41:34 - [TEST_STEP][PASSED] - verifyElementPresent(findTestObject("Page_DIR_GBS/GBS_Request/div_To Create Request"), 2): Object 'Object Repository/Page_DIR_GBS/GBS_Request/div_To Create Request' is present

2022-06-27 11:41:36 - [MESSAGE][PASSED] - Object 'Object Repository/Page_DIR_GBS/GBS_Request/div_To Create Request' is present

2022-06-27 11:41:36 - [TEST_STEP][FAILED] - uploadFileWithDragAndDrop(findTestObject("Page_DIR_GBS/GBS_Request/div_To Create Request"), REQAF_File): Unable to click on object 'Object Repository/Page_DIR_GBS/GBS_Request/div_To Create Request' (Root cause: com.kms.katalon.core.exception.StepFailedException: Unable to click on object 'Object Repository/Page_DIR_GBS/GBS_Request/div_To Create Request'
	at com.kms.katalon.core.webui.keyword.internal.WebUIKeywordMain.stepFailed(WebUIKeywordMain.groovy:64)
	at com.kms.katalon.core.webui.keyword.internal.WebUIKeywordMain.runKeyword(WebUIKeywordMain.groovy:26)
	at com.kms.katalon.core.webui.keyword.builtin.UploadFileWithDragAndDrop.uploadFileWithDragAndDrop(UploadFileWithDragAndDrop.groovy:67)
	at com.kms.katalon.core.webui.keyword.builtin.UploadFileWithDragAndDrop.execute(UploadFileWithDragAndDrop.groovy:41)
	at com.kms.katalon.core.keyword.internal.KeywordExecutor.executeKeywordForPlatform(KeywordExecutor.groovy:74)
	at com.kms.katalon.core.webui.keyword.WebUiBuiltInKeywords.uploadFileWithDragAndDrop(WebUiBuiltInKeywords.groovy:5008)
	at com.kms.katalon.core.webui.keyword.WebUiBuiltInKeywords$uploadFileWithDragAndDrop$9.call(Unknown Source)
	at Create AF Request.run(Create AF Request:40)
	at com.kms.katalon.core.main.ScriptEngine.run(ScriptEngine.java:194)
	at com.kms.katalon.core.main.ScriptEngine.runScriptAsRawText(ScriptEngine.java:119)
	at com.kms.katalon.core.main.TestCaseExecutor.runScript(TestCaseExecutor.java:445)
	at com.kms.katalon.core.main.TestCaseExecutor.doExecute(TestCaseExecutor.java:436)
	at com.kms.katalon.core.main.TestCaseExecutor.processExecutionPhase(TestCaseExecutor.java:415)
	at com.kms.katalon.core.main.TestCaseExecutor.accessMainPhase(TestCaseExecutor.java:407)
	at com.kms.katalon.core.main.TestCaseExecutor.execute(TestCaseExecutor.java:284)
	at com.kms.katalon.core.common.CommonExecutor.accessTestCaseMainPhase(CommonExecutor.java:65)
	at com.kms.katalon.core.main.TestSuiteExecutor.accessTestSuiteMainPhase(TestSuiteExecutor.java:144)
	at com.kms.katalon.core.main.TestSuiteExecutor.execute(TestSuiteExecutor.java:106)
	at com.kms.katalon.core.main.TestCaseMain.startTestSuite(TestCaseMain.java:185)
	at com.kms.katalon.core.main.TestCaseMain$startTestSuite$0.call(Unknown Source)
	at TempTestSuite1656308517742.run(TempTestSuite1656308517742.groovy:36)
Caused by: org.openqa.selenium.InvalidArgumentException: invalid argument: File not found : C:\Sumathy\Katalon Projects_Scripts\PIR_DIR3\TestFiles\REQ_SS_AF Check.xlsx
  (Session info: chrome=102.0.5005.115)
Build info: version: '3.141.59', revision: 'e82be7d358', time: '2018-11-14T08:25:53'
System info: host: 'GSSM6818', ip: '10.195.90.218', os.name: 'Windows 10', os.arch: 'amd64', os.version: '10.0', java.version: '1.8.0_282'
Driver info: com.kms.katalon.selenium.driver.CChromeDriver
Capabilities {acceptInsecureCerts: false, browserName: chrome, browserVersion: 102.0.5005.115, chrome: {chromedriverVersion: 102.0.5005.61 (0e59bcc00cc4..., userDataDir: C:\Users\gssprpra\AppData\L...}, goog:chromeOptions: {debuggerAddress: localhost:57325}, javascriptEnabled: true, networkConnectionEnabled: false, pageLoadStrategy: normal, platform: WINDOWS, platformName: WINDOWS, proxy: Proxy(), setWindowRect: true, strictFileInteractability: false, timeouts: {implicit: 0, pageLoad: 300000, script: 30000}, unhandledPromptBehavior: dismiss and notify, webauthn:extension:credBlob: true, webauthn:extension:largeBlob: true, webauthn:virtualAuthenticators: true}
Session ID: 2217ed1ce000fcab69a4e28534a38a34
	at org.openqa.selenium.remote.http.W3CHttpResponseCodec.createException(W3CHttpResponseCodec.java:187)
	at org.openqa.selenium.remote.http.W3CHttpResponseCodec.decode(W3CHttpResponseCodec.java:122)
	at org.openqa.selenium.remote.http.W3CHttpResponseCodec.decode(W3CHttpResponseCodec.java:49)
	at org.openqa.selenium.remote.HttpCommandExecutor.execute(HttpCommandExecutor.java:158)
	at org.openqa.selenium.remote.service.DriverCommandExecutor.execute(DriverCommandExecutor.java:83)
	at org.openqa.selenium.remote.RemoteWebDriver.execute(RemoteWebDriver.java:552)
	at com.kms.katalon.selenium.driver.CChromeDriver.execute(CChromeDriver.java:19)
	at org.openqa.selenium.remote.RemoteWebElement.execute(RemoteWebElement.java:285)
	at org.openqa.selenium.remote.RemoteWebElement.sendKeys(RemoteWebElement.java:106)
	at org.openqa.selenium.support.events.EventFiringWebDriver$EventFiringWebElement.lambda$new$0(EventFiringWebDriver.java:404)
	at com.sun.proxy.$Proxy11.sendKeys(Unknown Source)
	at org.openqa.selenium.support.events.EventFiringWebDriver$EventFiringWebElement.sendKeys(EventFiringWebDriver.java:429)
	at com.kms.katalon.core.webui.keyword.builtin.UploadFileWithDragAndDrop$_uploadFileWithDragAndDrop_closure1.doCall(UploadFileWithDragAndDrop.groovy:60)
	at com.kms.katalon.core.webui.keyword.builtin.UploadFileWithDragAndDrop$_uploadFileWithDragAndDrop_closure1.call(UploadFileWithDragAndDrop.groovy)
	at com.kms.katalon.core.webui.keyword.internal.WebUIKeywordMain.runKeyword(WebUIKeywordMain.groovy:20)
	at com.kms.katalon.core.webui.keyword.builtin.UploadFileWithDragAndDrop.uploadFileWithDragAndDrop(UploadFileWithDragAndDrop.groovy:67)
	at com.kms.katalon.core.webui.keyword.builtin.UploadFileWithDragAndDrop.execute(UploadFileWithDragAndDrop.groovy:41)
	at com.kms.katalon.core.keyword.internal.KeywordExecutor.executeKeywordForPlatform(KeywordExecutor.groovy:74)
	at com.kms.katalon.core.webui.keyword.WebUiBuiltInKeywords.uploadFileWithDragAndDrop(WebUiBuiltInKeywords.groovy:5008)
	at com.kms.katalon.core.webui.keyword.WebUiBuiltInKeywords$uploadFileWithDragAndDrop$9.call(Unknown Source)
	at Script1636627521815.run(Script1636627521815.groovy:40)
	... 13 more
)

2022-06-27 11:41:37 - [MESSAGE][FAILED] - Unable to click on object 'Object Repository/Page_DIR_GBS/GBS_Request/div_To Create Request' (Root cause: com.kms.katalon.core.exception.StepFailedException: Unable to click on object 'Object Repository/Page_DIR_GBS/GBS_Request/div_To Create Request'
	at com.kms.katalon.core.webui.keyword.internal.WebUIKeywordMain.stepFailed(WebUIKeywordMain.groovy:64)
	at com.kms.katalon.core.webui.keyword.internal.WebUIKeywordMain.runKeyword(WebUIKeywordMain.groovy:26)
	at com.kms.katalon.core.webui.keyword.builtin.UploadFileWithDragAndDrop.uploadFileWithDragAndDrop(UploadFileWithDragAndDrop.groovy:67)
	at com.kms.katalon.core.webui.keyword.builtin.UploadFileWithDragAndDrop.execute(UploadFileWithDragAndDrop.groovy:41)
	at com.kms.katalon.core.keyword.internal.KeywordExecutor.executeKeywordForPlatform(KeywordExecutor.groovy:74)
	at com.kms.katalon.core.webui.keyword.WebUiBuiltInKeywords.uploadFileWithDragAndDrop(WebUiBuiltInKeywords.groovy:5008)
	at com.kms.katalon.core.webui.keyword.WebUiBuiltInKeywords$uploadFileWithDragAndDrop$9.call(Unknown Source)
	at Create AF Request.run(Create AF Request:40)
	at com.kms.katalon.core.main.ScriptEngine.run(ScriptEngine.java:194)
	at com.kms.katalon.core.main.ScriptEngine.runScriptAsRawText(ScriptEngine.java:119)
	at com.kms.katalon.core.main.TestCaseExecutor.runScript(TestCaseExecutor.java:445)
	at com.kms.katalon.core.main.TestCaseExecutor.doExecute(TestCaseExecutor.java:436)
	at com.kms.katalon.core.main.TestCaseExecutor.processExecutionPhase(TestCaseExecutor.java:415)
	at com.kms.katalon.core.main.TestCaseExecutor.accessMainPhase(TestCaseExecutor.java:407)
	at com.kms.katalon.core.main.TestCaseExecutor.execute(TestCaseExecutor.java:284)
	at com.kms.katalon.core.common.CommonExecutor.accessTestCaseMainPhase(CommonExecutor.java:65)
	at com.kms.katalon.core.main.TestSuiteExecutor.accessTestSuiteMainPhase(TestSuiteExecutor.java:144)
	at com.kms.katalon.core.main.TestSuiteExecutor.execute(TestSuiteExecutor.java:106)
	at com.kms.katalon.core.main.TestCaseMain.startTestSuite(TestCaseMain.java:185)
	at com.kms.katalon.core.main.TestCaseMain$startTestSuite$0.call(Unknown Source)
	at TempTestSuite1656308517742.run(TempTestSuite1656308517742.groovy:36)
Caused by: org.openqa.selenium.InvalidArgumentException: invalid argument: File not found : C:\Sumathy\Katalon Projects_Scripts\PIR_DIR3\TestFiles\REQ_SS_AF Check.xlsx
  (Session info: chrome=102.0.5005.115)
Build info: version: '3.141.59', revision: 'e82be7d358', time: '2018-11-14T08:25:53'
System info: host: 'GSSM6818', ip: '10.195.90.218', os.name: 'Windows 10', os.arch: 'amd64', os.version: '10.0', java.version: '1.8.0_282'
Driver info: com.kms.katalon.selenium.driver.CChromeDriver
Capabilities {acceptInsecureCerts: false, browserName: chrome, browserVersion: 102.0.5005.115, chrome: {chromedriverVersion: 102.0.5005.61 (0e59bcc00cc4..., userDataDir: C:\Users\gssprpra\AppData\L...}, goog:chromeOptions: {debuggerAddress: localhost:57325}, javascriptEnabled: true, networkConnectionEnabled: false, pageLoadStrategy: normal, platform: WINDOWS, platformName: WINDOWS, proxy: Proxy(), setWindowRect: true, strictFileInteractability: false, timeouts: {implicit: 0, pageLoad: 300000, script: 30000}, unhandledPromptBehavior: dismiss and notify, webauthn:extension:credBlob: true, webauthn:extension:largeBlob: true, webauthn:virtualAuthenticators: true}
Session ID: 2217ed1ce000fcab69a4e28534a38a34
	at org.openqa.selenium.remote.http.W3CHttpResponseCodec.createException(W3CHttpResponseCodec.java:187)
	at org.openqa.selenium.remote.http.W3CHttpResponseCodec.decode(W3CHttpResponseCodec.java:122)
	at org.openqa.selenium.remote.http.W3CHttpResponseCodec.decode(W3CHttpResponseCodec.java:49)
	at org.openqa.selenium.remote.HttpCommandExecutor.execute(HttpCommandExecutor.java:158)
	at org.openqa.selenium.remote.service.DriverCommandExecutor.execute(DriverCommandExecutor.java:83)
	at org.openqa.selenium.remote.RemoteWebDriver.execute(RemoteWebDriver.java:552)
	at com.kms.katalon.selenium.driver.CChromeDriver.execute(CChromeDriver.java:19)
	at org.openqa.selenium.remote.RemoteWebElement.execute(RemoteWebElement.java:285)
	at org.openqa.selenium.remote.RemoteWebElement.sendKeys(RemoteWebElement.java:106)
	at org.openqa.selenium.support.events.EventFiringWebDriver$EventFiringWebElement.lambda$new$0(EventFiringWebDriver.java:404)
	at com.sun.proxy.$Proxy11.sendKeys(Unknown Source)
	at org.openqa.selenium.support.events.EventFiringWebDriver$EventFiringWebElement.sendKeys(EventFiringWebDriver.java:429)
	at com.kms.katalon.core.webui.keyword.builtin.UploadFileWithDragAndDrop$_uploadFileWithDragAndDrop_closure1.doCall(UploadFileWithDragAndDrop.groovy:60)
	at com.kms.katalon.core.webui.keyword.builtin.UploadFileWithDragAndDrop$_uploadFileWithDragAndDrop_closure1.call(UploadFileWithDragAndDrop.groovy)
	at com.kms.katalon.core.webui.keyword.internal.WebUIKeywordMain.runKeyword(WebUIKeywordMain.groovy:20)
	at com.kms.katalon.core.webui.keyword.builtin.UploadFileWithDragAndDrop.uploadFileWithDragAndDrop(UploadFileWithDragAndDrop.groovy:67)
	at com.kms.katalon.core.webui.keyword.builtin.UploadFileWithDragAndDrop.execute(UploadFileWithDragAndDrop.groovy:41)
	at com.kms.katalon.core.keyword.internal.KeywordExecutor.executeKeywordForPlatform(KeywordExecutor.groovy:74)
	at com.kms.katalon.core.webui.keyword.WebUiBuiltInKeywords.uploadFileWithDragAndDrop(WebUiBuiltInKeywords.groovy:5008)
	at com.kms.katalon.core.webui.keyword.WebUiBuiltInKeywords$uploadFileWithDragAndDrop$9.call(Unknown Source)
	at Script1636627521815.run(Script1636627521815.groovy:40)
	... 13 more
)
[[ATTACHMENT|C:\\Users\\gssprpra\\git\\KatalonStudioCodeRep1\\Reports\\20220627_111149\\Sanity_GBS_SF_CIR\\20220627_111157\\1656310297558.png]]]]></system-out>
         <system-err><![CDATA[2022-06-27 11:41:12 - [TEST_CASE][FAILED] - Test Cases/Sanity/GBS Request/Create AF Request: Test Cases/Sanity/GBS Request/Create AF Request FAILED.
Reason:
com.kms.katalon.core.exception.StepFailedException: Unable to click on object 'Object Repository/Page_DIR_GBS/GBS_Request/div_To Create Request'
	at com.kms.katalon.core.webui.keyword.internal.WebUIKeywordMain.stepFailed(WebUIKeywordMain.groovy:64)
	at com.kms.katalon.core.webui.keyword.internal.WebUIKeywordMain.runKeyword(WebUIKeywordMain.groovy:26)
	at com.kms.katalon.core.webui.keyword.builtin.UploadFileWithDragAndDrop.uploadFileWithDragAndDrop(UploadFileWithDragAndDrop.groovy:67)
	at com.kms.katalon.core.webui.keyword.builtin.UploadFileWithDragAndDrop.execute(UploadFileWithDragAndDrop.groovy:41)
	at com.kms.katalon.core.keyword.internal.KeywordExecutor.executeKeywordForPlatform(KeywordExecutor.groovy:74)
	at com.kms.katalon.core.webui.keyword.WebUiBuiltInKeywords.uploadFileWithDragAndDrop(WebUiBuiltInKeywords.groovy:5008)
	at com.kms.katalon.core.webui.keyword.WebUiBuiltInKeywords$uploadFileWithDragAndDrop$9.call(Unknown Source)
	at Create AF Request.run(Create AF Request:40)
	at com.kms.katalon.core.main.ScriptEngine.run(ScriptEngine.java:194)
	at com.kms.katalon.core.main.ScriptEngine.runScriptAsRawText(ScriptEngine.java:119)
	at com.kms.katalon.core.main.TestCaseExecutor.runScript(TestCaseExecutor.java:445)
	at com.kms.katalon.core.main.TestCaseExecutor.doExecute(TestCaseExecutor.java:436)
	at com.kms.katalon.core.main.TestCaseExecutor.processExecutionPhase(TestCaseExecutor.java:415)
	at com.kms.katalon.core.main.TestCaseExecutor.accessMainPhase(TestCaseExecutor.java:407)
	at com.kms.katalon.core.main.TestCaseExecutor.execute(TestCaseExecutor.java:284)
	at com.kms.katalon.core.common.CommonExecutor.accessTestCaseMainPhase(CommonExecutor.java:65)
	at com.kms.katalon.core.main.TestSuiteExecutor.accessTestSuiteMainPhase(TestSuiteExecutor.java:144)
	at com.kms.katalon.core.main.TestSuiteExecutor.execute(TestSuiteExecutor.java:106)
	at com.kms.katalon.core.main.TestCaseMain.startTestSuite(TestCaseMain.java:185)
	at com.kms.katalon.core.main.TestCaseMain$startTestSuite$0.call(Unknown Source)
	at TempTestSuite1656308517742.run(TempTestSuite1656308517742.groovy:36)
Caused by: org.openqa.selenium.InvalidArgumentException: invalid argument: File not found : C:\Sumathy\Katalon Projects_Scripts\PIR_DIR3\TestFiles\REQ_SS_AF Check.xlsx
  (Session info: chrome=102.0.5005.115)
Build info: version: '3.141.59', revision: 'e82be7d358', time: '2018-11-14T08:25:53'
System info: host: 'GSSM6818', ip: '10.195.90.218', os.name: 'Windows 10', os.arch: 'amd64', os.version: '10.0', java.version: '1.8.0_282'
Driver info: com.kms.katalon.selenium.driver.CChromeDriver
Capabilities {acceptInsecureCerts: false, browserName: chrome, browserVersion: 102.0.5005.115, chrome: {chromedriverVersion: 102.0.5005.61 (0e59bcc00cc4..., userDataDir: C:\Users\gssprpra\AppData\L...}, goog:chromeOptions: {debuggerAddress: localhost:57325}, javascriptEnabled: true, networkConnectionEnabled: false, pageLoadStrategy: normal, platform: WINDOWS, platformName: WINDOWS, proxy: Proxy(), setWindowRect: true, strictFileInteractability: false, timeouts: {implicit: 0, pageLoad: 300000, script: 30000}, unhandledPromptBehavior: dismiss and notify, webauthn:extension:credBlob: true, webauthn:extension:largeBlob: true, webauthn:virtualAuthenticators: true}
Session ID: 2217ed1ce000fcab69a4e28534a38a34
	at org.openqa.selenium.remote.http.W3CHttpResponseCodec.createException(W3CHttpResponseCodec.java:187)
	at org.openqa.selenium.remote.http.W3CHttpResponseCodec.decode(W3CHttpResponseCodec.java:122)
	at org.openqa.selenium.remote.http.W3CHttpResponseCodec.decode(W3CHttpResponseCodec.java:49)
	at org.openqa.selenium.remote.HttpCommandExecutor.execute(HttpCommandExecutor.java:158)
	at org.openqa.selenium.remote.service.DriverCommandExecutor.execute(DriverCommandExecutor.java:83)
	at org.openqa.selenium.remote.RemoteWebDriver.execute(RemoteWebDriver.java:552)
	at com.kms.katalon.selenium.driver.CChromeDriver.execute(CChromeDriver.java:19)
	at org.openqa.selenium.remote.RemoteWebElement.execute(RemoteWebElement.java:285)
	at org.openqa.selenium.remote.RemoteWebElement.sendKeys(RemoteWebElement.java:106)
	at org.openqa.selenium.support.events.EventFiringWebDriver$EventFiringWebElement.lambda$new$0(EventFiringWebDriver.java:404)
	at com.sun.proxy.$Proxy11.sendKeys(Unknown Source)
	at org.openqa.selenium.support.events.EventFiringWebDriver$EventFiringWebElement.sendKeys(EventFiringWebDriver.java:429)
	at com.kms.katalon.core.webui.keyword.builtin.UploadFileWithDragAndDrop$_uploadFileWithDragAndDrop_closure1.doCall(UploadFileWithDragAndDrop.groovy:60)
	at com.kms.katalon.core.webui.keyword.builtin.UploadFileWithDragAndDrop$_uploadFileWithDragAndDrop_closure1.call(UploadFileWithDragAndDrop.groovy)
	at com.kms.katalon.core.webui.keyword.internal.WebUIKeywordMain.runKeyword(WebUIKeywordMain.groovy:20)
	... 19 more]]></system-err>
      </testcase>
      <testcase name="Test Cases/Sanity/Supplier Finder/Check Data and Export" time="36.079" classname="Test Cases/Sanity/Supplier Finder/Check Data and Export" status="PASSED">
         <system-out><![CDATA[2022-06-27 11:41:37 - [TEST_CASE][PASSED] - Test Cases/Sanity/Supplier Finder/Check Data and Export: Test Cases/Sanity/Supplier Finder/Check Data and Export

2022-06-27 11:41:38 - [TEST_STEP][PASSED] - openBrowser(""): Browser is opened with url: ''

2022-06-27 11:41:38 - [MESSAGE][WARNING] - A browser is already opened. Closing browser and opening a new one

2022-06-27 11:41:40 - [MESSAGE][INFO] - Starting 'Chrome' driver

2022-06-27 11:41:40 - [MESSAGE][INFO] - Action delay is set to 0 milliseconds

2022-06-27 11:41:41 - [MESSAGE][PASSED] - Browser is opened with url: ''

2022-06-27 11:41:41 - [TEST_STEP][PASSED] - maximizeWindow(): Current window maximized

2022-06-27 11:41:41 - [MESSAGE][PASSED] - Current window maximized

2022-06-27 11:41:41 - [TEST_STEP][PASSED] - navigateToUrl(URL): Navigate to 'https://priceitright.flextronics.com/login' successfully

2022-06-27 11:41:45 - [MESSAGE][PASSED] - Navigate to 'https://priceitright.flextronics.com/login' successfully

2022-06-27 11:41:45 - [TEST_STEP][PASSED] - setText(findTestObject("Page_It-Right Platform_SupplierFinder/Username"), username): Text 'gsstjaya' is set on object 'Object Repository/Page_It-Right Platform_SupplierFinder/Username'

2022-06-27 11:41:46 - [MESSAGE][PASSED] - Text 'gsstjaya' is set on object 'Object Repository/Page_It-Right Platform_SupplierFinder/Username'

2022-06-27 11:41:46 - [TEST_STEP][PASSED] - setEncryptedText(findTestObject("Page_It-Right Platform_SupplierFinder/password"), pwd): Text ****** has been set on object 'Object Repository/Page_It-Right Platform_SupplierFinder/password'

2022-06-27 11:41:47 - [MESSAGE][PASSED] - Text ****** has been set on object 'Object Repository/Page_It-Right Platform_SupplierFinder/password'

2022-06-27 11:41:47 - [TEST_STEP][PASSED] - click(findTestObject("Page_It-Right Platform_SupplierFinder/button_Sign in")): Object: 'Object Repository/Page_It-Right Platform_SupplierFinder/button_Sign in' is clicked on

2022-06-27 11:41:50 - [MESSAGE][PASSED] - Object: 'Object Repository/Page_It-Right Platform_SupplierFinder/button_Sign in' is clicked on

2022-06-27 11:41:50 - [TEST_STEP][PASSED] - click(findTestObject("Object Repository/Page_It-Right Platform_SupplierFinder/span_WelcomeToggler")): Object: 'Object Repository/Page_It-Right Platform_SupplierFinder/span_WelcomeToggler' is clicked on

2022-06-27 11:41:50 - [MESSAGE][PASSED] - Object: 'Object Repository/Page_It-Right Platform_SupplierFinder/span_WelcomeToggler' is clicked on

2022-06-27 11:41:50 - [TEST_STEP][PASSED] - verifyElementPresent(findTestObject("Object Repository/Page_It-Right Platform_SupplierFinder/div_WelcomeMenu"), 1): Object 'Object Repository/Page_It-Right Platform_SupplierFinder/div_WelcomeMenu' is present

2022-06-27 11:41:51 - [MESSAGE][PASSED] - Object 'Object Repository/Page_It-Right Platform_SupplierFinder/div_WelcomeMenu' is present

2022-06-27 11:41:51 - [TEST_STEP][PASSED] - click(findTestObject("Object Repository/Page_It-Right Platform_SupplierFinder/span_Supplier Finder")): Object: 'Object Repository/Page_It-Right Platform_SupplierFinder/span_Supplier Finder' is clicked on

2022-06-27 11:42:03 - [MESSAGE][PASSED] - Object: 'Object Repository/Page_It-Right Platform_SupplierFinder/span_Supplier Finder' is clicked on

2022-06-27 11:42:03 - [TEST_STEP][PASSED] - verifyElementPresent(findTestObject("Object Repository/Page_DIR_SupplierFinder/div_Supplier Finder"), 2): Object 'Object Repository/Page_DIR_SupplierFinder/div_Supplier Finder' is present

2022-06-27 11:42:07 - [MESSAGE][PASSED] - Object 'Object Repository/Page_DIR_SupplierFinder/div_Supplier Finder' is present

2022-06-27 11:42:07 - [TEST_STEP][PASSED] - verifyElementPresent(findTestObject("Object Repository/Page_DIR_SupplierFinder/div_datatable_header"), 1): Object 'Object Repository/Page_DIR_SupplierFinder/div_datatable_header' is present

2022-06-27 11:42:08 - [MESSAGE][PASSED] - Object 'Object Repository/Page_DIR_SupplierFinder/div_datatable_header' is present

2022-06-27 11:42:08 - [TEST_STEP][PASSED] - verifyElementText(findTestObject("Object Repository/Page_DIR_SupplierFinder/td_SupplierName"), "5D INDUSTRIA"): Actual text and expected text of test object 'Object Repository/Page_DIR_SupplierFinder/td_SupplierName' are matched.

2022-06-27 11:42:08 - [MESSAGE][PASSED] - Actual text and expected text of test object 'Object Repository/Page_DIR_SupplierFinder/td_SupplierName' are matched.

2022-06-27 11:42:08 - [TEST_STEP][PASSED] - verifyElementPresent(findTestObject("Object Repository/Page_DIR_SupplierFinder/button_Export"), 1): Object 'Object Repository/Page_DIR_SupplierFinder/button_Export' is present

2022-06-27 11:42:09 - [MESSAGE][PASSED] - Object 'Object Repository/Page_DIR_SupplierFinder/button_Export' is present

2022-06-27 11:42:09 - [TEST_STEP][PASSED] - click(findTestObject("Object Repository/Page_DIR_SupplierFinder/button_Export")): Object: 'Object Repository/Page_DIR_SupplierFinder/button_Export' is clicked on

2022-06-27 11:42:10 - [MESSAGE][PASSED] - Object: 'Object Repository/Page_DIR_SupplierFinder/button_Export' is clicked on

2022-06-27 11:42:10 - [TEST_STEP][PASSED] - verifyElementPresent(findTestObject("Object Repository/Page_DIR_SupplierFinder/div_Supplier Finder"), 2): Object 'Object Repository/Page_DIR_SupplierFinder/div_Supplier Finder' is present

2022-06-27 11:42:11 - [MESSAGE][PASSED] - Object 'Object Repository/Page_DIR_SupplierFinder/div_Supplier Finder' is present

2022-06-27 11:42:11 - [TEST_STEP][PASSED] - click(findTestObject("Object Repository/Page_DIR_SupplierFinder/span_Welcome Thangasumathy Jayakumar")): Object: 'Object Repository/Page_DIR_SupplierFinder/span_Welcome Thangasumathy Jayakumar' is clicked on

2022-06-27 11:42:11 - [MESSAGE][PASSED] - Object: 'Object Repository/Page_DIR_SupplierFinder/span_Welcome Thangasumathy Jayakumar' is clicked on

2022-06-27 11:42:11 - [TEST_STEP][PASSED] - click(findTestObject("Object Repository/Page_DIR_SupplierFinder/a_Logout")): Object: 'Object Repository/Page_DIR_SupplierFinder/a_Logout' is clicked on

2022-06-27 11:42:12 - [MESSAGE][PASSED] - Object: 'Object Repository/Page_DIR_SupplierFinder/a_Logout' is clicked on

2022-06-27 11:42:12 - [TEST_STEP][PASSED] - closeBrowser(): Browser is closed

2022-06-27 11:42:13 - [MESSAGE][PASSED] - Browser is closed]]></system-out>
         <system-err><![CDATA[]]></system-err>
      </testcase>
      <testcase name="Test Cases/Sanity/Supplier Finder/Apply Filter" time="512.777" classname="Test Cases/Sanity/Supplier Finder/Apply Filter" status="PASSED">
         <system-out><![CDATA[2022-06-27 11:42:14 - [TEST_CASE][PASSED] - Test Cases/Sanity/Supplier Finder/Apply Filter: Test Cases/Sanity/Supplier Finder/Apply Filter

2022-06-27 11:42:15 - [TEST_STEP][PASSED] - openBrowser(""): Browser is opened with url: ''

2022-06-27 11:42:15 - [MESSAGE][INFO] - Starting 'Chrome' driver

2022-06-27 11:42:15 - [MESSAGE][INFO] - Action delay is set to 0 milliseconds

2022-06-27 11:42:17 - [MESSAGE][PASSED] - Browser is opened with url: ''

2022-06-27 11:42:17 - [TEST_STEP][PASSED] - maximizeWindow(): Current window maximized

2022-06-27 11:42:17 - [MESSAGE][PASSED] - Current window maximized

2022-06-27 11:42:17 - [TEST_STEP][PASSED] - navigateToUrl(URL): Navigate to 'https://priceitright.flextronics.com/login' successfully

2022-06-27 11:42:20 - [MESSAGE][PASSED] - Navigate to 'https://priceitright.flextronics.com/login' successfully

2022-06-27 11:42:20 - [TEST_STEP][PASSED] - setText(findTestObject("Page_It-Right Platform_SupplierFinder/Username"), username): Text 'gsstjaya' is set on object 'Object Repository/Page_It-Right Platform_SupplierFinder/Username'

2022-06-27 11:42:21 - [MESSAGE][PASSED] - Text 'gsstjaya' is set on object 'Object Repository/Page_It-Right Platform_SupplierFinder/Username'

2022-06-27 11:42:21 - [TEST_STEP][PASSED] - setEncryptedText(findTestObject("Page_It-Right Platform_SupplierFinder/password"), pwd): Text ****** has been set on object 'Object Repository/Page_It-Right Platform_SupplierFinder/password'

2022-06-27 11:42:22 - [MESSAGE][PASSED] - Text ****** has been set on object 'Object Repository/Page_It-Right Platform_SupplierFinder/password'

2022-06-27 11:42:22 - [TEST_STEP][PASSED] - click(findTestObject("Page_It-Right Platform_SupplierFinder/button_Sign in")): Object: 'Object Repository/Page_It-Right Platform_SupplierFinder/button_Sign in' is clicked on

2022-06-27 11:42:25 - [MESSAGE][PASSED] - Object: 'Object Repository/Page_It-Right Platform_SupplierFinder/button_Sign in' is clicked on

2022-06-27 11:42:25 - [TEST_STEP][PASSED] - click(findTestObject("Object Repository/Page_It-Right Platform_SupplierFinder/span_WelcomeToggler")): Object: 'Object Repository/Page_It-Right Platform_SupplierFinder/span_WelcomeToggler' is clicked on

2022-06-27 11:42:26 - [MESSAGE][PASSED] - Object: 'Object Repository/Page_It-Right Platform_SupplierFinder/span_WelcomeToggler' is clicked on

2022-06-27 11:42:26 - [TEST_STEP][PASSED] - verifyElementPresent(findTestObject("Object Repository/Page_It-Right Platform_SupplierFinder/div_WelcomeMenu"), 1): Object 'Object Repository/Page_It-Right Platform_SupplierFinder/div_WelcomeMenu' is present

2022-06-27 11:42:27 - [MESSAGE][PASSED] - Object 'Object Repository/Page_It-Right Platform_SupplierFinder/div_WelcomeMenu' is present

2022-06-27 11:42:27 - [TEST_STEP][PASSED] - click(findTestObject("Object Repository/Page_It-Right Platform_SupplierFinder/span_Supplier Finder")): Object: 'Object Repository/Page_It-Right Platform_SupplierFinder/span_Supplier Finder' is clicked on

2022-06-27 11:42:33 - [MESSAGE][PASSED] - Object: 'Object Repository/Page_It-Right Platform_SupplierFinder/span_Supplier Finder' is clicked on

2022-06-27 11:42:33 - [TEST_STEP][PASSED] - verifyElementPresent(findTestObject("Object Repository/Page_DIR_SupplierFinder/div_Supplier Finder"), 2): Object 'Object Repository/Page_DIR_SupplierFinder/div_Supplier Finder' is present

2022-06-27 11:42:38 - [MESSAGE][PASSED] - Object 'Object Repository/Page_DIR_SupplierFinder/div_Supplier Finder' is present

2022-06-27 11:42:38 - [TEST_STEP][PASSED] - verifyElementPresent(findTestObject("Object Repository/Page_DIR_SupplierFinder/div_datatable_header"), 1): Object 'Object Repository/Page_DIR_SupplierFinder/div_datatable_header' is present

2022-06-27 11:43:09 - [MESSAGE][PASSED] - Object 'Object Repository/Page_DIR_SupplierFinder/div_datatable_header' is present

2022-06-27 11:43:09 - [TEST_STEP][PASSED] - verifyElementPresent(findTestObject("Object Repository/Page_DIR_SupplierFinder/button_VPGroup"), 1): Object 'Object Repository/Page_DIR_SupplierFinder/button_VPGroup' is present

2022-06-27 11:43:39 - [MESSAGE][PASSED] - Object 'Object Repository/Page_DIR_SupplierFinder/button_VPGroup' is present

2022-06-27 11:43:39 - [TEST_STEP][PASSED] - selectOptionByValue(findTestObject("Object Repository/Page_DIR_SupplierFinder/select_VPGroupDropdown"), "MEMORY STORAGE PRODUCT GROUP", true): All options with value 'MEMORY STORAGE PRODUCT GROUP' are selected in object 'Object Repository/Page_DIR_SupplierFinder/select_VPGroupDropdown'  using regular expression

2022-06-27 11:45:10 - [MESSAGE][PASSED] - All options with value 'MEMORY STORAGE PRODUCT GROUP' are selected in object 'Object Repository/Page_DIR_SupplierFinder/select_VPGroupDropdown'  using regular expression

2022-06-27 11:45:10 - [TEST_STEP][PASSED] - verifyElementPresent(findTestObject("Object Repository/Page_DIR_SupplierFinder/div_datatable_header"), 1): Object 'Object Repository/Page_DIR_SupplierFinder/div_datatable_header' is present

2022-06-27 11:45:40 - [MESSAGE][PASSED] - Object 'Object Repository/Page_DIR_SupplierFinder/div_datatable_header' is present

2022-06-27 11:45:40 - [TEST_STEP][PASSED] - verifyElementPresent(findTestObject("Object Repository/Page_DIR_SupplierFinder/button_SupplierType"), 1): Object 'Object Repository/Page_DIR_SupplierFinder/button_SupplierType' is present

2022-06-27 11:46:11 - [MESSAGE][PASSED] - Object 'Object Repository/Page_DIR_SupplierFinder/button_SupplierType' is present

2022-06-27 11:46:11 - [TEST_STEP][PASSED] - selectOptionByValue(findTestObject("Object Repository/Page_DIR_SupplierFinder/select_SupplierTypeDropdown"), "DISTRIBUTOR", true): All options with value 'DISTRIBUTOR' are selected in object 'Object Repository/Page_DIR_SupplierFinder/select_SupplierTypeDropdown'  using regular expression

2022-06-27 11:47:42 - [MESSAGE][PASSED] - All options with value 'DISTRIBUTOR' are selected in object 'Object Repository/Page_DIR_SupplierFinder/select_SupplierTypeDropdown'  using regular expression

2022-06-27 11:47:42 - [TEST_STEP][PASSED] - verifyElementPresent(findTestObject("Object Repository/Page_DIR_SupplierFinder/div_datatable_header"), 1): Object 'Object Repository/Page_DIR_SupplierFinder/div_datatable_header' is present

2022-06-27 11:48:12 - [MESSAGE][PASSED] - Object 'Object Repository/Page_DIR_SupplierFinder/div_datatable_header' is present

2022-06-27 11:48:12 - [TEST_STEP][PASSED] - verifyElementText(findTestObject("Page_DIR_SupplierFinder/td_VPGroupValue"), "MEMORY STORAGE PRODUCT GROUP"): Actual text and expected text of test object 'Object Repository/Page_DIR_SupplierFinder/td_VPGroupValue' are matched.

2022-06-27 11:48:43 - [MESSAGE][PASSED] - Actual text and expected text of test object 'Object Repository/Page_DIR_SupplierFinder/td_VPGroupValue' are matched.

2022-06-27 11:48:43 - [TEST_STEP][PASSED] - verifyElementText(findTestObject("Page_DIR_SupplierFinder/td_SupplierTypeValue"), "DISTRIBUTOR"): Actual text and expected text of test object 'Object Repository/Page_DIR_SupplierFinder/td_SupplierTypeValue' are matched.

2022-06-27 11:49:13 - [MESSAGE][PASSED] - Actual text and expected text of test object 'Object Repository/Page_DIR_SupplierFinder/td_SupplierTypeValue' are matched.

2022-06-27 11:49:13 - [TEST_STEP][PASSED] - verifyElementText(findTestObject("Page_DIR_SupplierFinder/td_Level1DescValue"), "DISTRIBUTOR"): Actual text and expected text of test object 'Object Repository/Page_DIR_SupplierFinder/td_Level1DescValue' are matched.

2022-06-27 11:49:44 - [MESSAGE][PASSED] - Actual text and expected text of test object 'Object Repository/Page_DIR_SupplierFinder/td_Level1DescValue' are matched.

2022-06-27 11:49:44 - [TEST_STEP][PASSED] - click(findTestObject("Object Repository/Page_DIR_SupplierFinder/span_Welcome Thangasumathy Jayakumar")): Object: 'Object Repository/Page_DIR_SupplierFinder/span_Welcome Thangasumathy Jayakumar' is clicked on

2022-06-27 11:50:14 - [MESSAGE][PASSED] - Object: 'Object Repository/Page_DIR_SupplierFinder/span_Welcome Thangasumathy Jayakumar' is clicked on

2022-06-27 11:50:14 - [TEST_STEP][PASSED] - click(findTestObject("Object Repository/Page_DIR_SupplierFinder/a_Logout")): Object: 'Object Repository/Page_DIR_SupplierFinder/a_Logout' is clicked on

2022-06-27 11:50:45 - [MESSAGE][PASSED] - Object: 'Object Repository/Page_DIR_SupplierFinder/a_Logout' is clicked on

2022-06-27 11:50:45 - [TEST_STEP][PASSED] - closeBrowser(): Browser is closed

2022-06-27 11:50:46 - [MESSAGE][PASSED] - Browser is closed]]></system-out>
         <system-err><![CDATA[]]></system-err>
      </testcase>
      <testcase name="Test Cases/Sanity/CIR/Page availability check" time="71.714" classname="Test Cases/Sanity/CIR/Page availability check" status="PASSED">
         <system-out><![CDATA[2022-06-27 11:50:46 - [TEST_CASE][PASSED] - Test Cases/Sanity/CIR/Page availability check: Test Cases/Sanity/CIR/Page availability check

2022-06-27 11:50:48 - [TEST_STEP][PASSED] - openBrowser(""): Browser is opened with url: ''

2022-06-27 11:50:48 - [MESSAGE][INFO] - Starting 'Chrome' driver

2022-06-27 11:50:48 - [MESSAGE][INFO] - Action delay is set to 0 milliseconds

2022-06-27 11:50:50 - [MESSAGE][PASSED] - Browser is opened with url: ''

2022-06-27 11:50:50 - [TEST_STEP][PASSED] - maximizeWindow(): Current window maximized

2022-06-27 11:50:50 - [MESSAGE][PASSED] - Current window maximized

2022-06-27 11:50:50 - [TEST_STEP][PASSED] - navigateToUrl(URL): Navigate to 'https://priceitright.flextronics.com/login' successfully

2022-06-27 11:50:54 - [MESSAGE][PASSED] - Navigate to 'https://priceitright.flextronics.com/login' successfully

2022-06-27 11:50:54 - [TEST_STEP][PASSED] - setText(findTestObject("Page_It-Right Platform/Username"), username): Text 'gsstjaya' is set on object 'Object Repository/Page_It-Right Platform/Username'

2022-06-27 11:50:55 - [MESSAGE][PASSED] - Text 'gsstjaya' is set on object 'Object Repository/Page_It-Right Platform/Username'

2022-06-27 11:50:55 - [TEST_STEP][PASSED] - setEncryptedText(findTestObject("Page_It-Right Platform/password"), pwd): Text ****** has been set on object 'Object Repository/Page_It-Right Platform/password'

2022-06-27 11:50:56 - [MESSAGE][PASSED] - Text ****** has been set on object 'Object Repository/Page_It-Right Platform/password'

2022-06-27 11:50:56 - [TEST_STEP][PASSED] - click(findTestObject("Page_It-Right Platform/button_Sign in")): Object: 'Object Repository/Page_It-Right Platform/button_Sign in' is clicked on

2022-06-27 11:50:59 - [MESSAGE][PASSED] - Object: 'Object Repository/Page_It-Right Platform/button_Sign in' is clicked on

2022-06-27 11:50:59 - [TEST_STEP][PASSED] - click(findTestObject("Object Repository/Page_It-Right Platform/span_WelcomeToggler")): Object: 'Object Repository/Page_It-Right Platform/span_WelcomeToggler' is clicked on

2022-06-27 11:50:59 - [MESSAGE][PASSED] - Object: 'Object Repository/Page_It-Right Platform/span_WelcomeToggler' is clicked on

2022-06-27 11:50:59 - [TEST_STEP][PASSED] - verifyElementPresent(findTestObject("Object Repository/Page_It-Right Platform/div_WelcomeMenu"), 0): Object 'Object Repository/Page_It-Right Platform/div_WelcomeMenu' is present

2022-06-27 11:51:00 - [MESSAGE][WARNING] - Timeout '0' is invalid. Using default page load timeout: '30'

2022-06-27 11:51:00 - [MESSAGE][PASSED] - Object 'Object Repository/Page_It-Right Platform/div_WelcomeMenu' is present

2022-06-27 11:51:00 - [TEST_STEP][PASSED] - verifyElementPresent(findTestObject("Object Repository/Page_It-Right Platform/span_Collect It Right"), 0): Object 'Object Repository/Page_It-Right Platform/span_Collect It Right' is present

2022-06-27 11:51:00 - [MESSAGE][WARNING] - Timeout '0' is invalid. Using default page load timeout: '30'

2022-06-27 11:51:00 - [MESSAGE][PASSED] - Object 'Object Repository/Page_It-Right Platform/span_Collect It Right' is present

2022-06-27 11:51:00 - [TEST_STEP][PASSED] - click(findTestObject("Object Repository/Page_It-Right Platform/span_Collect It Right")): Object: 'Object Repository/Page_It-Right Platform/span_Collect It Right' is clicked on

2022-06-27 11:51:08 - [MESSAGE][PASSED] - Object: 'Object Repository/Page_It-Right Platform/span_Collect It Right' is clicked on

2022-06-27 11:51:08 - [TEST_STEP][PASSED] - verifyElementText(findTestObject("Object Repository/Page_Collect It Right/div_Welcome to CIR"), "Welcome to CIR!"): Actual text and expected text of test object 'Object Repository/Page_Collect It Right/div_Welcome to CIR' are matched.

2022-06-27 11:51:08 - [MESSAGE][PASSED] - Actual text and expected text of test object 'Object Repository/Page_Collect It Right/div_Welcome to CIR' are matched.

2022-06-27 11:51:08 - [TEST_STEP][PASSED] - verifyElementPresent(findTestObject("Object Repository/Page_Collect It Right/a_Projects_Menu"), 0): Object 'Object Repository/Page_Collect It Right/a_Projects_Menu' is present

2022-06-27 11:51:09 - [MESSAGE][WARNING] - Timeout '0' is invalid. Using default page load timeout: '30'

2022-06-27 11:51:09 - [MESSAGE][PASSED] - Object 'Object Repository/Page_Collect It Right/a_Projects_Menu' is present

2022-06-27 11:51:09 - [TEST_STEP][PASSED] - verifyElementPresent(findTestObject("Object Repository/Page_Collect It Right/a_Preliminary Bom_Menu"), 0): Object 'Object Repository/Page_Collect It Right/a_Preliminary Bom_Menu' is present

2022-06-27 11:51:09 - [MESSAGE][WARNING] - Timeout '0' is invalid. Using default page load timeout: '30'

2022-06-27 11:51:09 - [MESSAGE][PASSED] - Object 'Object Repository/Page_Collect It Right/a_Preliminary Bom_Menu' is present

2022-06-27 11:51:09 - [TEST_STEP][PASSED] - verifyElementPresent(findTestObject("Object Repository/Page_Collect It Right/a_Design Centers_Menu"), 0): Object 'Object Repository/Page_Collect It Right/a_Design Centers_Menu' is present

2022-06-27 11:51:09 - [MESSAGE][WARNING] - Timeout '0' is invalid. Using default page load timeout: '30'

2022-06-27 11:51:10 - [MESSAGE][PASSED] - Object 'Object Repository/Page_Collect It Right/a_Design Centers_Menu' is present

2022-06-27 11:51:10 - [TEST_STEP][PASSED] - verifyElementPresent(findTestObject("Object Repository/Page_Collect It Right/a_Master File_Menu"), 0): Object 'Object Repository/Page_Collect It Right/a_Master File_Menu' is present

2022-06-27 11:51:10 - [MESSAGE][WARNING] - Timeout '0' is invalid. Using default page load timeout: '30'

2022-06-27 11:51:10 - [MESSAGE][PASSED] - Object 'Object Repository/Page_Collect It Right/a_Master File_Menu' is present

2022-06-27 11:51:10 - [TEST_STEP][PASSED] - verifyElementPresent(findTestObject("Object Repository/Page_Collect It Right/a_Contracts_Menu"), 0): Object 'Object Repository/Page_Collect It Right/a_Contracts_Menu' is present

2022-06-27 11:51:10 - [MESSAGE][WARNING] - Timeout '0' is invalid. Using default page load timeout: '30'

2022-06-27 11:51:11 - [MESSAGE][PASSED] - Object 'Object Repository/Page_Collect It Right/a_Contracts_Menu' is present

2022-06-27 11:51:11 - [TEST_STEP][PASSED] - verifyElementPresent(findTestObject("Page_Collect It Right/a_DWA Annex_Menu"), 0): Object 'Object Repository/Page_Collect It Right/a_DWA Annex_Menu' is present

2022-06-27 11:51:11 - [MESSAGE][WARNING] - Timeout '0' is invalid. Using default page load timeout: '30'

2022-06-27 11:51:11 - [MESSAGE][PASSED] - Object 'Object Repository/Page_Collect It Right/a_DWA Annex_Menu' is present

2022-06-27 11:51:11 - [TEST_STEP][PASSED] - verifyElementPresent(findTestObject("Object Repository/Page_Collect It Right/a_Market Intelligence_Menu"), 0): Object 'Object Repository/Page_Collect It Right/a_Market Intelligence_Menu' is present

2022-06-27 11:51:11 - [MESSAGE][WARNING] - Timeout '0' is invalid. Using default page load timeout: '30'

2022-06-27 11:51:11 - [MESSAGE][PASSED] - Object 'Object Repository/Page_Collect It Right/a_Market Intelligence_Menu' is present

2022-06-27 11:51:11 - [TEST_STEP][PASSED] - verifyElementPresent(findTestObject("Object Repository/Page_Collect It Right/a_Admin_Menu"), 0): Object 'Object Repository/Page_Collect It Right/a_Admin_Menu' is present

2022-06-27 11:51:12 - [MESSAGE][WARNING] - Timeout '0' is invalid. Using default page load timeout: '30'

2022-06-27 11:51:12 - [MESSAGE][PASSED] - Object 'Object Repository/Page_Collect It Right/a_Admin_Menu' is present

2022-06-27 11:51:12 - [TEST_STEP][PASSED] - click(findTestObject("Object Repository/Page_Collect It Right/a_Admin_Menu")): Object: 'Object Repository/Page_Collect It Right/a_Admin_Menu' is clicked on

2022-06-27 11:51:13 - [MESSAGE][PASSED] - Object: 'Object Repository/Page_Collect It Right/a_Admin_Menu' is clicked on

2022-06-27 11:51:13 - [TEST_STEP][PASSED] - verifyElementPresent(findTestObject("Object Repository/Page_Collect It Right/a_Users"), 0): Object 'Object Repository/Page_Collect It Right/a_Users' is present

2022-06-27 11:51:13 - [MESSAGE][WARNING] - Timeout '0' is invalid. Using default page load timeout: '30'

2022-06-27 11:51:13 - [MESSAGE][PASSED] - Object 'Object Repository/Page_Collect It Right/a_Users' is present

2022-06-27 11:51:13 - [TEST_STEP][PASSED] - click(findTestObject("Object Repository/Page_Collect It Right/a_Projects_Menu")): Object: 'Object Repository/Page_Collect It Right/a_Projects_Menu' is clicked on

2022-06-27 11:51:14 - [MESSAGE][PASSED] - Object: 'Object Repository/Page_Collect It Right/a_Projects_Menu' is clicked on

2022-06-27 11:51:14 - [TEST_STEP][PASSED] - verifyElementPresent(findTestObject("Object Repository/Page_Collect It Right/a_All Projects_TabName"), 3): Object 'Object Repository/Page_Collect It Right/a_All Projects_TabName' is present

2022-06-27 11:51:15 - [MESSAGE][PASSED] - Object 'Object Repository/Page_Collect It Right/a_All Projects_TabName' is present

2022-06-27 11:51:15 - [TEST_STEP][PASSED] - click(findTestObject("Object Repository/Page_Collect It Right/a_CIR_MenuOptions")): Object: 'Object Repository/Page_Collect It Right/a_CIR_MenuOptions' is clicked on

2022-06-27 11:51:19 - [MESSAGE][PASSED] - Object: 'Object Repository/Page_Collect It Right/a_CIR_MenuOptions' is clicked on

2022-06-27 11:51:19 - [TEST_STEP][PASSED] - click(findTestObject("Object Repository/Page_Collect It Right/a_Preliminary Bom_Menu")): Object: 'Object Repository/Page_Collect It Right/a_Preliminary Bom_Menu' is clicked on

2022-06-27 11:51:20 - [MESSAGE][PASSED] - Object: 'Object Repository/Page_Collect It Right/a_Preliminary Bom_Menu' is clicked on

2022-06-27 11:51:20 - [TEST_STEP][PASSED] - verifyElementPresent(findTestObject("Page_Collect It Right/a_Preliminary BOM_TabName"), 3): Object 'Object Repository/Page_Collect It Right/a_Preliminary BOM_TabName' is present

2022-06-27 11:51:26 - [MESSAGE][PASSED] - Object 'Object Repository/Page_Collect It Right/a_Preliminary BOM_TabName' is present

2022-06-27 11:51:26 - [TEST_STEP][PASSED] - click(findTestObject("Object Repository/Page_Collect It Right/a_CIR_MenuOptions")): Object: 'Object Repository/Page_Collect It Right/a_CIR_MenuOptions' is clicked on

2022-06-27 11:51:27 - [MESSAGE][PASSED] - Object: 'Object Repository/Page_Collect It Right/a_CIR_MenuOptions' is clicked on

2022-06-27 11:51:27 - [TEST_STEP][PASSED] - click(findTestObject("Object Repository/Page_Collect It Right/a_Design Centers_Menu")): Object: 'Object Repository/Page_Collect It Right/a_Design Centers_Menu' is clicked on

2022-06-27 11:51:27 - [MESSAGE][PASSED] - Object: 'Object Repository/Page_Collect It Right/a_Design Centers_Menu' is clicked on

2022-06-27 11:51:27 - [TEST_STEP][PASSED] - verifyElementPresent(findTestObject("Object Repository/Page_Collect It Right/a_Design Centers_TabName"), 0): Object 'Object Repository/Page_Collect It Right/a_Design Centers_TabName' is present

2022-06-27 11:51:27 - [MESSAGE][WARNING] - Timeout '0' is invalid. Using default page load timeout: '30'

2022-06-27 11:51:29 - [MESSAGE][PASSED] - Object 'Object Repository/Page_Collect It Right/a_Design Centers_TabName' is present

2022-06-27 11:51:29 - [TEST_STEP][PASSED] - click(findTestObject("Page_Collect It Right/a_CIR_MenuOptions")): Object: 'Object Repository/Page_Collect It Right/a_CIR_MenuOptions' is clicked on

2022-06-27 11:51:30 - [MESSAGE][PASSED] - Object: 'Object Repository/Page_Collect It Right/a_CIR_MenuOptions' is clicked on

2022-06-27 11:51:30 - [TEST_STEP][PASSED] - click(findTestObject("Object Repository/Page_Collect It Right/a_Master File_Menu")): Object: 'Object Repository/Page_Collect It Right/a_Master File_Menu' is clicked on

2022-06-27 11:51:31 - [MESSAGE][PASSED] - Object: 'Object Repository/Page_Collect It Right/a_Master File_Menu' is clicked on

2022-06-27 11:51:31 - [TEST_STEP][PASSED] - verifyElementPresent(findTestObject("Page_Collect It Right/a_Master File_TabName"), 3): Object 'Object Repository/Page_Collect It Right/a_Master File_TabName' is present

2022-06-27 11:51:37 - [MESSAGE][PASSED] - Object 'Object Repository/Page_Collect It Right/a_Master File_TabName' is present

2022-06-27 11:51:37 - [TEST_STEP][PASSED] - click(findTestObject("Object Repository/Page_Collect It Right/a_CIR_MenuOptions")): Object: 'Object Repository/Page_Collect It Right/a_CIR_MenuOptions' is clicked on

2022-06-27 11:51:37 - [MESSAGE][PASSED] - Object: 'Object Repository/Page_Collect It Right/a_CIR_MenuOptions' is clicked on

2022-06-27 11:51:37 - [TEST_STEP][PASSED] - click(findTestObject("Page_Collect It Right/a_DWA Annex_Menu")): Object: 'Object Repository/Page_Collect It Right/a_DWA Annex_Menu' is clicked on

2022-06-27 11:51:37 - [MESSAGE][PASSED] - Object: 'Object Repository/Page_Collect It Right/a_DWA Annex_Menu' is clicked on

2022-06-27 11:51:37 - [TEST_STEP][PASSED] - verifyElementPresent(findTestObject("Page_Collect It Right/a_DWA Annex_TabName"), 0): Object 'Object Repository/Page_Collect It Right/a_DWA Annex_TabName' is present

2022-06-27 11:51:38 - [MESSAGE][WARNING] - Timeout '0' is invalid. Using default page load timeout: '30'

2022-06-27 11:51:38 - [MESSAGE][PASSED] - Object 'Object Repository/Page_Collect It Right/a_DWA Annex_TabName' is present

2022-06-27 11:51:38 - [TEST_STEP][PASSED] - click(findTestObject("Object Repository/Page_Collect It Right/a_CIR_MenuOptions")): Object: 'Object Repository/Page_Collect It Right/a_CIR_MenuOptions' is clicked on

2022-06-27 11:51:43 - [MESSAGE][PASSED] - Object: 'Object Repository/Page_Collect It Right/a_CIR_MenuOptions' is clicked on

2022-06-27 11:51:43 - [TEST_STEP][PASSED] - click(findTestObject("Object Repository/Page_Collect It Right/a_Market Intelligence_Menu")): Object: 'Object Repository/Page_Collect It Right/a_Market Intelligence_Menu' is clicked on

2022-06-27 11:51:44 - [MESSAGE][PASSED] - Object: 'Object Repository/Page_Collect It Right/a_Market Intelligence_Menu' is clicked on

2022-06-27 11:51:44 - [TEST_STEP][PASSED] - verifyElementPresent(findTestObject("Object Repository/Page_Collect It Right/div_Commodity"), 0): Object 'Object Repository/Page_Collect It Right/div_Commodity' is present

2022-06-27 11:51:44 - [MESSAGE][WARNING] - Timeout '0' is invalid. Using default page load timeout: '30'

2022-06-27 11:51:46 - [MESSAGE][PASSED] - Object 'Object Repository/Page_Collect It Right/div_Commodity' is present

2022-06-27 11:51:46 - [TEST_STEP][PASSED] - click(findTestObject("Page_Collect It Right/a_CIR_MenuOptions")): Object: 'Object Repository/Page_Collect It Right/a_CIR_MenuOptions' is clicked on

2022-06-27 11:51:47 - [MESSAGE][PASSED] - Object: 'Object Repository/Page_Collect It Right/a_CIR_MenuOptions' is clicked on

2022-06-27 11:51:47 - [TEST_STEP][PASSED] - click(findTestObject("Object Repository/Page_Collect It Right/a_Admin_Menu")): Object: 'Object Repository/Page_Collect It Right/a_Admin_Menu' is clicked on

2022-06-27 11:51:47 - [MESSAGE][PASSED] - Object: 'Object Repository/Page_Collect It Right/a_Admin_Menu' is clicked on

2022-06-27 11:51:47 - [TEST_STEP][PASSED] - click(findTestObject("Object Repository/Page_Collect It Right/a_Users")): Object: 'Object Repository/Page_Collect It Right/a_Users' is clicked on

2022-06-27 11:51:48 - [MESSAGE][PASSED] - Object: 'Object Repository/Page_Collect It Right/a_Users' is clicked on

2022-06-27 11:51:48 - [TEST_STEP][PASSED] - verifyElementPresent(findTestObject("Object Repository/Page_Collect It Right/a_All Users_TabName"), 0): Object 'Object Repository/Page_Collect It Right/a_All Users_TabName' is present

2022-06-27 11:51:48 - [MESSAGE][WARNING] - Timeout '0' is invalid. Using default page load timeout: '30'

2022-06-27 11:51:49 - [MESSAGE][PASSED] - Object 'Object Repository/Page_Collect It Right/a_All Users_TabName' is present

2022-06-27 11:51:49 - [TEST_STEP][PASSED] - click(findTestObject("Page_Collect It Right/a_CIR_MenuOptions")): Object: 'Object Repository/Page_Collect It Right/a_CIR_MenuOptions' is clicked on

2022-06-27 11:51:50 - [MESSAGE][PASSED] - Object: 'Object Repository/Page_Collect It Right/a_CIR_MenuOptions' is clicked on

2022-06-27 11:51:50 - [TEST_STEP][PASSED] - click(findTestObject("Object Repository/Page_Collect It Right/a_Admin_Menu")): Object: 'Object Repository/Page_Collect It Right/a_Admin_Menu' is clicked on

2022-06-27 11:51:51 - [MESSAGE][PASSED] - Object: 'Object Repository/Page_Collect It Right/a_Admin_Menu' is clicked on

2022-06-27 11:51:51 - [TEST_STEP][PASSED] - click(findTestObject("Object Repository/Page_Collect It Right/a_Customers_Menu")): Object: 'Object Repository/Page_Collect It Right/a_Customers_Menu' is clicked on

2022-06-27 11:51:51 - [MESSAGE][PASSED] - Object: 'Object Repository/Page_Collect It Right/a_Customers_Menu' is clicked on

2022-06-27 11:51:51 - [TEST_STEP][PASSED] - verifyElementPresent(findTestObject("Object Repository/Page_Collect It Right/a_All Customers_TabName"), 0): Object 'Object Repository/Page_Collect It Right/a_All Customers_TabName' is present

2022-06-27 11:51:52 - [MESSAGE][WARNING] - Timeout '0' is invalid. Using default page load timeout: '30'

2022-06-27 11:51:53 - [MESSAGE][PASSED] - Object 'Object Repository/Page_Collect It Right/a_All Customers_TabName' is present

2022-06-27 11:51:53 - [TEST_STEP][PASSED] - click(findTestObject("Object Repository/Page_Collect It Right/a_CIR_MenuOptions")): Object: 'Object Repository/Page_Collect It Right/a_CIR_MenuOptions' is clicked on

2022-06-27 11:51:54 - [MESSAGE][PASSED] - Object: 'Object Repository/Page_Collect It Right/a_CIR_MenuOptions' is clicked on

2022-06-27 11:51:54 - [TEST_STEP][PASSED] - click(findTestObject("Object Repository/Page_Collect It Right/a_Admin_Menu")): Object: 'Object Repository/Page_Collect It Right/a_Admin_Menu' is clicked on

2022-06-27 11:51:55 - [MESSAGE][PASSED] - Object: 'Object Repository/Page_Collect It Right/a_Admin_Menu' is clicked on

2022-06-27 11:51:55 - [TEST_STEP][PASSED] - click(findTestObject("Object Repository/Page_Collect It Right/a_AML Alignment_Menu")): Object: 'Object Repository/Page_Collect It Right/a_AML Alignment_Menu' is clicked on

2022-06-27 11:51:56 - [MESSAGE][PASSED] - Object: 'Object Repository/Page_Collect It Right/a_AML Alignment_Menu' is clicked on

2022-06-27 11:51:56 - [TEST_STEP][PASSED] - verifyElementPresent(findTestObject("Object Repository/Page_Collect It Right/a_AML Table_TabName"), 0): Object 'Object Repository/Page_Collect It Right/a_AML Table_TabName' is present

2022-06-27 11:51:56 - [MESSAGE][WARNING] - Timeout '0' is invalid. Using default page load timeout: '30'

2022-06-27 11:51:56 - [MESSAGE][PASSED] - Object 'Object Repository/Page_Collect It Right/a_AML Table_TabName' is present

2022-06-27 11:51:56 - [TEST_STEP][PASSED] - click(findTestObject("Object Repository/Page_Collect It Right/span_Welcome Thangasumathy Jayakumar")): Object: 'Object Repository/Page_Collect It Right/span_Welcome Thangasumathy Jayakumar' is clicked on

2022-06-27 11:51:57 - [MESSAGE][PASSED] - Object: 'Object Repository/Page_Collect It Right/span_Welcome Thangasumathy Jayakumar' is clicked on

2022-06-27 11:51:57 - [TEST_STEP][PASSED] - click(findTestObject("Object Repository/Page_Collect It Right/a_Logout")): Object: 'Object Repository/Page_Collect It Right/a_Logout' is clicked on

2022-06-27 11:51:58 - [MESSAGE][PASSED] - Object: 'Object Repository/Page_Collect It Right/a_Logout' is clicked on]]></system-out>
         <system-err><![CDATA[]]></system-err>
      </testcase>
      <system-out><![CDATA[2022-06-27 11:22:00 - [TEST_SUITE][FAILED] - Sanity_GBS_SF_CIR: Test Cases/Sanity/GBS/Create AF Project FAILED.
Reason:
com.kms.katalon.core.exception.StepFailedException: Unable to click on object 'Object Repository/Page_DIR_GBS/GBS Project/div_To Create Project   Drop GBS project'
	at com.kms.katalon.core.webui.keyword.internal.WebUIKeywordMain.stepFailed(WebUIKeywordMain.groovy:64)
	at com.kms.katalon.core.webui.keyword.internal.WebUIKeywordMain.runKeyword(WebUIKeywordMain.groovy:26)
	at com.kms.katalon.core.webui.keyword.builtin.UploadFileWithDragAndDrop.uploadFileWithDragAndDrop(UploadFileWithDragAndDrop.groovy:67)
	at com.kms.katalon.core.webui.keyword.builtin.UploadFileWithDragAndDrop.execute(UploadFileWithDragAndDrop.groovy:41)
	at com.kms.katalon.core.keyword.internal.KeywordExecutor.executeKeywordForPlatform(KeywordExecutor.groovy:74)
	at com.kms.katalon.core.webui.keyword.WebUiBuiltInKeywords.uploadFileWithDragAndDrop(WebUiBuiltInKeywords.groovy:5008)
	at com.kms.katalon.core.webui.keyword.WebUiBuiltInKeywords$uploadFileWithDragAndDrop$9.call(Unknown Source)
	at Create AF Project.run(Create AF Project:54)
	at com.kms.katalon.core.main.ScriptEngine.run(ScriptEngine.java:194)
	at com.kms.katalon.core.main.ScriptEngine.runScriptAsRawText(ScriptEngine.java:119)
	at com.kms.katalon.core.main.TestCaseExecutor.runScript(TestCaseExecutor.java:445)
	at com.kms.katalon.core.main.TestCaseExecutor.doExecute(TestCaseExecutor.java:436)
	at com.kms.katalon.core.main.TestCaseExecutor.processExecutionPhase(TestCaseExecutor.java:415)
	at com.kms.katalon.core.main.TestCaseExecutor.accessMainPhase(TestCaseExecutor.java:407)
	at com.kms.katalon.core.main.TestCaseExecutor.execute(TestCaseExecutor.java:284)
	at com.kms.katalon.core.common.CommonExecutor.accessTestCaseMainPhase(CommonExecutor.java:65)
	at com.kms.katalon.core.main.TestSuiteExecutor.accessTestSuiteMainPhase(TestSuiteExecutor.java:144)
	at com.kms.katalon.core.main.TestSuiteExecutor.execute(TestSuiteExecutor.java:106)
	at com.kms.katalon.core.main.TestCaseMain.startTestSuite(TestCaseMain.java:185)
	at com.kms.katalon.core.main.TestCaseMain$startTestSuite$0.call(Unknown Source)
	at TempTestSuite1656308517742.run(TempTestSuite1656308517742.groovy:36)
Caused by: org.openqa.selenium.InvalidArgumentException: invalid argument: File not found : C:\Sumathy\Katalon Projects_Scripts\PIR_DIR3\TestFiles\File for Dummy MPN.xlsx
  (Session info: chrome=102.0.5005.115)
Build info: version: '3.141.59', revision: 'e82be7d358', time: '2018-11-14T08:25:53'
System info: host: 'GSSM6818', ip: '10.195.90.218', os.name: 'Windows 10', os.arch: 'amd64', os.version: '10.0', java.version: '1.8.0_282'
Driver info: com.kms.katalon.selenium.driver.CChromeDriver
Capabilities {acceptInsecureCerts: false, browserName: chrome, browserVersion: 102.0.5005.115, chrome: {chromedriverVersion: 102.0.5005.61 (0e59bcc00cc4..., userDataDir: C:\Users\gssprpra\AppData\L...}, goog:chromeOptions: {debuggerAddress: localhost:55036}, javascriptEnabled: true, networkConnectionEnabled: false, pageLoadStrategy: normal, platform: WINDOWS, platformName: WINDOWS, proxy: Proxy(), setWindowRect: true, strictFileInteractability: false, timeouts: {implicit: 0, pageLoad: 300000, script: 30000}, unhandledPromptBehavior: dismiss and notify, webauthn:extension:credBlob: true, webauthn:extension:largeBlob: true, webauthn:virtualAuthenticators: true}
Session ID: e4a8312bcb39779412cb07a5b37c2785
	at org.openqa.selenium.remote.http.W3CHttpResponseCodec.createException(W3CHttpResponseCodec.java:187)
	at org.openqa.selenium.remote.http.W3CHttpResponseCodec.decode(W3CHttpResponseCodec.java:122)
	at org.openqa.selenium.remote.http.W3CHttpResponseCodec.decode(W3CHttpResponseCodec.java:49)
	at org.openqa.selenium.remote.HttpCommandExecutor.execute(HttpCommandExecutor.java:158)
	at org.openqa.selenium.remote.service.DriverCommandExecutor.execute(DriverCommandExecutor.java:83)
	at org.openqa.selenium.remote.RemoteWebDriver.execute(RemoteWebDriver.java:552)
	at com.kms.katalon.selenium.driver.CChromeDriver.execute(CChromeDriver.java:19)
	at org.openqa.selenium.remote.RemoteWebElement.execute(RemoteWebElement.java:285)
	at org.openqa.selenium.remote.RemoteWebElement.sendKeys(RemoteWebElement.java:106)
	at org.openqa.selenium.support.events.EventFiringWebDriver$EventFiringWebElement.lambda$new$0(EventFiringWebDriver.java:404)
	at com.sun.proxy.$Proxy11.sendKeys(Unknown Source)
	at org.openqa.selenium.support.events.EventFiringWebDriver$EventFiringWebElement.sendKeys(EventFiringWebDriver.java:429)
	at com.kms.katalon.core.webui.keyword.builtin.UploadFileWithDragAndDrop$_uploadFileWithDragAndDrop_closure1.doCall(UploadFileWithDragAndDrop.groovy:60)
	at com.kms.katalon.core.webui.keyword.builtin.UploadFileWithDragAndDrop$_uploadFileWithDragAndDrop_closure1.call(UploadFileWithDragAndDrop.groovy)
	at com.kms.katalon.core.webui.keyword.internal.WebUIKeywordMain.runKeyword(WebUIKeywordMain.groovy:20)
	... 19 more]]></system-out>
      <system-err><![CDATA[2022-06-27 11:22:00 - [TEST_SUITE][FAILED] - Sanity_GBS_SF_CIR: Test Cases/Sanity/GBS/Create AF Project FAILED.
Reason:
com.kms.katalon.core.exception.StepFailedException: Unable to click on object 'Object Repository/Page_DIR_GBS/GBS Project/div_To Create Project   Drop GBS project'
	at com.kms.katalon.core.webui.keyword.internal.WebUIKeywordMain.stepFailed(WebUIKeywordMain.groovy:64)
	at com.kms.katalon.core.webui.keyword.internal.WebUIKeywordMain.runKeyword(WebUIKeywordMain.groovy:26)
	at com.kms.katalon.core.webui.keyword.builtin.UploadFileWithDragAndDrop.uploadFileWithDragAndDrop(UploadFileWithDragAndDrop.groovy:67)
	at com.kms.katalon.core.webui.keyword.builtin.UploadFileWithDragAndDrop.execute(UploadFileWithDragAndDrop.groovy:41)
	at com.kms.katalon.core.keyword.internal.KeywordExecutor.executeKeywordForPlatform(KeywordExecutor.groovy:74)
	at com.kms.katalon.core.webui.keyword.WebUiBuiltInKeywords.uploadFileWithDragAndDrop(WebUiBuiltInKeywords.groovy:5008)
	at com.kms.katalon.core.webui.keyword.WebUiBuiltInKeywords$uploadFileWithDragAndDrop$9.call(Unknown Source)
	at Create AF Project.run(Create AF Project:54)
	at com.kms.katalon.core.main.ScriptEngine.run(ScriptEngine.java:194)
	at com.kms.katalon.core.main.ScriptEngine.runScriptAsRawText(ScriptEngine.java:119)
	at com.kms.katalon.core.main.TestCaseExecutor.runScript(TestCaseExecutor.java:445)
	at com.kms.katalon.core.main.TestCaseExecutor.doExecute(TestCaseExecutor.java:436)
	at com.kms.katalon.core.main.TestCaseExecutor.processExecutionPhase(TestCaseExecutor.java:415)
	at com.kms.katalon.core.main.TestCaseExecutor.accessMainPhase(TestCaseExecutor.java:407)
	at com.kms.katalon.core.main.TestCaseExecutor.execute(TestCaseExecutor.java:284)
	at com.kms.katalon.core.common.CommonExecutor.accessTestCaseMainPhase(CommonExecutor.java:65)
	at com.kms.katalon.core.main.TestSuiteExecutor.accessTestSuiteMainPhase(TestSuiteExecutor.java:144)
	at com.kms.katalon.core.main.TestSuiteExecutor.execute(TestSuiteExecutor.java:106)
	at com.kms.katalon.core.main.TestCaseMain.startTestSuite(TestCaseMain.java:185)
	at com.kms.katalon.core.main.TestCaseMain$startTestSuite$0.call(Unknown Source)
	at TempTestSuite1656308517742.run(TempTestSuite1656308517742.groovy:36)
Caused by: org.openqa.selenium.InvalidArgumentException: invalid argument: File not found : C:\Sumathy\Katalon Projects_Scripts\PIR_DIR3\TestFiles\File for Dummy MPN.xlsx
  (Session info: chrome=102.0.5005.115)
Build info: version: '3.141.59', revision: 'e82be7d358', time: '2018-11-14T08:25:53'
System info: host: 'GSSM6818', ip: '10.195.90.218', os.name: 'Windows 10', os.arch: 'amd64', os.version: '10.0', java.version: '1.8.0_282'
Driver info: com.kms.katalon.selenium.driver.CChromeDriver
Capabilities {acceptInsecureCerts: false, browserName: chrome, browserVersion: 102.0.5005.115, chrome: {chromedriverVersion: 102.0.5005.61 (0e59bcc00cc4..., userDataDir: C:\Users\gssprpra\AppData\L...}, goog:chromeOptions: {debuggerAddress: localhost:55036}, javascriptEnabled: true, networkConnectionEnabled: false, pageLoadStrategy: normal, platform: WINDOWS, platformName: WINDOWS, proxy: Proxy(), setWindowRect: true, strictFileInteractability: false, timeouts: {implicit: 0, pageLoad: 300000, script: 30000}, unhandledPromptBehavior: dismiss and notify, webauthn:extension:credBlob: true, webauthn:extension:largeBlob: true, webauthn:virtualAuthenticators: true}
Session ID: e4a8312bcb39779412cb07a5b37c2785
	at org.openqa.selenium.remote.http.W3CHttpResponseCodec.createException(W3CHttpResponseCodec.java:187)
	at org.openqa.selenium.remote.http.W3CHttpResponseCodec.decode(W3CHttpResponseCodec.java:122)
	at org.openqa.selenium.remote.http.W3CHttpResponseCodec.decode(W3CHttpResponseCodec.java:49)
	at org.openqa.selenium.remote.HttpCommandExecutor.execute(HttpCommandExecutor.java:158)
	at org.openqa.selenium.remote.service.DriverCommandExecutor.execute(DriverCommandExecutor.java:83)
	at org.openqa.selenium.remote.RemoteWebDriver.execute(RemoteWebDriver.java:552)
	at com.kms.katalon.selenium.driver.CChromeDriver.execute(CChromeDriver.java:19)
	at org.openqa.selenium.remote.RemoteWebElement.execute(RemoteWebElement.java:285)
	at org.openqa.selenium.remote.RemoteWebElement.sendKeys(RemoteWebElement.java:106)
	at org.openqa.selenium.support.events.EventFiringWebDriver$EventFiringWebElement.lambda$new$0(EventFiringWebDriver.java:404)
	at com.sun.proxy.$Proxy11.sendKeys(Unknown Source)
	at org.openqa.selenium.support.events.EventFiringWebDriver$EventFiringWebElement.sendKeys(EventFiringWebDriver.java:429)
	at com.kms.katalon.core.webui.keyword.builtin.UploadFileWithDragAndDrop$_uploadFileWithDragAndDrop_closure1.doCall(UploadFileWithDragAndDrop.groovy:60)
	at com.kms.katalon.core.webui.keyword.builtin.UploadFileWithDragAndDrop$_uploadFileWithDragAndDrop_closure1.call(UploadFileWithDragAndDrop.groovy)
	at com.kms.katalon.core.webui.keyword.internal.WebUIKeywordMain.runKeyword(WebUIKeywordMain.groovy:20)
	... 19 more]]></system-err>
   </testsuite>
</testsuites>
