<?xml version="1.0" encoding="UTF-8"?>
<testsuites name="Sanity_GBS" time="634.551" tests="5" failures="0" errors="0">
   <testsuite name="Sanity_GBS" tests="5" failures="0" errors="0" time="634.551" skipped="0" timestamp="2022-06-06 15:29:19" hostname="gsstjaya - GSSM0803.asia.ad.flextronics.com" id="Test Suites/Sanity_GBS">
      <properties>
         <property name="deviceName" value=""/>
         <property name="devicePlatform" value=""/>
         <property name="logFolder" value="C:\\Sumathy\\Katalon Projects_Scripts\\PIR_DIR2\\Reports\\20220606_152908\\Sanity_GBS\\20220606_152909"/>
         <property name="logFiles" value="C:\\Sumathy\\Katalon Projects_Scripts\\PIR_DIR2\\Reports\\20220606_152908\\Sanity_GBS\\20220606_152909\\execution0.log"/>
         <property name="attachments" value=""/>
         <property name="hostName" value="gsstjaya - GSSM0803.asia.ad.flextronics.com"/>
         <property name="os" value="Windows 10 64bit"/>
         <property name="katalonVersion" value="8.3.5.208"/>
         <property name="browser" value="Chrome 102.0.5005.63"/>
         <property name="hostAddress" value="10.195.68.171"/>
         <property name="sessionId" value="fd2e6bf1bdfd6977120b076c2f4764d6"/>
         <property name="seleniumVersion" value="3.141.59"/>
         <property name="proxyInformation" value="ProxyInformation { proxyOption=NO_PROXY, proxyServerType=HTTP, username=, password=********, proxyServerAddress=, proxyServerPort=0, executionList=&quot;&quot;, isApplyToDesiredCapabilities=true }"/>
         <property name="platform" value="Windows 10"/>
      </properties>
      <testcase name="Test Cases/Sanity/GBS/Create AF Project" time="195.116" classname="Test Cases/Sanity/GBS/Create AF Project" status="PASSED">
         <system-out><![CDATA[2022-06-06 15:29:20 - [TEST_CASE][PASSED] - Test Cases/Sanity/GBS/Create AF Project: Test Cases/Sanity/GBS/Create AF Project

2022-06-06 15:29:20 - [TEST_STEP][PASSED] - openBrowser(""): Browser is opened with url: ''

2022-06-06 15:29:21 - [MESSAGE][INFO] - Starting 'Chrome' driver

2022-06-06 15:29:21 - [MESSAGE][INFO] - Action delay is set to 0 milliseconds

2022-06-06 15:29:23 - [MESSAGE][PASSED] - Browser is opened with url: ''

2022-06-06 15:29:23 - [TEST_STEP][PASSED] - maximizeWindow(): Current window maximized

2022-06-06 15:29:23 - [MESSAGE][PASSED] - Current window maximized

2022-06-06 15:29:23 - [TEST_STEP][PASSED] - navigateToUrl(URL): Navigate to 'https://pirqa.flex.com/login' successfully

2022-06-06 15:29:26 - [MESSAGE][PASSED] - Navigate to 'https://pirqa.flex.com/login' successfully

2022-06-06 15:29:26 - [TEST_STEP][PASSED] - setText(findTestObject("Page_It-Right Platform/Username"), username): Text 'gsstjaya' is set on object 'Object Repository/Page_It-Right Platform/Username'

2022-06-06 15:29:27 - [MESSAGE][PASSED] - Text 'gsstjaya' is set on object 'Object Repository/Page_It-Right Platform/Username'

2022-06-06 15:29:27 - [TEST_STEP][PASSED] - setEncryptedText(findTestObject("Page_It-Right Platform/password"), pwd): Text ****** has been set on object 'Object Repository/Page_It-Right Platform/password'

2022-06-06 15:29:27 - [MESSAGE][PASSED] - Text ****** has been set on object 'Object Repository/Page_It-Right Platform/password'

2022-06-06 15:29:27 - [TEST_STEP][PASSED] - click(findTestObject("Page_It-Right Platform/button_Sign in")): Object: 'Object Repository/Page_It-Right Platform/button_Sign in' is clicked on

2022-06-06 15:29:30 - [MESSAGE][PASSED] - Object: 'Object Repository/Page_It-Right Platform/button_Sign in' is clicked on

2022-06-06 15:29:30 - [TEST_STEP][PASSED] - click(findTestObject("Object Repository/Page_It-Right Platform/span_WelcomeToggler")): Object: 'Object Repository/Page_It-Right Platform/span_WelcomeToggler' is clicked on

2022-06-06 15:29:31 - [MESSAGE][PASSED] - Object: 'Object Repository/Page_It-Right Platform/span_WelcomeToggler' is clicked on

2022-06-06 15:29:31 - [TEST_STEP][PASSED] - verifyElementPresent(findTestObject("Object Repository/Page_It-Right Platform/div_WelcomeMenu"), 0): Object 'Object Repository/Page_It-Right Platform/div_WelcomeMenu' is present

2022-06-06 15:29:31 - [MESSAGE][WARNING] - Timeout '0' is invalid. Using default page load timeout: '30'

2022-06-06 15:29:31 - [MESSAGE][PASSED] - Object 'Object Repository/Page_It-Right Platform/div_WelcomeMenu' is present

2022-06-06 15:29:31 - [TEST_STEP][PASSED] - scrollToElement(findTestObject("Page_It-Right Platform/span_GBS"), 0): Scroll to object 'Object Repository/Page_It-Right Platform/span_GBS' successfully

2022-06-06 15:29:31 - [MESSAGE][WARNING] - Timeout '0' is invalid. Using default page load timeout: '30'

2022-06-06 15:29:32 - [MESSAGE][PASSED] - Scroll to object 'Object Repository/Page_It-Right Platform/span_GBS' successfully

2022-06-06 15:29:32 - [TEST_STEP][PASSED] - waitForElementClickable(findTestObject("Page_It-Right Platform/span_GBS"), 0): Object 'Object Repository/Page_It-Right Platform/span_GBS' is clickable

2022-06-06 15:29:32 - [MESSAGE][WARNING] - Timeout '0' is invalid. Using default page load timeout: '30'

2022-06-06 15:29:32 - [MESSAGE][PASSED] - Object 'Object Repository/Page_It-Right Platform/span_GBS' is clickable

2022-06-06 15:29:32 - [TEST_STEP][PASSED] - click(findTestObject("Page_It-Right Platform/span_GBS")): Object: 'Object Repository/Page_It-Right Platform/span_GBS' is clicked on

2022-06-06 15:29:37 - [MESSAGE][PASSED] - Object: 'Object Repository/Page_It-Right Platform/span_GBS' is clicked on

2022-06-06 15:29:37 - [TEST_STEP][PASSED] - delay(2): Delayed 2 second(s)

2022-06-06 15:29:39 - [MESSAGE][PASSED] - Delayed 2 second(s)

2022-06-06 15:29:39 - [TEST_STEP][PASSED] - click(findTestObject("Page_DIR/button_Technical Sourcing")): Object: 'Object Repository/Page_DIR/button_Technical Sourcing' is clicked on

2022-06-06 15:29:43 - [MESSAGE][PASSED] - Object: 'Object Repository/Page_DIR/button_Technical Sourcing' is clicked on

2022-06-06 15:29:43 - [TEST_STEP][PASSED] - click(findTestObject("Page_DIR/span_Flex_Organization")): Object: 'Object Repository/Page_DIR/span_Flex_Organization' is clicked on

2022-06-06 15:29:43 - [MESSAGE][PASSED] - Object: 'Object Repository/Page_DIR/span_Flex_Organization' is clicked on

2022-06-06 15:29:43 - [TEST_STEP][PASSED] - selectOptionByValue(findTestObject("Page_DIR/select_Organization"), "FLEX", true): All options with value 'FLEX' are selected in object 'Object Repository/Page_DIR/select_Organization'  using regular expression

2022-06-06 15:29:50 - [MESSAGE][PASSED] - All options with value 'FLEX' are selected in object 'Object Repository/Page_DIR/select_Organization'  using regular expression

2022-06-06 15:29:50 - [TEST_STEP][PASSED] - delay(2): Delayed 2 second(s)

2022-06-06 15:29:52 - [MESSAGE][PASSED] - Delayed 2 second(s)

2022-06-06 15:29:52 - [TEST_STEP][PASSED] - verifyElementPresent(findTestObject("Page_DIR/div_To Create Project   Drop GBS project"), 0): Object 'Object Repository/Page_DIR/div_To Create Project   Drop GBS project' is present

2022-06-06 15:29:53 - [MESSAGE][WARNING] - Timeout '0' is invalid. Using default page load timeout: '30'

2022-06-06 15:29:53 - [MESSAGE][PASSED] - Object 'Object Repository/Page_DIR/div_To Create Project   Drop GBS project' is present

2022-06-06 15:29:53 - [TEST_STEP][PASSED] - uploadFileWithDragAndDrop(findTestObject("Page_DIR/div_To Create Project   Drop GBS project"), GBSAF_File): null

2022-06-06 15:29:53 - [TEST_STEP][PASSED] - verifyElementPresent(findTestObject("Page_DIR/div_Choose Analysis Type"), 3): Object 'Object Repository/Page_DIR/div_Choose Analysis Type' is present

2022-06-06 15:29:54 - [MESSAGE][PASSED] - Object 'Object Repository/Page_DIR/div_Choose Analysis Type' is present

2022-06-06 15:29:54 - [TEST_STEP][PASSED] - click(findTestObject("Page_DIR/button_OK")): Object: 'Object Repository/Page_DIR/button_OK' is clicked on

2022-06-06 15:29:54 - [MESSAGE][PASSED] - Object: 'Object Repository/Page_DIR/button_OK' is clicked on

2022-06-06 15:29:54 - [TEST_STEP][PASSED] - delay(2): Delayed 2 second(s)

2022-06-06 15:29:56 - [MESSAGE][PASSED] - Delayed 2 second(s)

2022-06-06 15:29:56 - [TEST_STEP][PASSED] - verifyElementPresent(findTestObject("Page_DIR/div_Create Project"), 3): Object 'Object Repository/Page_DIR/div_Create Project' is present

2022-06-06 15:29:58 - [MESSAGE][PASSED] - Object 'Object Repository/Page_DIR/div_Create Project' is present

2022-06-06 15:29:58 - [TEST_STEP][PASSED] - click(findTestObject("Page_DIR/input__dueDate")): Object: 'Object Repository/Page_DIR/input__dueDate' is clicked on

2022-06-06 15:29:59 - [MESSAGE][PASSED] - Object: 'Object Repository/Page_DIR/input__dueDate' is clicked on

2022-06-06 15:29:59 - [TEST_STEP][PASSED] - delay(1): Delayed 1 second(s)

2022-06-06 15:30:00 - [MESSAGE][PASSED] - Delayed 1 second(s)

2022-06-06 15:30:00 - [TEST_STEP][PASSED] - click(findTestObject("Page_DIR/span_Month")): Object: 'Object Repository/Page_DIR/span_Month' is clicked on

2022-06-06 15:30:00 - [MESSAGE][PASSED] - Object: 'Object Repository/Page_DIR/span_Month' is clicked on

2022-06-06 15:30:00 - [TEST_STEP][PASSED] - scrollToElement(findTestObject("Page_DIR/span_MonthDecember"), 1, STOP_ON_FAILURE): Scroll to object 'Object Repository/Page_DIR/span_MonthDecember' successfully

2022-06-06 15:30:00 - [MESSAGE][PASSED] - Scroll to object 'Object Repository/Page_DIR/span_MonthDecember' successfully

2022-06-06 15:30:00 - [TEST_STEP][PASSED] - click(findTestObject("Page_DIR/span_MonthDecember")): Object: 'Object Repository/Page_DIR/span_MonthDecember' is clicked on

2022-06-06 15:30:01 - [MESSAGE][PASSED] - Object: 'Object Repository/Page_DIR/span_MonthDecember' is clicked on

2022-06-06 15:30:01 - [TEST_STEP][PASSED] - delay(1): Delayed 1 second(s)

2022-06-06 15:30:02 - [MESSAGE][PASSED] - Delayed 1 second(s)

2022-06-06 15:30:02 - [TEST_STEP][PASSED] - click(findTestObject("Page_DIR/span_Year")): Object: 'Object Repository/Page_DIR/span_Year' is clicked on

2022-06-06 15:30:02 - [MESSAGE][PASSED] - Object: 'Object Repository/Page_DIR/span_Year' is clicked on

2022-06-06 15:30:02 - [TEST_STEP][PASSED] - delay(1): Delayed 1 second(s)

2022-06-06 15:30:03 - [MESSAGE][PASSED] - Delayed 1 second(s)

2022-06-06 15:30:03 - [TEST_STEP][PASSED] - scrollToElement(findTestObject("Page_DIR/span_Year2024"), 2): Scroll to object 'Object Repository/Page_DIR/span_Year2024' successfully

2022-06-06 15:30:04 - [MESSAGE][PASSED] - Scroll to object 'Object Repository/Page_DIR/span_Year2024' successfully

2022-06-06 15:30:04 - [TEST_STEP][PASSED] - click(findTestObject("Page_DIR/span_Year2024")): Object: 'Object Repository/Page_DIR/span_Year2024' is clicked on

2022-06-06 15:30:04 - [MESSAGE][PASSED] - Object: 'Object Repository/Page_DIR/span_Year2024' is clicked on

2022-06-06 15:30:04 - [TEST_STEP][PASSED] - delay(1): Delayed 1 second(s)

2022-06-06 15:30:05 - [MESSAGE][PASSED] - Delayed 1 second(s)

2022-06-06 15:30:05 - [TEST_STEP][PASSED] - click(findTestObject("Page_DIR/div_Date31")): Object: 'Object Repository/Page_DIR/div_Date31' is clicked on

2022-06-06 15:30:06 - [MESSAGE][PASSED] - Object: 'Object Repository/Page_DIR/div_Date31' is clicked on

2022-06-06 15:30:06 - [TEST_STEP][PASSED] - delay(2): Delayed 2 second(s)

2022-06-06 15:30:08 - [MESSAGE][PASSED] - Delayed 2 second(s)

2022-06-06 15:30:08 - [TEST_STEP][PASSED] - setText(findTestObject("Page_DIR/textarea_Comments_comments"), "Test"): Text 'Test' is set on object 'Object Repository/Page_DIR/textarea_Comments_comments'

2022-06-06 15:30:39 - [MESSAGE][INFO] - Unable to find the element located by 'By.xpath: //textarea[@id='req-comments-text-area']'. Please recheck the objects properties to make sure the desired element is located. 

2022-06-06 15:30:39 - [MESSAGE][WARNING] - [SELF-HEALING] Failed to find element with id 'Object Repository/Page_DIR/textarea_Comments_comments'. Try using Self-healing.

2022-06-06 15:30:39 - [MESSAGE][WARNING] - [SELF-HEALING] The current locator of test object 'Object Repository/Page_DIR/textarea_Comments_comments' was broken. Propose an alternative one: '//textarea'.

2022-06-06 15:31:10 - [MESSAGE][INFO] - Unable to find the element located by 'By.xpath: //textarea[@id='req-comments-text-area']'. Please recheck the objects properties to make sure the desired element is located. 

2022-06-06 15:31:10 - [MESSAGE][WARNING] - [SELF-HEALING] Failed to find element with id 'Object Repository/Page_DIR/textarea_Comments_comments'. Try using Self-healing.

2022-06-06 15:31:11 - [MESSAGE][WARNING] - [SELF-HEALING] The current locator of test object 'Object Repository/Page_DIR/textarea_Comments_comments' was broken. Propose an alternative one: '//textarea'.

2022-06-06 15:31:11 - [MESSAGE][PASSED] - Text 'Test' is set on object 'Object Repository/Page_DIR/textarea_Comments_comments'

2022-06-06 15:31:11 - [TEST_STEP][PASSED] - scrollToElement(findTestObject("Page_DIR/button_Create"), 2): Scroll to object 'Object Repository/Page_DIR/button_Create' successfully

2022-06-06 15:31:42 - [MESSAGE][INFO] - Unable to find the element located by 'By.xpath: //button[@id='create-request']'. Please recheck the objects properties to make sure the desired element is located. 

2022-06-06 15:31:42 - [MESSAGE][WARNING] - [SELF-HEALING] Failed to find element with id 'Object Repository/Page_DIR/button_Create'. Try using Self-healing.

2022-06-06 15:31:42 - [MESSAGE][WARNING] - [SELF-HEALING] The current locator of test object 'Object Repository/Page_DIR/button_Create' was broken. Propose an alternative one: '(.//*[normalize-space(text()) and normalize-space(.)='Cancel'])[2]/preceding::button[1]'.

2022-06-06 15:31:42 - [MESSAGE][PASSED] - Scroll to object 'Object Repository/Page_DIR/button_Create' successfully

2022-06-06 15:31:42 - [TEST_STEP][PASSED] - click(findTestObject("Page_DIR/button_Create")): Object: 'Object Repository/Page_DIR/button_Create' is clicked on

2022-06-06 15:32:13 - [MESSAGE][INFO] - Unable to find the element located by 'By.xpath: //button[@id='create-request']'. Please recheck the objects properties to make sure the desired element is located. 

2022-06-06 15:32:13 - [MESSAGE][WARNING] - [SELF-HEALING] Failed to find element with id 'Object Repository/Page_DIR/button_Create'. Try using Self-healing.

2022-06-06 15:32:14 - [MESSAGE][WARNING] - [SELF-HEALING] The current locator of test object 'Object Repository/Page_DIR/button_Create' was broken. Propose an alternative one: '(.//*[normalize-space(text()) and normalize-space(.)='Cancel'])[2]/preceding::button[1]'.

2022-06-06 15:32:14 - [MESSAGE][PASSED] - Object: 'Object Repository/Page_DIR/button_Create' is clicked on

2022-06-06 15:32:14 - [TEST_STEP][PASSED] - delay(1): Delayed 1 second(s)

2022-06-06 15:32:15 - [MESSAGE][PASSED] - Delayed 1 second(s)

2022-06-06 15:32:15 - [TEST_STEP][PASSED] - waitForElementPresent(findTestObject("Page_DIR/div_Project success msg"), 3): Object 'Object Repository/Page_DIR/div_Project success msg' is present

2022-06-06 15:32:31 - [MESSAGE][PASSED] - Object 'Object Repository/Page_DIR/div_Project success msg' is present

2022-06-06 15:32:31 - [TEST_STEP][PASSED] - verifyElementPresent(findTestObject("Page_DIR/div_Project success msg"), 3): Object 'Object Repository/Page_DIR/div_Project success msg' is present

2022-06-06 15:32:32 - [MESSAGE][PASSED] - Object 'Object Repository/Page_DIR/div_Project success msg' is present

2022-06-06 15:32:32 - [TEST_STEP][PASSED] - delay(1): Delayed 1 second(s)

2022-06-06 15:32:33 - [MESSAGE][PASSED] - Delayed 1 second(s)

2022-06-06 15:32:33 - [TEST_STEP][PASSED] - verifyElementPresent(findTestObject("Page_DIR/td_FileName_Dummy"), 2): Object 'Object Repository/Page_DIR/td_FileName_Dummy' is present

2022-06-06 15:32:33 - [MESSAGE][PASSED] - Object 'Object Repository/Page_DIR/td_FileName_Dummy' is present

2022-06-06 15:32:33 - [TEST_STEP][PASSED] - verifyElementAttributeValue(findTestObject("Page_DIR/td_FileName_Dummy"), "text", GBSAF_FileName, 3): Object 'Object Repository/Page_DIR/td_FileName_Dummy' has attribute 'text' with value 'File for Dummy MPN'

2022-06-06 15:32:33 - [MESSAGE][PASSED] - Object 'Object Repository/Page_DIR/td_FileName_Dummy' has attribute 'text' with value 'File for Dummy MPN'

2022-06-06 15:32:33 - [TEST_STEP][PASSED] - click(findTestObject("Page_DIR/span_Welcome Thangasumathy Jayakumar")): Object: 'Object Repository/Page_DIR/span_Welcome Thangasumathy Jayakumar' is clicked on

2022-06-06 15:32:34 - [MESSAGE][PASSED] - Object: 'Object Repository/Page_DIR/span_Welcome Thangasumathy Jayakumar' is clicked on

2022-06-06 15:32:34 - [TEST_STEP][PASSED] - click(findTestObject("Page_DIR/a_Logout")): Object: 'Object Repository/Page_DIR/a_Logout' is clicked on

2022-06-06 15:32:35 - [MESSAGE][PASSED] - Object: 'Object Repository/Page_DIR/a_Logout' is clicked on]]></system-out>
         <system-err><![CDATA[]]></system-err>
      </testcase>
      <testcase name="Test Cases/Sanity/GBS/AF_Review_Save" time="113.466" classname="Test Cases/Sanity/GBS/AF_Review_Save" status="PASSED">
         <system-out><![CDATA[2022-06-06 15:32:35 - [TEST_CASE][PASSED] - Test Cases/Sanity/GBS/AF_Review_Save: Test Cases/Sanity/GBS/AF_Review_Save

2022-06-06 15:32:35 - [TEST_STEP][PASSED] - openBrowser(""): Browser is opened with url: ''

2022-06-06 15:32:35 - [MESSAGE][WARNING] - A browser is already opened. Closing browser and opening a new one

2022-06-06 15:32:36 - [MESSAGE][INFO] - Starting 'Chrome' driver

2022-06-06 15:32:36 - [MESSAGE][INFO] - Action delay is set to 0 milliseconds

2022-06-06 15:32:37 - [MESSAGE][PASSED] - Browser is opened with url: ''

2022-06-06 15:32:37 - [TEST_STEP][PASSED] - maximizeWindow(): Current window maximized

2022-06-06 15:32:38 - [MESSAGE][PASSED] - Current window maximized

2022-06-06 15:32:38 - [TEST_STEP][PASSED] - navigateToUrl(URL): Navigate to 'https://pirqa.flex.com/login' successfully

2022-06-06 15:32:40 - [MESSAGE][PASSED] - Navigate to 'https://pirqa.flex.com/login' successfully

2022-06-06 15:32:40 - [TEST_STEP][PASSED] - setText(findTestObject("Page_It-Right Platform/Username"), username): Text 'gsstjaya' is set on object 'Object Repository/Page_It-Right Platform/Username'

2022-06-06 15:32:41 - [MESSAGE][PASSED] - Text 'gsstjaya' is set on object 'Object Repository/Page_It-Right Platform/Username'

2022-06-06 15:32:41 - [TEST_STEP][PASSED] - setEncryptedText(findTestObject("Page_It-Right Platform/password"), pwd): Text ****** has been set on object 'Object Repository/Page_It-Right Platform/password'

2022-06-06 15:32:42 - [MESSAGE][PASSED] - Text ****** has been set on object 'Object Repository/Page_It-Right Platform/password'

2022-06-06 15:32:42 - [TEST_STEP][PASSED] - click(findTestObject("Page_It-Right Platform/button_Sign in")): Object: 'Object Repository/Page_It-Right Platform/button_Sign in' is clicked on

2022-06-06 15:32:44 - [MESSAGE][PASSED] - Object: 'Object Repository/Page_It-Right Platform/button_Sign in' is clicked on

2022-06-06 15:32:44 - [TEST_STEP][PASSED] - click(findTestObject("Object Repository/Page_It-Right Platform/span_WelcomeToggler")): Object: 'Object Repository/Page_It-Right Platform/span_WelcomeToggler' is clicked on

2022-06-06 15:32:45 - [MESSAGE][PASSED] - Object: 'Object Repository/Page_It-Right Platform/span_WelcomeToggler' is clicked on

2022-06-06 15:32:45 - [TEST_STEP][PASSED] - verifyElementPresent(findTestObject("Object Repository/Page_It-Right Platform/div_WelcomeMenu"), 0): Object 'Object Repository/Page_It-Right Platform/div_WelcomeMenu' is present

2022-06-06 15:32:45 - [MESSAGE][WARNING] - Timeout '0' is invalid. Using default page load timeout: '30'

2022-06-06 15:32:46 - [MESSAGE][PASSED] - Object 'Object Repository/Page_It-Right Platform/div_WelcomeMenu' is present

2022-06-06 15:32:46 - [TEST_STEP][PASSED] - click(findTestObject("Object Repository/Page_It-Right Platform/span_GBS")): Object: 'Object Repository/Page_It-Right Platform/span_GBS' is clicked on

2022-06-06 15:32:50 - [MESSAGE][PASSED] - Object: 'Object Repository/Page_It-Right Platform/span_GBS' is clicked on

2022-06-06 15:32:50 - [TEST_STEP][PASSED] - delay(2): Delayed 2 second(s)

2022-06-06 15:32:52 - [MESSAGE][PASSED] - Delayed 2 second(s)

2022-06-06 15:32:52 - [TEST_STEP][PASSED] - click(findTestObject("Page_DIR/button_Technical Sourcing")): Object: 'Object Repository/Page_DIR/button_Technical Sourcing' is clicked on

2022-06-06 15:32:53 - [MESSAGE][PASSED] - Object: 'Object Repository/Page_DIR/button_Technical Sourcing' is clicked on

2022-06-06 15:32:53 - [TEST_STEP][PASSED] - click(findTestObject("Page_DIR/span_Flex_Organization")): Object: 'Object Repository/Page_DIR/span_Flex_Organization' is clicked on

2022-06-06 15:32:54 - [MESSAGE][PASSED] - Object: 'Object Repository/Page_DIR/span_Flex_Organization' is clicked on

2022-06-06 15:32:54 - [TEST_STEP][PASSED] - selectOptionByValue(findTestObject("Page_DIR/select_Organization"), "FLEX", true): All options with value 'FLEX' are selected in object 'Object Repository/Page_DIR/select_Organization'  using regular expression

2022-06-06 15:32:59 - [MESSAGE][PASSED] - All options with value 'FLEX' are selected in object 'Object Repository/Page_DIR/select_Organization'  using regular expression

2022-06-06 15:32:59 - [TEST_STEP][PASSED] - delay(2): Delayed 2 second(s)

2022-06-06 15:33:01 - [MESSAGE][PASSED] - Delayed 2 second(s)

2022-06-06 15:33:01 - [TEST_STEP][PASSED] - scrollToElement(findTestObject("Page_DIR/i_Project-folder-open"), 2): Scroll to object 'Object Repository/Page_DIR/i_Project-folder-open' successfully

2022-06-06 15:33:32 - [MESSAGE][INFO] - Unable to find the element located by 'By.xpath: //tr[@id='3835']/td[17]/a/i'. Please recheck the objects properties to make sure the desired element is located. 

2022-06-06 15:33:32 - [MESSAGE][WARNING] - [SELF-HEALING] Failed to find element with id 'Object Repository/Page_DIR/i_Project-folder-open'. Try using Self-healing.

2022-06-06 15:33:33 - [MESSAGE][WARNING] - [SELF-HEALING] The current locator of test object 'Object Repository/Page_DIR/i_Project-folder-open' was broken. Propose an alternative one: '//tr[2]/td[17]/a/i'.

2022-06-06 15:33:33 - [MESSAGE][PASSED] - Scroll to object 'Object Repository/Page_DIR/i_Project-folder-open' successfully

2022-06-06 15:33:33 - [TEST_STEP][PASSED] - click(findTestObject("Page_DIR/i_Project-folder-open")): Object: 'Object Repository/Page_DIR/i_Project-folder-open' is clicked on

2022-06-06 15:34:04 - [MESSAGE][INFO] - Unable to find the element located by 'By.xpath: //tr[@id='3835']/td[17]/a/i'. Please recheck the objects properties to make sure the desired element is located. 

2022-06-06 15:34:04 - [MESSAGE][WARNING] - [SELF-HEALING] Failed to find element with id 'Object Repository/Page_DIR/i_Project-folder-open'. Try using Self-healing.

2022-06-06 15:34:04 - [MESSAGE][WARNING] - [SELF-HEALING] The current locator of test object 'Object Repository/Page_DIR/i_Project-folder-open' was broken. Propose an alternative one: '//tr[2]/td[17]/a/i'.

2022-06-06 15:34:04 - [MESSAGE][PASSED] - Object: 'Object Repository/Page_DIR/i_Project-folder-open' is clicked on

2022-06-06 15:34:04 - [TEST_STEP][PASSED] - delay(3): Delayed 3 second(s)

2022-06-06 15:34:07 - [MESSAGE][PASSED] - Delayed 3 second(s)

2022-06-06 15:34:07 - [TEST_STEP][PASSED] - verifyElementPresent(findTestObject("Page_DIR/a_Back to Projects"), 2): Object 'Object Repository/Page_DIR/a_Back to Projects' is present

2022-06-06 15:34:08 - [MESSAGE][PASSED] - Object 'Object Repository/Page_DIR/a_Back to Projects' is present

2022-06-06 15:34:08 - [TEST_STEP][PASSED] - verifyElementPresent(findTestObject("Page_DIR/a_PIR-TEST-0005"), 2): Object 'Object Repository/Page_DIR/a_PIR-TEST-0005' is present

2022-06-06 15:34:08 - [MESSAGE][PASSED] - Object 'Object Repository/Page_DIR/a_PIR-TEST-0005' is present

2022-06-06 15:34:08 - [TEST_STEP][PASSED] - click(findTestObject("Page_DIR/i_MPNoptionsMain")): Object: 'Object Repository/Page_DIR/i_MPNoptionsMain' is clicked on

2022-06-06 15:34:08 - [MESSAGE][PASSED] - Object: 'Object Repository/Page_DIR/i_MPNoptionsMain' is clicked on

2022-06-06 15:34:08 - [TEST_STEP][PASSED] - click(findTestObject("Page_DIR/a_Review")): Object: 'Object Repository/Page_DIR/a_Review' is clicked on

2022-06-06 15:34:09 - [MESSAGE][PASSED] - Object: 'Object Repository/Page_DIR/a_Review' is clicked on

2022-06-06 15:34:09 - [TEST_STEP][PASSED] - delay(3): Delayed 3 second(s)

2022-06-06 15:34:12 - [MESSAGE][PASSED] - Delayed 3 second(s)

2022-06-06 15:34:12 - [TEST_STEP][PASSED] - verifyElementPresent(findTestObject("Page_DIR/h3_Parts Review"), 2): Object 'Object Repository/Page_DIR/h3_Parts Review' is present

2022-06-06 15:34:12 - [MESSAGE][PASSED] - Object 'Object Repository/Page_DIR/h3_Parts Review' is present

2022-06-06 15:34:12 - [TEST_STEP][PASSED] - verifyElementPresent(findTestObject("Page_DIR/span_PIR-TEST-0005"), 0): Object 'Object Repository/Page_DIR/span_PIR-TEST-0005' is present

2022-06-06 15:34:12 - [MESSAGE][WARNING] - Timeout '0' is invalid. Using default page load timeout: '30'

2022-06-06 15:34:13 - [MESSAGE][PASSED] - Object 'Object Repository/Page_DIR/span_PIR-TEST-0005' is present

2022-06-06 15:34:13 - [TEST_STEP][PASSED] - click(findTestObject("Page_DIR/button_Select product category")): Object: 'Object Repository/Page_DIR/button_Select product category' is clicked on

2022-06-06 15:34:13 - [MESSAGE][PASSED] - Object: 'Object Repository/Page_DIR/button_Select product category' is clicked on

2022-06-06 15:34:13 - [TEST_STEP][PASSED] - verifyElementPresent(findTestObject("Page_DIR/div_Select product category"), 2): Object 'Object Repository/Page_DIR/div_Select product category' is present

2022-06-06 15:34:14 - [MESSAGE][PASSED] - Object 'Object Repository/Page_DIR/div_Select product category' is present

2022-06-06 15:34:14 - [TEST_STEP][PASSED] - setText(findTestObject("Page_DIR/input_Select product category"), "cer"): Text 'cer' is set on object 'Object Repository/Page_DIR/input_Select product category'

2022-06-06 15:34:14 - [MESSAGE][PASSED] - Text 'cer' is set on object 'Object Repository/Page_DIR/input_Select product category'

2022-06-06 15:34:14 - [TEST_STEP][PASSED] - click(findTestObject("Page_DIR/span_Ceramic Capacitor")): Object: 'Object Repository/Page_DIR/span_Ceramic Capacitor' is clicked on

2022-06-06 15:34:15 - [MESSAGE][PASSED] - Object: 'Object Repository/Page_DIR/span_Ceramic Capacitor' is clicked on

2022-06-06 15:34:15 - [TEST_STEP][PASSED] - selectOptionByValue(findTestObject("Page_DIR/select_Commodity"), "Ceramic Capacitor", true): All options with value 'Ceramic Capacitor' are selected in object 'Object Repository/Page_DIR/select_Commodity'  using regular expression

2022-06-06 15:34:21 - [MESSAGE][PASSED] - All options with value 'Ceramic Capacitor' are selected in object 'Object Repository/Page_DIR/select_Commodity'  using regular expression

2022-06-06 15:34:21 - [TEST_STEP][PASSED] - verifyElementPresent(findTestObject("Page_DIR/div_Commodity code"), 2): Object 'Object Repository/Page_DIR/div_Commodity code' is present

2022-06-06 15:34:21 - [MESSAGE][PASSED] - Object 'Object Repository/Page_DIR/div_Commodity code' is present

2022-06-06 15:34:21 - [TEST_STEP][PASSED] - setText(findTestObject("Page_DIR/input_Commodity Prefix_attr"), "CAP"): Text 'CAP' is set on object 'Object Repository/Page_DIR/input_Commodity Prefix_attr'

2022-06-06 15:34:22 - [MESSAGE][PASSED] - Text 'CAP' is set on object 'Object Repository/Page_DIR/input_Commodity Prefix_attr'

2022-06-06 15:34:22 - [TEST_STEP][PASSED] - click(findTestObject("Page_DIR/button_MPNoptionsReview")): Object: 'Object Repository/Page_DIR/button_MPNoptionsReview' is clicked on

2022-06-06 15:34:22 - [MESSAGE][PASSED] - Object: 'Object Repository/Page_DIR/button_MPNoptionsReview' is clicked on

2022-06-06 15:34:22 - [TEST_STEP][PASSED] - click(findTestObject("Page_DIR/button_Save")): Object: 'Object Repository/Page_DIR/button_Save' is clicked on

2022-06-06 15:34:23 - [MESSAGE][PASSED] - Object: 'Object Repository/Page_DIR/button_Save' is clicked on

2022-06-06 15:34:23 - [TEST_STEP][PASSED] - delay(2): Delayed 2 second(s)

2022-06-06 15:34:25 - [MESSAGE][PASSED] - Delayed 2 second(s)

2022-06-06 15:34:25 - [TEST_STEP][PASSED] - verifyElementPresent(findTestObject("Page_DIR/div_Save Success"), 2): Object 'Object Repository/Page_DIR/div_Save Success' is present

2022-06-06 15:34:25 - [MESSAGE][PASSED] - Object 'Object Repository/Page_DIR/div_Save Success' is present

2022-06-06 15:34:25 - [TEST_STEP][PASSED] - click(findTestObject("Page_DIR/i_return-arrow")): Object: 'Object Repository/Page_DIR/i_return-arrow' is clicked on

2022-06-06 15:34:26 - [MESSAGE][PASSED] - Object: 'Object Repository/Page_DIR/i_return-arrow' is clicked on

2022-06-06 15:34:26 - [TEST_STEP][PASSED] - verifyElementPresent(findTestObject("Page_DIR/a_Back to Projects"), 2): Object 'Object Repository/Page_DIR/a_Back to Projects' is present

2022-06-06 15:34:27 - [MESSAGE][PASSED] - Object 'Object Repository/Page_DIR/a_Back to Projects' is present

2022-06-06 15:34:27 - [TEST_STEP][PASSED] - verifyElementPresent(findTestObject("Page_DIR/a_PIR-TEST-0005"), 2): Object 'Object Repository/Page_DIR/a_PIR-TEST-0005' is present

2022-06-06 15:34:27 - [MESSAGE][PASSED] - Object 'Object Repository/Page_DIR/a_PIR-TEST-0005' is present

2022-06-06 15:34:27 - [TEST_STEP][PASSED] - click(findTestObject("Page_DIR/span_Welcome Thangasumathy Jayakumar")): Object: 'Object Repository/Page_DIR/span_Welcome Thangasumathy Jayakumar' is clicked on

2022-06-06 15:34:27 - [MESSAGE][PASSED] - Object: 'Object Repository/Page_DIR/span_Welcome Thangasumathy Jayakumar' is clicked on

2022-06-06 15:34:27 - [TEST_STEP][PASSED] - click(findTestObject("Page_DIR/a_Logout")): Object: 'Object Repository/Page_DIR/a_Logout' is clicked on

2022-06-06 15:34:28 - [MESSAGE][PASSED] - Object: 'Object Repository/Page_DIR/a_Logout' is clicked on]]></system-out>
         <system-err><![CDATA[]]></system-err>
      </testcase>
      <testcase name="Test Cases/Sanity/GBS/AF_Review_RevertSave" time="107.522" classname="Test Cases/Sanity/GBS/AF_Review_RevertSave" status="PASSED">
         <system-out><![CDATA[2022-06-06 15:34:28 - [TEST_CASE][PASSED] - Test Cases/Sanity/GBS/AF_Review_RevertSave: Test Cases/Sanity/GBS/AF_Review_RevertSave

2022-06-06 15:34:29 - [TEST_STEP][PASSED] - openBrowser(""): Browser is opened with url: ''

2022-06-06 15:34:29 - [MESSAGE][WARNING] - A browser is already opened. Closing browser and opening a new one

2022-06-06 15:34:29 - [MESSAGE][INFO] - Starting 'Chrome' driver

2022-06-06 15:34:29 - [MESSAGE][INFO] - Action delay is set to 0 milliseconds

2022-06-06 15:34:31 - [MESSAGE][PASSED] - Browser is opened with url: ''

2022-06-06 15:34:31 - [TEST_STEP][PASSED] - maximizeWindow(): Current window maximized

2022-06-06 15:34:31 - [MESSAGE][PASSED] - Current window maximized

2022-06-06 15:34:31 - [TEST_STEP][PASSED] - navigateToUrl(URL): Navigate to 'https://pirqa.flex.com/login' successfully

2022-06-06 15:34:33 - [MESSAGE][PASSED] - Navigate to 'https://pirqa.flex.com/login' successfully

2022-06-06 15:34:33 - [TEST_STEP][PASSED] - setText(findTestObject("Page_It-Right Platform/Username"), username): Text 'gsstjaya' is set on object 'Object Repository/Page_It-Right Platform/Username'

2022-06-06 15:34:34 - [MESSAGE][PASSED] - Text 'gsstjaya' is set on object 'Object Repository/Page_It-Right Platform/Username'

2022-06-06 15:34:34 - [TEST_STEP][PASSED] - setEncryptedText(findTestObject("Page_It-Right Platform/password"), pwd): Text ****** has been set on object 'Object Repository/Page_It-Right Platform/password'

2022-06-06 15:34:35 - [MESSAGE][PASSED] - Text ****** has been set on object 'Object Repository/Page_It-Right Platform/password'

2022-06-06 15:34:35 - [TEST_STEP][PASSED] - click(findTestObject("Page_It-Right Platform/button_Sign in")): Object: 'Object Repository/Page_It-Right Platform/button_Sign in' is clicked on

2022-06-06 15:34:37 - [MESSAGE][PASSED] - Object: 'Object Repository/Page_It-Right Platform/button_Sign in' is clicked on

2022-06-06 15:34:37 - [TEST_STEP][PASSED] - click(findTestObject("Object Repository/Page_It-Right Platform/span_WelcomeToggler")): Object: 'Object Repository/Page_It-Right Platform/span_WelcomeToggler' is clicked on

2022-06-06 15:34:37 - [MESSAGE][PASSED] - Object: 'Object Repository/Page_It-Right Platform/span_WelcomeToggler' is clicked on

2022-06-06 15:34:37 - [TEST_STEP][PASSED] - verifyElementPresent(findTestObject("Object Repository/Page_It-Right Platform/div_WelcomeMenu"), 0): Object 'Object Repository/Page_It-Right Platform/div_WelcomeMenu' is present

2022-06-06 15:34:37 - [MESSAGE][WARNING] - Timeout '0' is invalid. Using default page load timeout: '30'

2022-06-06 15:34:38 - [MESSAGE][PASSED] - Object 'Object Repository/Page_It-Right Platform/div_WelcomeMenu' is present

2022-06-06 15:34:38 - [TEST_STEP][PASSED] - click(findTestObject("Object Repository/Page_It-Right Platform/span_GBS")): Object: 'Object Repository/Page_It-Right Platform/span_GBS' is clicked on

2022-06-06 15:34:43 - [MESSAGE][PASSED] - Object: 'Object Repository/Page_It-Right Platform/span_GBS' is clicked on

2022-06-06 15:34:43 - [TEST_STEP][PASSED] - delay(2): Delayed 2 second(s)

2022-06-06 15:34:45 - [MESSAGE][PASSED] - Delayed 2 second(s)

2022-06-06 15:34:45 - [TEST_STEP][PASSED] - click(findTestObject("Page_DIR/button_Technical Sourcing")): Object: 'Object Repository/Page_DIR/button_Technical Sourcing' is clicked on

2022-06-06 15:34:47 - [MESSAGE][PASSED] - Object: 'Object Repository/Page_DIR/button_Technical Sourcing' is clicked on

2022-06-06 15:34:47 - [TEST_STEP][PASSED] - click(findTestObject("Page_DIR/span_Flex_Organization")): Object: 'Object Repository/Page_DIR/span_Flex_Organization' is clicked on

2022-06-06 15:34:48 - [MESSAGE][PASSED] - Object: 'Object Repository/Page_DIR/span_Flex_Organization' is clicked on

2022-06-06 15:34:48 - [TEST_STEP][PASSED] - selectOptionByValue(findTestObject("Page_DIR/select_Organization"), "FLEX", true): All options with value 'FLEX' are selected in object 'Object Repository/Page_DIR/select_Organization'  using regular expression

2022-06-06 15:34:54 - [MESSAGE][PASSED] - All options with value 'FLEX' are selected in object 'Object Repository/Page_DIR/select_Organization'  using regular expression

2022-06-06 15:34:54 - [TEST_STEP][PASSED] - delay(2): Delayed 2 second(s)

2022-06-06 15:34:56 - [MESSAGE][PASSED] - Delayed 2 second(s)

2022-06-06 15:34:56 - [TEST_STEP][PASSED] - scrollToElement(findTestObject("Page_DIR/i_Project-folder-open"), 2): Scroll to object 'Object Repository/Page_DIR/i_Project-folder-open' successfully

2022-06-06 15:35:27 - [MESSAGE][INFO] - Unable to find the element located by 'By.xpath: //tr[@id='3835']/td[17]/a/i'. Please recheck the objects properties to make sure the desired element is located. 

2022-06-06 15:35:27 - [MESSAGE][WARNING] - [SELF-HEALING] Failed to find element with id 'Object Repository/Page_DIR/i_Project-folder-open'. Try using Self-healing.

2022-06-06 15:35:27 - [MESSAGE][WARNING] - [SELF-HEALING] The current locator of test object 'Object Repository/Page_DIR/i_Project-folder-open' was broken. Propose an alternative one: '//tr[2]/td[17]/a/i'.

2022-06-06 15:35:27 - [MESSAGE][PASSED] - Scroll to object 'Object Repository/Page_DIR/i_Project-folder-open' successfully

2022-06-06 15:35:27 - [TEST_STEP][PASSED] - click(findTestObject("Page_DIR/i_Project-folder-open")): Object: 'Object Repository/Page_DIR/i_Project-folder-open' is clicked on

2022-06-06 15:35:59 - [MESSAGE][INFO] - Unable to find the element located by 'By.xpath: //tr[@id='3835']/td[17]/a/i'. Please recheck the objects properties to make sure the desired element is located. 

2022-06-06 15:35:59 - [MESSAGE][WARNING] - [SELF-HEALING] Failed to find element with id 'Object Repository/Page_DIR/i_Project-folder-open'. Try using Self-healing.

2022-06-06 15:35:59 - [MESSAGE][WARNING] - [SELF-HEALING] The current locator of test object 'Object Repository/Page_DIR/i_Project-folder-open' was broken. Propose an alternative one: '//tr[2]/td[17]/a/i'.

2022-06-06 15:35:59 - [MESSAGE][PASSED] - Object: 'Object Repository/Page_DIR/i_Project-folder-open' is clicked on

2022-06-06 15:35:59 - [TEST_STEP][PASSED] - delay(3): Delayed 3 second(s)

2022-06-06 15:36:02 - [MESSAGE][PASSED] - Delayed 3 second(s)

2022-06-06 15:36:02 - [TEST_STEP][PASSED] - verifyElementPresent(findTestObject("Page_DIR/a_Back to Projects"), 2): Object 'Object Repository/Page_DIR/a_Back to Projects' is present

2022-06-06 15:36:02 - [MESSAGE][PASSED] - Object 'Object Repository/Page_DIR/a_Back to Projects' is present

2022-06-06 15:36:02 - [TEST_STEP][PASSED] - verifyElementPresent(findTestObject("Page_DIR/a_PIR-TEST-0005"), 2): Object 'Object Repository/Page_DIR/a_PIR-TEST-0005' is present

2022-06-06 15:36:03 - [MESSAGE][PASSED] - Object 'Object Repository/Page_DIR/a_PIR-TEST-0005' is present

2022-06-06 15:36:03 - [TEST_STEP][PASSED] - click(findTestObject("Page_DIR/i_MPNoptionsMain")): Object: 'Object Repository/Page_DIR/i_MPNoptionsMain' is clicked on

2022-06-06 15:36:03 - [MESSAGE][PASSED] - Object: 'Object Repository/Page_DIR/i_MPNoptionsMain' is clicked on

2022-06-06 15:36:03 - [TEST_STEP][PASSED] - click(findTestObject("Page_DIR/a_Review")): Object: 'Object Repository/Page_DIR/a_Review' is clicked on

2022-06-06 15:36:04 - [MESSAGE][PASSED] - Object: 'Object Repository/Page_DIR/a_Review' is clicked on

2022-06-06 15:36:04 - [TEST_STEP][PASSED] - delay(3): Delayed 3 second(s)

2022-06-06 15:36:07 - [MESSAGE][PASSED] - Delayed 3 second(s)

2022-06-06 15:36:07 - [TEST_STEP][PASSED] - verifyElementPresent(findTestObject("Page_DIR/h3_Parts Review"), 2): Object 'Object Repository/Page_DIR/h3_Parts Review' is present

2022-06-06 15:36:07 - [MESSAGE][PASSED] - Object 'Object Repository/Page_DIR/h3_Parts Review' is present

2022-06-06 15:36:07 - [TEST_STEP][PASSED] - verifyElementPresent(findTestObject("Page_DIR/span_PIR-TEST-0005"), 0): Object 'Object Repository/Page_DIR/span_PIR-TEST-0005' is present

2022-06-06 15:36:07 - [MESSAGE][WARNING] - Timeout '0' is invalid. Using default page load timeout: '30'

2022-06-06 15:36:07 - [MESSAGE][PASSED] - Object 'Object Repository/Page_DIR/span_PIR-TEST-0005' is present

2022-06-06 15:36:07 - [TEST_STEP][PASSED] - click(findTestObject("Page_DIR/button_MPNoptionsReview")): Object: 'Object Repository/Page_DIR/button_MPNoptionsReview' is clicked on

2022-06-06 15:36:08 - [MESSAGE][PASSED] - Object: 'Object Repository/Page_DIR/button_MPNoptionsReview' is clicked on

2022-06-06 15:36:08 - [TEST_STEP][PASSED] - click(findTestObject("Page_DIR/button_Revert")): Object: 'Object Repository/Page_DIR/button_Revert' is clicked on

2022-06-06 15:36:08 - [MESSAGE][PASSED] - Object: 'Object Repository/Page_DIR/button_Revert' is clicked on

2022-06-06 15:36:08 - [TEST_STEP][PASSED] - verifyElementPresent(findTestObject("Page_DIR/div_WARNING_Revert"), 2): Object 'Object Repository/Page_DIR/div_WARNING_Revert' is present

2022-06-06 15:36:09 - [MESSAGE][PASSED] - Object 'Object Repository/Page_DIR/div_WARNING_Revert' is present

2022-06-06 15:36:09 - [TEST_STEP][PASSED] - click(findTestObject("Page_DIR/button_Yes")): Object: 'Object Repository/Page_DIR/button_Yes' is clicked on

2022-06-06 15:36:09 - [MESSAGE][PASSED] - Object: 'Object Repository/Page_DIR/button_Yes' is clicked on

2022-06-06 15:36:09 - [TEST_STEP][PASSED] - click(findTestObject("Page_DIR/button_MPNoptionsReview")): Object: 'Object Repository/Page_DIR/button_MPNoptionsReview' is clicked on

2022-06-06 15:36:10 - [MESSAGE][PASSED] - Object: 'Object Repository/Page_DIR/button_MPNoptionsReview' is clicked on

2022-06-06 15:36:10 - [TEST_STEP][PASSED] - click(findTestObject("Page_DIR/button_Save")): Object: 'Object Repository/Page_DIR/button_Save' is clicked on

2022-06-06 15:36:11 - [MESSAGE][PASSED] - Object: 'Object Repository/Page_DIR/button_Save' is clicked on

2022-06-06 15:36:11 - [TEST_STEP][PASSED] - delay(2): Delayed 2 second(s)

2022-06-06 15:36:13 - [MESSAGE][PASSED] - Delayed 2 second(s)

2022-06-06 15:36:13 - [TEST_STEP][PASSED] - verifyElementPresent(findTestObject("Page_DIR/div_Save Success"), 2): Object 'Object Repository/Page_DIR/div_Save Success' is present

2022-06-06 15:36:13 - [MESSAGE][PASSED] - Object 'Object Repository/Page_DIR/div_Save Success' is present

2022-06-06 15:36:13 - [TEST_STEP][PASSED] - click(findTestObject("Page_DIR/i_return-arrow")): Object: 'Object Repository/Page_DIR/i_return-arrow' is clicked on

2022-06-06 15:36:13 - [MESSAGE][PASSED] - Object: 'Object Repository/Page_DIR/i_return-arrow' is clicked on

2022-06-06 15:36:13 - [TEST_STEP][PASSED] - verifyElementPresent(findTestObject("Page_DIR/a_Back to Projects"), 2): Object 'Object Repository/Page_DIR/a_Back to Projects' is present

2022-06-06 15:36:14 - [MESSAGE][PASSED] - Object 'Object Repository/Page_DIR/a_Back to Projects' is present

2022-06-06 15:36:14 - [TEST_STEP][PASSED] - verifyElementPresent(findTestObject("Page_DIR/a_PIR-TEST-0005"), 2): Object 'Object Repository/Page_DIR/a_PIR-TEST-0005' is present

2022-06-06 15:36:15 - [MESSAGE][PASSED] - Object 'Object Repository/Page_DIR/a_PIR-TEST-0005' is present

2022-06-06 15:36:15 - [TEST_STEP][PASSED] - click(findTestObject("Page_DIR/span_Welcome Thangasumathy Jayakumar")): Object: 'Object Repository/Page_DIR/span_Welcome Thangasumathy Jayakumar' is clicked on

2022-06-06 15:36:15 - [MESSAGE][PASSED] - Object: 'Object Repository/Page_DIR/span_Welcome Thangasumathy Jayakumar' is clicked on

2022-06-06 15:36:15 - [TEST_STEP][PASSED] - click(findTestObject("Page_DIR/a_Logout")): Object: 'Object Repository/Page_DIR/a_Logout' is clicked on

2022-06-06 15:36:16 - [MESSAGE][PASSED] - Object: 'Object Repository/Page_DIR/a_Logout' is clicked on]]></system-out>
         <system-err><![CDATA[]]></system-err>
      </testcase>
      <testcase name="Test Cases/Sanity/GBS/AF_Export" time="68.346" classname="Test Cases/Sanity/GBS/AF_Export" status="PASSED">
         <system-out><![CDATA[2022-06-06 15:36:16 - [TEST_CASE][PASSED] - Test Cases/Sanity/GBS/AF_Export: Test Cases/Sanity/GBS/AF_Export

2022-06-06 15:36:16 - [TEST_STEP][PASSED] - openBrowser(""): Browser is opened with url: ''

2022-06-06 15:36:16 - [MESSAGE][WARNING] - A browser is already opened. Closing browser and opening a new one

2022-06-06 15:36:17 - [MESSAGE][INFO] - Starting 'Chrome' driver

2022-06-06 15:36:17 - [MESSAGE][INFO] - Action delay is set to 0 milliseconds

2022-06-06 15:36:18 - [MESSAGE][PASSED] - Browser is opened with url: ''

2022-06-06 15:36:18 - [TEST_STEP][PASSED] - maximizeWindow(): Current window maximized

2022-06-06 15:36:18 - [MESSAGE][PASSED] - Current window maximized

2022-06-06 15:36:18 - [TEST_STEP][PASSED] - navigateToUrl(URL): Navigate to 'https://pirqa.flex.com/login' successfully

2022-06-06 15:36:21 - [MESSAGE][PASSED] - Navigate to 'https://pirqa.flex.com/login' successfully

2022-06-06 15:36:21 - [TEST_STEP][PASSED] - setText(findTestObject("Page_It-Right Platform/Username"), username): Text 'gsstjaya' is set on object 'Object Repository/Page_It-Right Platform/Username'

2022-06-06 15:36:22 - [MESSAGE][PASSED] - Text 'gsstjaya' is set on object 'Object Repository/Page_It-Right Platform/Username'

2022-06-06 15:36:22 - [TEST_STEP][PASSED] - setEncryptedText(findTestObject("Page_It-Right Platform/password"), pwd): Text ****** has been set on object 'Object Repository/Page_It-Right Platform/password'

2022-06-06 15:36:22 - [MESSAGE][PASSED] - Text ****** has been set on object 'Object Repository/Page_It-Right Platform/password'

2022-06-06 15:36:22 - [TEST_STEP][PASSED] - click(findTestObject("Page_It-Right Platform/button_Sign in")): Object: 'Object Repository/Page_It-Right Platform/button_Sign in' is clicked on

2022-06-06 15:36:25 - [MESSAGE][PASSED] - Object: 'Object Repository/Page_It-Right Platform/button_Sign in' is clicked on

2022-06-06 15:36:25 - [TEST_STEP][PASSED] - click(findTestObject("Object Repository/Page_It-Right Platform/span_WelcomeToggler")): Object: 'Object Repository/Page_It-Right Platform/span_WelcomeToggler' is clicked on

2022-06-06 15:36:25 - [MESSAGE][PASSED] - Object: 'Object Repository/Page_It-Right Platform/span_WelcomeToggler' is clicked on

2022-06-06 15:36:25 - [TEST_STEP][PASSED] - verifyElementPresent(findTestObject("Object Repository/Page_It-Right Platform/div_WelcomeMenu"), 0): Object 'Object Repository/Page_It-Right Platform/div_WelcomeMenu' is present

2022-06-06 15:36:25 - [MESSAGE][WARNING] - Timeout '0' is invalid. Using default page load timeout: '30'

2022-06-06 15:36:26 - [MESSAGE][PASSED] - Object 'Object Repository/Page_It-Right Platform/div_WelcomeMenu' is present

2022-06-06 15:36:26 - [TEST_STEP][PASSED] - click(findTestObject("Object Repository/Page_It-Right Platform/span_GBS")): Object: 'Object Repository/Page_It-Right Platform/span_GBS' is clicked on

2022-06-06 15:36:31 - [MESSAGE][PASSED] - Object: 'Object Repository/Page_It-Right Platform/span_GBS' is clicked on

2022-06-06 15:36:31 - [TEST_STEP][PASSED] - click(findTestObject("Object Repository/Page_DIR/div_Technical Sourcing")): Object: 'Object Repository/Page_DIR/div_Technical Sourcing' is clicked on

2022-06-06 15:36:35 - [MESSAGE][PASSED] - Object: 'Object Repository/Page_DIR/div_Technical Sourcing' is clicked on

2022-06-06 15:36:35 - [TEST_STEP][PASSED] - click(findTestObject("Object Repository/Page_DIR/span_Flex")): Object: 'Object Repository/Page_DIR/span_Flex' is clicked on

2022-06-06 15:36:36 - [MESSAGE][PASSED] - Object: 'Object Repository/Page_DIR/span_Flex' is clicked on

2022-06-06 15:36:36 - [TEST_STEP][PASSED] - selectOptionByValue(findTestObject("Object Repository/Page_DIR/select_Technical Sourcing                Flex"), "FLEX", true): All options with value 'FLEX' are selected in object 'Object Repository/Page_DIR/select_Technical Sourcing                Flex'  using regular expression

2022-06-06 15:36:41 - [MESSAGE][PASSED] - All options with value 'FLEX' are selected in object 'Object Repository/Page_DIR/select_Technical Sourcing                Flex'  using regular expression

2022-06-06 15:36:41 - [TEST_STEP][PASSED] - delay(2): Delayed 2 second(s)

2022-06-06 15:36:43 - [MESSAGE][PASSED] - Delayed 2 second(s)

2022-06-06 15:36:43 - [TEST_STEP][PASSED] - scrollToElement(findTestObject("Page_DIR/i_Project file-excel"), 2): Scroll to object 'Object Repository/Page_DIR/i_Project file-excel' successfully

2022-06-06 15:36:44 - [MESSAGE][PASSED] - Scroll to object 'Object Repository/Page_DIR/i_Project file-excel' successfully

2022-06-06 15:36:44 - [TEST_STEP][PASSED] - click(findTestObject("Page_DIR/i_Project file-excel")): Object: 'Object Repository/Page_DIR/i_Project file-excel' is clicked on

2022-06-06 15:36:44 - [MESSAGE][PASSED] - Object: 'Object Repository/Page_DIR/i_Project file-excel' is clicked on

2022-06-06 15:36:44 - [TEST_STEP][PASSED] - verifyElementPresent(findTestObject("Page_DIR/ul_ExportOptions"), 0): Object 'Object Repository/Page_DIR/ul_ExportOptions' is present

2022-06-06 15:36:44 - [MESSAGE][WARNING] - Timeout '0' is invalid. Using default page load timeout: '30'

2022-06-06 15:36:45 - [MESSAGE][PASSED] - Object 'Object Repository/Page_DIR/ul_ExportOptions' is present

2022-06-06 15:36:45 - [TEST_STEP][PASSED] - click(findTestObject("Object Repository/Page_DIR/a_Both")): Object: 'Object Repository/Page_DIR/a_Both' is clicked on

2022-06-06 15:36:45 - [MESSAGE][PASSED] - Object: 'Object Repository/Page_DIR/a_Both' is clicked on

2022-06-06 15:36:45 - [TEST_STEP][PASSED] - verifyElementPresent(findTestObject("Page_DIR/div_To Create Project   Drop GBS project"), 0): Object 'Object Repository/Page_DIR/div_To Create Project   Drop GBS project' is present

2022-06-06 15:36:45 - [MESSAGE][WARNING] - Timeout '0' is invalid. Using default page load timeout: '30'

2022-06-06 15:36:46 - [MESSAGE][PASSED] - Object 'Object Repository/Page_DIR/div_To Create Project   Drop GBS project' is present

2022-06-06 15:36:46 - [TEST_STEP][PASSED] - click(findTestObject("Object Repository/Page_DIR/i_Project-folder-open")): Object: 'Object Repository/Page_DIR/i_Project-folder-open' is clicked on

2022-06-06 15:37:17 - [MESSAGE][INFO] - Unable to find the element located by 'By.xpath: //tr[@id='3835']/td[17]/a/i'. Please recheck the objects properties to make sure the desired element is located. 

2022-06-06 15:37:17 - [MESSAGE][WARNING] - [SELF-HEALING] Failed to find element with id 'Object Repository/Page_DIR/i_Project-folder-open'. Try using Self-healing.

2022-06-06 15:37:17 - [MESSAGE][WARNING] - [SELF-HEALING] The current locator of test object 'Object Repository/Page_DIR/i_Project-folder-open' was broken. Propose an alternative one: '//tr[2]/td[17]/a/i'.

2022-06-06 15:37:17 - [MESSAGE][PASSED] - Object: 'Object Repository/Page_DIR/i_Project-folder-open' is clicked on

2022-06-06 15:37:17 - [TEST_STEP][PASSED] - delay(2): Delayed 2 second(s)

2022-06-06 15:37:19 - [MESSAGE][PASSED] - Delayed 2 second(s)

2022-06-06 15:37:19 - [TEST_STEP][PASSED] - verifyElementPresent(findTestObject("Object Repository/Page_DIR/a_Back to Projects"), 1): Object 'Object Repository/Page_DIR/a_Back to Projects' is present

2022-06-06 15:37:19 - [MESSAGE][PASSED] - Object 'Object Repository/Page_DIR/a_Back to Projects' is present

2022-06-06 15:37:19 - [TEST_STEP][PASSED] - verifyElementPresent(findTestObject("Object Repository/Page_DIR/a_PIR-TEST-0005"), 1): Object 'Object Repository/Page_DIR/a_PIR-TEST-0005' is present

2022-06-06 15:37:20 - [MESSAGE][PASSED] - Object 'Object Repository/Page_DIR/a_PIR-TEST-0005' is present

2022-06-06 15:37:20 - [TEST_STEP][PASSED] - verifyElementPresent(findTestObject("Object Repository/Page_DIR/button_Export"), 1): Object 'Object Repository/Page_DIR/button_Export' is present

2022-06-06 15:37:20 - [MESSAGE][PASSED] - Object 'Object Repository/Page_DIR/button_Export' is present

2022-06-06 15:37:20 - [TEST_STEP][PASSED] - click(findTestObject("Object Repository/Page_DIR/button_Export")): Object: 'Object Repository/Page_DIR/button_Export' is clicked on

2022-06-06 15:37:21 - [MESSAGE][PASSED] - Object: 'Object Repository/Page_DIR/button_Export' is clicked on

2022-06-06 15:37:21 - [TEST_STEP][PASSED] - verifyElementPresent(findTestObject("Page_DIR/ul_Export Options_Project"), 2): Object 'Object Repository/Page_DIR/ul_Export Options_Project' is present

2022-06-06 15:37:21 - [MESSAGE][PASSED] - Object 'Object Repository/Page_DIR/ul_Export Options_Project' is present

2022-06-06 15:37:21 - [TEST_STEP][PASSED] - click(findTestObject("Page_DIR/a_Both_Project")): Object: 'Object Repository/Page_DIR/a_Both_Project' is clicked on

2022-06-06 15:37:22 - [MESSAGE][PASSED] - Object: 'Object Repository/Page_DIR/a_Both_Project' is clicked on

2022-06-06 15:37:22 - [TEST_STEP][PASSED] - verifyElementPresent(findTestObject("Object Repository/Page_DIR/a_PIR-TEST-0005"), 2): Object 'Object Repository/Page_DIR/a_PIR-TEST-0005' is present

2022-06-06 15:37:22 - [MESSAGE][PASSED] - Object 'Object Repository/Page_DIR/a_PIR-TEST-0005' is present

2022-06-06 15:37:22 - [TEST_STEP][PASSED] - verifyElementPresent(findTestObject("Object Repository/Page_DIR/a_Back to Projects"), 2): Object 'Object Repository/Page_DIR/a_Back to Projects' is present

2022-06-06 15:37:23 - [MESSAGE][PASSED] - Object 'Object Repository/Page_DIR/a_Back to Projects' is present

2022-06-06 15:37:23 - [TEST_STEP][PASSED] - click(findTestObject("Object Repository/Page_DIR/a_Welcome Thangasumathy Jayakumar")): Object: 'Object Repository/Page_DIR/a_Welcome Thangasumathy Jayakumar' is clicked on

2022-06-06 15:37:23 - [MESSAGE][PASSED] - Object: 'Object Repository/Page_DIR/a_Welcome Thangasumathy Jayakumar' is clicked on

2022-06-06 15:37:23 - [TEST_STEP][PASSED] - click(findTestObject("Object Repository/Page_DIR/a_Logout")): Object: 'Object Repository/Page_DIR/a_Logout' is clicked on

2022-06-06 15:37:24 - [MESSAGE][PASSED] - Object: 'Object Repository/Page_DIR/a_Logout' is clicked on]]></system-out>
         <system-err><![CDATA[]]></system-err>
      </testcase>
      <testcase name="Test Cases/Sanity/GBS Request/Create AF Request" time="149.776" classname="Test Cases/Sanity/GBS Request/Create AF Request" status="PASSED">
         <system-out><![CDATA[2022-06-06 15:37:24 - [TEST_CASE][PASSED] - Test Cases/Sanity/GBS Request/Create AF Request: Test Cases/Sanity/GBS Request/Create AF Request

2022-06-06 15:37:24 - [TEST_STEP][PASSED] - openBrowser(""): Browser is opened with url: ''

2022-06-06 15:37:24 - [MESSAGE][WARNING] - A browser is already opened. Closing browser and opening a new one

2022-06-06 15:37:25 - [MESSAGE][INFO] - Starting 'Chrome' driver

2022-06-06 15:37:25 - [MESSAGE][INFO] - Action delay is set to 0 milliseconds

2022-06-06 15:37:26 - [MESSAGE][PASSED] - Browser is opened with url: ''

2022-06-06 15:37:26 - [TEST_STEP][PASSED] - maximizeWindow(): Current window maximized

2022-06-06 15:37:27 - [MESSAGE][PASSED] - Current window maximized

2022-06-06 15:37:27 - [TEST_STEP][PASSED] - navigateToUrl(URL): Navigate to 'https://pirqa.flex.com/login' successfully

2022-06-06 15:37:30 - [MESSAGE][PASSED] - Navigate to 'https://pirqa.flex.com/login' successfully

2022-06-06 15:37:30 - [TEST_STEP][PASSED] - setText(findTestObject("Page_It-Right Platform/Username"), username): Text 'gsstjaya' is set on object 'Object Repository/Page_It-Right Platform/Username'

2022-06-06 15:37:30 - [MESSAGE][PASSED] - Text 'gsstjaya' is set on object 'Object Repository/Page_It-Right Platform/Username'

2022-06-06 15:37:30 - [TEST_STEP][PASSED] - setEncryptedText(findTestObject("Page_It-Right Platform/password"), pwd): Text ****** has been set on object 'Object Repository/Page_It-Right Platform/password'

2022-06-06 15:37:31 - [MESSAGE][PASSED] - Text ****** has been set on object 'Object Repository/Page_It-Right Platform/password'

2022-06-06 15:37:31 - [TEST_STEP][PASSED] - click(findTestObject("Page_It-Right Platform/button_Sign in")): Object: 'Object Repository/Page_It-Right Platform/button_Sign in' is clicked on

2022-06-06 15:37:33 - [MESSAGE][PASSED] - Object: 'Object Repository/Page_It-Right Platform/button_Sign in' is clicked on

2022-06-06 15:37:33 - [TEST_STEP][PASSED] - click(findTestObject("Object Repository/Page_It-Right Platform/span_WelcomeToggler")): Object: 'Object Repository/Page_It-Right Platform/span_WelcomeToggler' is clicked on

2022-06-06 15:37:34 - [MESSAGE][PASSED] - Object: 'Object Repository/Page_It-Right Platform/span_WelcomeToggler' is clicked on

2022-06-06 15:37:34 - [TEST_STEP][PASSED] - verifyElementPresent(findTestObject("Object Repository/Page_It-Right Platform/div_WelcomeMenu"), 0): Object 'Object Repository/Page_It-Right Platform/div_WelcomeMenu' is present

2022-06-06 15:37:34 - [MESSAGE][WARNING] - Timeout '0' is invalid. Using default page load timeout: '30'

2022-06-06 15:37:34 - [MESSAGE][PASSED] - Object 'Object Repository/Page_It-Right Platform/div_WelcomeMenu' is present

2022-06-06 15:37:34 - [TEST_STEP][PASSED] - click(findTestObject("Object Repository/Page_DIR/span_GBS Project Request")): Object: 'Object Repository/Page_DIR/span_GBS Project Request' is clicked on

2022-06-06 15:37:37 - [MESSAGE][PASSED] - Object: 'Object Repository/Page_DIR/span_GBS Project Request' is clicked on

2022-06-06 15:37:37 - [TEST_STEP][PASSED] - verifyElementPresent(findTestObject("Page_DIR/div_To Create Request"), 2): Object 'Object Repository/Page_DIR/div_To Create Request' is present

2022-06-06 15:37:42 - [MESSAGE][PASSED] - Object 'Object Repository/Page_DIR/div_To Create Request' is present

2022-06-06 15:37:42 - [TEST_STEP][PASSED] - uploadFileWithDragAndDrop(findTestObject("Page_DIR/div_To Create Request"), REQAF_File): null

2022-06-06 15:37:42 - [TEST_STEP][PASSED] - delay(2): Delayed 2 second(s)

2022-06-06 15:37:44 - [MESSAGE][PASSED] - Delayed 2 second(s)

2022-06-06 15:37:44 - [TEST_STEP][PASSED] - verifyElementPresent(findTestObject("Page_DIR/div_Choose Analysis Type"), 2): Object 'Object Repository/Page_DIR/div_Choose Analysis Type' is present

2022-06-06 15:37:45 - [MESSAGE][PASSED] - Object 'Object Repository/Page_DIR/div_Choose Analysis Type' is present

2022-06-06 15:37:45 - [TEST_STEP][PASSED] - click(findTestObject("Object Repository/Page_DIR/button_OK")): Object: 'Object Repository/Page_DIR/button_OK' is clicked on

2022-06-06 15:38:16 - [MESSAGE][INFO] - Unable to find the element located by 'By.xpath: (//button[@type='button'])[87]'. Please recheck the objects properties to make sure the desired element is located. 

2022-06-06 15:38:16 - [MESSAGE][WARNING] - [SELF-HEALING] Failed to find element with id 'Object Repository/Page_DIR/button_OK'. Try using Self-healing.

2022-06-06 15:38:16 - [MESSAGE][WARNING] - [SELF-HEALING] The current locator of test object 'Object Repository/Page_DIR/button_OK' was broken. Propose an alternative one: '//*/text()[normalize-space(.)='OK']/parent::*'.

2022-06-06 15:38:16 - [MESSAGE][PASSED] - Object: 'Object Repository/Page_DIR/button_OK' is clicked on

2022-06-06 15:38:16 - [TEST_STEP][PASSED] - verifyElementPresent(findTestObject("Page_DIR/div_Project Request Details"), 2): Object 'Object Repository/Page_DIR/div_Project Request Details' is present

2022-06-06 15:38:28 - [MESSAGE][PASSED] - Object 'Object Repository/Page_DIR/div_Project Request Details' is present

2022-06-06 15:38:28 - [TEST_STEP][PASSED] - click(findTestObject("Page_DIR/button_Please select site")): Object: 'Object Repository/Page_DIR/button_Please select site' is clicked on

2022-06-06 15:38:28 - [MESSAGE][PASSED] - Object: 'Object Repository/Page_DIR/button_Please select site' is clicked on

2022-06-06 15:38:28 - [TEST_STEP][PASSED] - click(findTestObject("Page_DIR/span_012 - PCBA KALLANG, SINGAPORE (012)")): Object: 'Object Repository/Page_DIR/span_012 - PCBA KALLANG, SINGAPORE (012)' is clicked on

2022-06-06 15:38:29 - [MESSAGE][PASSED] - Object: 'Object Repository/Page_DIR/span_012 - PCBA KALLANG, SINGAPORE (012)' is clicked on

2022-06-06 15:38:29 - [TEST_STEP][PASSED] - click(findTestObject("Page_DIR/button_Customer")): Object: 'Object Repository/Page_DIR/button_Customer' is clicked on

2022-06-06 15:38:29 - [MESSAGE][PASSED] - Object: 'Object Repository/Page_DIR/button_Customer' is clicked on

2022-06-06 15:38:29 - [TEST_STEP][PASSED] - click(findTestObject("Page_DIR/span_3M COMPANY")): Object: 'Object Repository/Page_DIR/span_3M COMPANY' is clicked on

2022-06-06 15:38:30 - [MESSAGE][PASSED] - Object: 'Object Repository/Page_DIR/span_3M COMPANY' is clicked on

2022-06-06 15:38:30 - [TEST_STEP][PASSED] - click(findTestObject("Page_DIR/input__dueDateRequest")): Object: 'Object Repository/Page_DIR/input__dueDateRequest' is clicked on

2022-06-06 15:38:30 - [MESSAGE][PASSED] - Object: 'Object Repository/Page_DIR/input__dueDateRequest' is clicked on

2022-06-06 15:38:30 - [TEST_STEP][PASSED] - delay(3): Delayed 3 second(s)

2022-06-06 15:38:33 - [MESSAGE][PASSED] - Delayed 3 second(s)

2022-06-06 15:38:33 - [TEST_STEP][PASSED] - click(findTestObject("Page_DIR/span_MonthRequest")): Object: 'Object Repository/Page_DIR/span_MonthRequest' is clicked on

2022-06-06 15:38:34 - [MESSAGE][PASSED] - Object: 'Object Repository/Page_DIR/span_MonthRequest' is clicked on

2022-06-06 15:38:34 - [TEST_STEP][PASSED] - scrollToElement(findTestObject("Page_DIR/div_DecemberRequest"), 2, STOP_ON_FAILURE): Scroll to object 'Object Repository/Page_DIR/div_DecemberRequest' successfully

2022-06-06 15:38:34 - [MESSAGE][PASSED] - Scroll to object 'Object Repository/Page_DIR/div_DecemberRequest' successfully

2022-06-06 15:38:34 - [TEST_STEP][PASSED] - click(findTestObject("Page_DIR/div_DecemberRequest")): Object: 'Object Repository/Page_DIR/div_DecemberRequest' is clicked on

2022-06-06 15:38:34 - [MESSAGE][PASSED] - Object: 'Object Repository/Page_DIR/div_DecemberRequest' is clicked on

2022-06-06 15:38:34 - [TEST_STEP][PASSED] - delay(2): Delayed 2 second(s)

2022-06-06 15:38:36 - [MESSAGE][PASSED] - Delayed 2 second(s)

2022-06-06 15:38:36 - [TEST_STEP][PASSED] - click(findTestObject("Page_DIR/span_YearRequest")): Object: 'Object Repository/Page_DIR/span_YearRequest' is clicked on

2022-06-06 15:38:37 - [MESSAGE][PASSED] - Object: 'Object Repository/Page_DIR/span_YearRequest' is clicked on

2022-06-06 15:38:37 - [TEST_STEP][PASSED] - delay(2): Delayed 2 second(s)

2022-06-06 15:38:39 - [MESSAGE][PASSED] - Delayed 2 second(s)

2022-06-06 15:38:39 - [TEST_STEP][PASSED] - scrollToElement(findTestObject("Page_DIR/div_Year2024Request"), 2): Scroll to object 'Object Repository/Page_DIR/div_Year2024Request' successfully

2022-06-06 15:38:39 - [MESSAGE][PASSED] - Scroll to object 'Object Repository/Page_DIR/div_Year2024Request' successfully

2022-06-06 15:38:39 - [TEST_STEP][PASSED] - click(findTestObject("Page_DIR/div_Year2024Request")): Object: 'Object Repository/Page_DIR/div_Year2024Request' is clicked on

2022-06-06 15:38:40 - [MESSAGE][PASSED] - Object: 'Object Repository/Page_DIR/div_Year2024Request' is clicked on

2022-06-06 15:38:40 - [TEST_STEP][PASSED] - delay(2): Delayed 2 second(s)

2022-06-06 15:38:42 - [MESSAGE][PASSED] - Delayed 2 second(s)

2022-06-06 15:38:42 - [TEST_STEP][PASSED] - click(findTestObject("Page_DIR/div_Date31Request")): Object: 'Object Repository/Page_DIR/div_Date31Request' is clicked on

2022-06-06 15:38:42 - [MESSAGE][PASSED] - Object: 'Object Repository/Page_DIR/div_Date31Request' is clicked on

2022-06-06 15:38:42 - [TEST_STEP][PASSED] - delay(2): Delayed 2 second(s)

2022-06-06 15:38:44 - [MESSAGE][PASSED] - Delayed 2 second(s)

2022-06-06 15:38:44 - [TEST_STEP][PASSED] - setText(findTestObject("Page_DIR/textarea_Comments_Request"), "Please Ignore. Test file created by DIR support team for testing purpose"): Text 'Please Ignore. Test file created by DIR support team for testing purpose' is set on object 'Object Repository/Page_DIR/textarea_Comments_Request'

2022-06-06 15:38:45 - [MESSAGE][PASSED] - Text 'Please Ignore. Test file created by DIR support team for testing purpose' is set on object 'Object Repository/Page_DIR/textarea_Comments_Request'

2022-06-06 15:38:45 - [TEST_STEP][PASSED] - scrollToElement(findTestObject("Page_DIR/select_RequestType"), 2, STOP_ON_FAILURE): Scroll to object 'Object Repository/Page_DIR/select_RequestType' successfully

2022-06-06 15:38:45 - [MESSAGE][PASSED] - Scroll to object 'Object Repository/Page_DIR/select_RequestType' successfully

2022-06-06 15:38:45 - [TEST_STEP][PASSED] - selectOptionByValue(findTestObject("Page_DIR/select_RequestType"), "GBS", true): All options with value 'GBS' are selected in object 'Object Repository/Page_DIR/select_RequestType'  using regular expression

2022-06-06 15:38:47 - [MESSAGE][PASSED] - All options with value 'GBS' are selected in object 'Object Repository/Page_DIR/select_RequestType'  using regular expression

2022-06-06 15:38:47 - [TEST_STEP][PASSED] - selectOptionByValue(findTestObject("Page_DIR/select_Application"), "MILITARY", true): All options with value 'MILITARY' are selected in object 'Object Repository/Page_DIR/select_Application'  using regular expression

2022-06-06 15:38:48 - [MESSAGE][PASSED] - All options with value 'MILITARY' are selected in object 'Object Repository/Page_DIR/select_Application'  using regular expression

2022-06-06 15:38:48 - [TEST_STEP][PASSED] - click(findTestObject("Page_DIR/button_CreateRequest")): Object: 'Object Repository/Page_DIR/button_CreateRequest' is clicked on

2022-06-06 15:38:48 - [MESSAGE][PASSED] - Object: 'Object Repository/Page_DIR/button_CreateRequest' is clicked on

2022-06-06 15:38:48 - [TEST_STEP][PASSED] - verifyElementPresent(findTestObject("Page_DIR/div_SuccessProject Request"), 4): Object 'Object Repository/Page_DIR/div_SuccessProject Request' is present

2022-06-06 15:39:19 - [MESSAGE][PASSED] - Object 'Object Repository/Page_DIR/div_SuccessProject Request' is present

2022-06-06 15:39:19 - [TEST_STEP][PASSED] - click(findTestObject("Object Repository/Page_DIR/button_OK")): Object: 'Object Repository/Page_DIR/button_OK' is clicked on

2022-06-06 15:39:50 - [MESSAGE][INFO] - Unable to find the element located by 'By.xpath: (//button[@type='button'])[87]'. Please recheck the objects properties to make sure the desired element is located. 

2022-06-06 15:39:50 - [MESSAGE][WARNING] - [SELF-HEALING] Failed to find element with id 'Object Repository/Page_DIR/button_OK'. Try using Self-healing.

2022-06-06 15:39:50 - [MESSAGE][WARNING] - [SELF-HEALING] The current locator of test object 'Object Repository/Page_DIR/button_OK' was broken. Propose an alternative one: '//*/text()[normalize-space(.)='OK']/parent::*'.

2022-06-06 15:39:50 - [MESSAGE][PASSED] - Object: 'Object Repository/Page_DIR/button_OK' is clicked on

2022-06-06 15:39:50 - [TEST_STEP][PASSED] - verifyElementPresent(findTestObject("Page_DIR/div_AFSelfServiceAlert"), 2): Object 'Object Repository/Page_DIR/div_AFSelfServiceAlert' is present

2022-06-06 15:39:51 - [MESSAGE][PASSED] - Object 'Object Repository/Page_DIR/div_AFSelfServiceAlert' is present

2022-06-06 15:39:51 - [TEST_STEP][PASSED] - verifyElementPresent(findTestObject("Page_DIR/div_AFSelfServiceEmail"), 2): Object 'Object Repository/Page_DIR/div_AFSelfServiceEmail' is present

2022-06-06 15:39:51 - [MESSAGE][PASSED] - Object 'Object Repository/Page_DIR/div_AFSelfServiceEmail' is present

2022-06-06 15:39:51 - [TEST_STEP][PASSED] - verifyElementPresent(findTestObject("Page_DIR/div_To Create Request"), 0): Object 'Object Repository/Page_DIR/div_To Create Request' is present

2022-06-06 15:39:51 - [MESSAGE][WARNING] - Timeout '0' is invalid. Using default page load timeout: '30'

2022-06-06 15:39:52 - [MESSAGE][PASSED] - Object 'Object Repository/Page_DIR/div_To Create Request' is present

2022-06-06 15:39:52 - [TEST_STEP][PASSED] - click(findTestObject("Page_DIR/span_Welcome Thangasumathy Jayakumar")): Object: 'Object Repository/Page_DIR/span_Welcome Thangasumathy Jayakumar' is clicked on

2022-06-06 15:39:52 - [MESSAGE][PASSED] - Object: 'Object Repository/Page_DIR/span_Welcome Thangasumathy Jayakumar' is clicked on

2022-06-06 15:39:52 - [TEST_STEP][PASSED] - click(findTestObject("Page_DIR/a_Logout")): Object: 'Object Repository/Page_DIR/a_Logout' is clicked on

2022-06-06 15:39:54 - [MESSAGE][PASSED] - Object: 'Object Repository/Page_DIR/a_Logout' is clicked on]]></system-out>
         <system-err><![CDATA[]]></system-err>
      </testcase>
      <system-out><![CDATA[2022-06-06 15:29:19 - [TEST_SUITE][PASSED] - Sanity_GBS: Test Cases/Sanity/GBS Request/Create AF Request]]></system-out>
      <system-err><![CDATA[]]></system-err>
   </testsuite>
</testsuites>
