<?xml version="1.0" encoding="UTF-8"?>
<testsuites name="Sanity_GBS" time="494.941" tests="4" failures="0" errors="0">
   <testsuite name="Sanity_GBS" tests="4" failures="0" errors="0" time="494.941" skipped="0" timestamp="2022-06-14 17:15:12" hostname="gsstjaya - GSSM0803.asia.ad.flextronics.com" id="Test Suites/Sanity_GBS">
      <properties>
         <property name="deviceName" value=""/>
         <property name="devicePlatform" value=""/>
         <property name="logFolder" value="C:\\Sumathy\\Katalon Projects_Scripts\\PIR_DIR2\\Reports\\20220614_171501\\Sanity_GBS\\20220614_171501"/>
         <property name="logFiles" value="C:\\Sumathy\\Katalon Projects_Scripts\\PIR_DIR2\\Reports\\20220614_171501\\Sanity_GBS\\20220614_171501\\execution0.log"/>
         <property name="attachments" value=""/>
         <property name="hostName" value="gsstjaya - GSSM0803.asia.ad.flextronics.com"/>
         <property name="os" value="Windows 10 64bit"/>
         <property name="katalonVersion" value="8.3.5.208"/>
         <property name="browser" value="Chrome 102.0.5005.115"/>
         <property name="hostAddress" value="10.195.96.69"/>
         <property name="sessionId" value="387694a75a8a2fcd26000235bbb0433a"/>
         <property name="seleniumVersion" value="3.141.59"/>
         <property name="proxyInformation" value="ProxyInformation { proxyOption=NO_PROXY, proxyServerType=HTTP, username=, password=********, proxyServerAddress=, proxyServerPort=0, executionList=&quot;&quot;, isApplyToDesiredCapabilities=true }"/>
         <property name="platform" value="Windows 10"/>
      </properties>
      <testcase name="Test Cases/Sanity/GBS/Create AF Project" time="195.434" classname="Test Cases/Sanity/GBS/Create AF Project" status="PASSED">
         <system-out><![CDATA[2022-06-14 17:15:12 - [TEST_CASE][PASSED] - Test Cases/Sanity/GBS/Create AF Project: Test Cases/Sanity/GBS/Create AF Project

2022-06-14 17:15:13 - [TEST_STEP][PASSED] - openBrowser(""): Browser is opened with url: ''

2022-06-14 17:15:13 - [MESSAGE][INFO] - Starting 'Chrome' driver

2022-06-14 17:15:13 - [MESSAGE][INFO] - Action delay is set to 0 milliseconds

2022-06-14 17:15:16 - [MESSAGE][PASSED] - Browser is opened with url: ''

2022-06-14 17:15:16 - [TEST_STEP][PASSED] - maximizeWindow(): Current window maximized

2022-06-14 17:15:16 - [MESSAGE][PASSED] - Current window maximized

2022-06-14 17:15:16 - [TEST_STEP][PASSED] - navigateToUrl(URL): Navigate to 'https://pirqa.flex.com/login' successfully

2022-06-14 17:15:19 - [MESSAGE][PASSED] - Navigate to 'https://pirqa.flex.com/login' successfully

2022-06-14 17:15:19 - [TEST_STEP][PASSED] - setText(findTestObject("Page_It-Right Platform_GBS/Username"), username): Text 'gsstjaya' is set on object 'Object Repository/Page_It-Right Platform_GBS/Username'

2022-06-14 17:15:20 - [MESSAGE][PASSED] - Text 'gsstjaya' is set on object 'Object Repository/Page_It-Right Platform_GBS/Username'

2022-06-14 17:15:20 - [TEST_STEP][PASSED] - setEncryptedText(findTestObject("Page_It-Right Platform_GBS/password"), pwd): Text ****** has been set on object 'Object Repository/Page_It-Right Platform_GBS/password'

2022-06-14 17:15:20 - [MESSAGE][PASSED] - Text ****** has been set on object 'Object Repository/Page_It-Right Platform_GBS/password'

2022-06-14 17:15:20 - [TEST_STEP][PASSED] - click(findTestObject("Page_It-Right Platform_GBS/button_Sign in")): Object: 'Object Repository/Page_It-Right Platform_GBS/button_Sign in' is clicked on

2022-06-14 17:15:23 - [MESSAGE][PASSED] - Object: 'Object Repository/Page_It-Right Platform_GBS/button_Sign in' is clicked on

2022-06-14 17:15:23 - [TEST_STEP][PASSED] - click(findTestObject("Object Repository/Page_It-Right Platform_GBS/span_WelcomeToggler")): Object: 'Object Repository/Page_It-Right Platform_GBS/span_WelcomeToggler' is clicked on

2022-06-14 17:15:23 - [MESSAGE][PASSED] - Object: 'Object Repository/Page_It-Right Platform_GBS/span_WelcomeToggler' is clicked on

2022-06-14 17:15:23 - [TEST_STEP][PASSED] - verifyElementPresent(findTestObject("Object Repository/Page_It-Right Platform_GBS/div_WelcomeMenu"), 0): Object 'Object Repository/Page_It-Right Platform_GBS/div_WelcomeMenu' is present

2022-06-14 17:15:23 - [MESSAGE][WARNING] - Timeout '0' is invalid. Using default page load timeout: '30'

2022-06-14 17:15:24 - [MESSAGE][PASSED] - Object 'Object Repository/Page_It-Right Platform_GBS/div_WelcomeMenu' is present

2022-06-14 17:15:24 - [TEST_STEP][PASSED] - scrollToElement(findTestObject("Page_It-Right Platform_GBS/span_GBS"), 0): Scroll to object 'Object Repository/Page_It-Right Platform_GBS/span_GBS' successfully

2022-06-14 17:15:24 - [MESSAGE][WARNING] - Timeout '0' is invalid. Using default page load timeout: '30'

2022-06-14 17:15:24 - [MESSAGE][PASSED] - Scroll to object 'Object Repository/Page_It-Right Platform_GBS/span_GBS' successfully

2022-06-14 17:15:24 - [TEST_STEP][PASSED] - waitForElementClickable(findTestObject("Page_It-Right Platform_GBS/span_GBS"), 0): Object 'Object Repository/Page_It-Right Platform_GBS/span_GBS' is clickable

2022-06-14 17:15:24 - [MESSAGE][WARNING] - Timeout '0' is invalid. Using default page load timeout: '30'

2022-06-14 17:15:25 - [MESSAGE][PASSED] - Object 'Object Repository/Page_It-Right Platform_GBS/span_GBS' is clickable

2022-06-14 17:15:25 - [TEST_STEP][PASSED] - click(findTestObject("Page_It-Right Platform_GBS/span_GBS")): Object: 'Object Repository/Page_It-Right Platform_GBS/span_GBS' is clicked on

2022-06-14 17:15:32 - [MESSAGE][PASSED] - Object: 'Object Repository/Page_It-Right Platform_GBS/span_GBS' is clicked on

2022-06-14 17:15:32 - [TEST_STEP][PASSED] - delay(2): Delayed 2 second(s)

2022-06-14 17:15:34 - [MESSAGE][PASSED] - Delayed 2 second(s)

2022-06-14 17:15:34 - [TEST_STEP][PASSED] - click(findTestObject("Page_DIR_GBS/button_Technical Sourcing")): Object: 'Object Repository/Page_DIR_GBS/button_Technical Sourcing' is clicked on

2022-06-14 17:15:39 - [MESSAGE][PASSED] - Object: 'Object Repository/Page_DIR_GBS/button_Technical Sourcing' is clicked on

2022-06-14 17:15:39 - [TEST_STEP][PASSED] - click(findTestObject("Page_DIR_GBS/span_Flex_Organization")): Object: 'Object Repository/Page_DIR_GBS/span_Flex_Organization' is clicked on

2022-06-14 17:15:39 - [MESSAGE][PASSED] - Object: 'Object Repository/Page_DIR_GBS/span_Flex_Organization' is clicked on

2022-06-14 17:15:39 - [TEST_STEP][PASSED] - selectOptionByValue(findTestObject("Page_DIR_GBS/select_Organization"), "FLEX", true): All options with value 'FLEX' are selected in object 'Object Repository/Page_DIR_GBS/select_Organization'  using regular expression

2022-06-14 17:15:46 - [MESSAGE][PASSED] - All options with value 'FLEX' are selected in object 'Object Repository/Page_DIR_GBS/select_Organization'  using regular expression

2022-06-14 17:15:46 - [TEST_STEP][PASSED] - delay(2): Delayed 2 second(s)

2022-06-14 17:15:48 - [MESSAGE][PASSED] - Delayed 2 second(s)

2022-06-14 17:15:48 - [TEST_STEP][PASSED] - verifyElementPresent(findTestObject("Page_DIR_GBS/div_To Create Project   Drop GBS project"), 0): Object 'Object Repository/Page_DIR_GBS/div_To Create Project   Drop GBS project' is present

2022-06-14 17:15:48 - [MESSAGE][WARNING] - Timeout '0' is invalid. Using default page load timeout: '30'

2022-06-14 17:15:48 - [MESSAGE][PASSED] - Object 'Object Repository/Page_DIR_GBS/div_To Create Project   Drop GBS project' is present

2022-06-14 17:15:48 - [TEST_STEP][PASSED] - uploadFileWithDragAndDrop(findTestObject("Page_DIR_GBS/div_To Create Project   Drop GBS project"), GBSAF_File): null

2022-06-14 17:15:49 - [TEST_STEP][PASSED] - verifyElementPresent(findTestObject("Page_DIR_GBS/div_Choose Analysis Type"), 3): Object 'Object Repository/Page_DIR_GBS/div_Choose Analysis Type' is present

2022-06-14 17:15:49 - [MESSAGE][PASSED] - Object 'Object Repository/Page_DIR_GBS/div_Choose Analysis Type' is present

2022-06-14 17:15:49 - [TEST_STEP][PASSED] - click(findTestObject("Page_DIR_GBS/button_OK")): Object: 'Object Repository/Page_DIR_GBS/button_OK' is clicked on

2022-06-14 17:15:50 - [MESSAGE][PASSED] - Object: 'Object Repository/Page_DIR_GBS/button_OK' is clicked on

2022-06-14 17:15:50 - [TEST_STEP][PASSED] - delay(2): Delayed 2 second(s)

2022-06-14 17:15:52 - [MESSAGE][PASSED] - Delayed 2 second(s)

2022-06-14 17:15:52 - [TEST_STEP][PASSED] - verifyElementPresent(findTestObject("Page_DIR_GBS/div_Create Project"), 3): Object 'Object Repository/Page_DIR_GBS/div_Create Project' is present

2022-06-14 17:15:52 - [MESSAGE][PASSED] - Object 'Object Repository/Page_DIR_GBS/div_Create Project' is present

2022-06-14 17:15:52 - [TEST_STEP][PASSED] - click(findTestObject("Page_DIR_GBS/input__dueDate")): Object: 'Object Repository/Page_DIR_GBS/input__dueDate' is clicked on

2022-06-14 17:15:53 - [MESSAGE][PASSED] - Object: 'Object Repository/Page_DIR_GBS/input__dueDate' is clicked on

2022-06-14 17:15:53 - [TEST_STEP][PASSED] - delay(1): Delayed 1 second(s)

2022-06-14 17:15:54 - [MESSAGE][PASSED] - Delayed 1 second(s)

2022-06-14 17:15:54 - [TEST_STEP][PASSED] - click(findTestObject("Page_DIR_GBS/span_Month")): Object: 'Object Repository/Page_DIR_GBS/span_Month' is clicked on

2022-06-14 17:15:54 - [MESSAGE][PASSED] - Object: 'Object Repository/Page_DIR_GBS/span_Month' is clicked on

2022-06-14 17:15:54 - [TEST_STEP][PASSED] - scrollToElement(findTestObject("Page_DIR_GBS/span_MonthDecember"), 1, STOP_ON_FAILURE): Scroll to object 'Object Repository/Page_DIR_GBS/span_MonthDecember' successfully

2022-06-14 17:15:54 - [MESSAGE][PASSED] - Scroll to object 'Object Repository/Page_DIR_GBS/span_MonthDecember' successfully

2022-06-14 17:15:54 - [TEST_STEP][PASSED] - click(findTestObject("Page_DIR_GBS/span_MonthDecember")): Object: 'Object Repository/Page_DIR_GBS/span_MonthDecember' is clicked on

2022-06-14 17:15:55 - [MESSAGE][PASSED] - Object: 'Object Repository/Page_DIR_GBS/span_MonthDecember' is clicked on

2022-06-14 17:15:55 - [TEST_STEP][PASSED] - delay(1): Delayed 1 second(s)

2022-06-14 17:15:56 - [MESSAGE][PASSED] - Delayed 1 second(s)

2022-06-14 17:15:56 - [TEST_STEP][PASSED] - click(findTestObject("Page_DIR_GBS/span_Year")): Object: 'Object Repository/Page_DIR_GBS/span_Year' is clicked on

2022-06-14 17:15:56 - [MESSAGE][PASSED] - Object: 'Object Repository/Page_DIR_GBS/span_Year' is clicked on

2022-06-14 17:15:56 - [TEST_STEP][PASSED] - delay(1): Delayed 1 second(s)

2022-06-14 17:15:57 - [MESSAGE][PASSED] - Delayed 1 second(s)

2022-06-14 17:15:57 - [TEST_STEP][PASSED] - scrollToElement(findTestObject("Page_DIR_GBS/span_Year2024"), 2): Scroll to object 'Object Repository/Page_DIR_GBS/span_Year2024' successfully

2022-06-14 17:15:58 - [MESSAGE][PASSED] - Scroll to object 'Object Repository/Page_DIR_GBS/span_Year2024' successfully

2022-06-14 17:15:58 - [TEST_STEP][PASSED] - click(findTestObject("Page_DIR_GBS/span_Year2024")): Object: 'Object Repository/Page_DIR_GBS/span_Year2024' is clicked on

2022-06-14 17:15:58 - [MESSAGE][PASSED] - Object: 'Object Repository/Page_DIR_GBS/span_Year2024' is clicked on

2022-06-14 17:15:58 - [TEST_STEP][PASSED] - delay(1): Delayed 1 second(s)

2022-06-14 17:15:59 - [MESSAGE][PASSED] - Delayed 1 second(s)

2022-06-14 17:15:59 - [TEST_STEP][PASSED] - click(findTestObject("Page_DIR_GBS/div_Date31")): Object: 'Object Repository/Page_DIR_GBS/div_Date31' is clicked on

2022-06-14 17:16:00 - [MESSAGE][PASSED] - Object: 'Object Repository/Page_DIR_GBS/div_Date31' is clicked on

2022-06-14 17:16:00 - [TEST_STEP][PASSED] - delay(2): Delayed 2 second(s)

2022-06-14 17:16:02 - [MESSAGE][PASSED] - Delayed 2 second(s)

2022-06-14 17:16:02 - [TEST_STEP][PASSED] - setText(findTestObject("Page_DIR_GBS/textarea_Comments_comments"), "Test"): Text 'Test' is set on object 'Object Repository/Page_DIR_GBS/textarea_Comments_comments'

2022-06-14 17:16:33 - [MESSAGE][INFO] - Unable to find the element located by 'By.xpath: //textarea[@id='req-comments-text-area']'. Please recheck the objects properties to make sure the desired element is located. 

2022-06-14 17:16:33 - [MESSAGE][WARNING] - [SELF-HEALING] Failed to find element with id 'Object Repository/Page_DIR_GBS/textarea_Comments_comments'. Try using Self-healing.

2022-06-14 17:16:33 - [MESSAGE][WARNING] - [SELF-HEALING] The current locator of test object 'Object Repository/Page_DIR_GBS/textarea_Comments_comments' was broken. Propose an alternative one: '//textarea'.

2022-06-14 17:17:04 - [MESSAGE][INFO] - Unable to find the element located by 'By.xpath: //textarea[@id='req-comments-text-area']'. Please recheck the objects properties to make sure the desired element is located. 

2022-06-14 17:17:04 - [MESSAGE][WARNING] - [SELF-HEALING] Failed to find element with id 'Object Repository/Page_DIR_GBS/textarea_Comments_comments'. Try using Self-healing.

2022-06-14 17:17:05 - [MESSAGE][WARNING] - [SELF-HEALING] The current locator of test object 'Object Repository/Page_DIR_GBS/textarea_Comments_comments' was broken. Propose an alternative one: '//textarea'.

2022-06-14 17:17:05 - [MESSAGE][PASSED] - Text 'Test' is set on object 'Object Repository/Page_DIR_GBS/textarea_Comments_comments'

2022-06-14 17:17:05 - [TEST_STEP][PASSED] - scrollToElement(findTestObject("Page_DIR_GBS/button_Create"), 2): Scroll to object 'Object Repository/Page_DIR_GBS/button_Create' successfully

2022-06-14 17:17:36 - [MESSAGE][INFO] - Unable to find the element located by 'By.xpath: //button[@id='create-request']'. Please recheck the objects properties to make sure the desired element is located. 

2022-06-14 17:17:36 - [MESSAGE][WARNING] - [SELF-HEALING] Failed to find element with id 'Object Repository/Page_DIR_GBS/button_Create'. Try using Self-healing.

2022-06-14 17:17:36 - [MESSAGE][WARNING] - [SELF-HEALING] The current locator of test object 'Object Repository/Page_DIR_GBS/button_Create' was broken. Propose an alternative one: '(.//*[normalize-space(text()) and normalize-space(.)='Cancel'])[2]/preceding::button[1]'.

2022-06-14 17:17:36 - [MESSAGE][PASSED] - Scroll to object 'Object Repository/Page_DIR_GBS/button_Create' successfully

2022-06-14 17:17:36 - [TEST_STEP][PASSED] - click(findTestObject("Page_DIR_GBS/button_Create")): Object: 'Object Repository/Page_DIR_GBS/button_Create' is clicked on

2022-06-14 17:18:07 - [MESSAGE][INFO] - Unable to find the element located by 'By.xpath: //button[@id='create-request']'. Please recheck the objects properties to make sure the desired element is located. 

2022-06-14 17:18:07 - [MESSAGE][WARNING] - [SELF-HEALING] Failed to find element with id 'Object Repository/Page_DIR_GBS/button_Create'. Try using Self-healing.

2022-06-14 17:18:08 - [MESSAGE][WARNING] - [SELF-HEALING] The current locator of test object 'Object Repository/Page_DIR_GBS/button_Create' was broken. Propose an alternative one: '(.//*[normalize-space(text()) and normalize-space(.)='Cancel'])[2]/preceding::button[1]'.

2022-06-14 17:18:08 - [MESSAGE][PASSED] - Object: 'Object Repository/Page_DIR_GBS/button_Create' is clicked on

2022-06-14 17:18:08 - [TEST_STEP][PASSED] - delay(1): Delayed 1 second(s)

2022-06-14 17:18:09 - [MESSAGE][PASSED] - Delayed 1 second(s)

2022-06-14 17:18:09 - [TEST_STEP][PASSED] - waitForElementPresent(findTestObject("Page_DIR_GBS/div_Project success msg"), 3): Object 'Object Repository/Page_DIR_GBS/div_Project success msg' is present

2022-06-14 17:18:24 - [MESSAGE][PASSED] - Object 'Object Repository/Page_DIR_GBS/div_Project success msg' is present

2022-06-14 17:18:24 - [TEST_STEP][PASSED] - verifyElementPresent(findTestObject("Page_DIR_GBS/div_Project success msg"), 3): Object 'Object Repository/Page_DIR_GBS/div_Project success msg' is present

2022-06-14 17:18:24 - [MESSAGE][PASSED] - Object 'Object Repository/Page_DIR_GBS/div_Project success msg' is present

2022-06-14 17:18:24 - [TEST_STEP][PASSED] - delay(1): Delayed 1 second(s)

2022-06-14 17:18:25 - [MESSAGE][PASSED] - Delayed 1 second(s)

2022-06-14 17:18:25 - [TEST_STEP][PASSED] - verifyElementPresent(findTestObject("Page_DIR_GBS/td_FileName_Dummy"), 2): Object 'Object Repository/Page_DIR_GBS/td_FileName_Dummy' is present

2022-06-14 17:18:26 - [MESSAGE][PASSED] - Object 'Object Repository/Page_DIR_GBS/td_FileName_Dummy' is present

2022-06-14 17:18:26 - [TEST_STEP][PASSED] - verifyElementAttributeValue(findTestObject("Page_DIR_GBS/td_FileName_Dummy"), "text", GBSAF_FileName, 3): Object 'Object Repository/Page_DIR_GBS/td_FileName_Dummy' has attribute 'text' with value 'File for Dummy MPN'

2022-06-14 17:18:26 - [MESSAGE][PASSED] - Object 'Object Repository/Page_DIR_GBS/td_FileName_Dummy' has attribute 'text' with value 'File for Dummy MPN'

2022-06-14 17:18:26 - [TEST_STEP][PASSED] - click(findTestObject("Page_DIR_GBS/span_Welcome Thangasumathy Jayakumar")): Object: 'Object Repository/Page_DIR_GBS/span_Welcome Thangasumathy Jayakumar' is clicked on

2022-06-14 17:18:27 - [MESSAGE][PASSED] - Object: 'Object Repository/Page_DIR_GBS/span_Welcome Thangasumathy Jayakumar' is clicked on

2022-06-14 17:18:27 - [TEST_STEP][PASSED] - click(findTestObject("Page_DIR_GBS/a_Logout")): Object: 'Object Repository/Page_DIR_GBS/a_Logout' is clicked on

2022-06-14 17:18:27 - [MESSAGE][PASSED] - Object: 'Object Repository/Page_DIR_GBS/a_Logout' is clicked on]]></system-out>
         <system-err><![CDATA[]]></system-err>
      </testcase>
      <testcase name="Test Cases/Sanity/GBS/AF_Review_Verify" time="114.895" classname="Test Cases/Sanity/GBS/AF_Review_Verify" status="PASSED">
         <system-out><![CDATA[2022-06-14 17:18:27 - [TEST_CASE][PASSED] - Test Cases/Sanity/GBS/AF_Review_Verify: Test Cases/Sanity/GBS/AF_Review_Verify

2022-06-14 17:18:28 - [TEST_STEP][PASSED] - openBrowser(""): Browser is opened with url: ''

2022-06-14 17:18:28 - [MESSAGE][WARNING] - A browser is already opened. Closing browser and opening a new one

2022-06-14 17:18:28 - [MESSAGE][INFO] - Starting 'Chrome' driver

2022-06-14 17:18:28 - [MESSAGE][INFO] - Action delay is set to 0 milliseconds

2022-06-14 17:18:30 - [MESSAGE][PASSED] - Browser is opened with url: ''

2022-06-14 17:18:30 - [TEST_STEP][PASSED] - maximizeWindow(): Current window maximized

2022-06-14 17:18:30 - [MESSAGE][PASSED] - Current window maximized

2022-06-14 17:18:30 - [TEST_STEP][PASSED] - navigateToUrl(URL): Navigate to 'https://pirqa.flex.com/login' successfully

2022-06-14 17:18:32 - [MESSAGE][PASSED] - Navigate to 'https://pirqa.flex.com/login' successfully

2022-06-14 17:18:32 - [TEST_STEP][PASSED] - setText(findTestObject("Page_It-Right Platform_GBS/Username"), username): Text 'gsstjaya' is set on object 'Object Repository/Page_It-Right Platform_GBS/Username'

2022-06-14 17:18:33 - [MESSAGE][PASSED] - Text 'gsstjaya' is set on object 'Object Repository/Page_It-Right Platform_GBS/Username'

2022-06-14 17:18:33 - [TEST_STEP][PASSED] - setEncryptedText(findTestObject("Page_It-Right Platform_GBS/password"), pwd): Text ****** has been set on object 'Object Repository/Page_It-Right Platform_GBS/password'

2022-06-14 17:18:34 - [MESSAGE][PASSED] - Text ****** has been set on object 'Object Repository/Page_It-Right Platform_GBS/password'

2022-06-14 17:18:34 - [TEST_STEP][PASSED] - click(findTestObject("Page_It-Right Platform_GBS/button_Sign in")): Object: 'Object Repository/Page_It-Right Platform_GBS/button_Sign in' is clicked on

2022-06-14 17:18:36 - [MESSAGE][PASSED] - Object: 'Object Repository/Page_It-Right Platform_GBS/button_Sign in' is clicked on

2022-06-14 17:18:36 - [TEST_STEP][PASSED] - click(findTestObject("Object Repository/Page_It-Right Platform_GBS/span_WelcomeToggler")): Object: 'Object Repository/Page_It-Right Platform_GBS/span_WelcomeToggler' is clicked on

2022-06-14 17:18:37 - [MESSAGE][PASSED] - Object: 'Object Repository/Page_It-Right Platform_GBS/span_WelcomeToggler' is clicked on

2022-06-14 17:18:37 - [TEST_STEP][PASSED] - verifyElementPresent(findTestObject("Object Repository/Page_It-Right Platform_GBS/div_WelcomeMenu"), 0): Object 'Object Repository/Page_It-Right Platform_GBS/div_WelcomeMenu' is present

2022-06-14 17:18:37 - [MESSAGE][WARNING] - Timeout '0' is invalid. Using default page load timeout: '30'

2022-06-14 17:18:37 - [MESSAGE][PASSED] - Object 'Object Repository/Page_It-Right Platform_GBS/div_WelcomeMenu' is present

2022-06-14 17:18:37 - [TEST_STEP][PASSED] - click(findTestObject("Object Repository/Page_It-Right Platform_GBS/span_GBS")): Object: 'Object Repository/Page_It-Right Platform_GBS/span_GBS' is clicked on

2022-06-14 17:18:44 - [MESSAGE][PASSED] - Object: 'Object Repository/Page_It-Right Platform_GBS/span_GBS' is clicked on

2022-06-14 17:18:44 - [TEST_STEP][PASSED] - delay(2): Delayed 2 second(s)

2022-06-14 17:18:46 - [MESSAGE][PASSED] - Delayed 2 second(s)

2022-06-14 17:18:46 - [TEST_STEP][PASSED] - click(findTestObject("Page_DIR_GBS/button_Technical Sourcing")): Object: 'Object Repository/Page_DIR_GBS/button_Technical Sourcing' is clicked on

2022-06-14 17:18:48 - [MESSAGE][PASSED] - Object: 'Object Repository/Page_DIR_GBS/button_Technical Sourcing' is clicked on

2022-06-14 17:18:48 - [TEST_STEP][PASSED] - click(findTestObject("Page_DIR_GBS/span_Flex_Organization")): Object: 'Object Repository/Page_DIR_GBS/span_Flex_Organization' is clicked on

2022-06-14 17:18:48 - [MESSAGE][PASSED] - Object: 'Object Repository/Page_DIR_GBS/span_Flex_Organization' is clicked on

2022-06-14 17:18:48 - [TEST_STEP][PASSED] - selectOptionByValue(findTestObject("Page_DIR_GBS/select_Organization"), "FLEX", true): All options with value 'FLEX' are selected in object 'Object Repository/Page_DIR_GBS/select_Organization'  using regular expression

2022-06-14 17:18:54 - [MESSAGE][PASSED] - All options with value 'FLEX' are selected in object 'Object Repository/Page_DIR_GBS/select_Organization'  using regular expression

2022-06-14 17:18:54 - [TEST_STEP][PASSED] - delay(2): Delayed 2 second(s)

2022-06-14 17:18:56 - [MESSAGE][PASSED] - Delayed 2 second(s)

2022-06-14 17:18:56 - [TEST_STEP][PASSED] - scrollToElement(findTestObject("Page_DIR_GBS/i_Project-folder-open"), 2): Scroll to object 'Object Repository/Page_DIR_GBS/i_Project-folder-open' successfully

2022-06-14 17:19:27 - [MESSAGE][INFO] - Unable to find the element located by 'By.xpath: //tr[@id='3835']/td[17]/a/i'. Please recheck the objects properties to make sure the desired element is located. 

2022-06-14 17:19:27 - [MESSAGE][WARNING] - [SELF-HEALING] Failed to find element with id 'Object Repository/Page_DIR_GBS/i_Project-folder-open'. Try using Self-healing.

2022-06-14 17:19:27 - [MESSAGE][WARNING] - [SELF-HEALING] The current locator of test object 'Object Repository/Page_DIR_GBS/i_Project-folder-open' was broken. Propose an alternative one: '//tr[2]/td[17]/a/i'.

2022-06-14 17:19:27 - [MESSAGE][PASSED] - Scroll to object 'Object Repository/Page_DIR_GBS/i_Project-folder-open' successfully

2022-06-14 17:19:27 - [TEST_STEP][PASSED] - click(findTestObject("Page_DIR_GBS/i_Project-folder-open")): Object: 'Object Repository/Page_DIR_GBS/i_Project-folder-open' is clicked on

2022-06-14 17:19:59 - [MESSAGE][INFO] - Unable to find the element located by 'By.xpath: //tr[@id='3835']/td[17]/a/i'. Please recheck the objects properties to make sure the desired element is located. 

2022-06-14 17:19:59 - [MESSAGE][WARNING] - [SELF-HEALING] Failed to find element with id 'Object Repository/Page_DIR_GBS/i_Project-folder-open'. Try using Self-healing.

2022-06-14 17:19:59 - [MESSAGE][WARNING] - [SELF-HEALING] The current locator of test object 'Object Repository/Page_DIR_GBS/i_Project-folder-open' was broken. Propose an alternative one: '//tr[2]/td[17]/a/i'.

2022-06-14 17:19:59 - [MESSAGE][PASSED] - Object: 'Object Repository/Page_DIR_GBS/i_Project-folder-open' is clicked on

2022-06-14 17:19:59 - [TEST_STEP][PASSED] - delay(3): Delayed 3 second(s)

2022-06-14 17:20:02 - [MESSAGE][PASSED] - Delayed 3 second(s)

2022-06-14 17:20:02 - [TEST_STEP][PASSED] - verifyElementPresent(findTestObject("Page_DIR_GBS/a_Back to Projects"), 2): Object 'Object Repository/Page_DIR_GBS/a_Back to Projects' is present

2022-06-14 17:20:02 - [MESSAGE][PASSED] - Object 'Object Repository/Page_DIR_GBS/a_Back to Projects' is present

2022-06-14 17:20:02 - [TEST_STEP][PASSED] - verifyElementPresent(findTestObject("Page_DIR_GBS/a_PIR-TEST-0005"), 2): Object 'Object Repository/Page_DIR_GBS/a_PIR-TEST-0005' is present

2022-06-14 17:20:03 - [MESSAGE][PASSED] - Object 'Object Repository/Page_DIR_GBS/a_PIR-TEST-0005' is present

2022-06-14 17:20:03 - [TEST_STEP][PASSED] - click(findTestObject("Page_DIR_GBS/i_MPNoptionsMain")): Object: 'Object Repository/Page_DIR_GBS/i_MPNoptionsMain' is clicked on

2022-06-14 17:20:03 - [MESSAGE][PASSED] - Object: 'Object Repository/Page_DIR_GBS/i_MPNoptionsMain' is clicked on

2022-06-14 17:20:03 - [TEST_STEP][PASSED] - click(findTestObject("Page_DIR_GBS/a_Review")): Object: 'Object Repository/Page_DIR_GBS/a_Review' is clicked on

2022-06-14 17:20:04 - [MESSAGE][PASSED] - Object: 'Object Repository/Page_DIR_GBS/a_Review' is clicked on

2022-06-14 17:20:04 - [TEST_STEP][PASSED] - delay(3): Delayed 3 second(s)

2022-06-14 17:20:07 - [MESSAGE][PASSED] - Delayed 3 second(s)

2022-06-14 17:20:07 - [TEST_STEP][PASSED] - verifyElementPresent(findTestObject("Page_DIR_GBS/h3_Parts Review"), 2): Object 'Object Repository/Page_DIR_GBS/h3_Parts Review' is present

2022-06-14 17:20:10 - [MESSAGE][PASSED] - Object 'Object Repository/Page_DIR_GBS/h3_Parts Review' is present

2022-06-14 17:20:10 - [TEST_STEP][PASSED] - verifyElementPresent(findTestObject("Page_DIR_GBS/span_PIR-TEST-0005"), 0): Object 'Object Repository/Page_DIR_GBS/span_PIR-TEST-0005' is present

2022-06-14 17:20:11 - [MESSAGE][WARNING] - Timeout '0' is invalid. Using default page load timeout: '30'

2022-06-14 17:20:11 - [MESSAGE][PASSED] - Object 'Object Repository/Page_DIR_GBS/span_PIR-TEST-0005' is present

2022-06-14 17:20:11 - [TEST_STEP][PASSED] - click(findTestObject("Page_DIR_GBS/button_Select product category")): Object: 'Object Repository/Page_DIR_GBS/button_Select product category' is clicked on

2022-06-14 17:20:11 - [MESSAGE][PASSED] - Object: 'Object Repository/Page_DIR_GBS/button_Select product category' is clicked on

2022-06-14 17:20:11 - [TEST_STEP][PASSED] - verifyElementPresent(findTestObject("Page_DIR_GBS/div_Select product category"), 2): Object 'Object Repository/Page_DIR_GBS/div_Select product category' is present

2022-06-14 17:20:12 - [MESSAGE][PASSED] - Object 'Object Repository/Page_DIR_GBS/div_Select product category' is present

2022-06-14 17:20:12 - [TEST_STEP][PASSED] - setText(findTestObject("Page_DIR_GBS/input_Select product category"), "cer"): Text 'cer' is set on object 'Object Repository/Page_DIR_GBS/input_Select product category'

2022-06-14 17:20:12 - [MESSAGE][PASSED] - Text 'cer' is set on object 'Object Repository/Page_DIR_GBS/input_Select product category'

2022-06-14 17:20:12 - [TEST_STEP][PASSED] - click(findTestObject("Page_DIR_GBS/span_Ceramic Capacitor")): Object: 'Object Repository/Page_DIR_GBS/span_Ceramic Capacitor' is clicked on

2022-06-14 17:20:13 - [MESSAGE][PASSED] - Object: 'Object Repository/Page_DIR_GBS/span_Ceramic Capacitor' is clicked on

2022-06-14 17:20:13 - [TEST_STEP][PASSED] - selectOptionByValue(findTestObject("Page_DIR_GBS/select_Commodity"), "Ceramic Capacitor", true): All options with value 'Ceramic Capacitor' are selected in object 'Object Repository/Page_DIR_GBS/select_Commodity'  using regular expression

2022-06-14 17:20:20 - [MESSAGE][PASSED] - All options with value 'Ceramic Capacitor' are selected in object 'Object Repository/Page_DIR_GBS/select_Commodity'  using regular expression

2022-06-14 17:20:20 - [TEST_STEP][PASSED] - click(findTestObject("Page_DIR_GBS/i_return-arrow")): Object: 'Object Repository/Page_DIR_GBS/i_return-arrow' is clicked on

2022-06-14 17:20:20 - [MESSAGE][PASSED] - Object: 'Object Repository/Page_DIR_GBS/i_return-arrow' is clicked on

2022-06-14 17:20:20 - [TEST_STEP][PASSED] - verifyElementPresent(findTestObject("Page_DIR_GBS/a_Back to Projects"), 2): Object 'Object Repository/Page_DIR_GBS/a_Back to Projects' is present

2022-06-14 17:20:21 - [MESSAGE][PASSED] - Object 'Object Repository/Page_DIR_GBS/a_Back to Projects' is present

2022-06-14 17:20:21 - [TEST_STEP][PASSED] - verifyElementPresent(findTestObject("Page_DIR_GBS/a_PIR-TEST-0005"), 2): Object 'Object Repository/Page_DIR_GBS/a_PIR-TEST-0005' is present

2022-06-14 17:20:21 - [MESSAGE][PASSED] - Object 'Object Repository/Page_DIR_GBS/a_PIR-TEST-0005' is present

2022-06-14 17:20:21 - [TEST_STEP][PASSED] - click(findTestObject("Page_DIR_GBS/span_Welcome Thangasumathy Jayakumar")): Object: 'Object Repository/Page_DIR_GBS/span_Welcome Thangasumathy Jayakumar' is clicked on

2022-06-14 17:20:21 - [MESSAGE][PASSED] - Object: 'Object Repository/Page_DIR_GBS/span_Welcome Thangasumathy Jayakumar' is clicked on

2022-06-14 17:20:21 - [TEST_STEP][PASSED] - click(findTestObject("Page_DIR_GBS/a_Logout")): Object: 'Object Repository/Page_DIR_GBS/a_Logout' is clicked on

2022-06-14 17:20:22 - [MESSAGE][PASSED] - Object: 'Object Repository/Page_DIR_GBS/a_Logout' is clicked on]]></system-out>
         <system-err><![CDATA[]]></system-err>
      </testcase>
      <testcase name="Test Cases/Sanity/GBS/AF_Export_Dashboard" time="34.819" classname="Test Cases/Sanity/GBS/AF_Export_Dashboard" status="PASSED">
         <system-out><![CDATA[2022-06-14 17:20:22 - [TEST_CASE][PASSED] - Test Cases/Sanity/GBS/AF_Export_Dashboard: Test Cases/Sanity/GBS/AF_Export_Dashboard

2022-06-14 17:20:23 - [TEST_STEP][PASSED] - openBrowser(""): Browser is opened with url: ''

2022-06-14 17:20:23 - [MESSAGE][WARNING] - A browser is already opened. Closing browser and opening a new one

2022-06-14 17:20:23 - [MESSAGE][INFO] - Starting 'Chrome' driver

2022-06-14 17:20:23 - [MESSAGE][INFO] - Action delay is set to 0 milliseconds

2022-06-14 17:20:25 - [MESSAGE][PASSED] - Browser is opened with url: ''

2022-06-14 17:20:25 - [TEST_STEP][PASSED] - maximizeWindow(): Current window maximized

2022-06-14 17:20:25 - [MESSAGE][PASSED] - Current window maximized

2022-06-14 17:20:25 - [TEST_STEP][PASSED] - navigateToUrl(URL): Navigate to 'https://pirqa.flex.com/login' successfully

2022-06-14 17:20:28 - [MESSAGE][PASSED] - Navigate to 'https://pirqa.flex.com/login' successfully

2022-06-14 17:20:28 - [TEST_STEP][PASSED] - setText(findTestObject("Page_It-Right Platform_GBS/Username"), username): Text 'gsstjaya' is set on object 'Object Repository/Page_It-Right Platform_GBS/Username'

2022-06-14 17:20:29 - [MESSAGE][PASSED] - Text 'gsstjaya' is set on object 'Object Repository/Page_It-Right Platform_GBS/Username'

2022-06-14 17:20:29 - [TEST_STEP][PASSED] - setEncryptedText(findTestObject("Page_It-Right Platform_GBS/password"), pwd): Text ****** has been set on object 'Object Repository/Page_It-Right Platform_GBS/password'

2022-06-14 17:20:29 - [MESSAGE][PASSED] - Text ****** has been set on object 'Object Repository/Page_It-Right Platform_GBS/password'

2022-06-14 17:20:29 - [TEST_STEP][PASSED] - click(findTestObject("Page_It-Right Platform_GBS/button_Sign in")): Object: 'Object Repository/Page_It-Right Platform_GBS/button_Sign in' is clicked on

2022-06-14 17:20:32 - [MESSAGE][PASSED] - Object: 'Object Repository/Page_It-Right Platform_GBS/button_Sign in' is clicked on

2022-06-14 17:20:32 - [TEST_STEP][PASSED] - click(findTestObject("Object Repository/Page_It-Right Platform_GBS/span_WelcomeToggler")): Object: 'Object Repository/Page_It-Right Platform_GBS/span_WelcomeToggler' is clicked on

2022-06-14 17:20:33 - [MESSAGE][PASSED] - Object: 'Object Repository/Page_It-Right Platform_GBS/span_WelcomeToggler' is clicked on

2022-06-14 17:20:33 - [TEST_STEP][PASSED] - verifyElementPresent(findTestObject("Object Repository/Page_It-Right Platform_GBS/div_WelcomeMenu"), 0): Object 'Object Repository/Page_It-Right Platform_GBS/div_WelcomeMenu' is present

2022-06-14 17:20:33 - [MESSAGE][WARNING] - Timeout '0' is invalid. Using default page load timeout: '30'

2022-06-14 17:20:33 - [MESSAGE][PASSED] - Object 'Object Repository/Page_It-Right Platform_GBS/div_WelcomeMenu' is present

2022-06-14 17:20:33 - [TEST_STEP][PASSED] - click(findTestObject("Object Repository/Page_It-Right Platform_GBS/span_GBS")): Object: 'Object Repository/Page_It-Right Platform_GBS/span_GBS' is clicked on

2022-06-14 17:20:40 - [MESSAGE][PASSED] - Object: 'Object Repository/Page_It-Right Platform_GBS/span_GBS' is clicked on

2022-06-14 17:20:40 - [TEST_STEP][PASSED] - click(findTestObject("Object Repository/Page_DIR_GBS/div_Technical Sourcing")): Object: 'Object Repository/Page_DIR_GBS/div_Technical Sourcing' is clicked on

2022-06-14 17:20:44 - [MESSAGE][PASSED] - Object: 'Object Repository/Page_DIR_GBS/div_Technical Sourcing' is clicked on

2022-06-14 17:20:44 - [TEST_STEP][PASSED] - click(findTestObject("Object Repository/Page_DIR_GBS/span_Flex")): Object: 'Object Repository/Page_DIR_GBS/span_Flex' is clicked on

2022-06-14 17:20:45 - [MESSAGE][PASSED] - Object: 'Object Repository/Page_DIR_GBS/span_Flex' is clicked on

2022-06-14 17:20:45 - [TEST_STEP][PASSED] - selectOptionByValue(findTestObject("Object Repository/Page_DIR_GBS/select_Technical Sourcing                Flex"), "FLEX", true): All options with value 'FLEX' are selected in object 'Object Repository/Page_DIR_GBS/select_Technical Sourcing                Flex'  using regular expression

2022-06-14 17:20:51 - [MESSAGE][PASSED] - All options with value 'FLEX' are selected in object 'Object Repository/Page_DIR_GBS/select_Technical Sourcing                Flex'  using regular expression

2022-06-14 17:20:51 - [TEST_STEP][PASSED] - delay(2): Delayed 2 second(s)

2022-06-14 17:20:53 - [MESSAGE][PASSED] - Delayed 2 second(s)

2022-06-14 17:20:53 - [TEST_STEP][PASSED] - scrollToElement(findTestObject("Page_DIR_GBS/i_Project file-excel"), 2): Scroll to object 'Object Repository/Page_DIR_GBS/i_Project file-excel' successfully

2022-06-14 17:20:54 - [MESSAGE][PASSED] - Scroll to object 'Object Repository/Page_DIR_GBS/i_Project file-excel' successfully

2022-06-14 17:20:54 - [TEST_STEP][PASSED] - click(findTestObject("Page_DIR_GBS/i_Project file-excel")): Object: 'Object Repository/Page_DIR_GBS/i_Project file-excel' is clicked on

2022-06-14 17:20:54 - [MESSAGE][PASSED] - Object: 'Object Repository/Page_DIR_GBS/i_Project file-excel' is clicked on

2022-06-14 17:20:54 - [TEST_STEP][PASSED] - verifyElementPresent(findTestObject("Page_DIR_GBS/ul_ExportOptions"), 0): Object 'Object Repository/Page_DIR_GBS/ul_ExportOptions' is present

2022-06-14 17:20:54 - [MESSAGE][WARNING] - Timeout '0' is invalid. Using default page load timeout: '30'

2022-06-14 17:20:55 - [MESSAGE][PASSED] - Object 'Object Repository/Page_DIR_GBS/ul_ExportOptions' is present

2022-06-14 17:20:55 - [TEST_STEP][PASSED] - click(findTestObject("Object Repository/Page_DIR_GBS/a_Both")): Object: 'Object Repository/Page_DIR_GBS/a_Both' is clicked on

2022-06-14 17:20:55 - [MESSAGE][PASSED] - Object: 'Object Repository/Page_DIR_GBS/a_Both' is clicked on

2022-06-14 17:20:55 - [TEST_STEP][PASSED] - verifyElementPresent(findTestObject("Page_DIR_GBS/div_To Create Project   Drop GBS project"), 0): Object 'Object Repository/Page_DIR_GBS/div_To Create Project   Drop GBS project' is present

2022-06-14 17:20:55 - [MESSAGE][WARNING] - Timeout '0' is invalid. Using default page load timeout: '30'

2022-06-14 17:20:55 - [MESSAGE][PASSED] - Object 'Object Repository/Page_DIR_GBS/div_To Create Project   Drop GBS project' is present

2022-06-14 17:20:55 - [TEST_STEP][PASSED] - click(findTestObject("Object Repository/Page_DIR_GBS/a_Welcome Thangasumathy Jayakumar")): Object: 'Object Repository/Page_DIR_GBS/a_Welcome Thangasumathy Jayakumar' is clicked on

2022-06-14 17:20:56 - [MESSAGE][PASSED] - Object: 'Object Repository/Page_DIR_GBS/a_Welcome Thangasumathy Jayakumar' is clicked on

2022-06-14 17:20:56 - [TEST_STEP][PASSED] - click(findTestObject("Object Repository/Page_DIR_GBS/a_Logout")): Object: 'Object Repository/Page_DIR_GBS/a_Logout' is clicked on

2022-06-14 17:20:57 - [MESSAGE][PASSED] - Object: 'Object Repository/Page_DIR_GBS/a_Logout' is clicked on]]></system-out>
         <system-err><![CDATA[]]></system-err>
      </testcase>
      <testcase name="Test Cases/Sanity/GBS Request/Create AF Request" time="149.451" classname="Test Cases/Sanity/GBS Request/Create AF Request" status="PASSED">
         <system-out><![CDATA[2022-06-14 17:20:57 - [TEST_CASE][PASSED] - Test Cases/Sanity/GBS Request/Create AF Request: Test Cases/Sanity/GBS Request/Create AF Request

2022-06-14 17:20:58 - [TEST_STEP][PASSED] - openBrowser(""): Browser is opened with url: ''

2022-06-14 17:20:58 - [MESSAGE][WARNING] - A browser is already opened. Closing browser and opening a new one

2022-06-14 17:20:58 - [MESSAGE][INFO] - Starting 'Chrome' driver

2022-06-14 17:20:58 - [MESSAGE][INFO] - Action delay is set to 0 milliseconds

2022-06-14 17:21:00 - [MESSAGE][PASSED] - Browser is opened with url: ''

2022-06-14 17:21:00 - [TEST_STEP][PASSED] - maximizeWindow(): Current window maximized

2022-06-14 17:21:00 - [MESSAGE][PASSED] - Current window maximized

2022-06-14 17:21:00 - [TEST_STEP][PASSED] - navigateToUrl(URL): Navigate to 'https://pirqa.flex.com/login' successfully

2022-06-14 17:21:02 - [MESSAGE][PASSED] - Navigate to 'https://pirqa.flex.com/login' successfully

2022-06-14 17:21:02 - [TEST_STEP][PASSED] - setText(findTestObject("Page_It-Right Platform_GBS/Username"), username): Text 'gsstjaya' is set on object 'Object Repository/Page_It-Right Platform_GBS/Username'

2022-06-14 17:21:03 - [MESSAGE][PASSED] - Text 'gsstjaya' is set on object 'Object Repository/Page_It-Right Platform_GBS/Username'

2022-06-14 17:21:03 - [TEST_STEP][PASSED] - setEncryptedText(findTestObject("Page_It-Right Platform_GBS/password"), pwd): Text ****** has been set on object 'Object Repository/Page_It-Right Platform_GBS/password'

2022-06-14 17:21:04 - [MESSAGE][PASSED] - Text ****** has been set on object 'Object Repository/Page_It-Right Platform_GBS/password'

2022-06-14 17:21:04 - [TEST_STEP][PASSED] - click(findTestObject("Page_It-Right Platform_GBS/button_Sign in")): Object: 'Object Repository/Page_It-Right Platform_GBS/button_Sign in' is clicked on

2022-06-14 17:21:08 - [MESSAGE][PASSED] - Object: 'Object Repository/Page_It-Right Platform_GBS/button_Sign in' is clicked on

2022-06-14 17:21:08 - [TEST_STEP][PASSED] - click(findTestObject("Object Repository/Page_It-Right Platform_GBS/span_WelcomeToggler")): Object: 'Object Repository/Page_It-Right Platform_GBS/span_WelcomeToggler' is clicked on

2022-06-14 17:21:08 - [MESSAGE][PASSED] - Object: 'Object Repository/Page_It-Right Platform_GBS/span_WelcomeToggler' is clicked on

2022-06-14 17:21:08 - [TEST_STEP][PASSED] - verifyElementPresent(findTestObject("Object Repository/Page_It-Right Platform_GBS/div_WelcomeMenu"), 0): Object 'Object Repository/Page_It-Right Platform_GBS/div_WelcomeMenu' is present

2022-06-14 17:21:08 - [MESSAGE][WARNING] - Timeout '0' is invalid. Using default page load timeout: '30'

2022-06-14 17:21:09 - [MESSAGE][PASSED] - Object 'Object Repository/Page_It-Right Platform_GBS/div_WelcomeMenu' is present

2022-06-14 17:21:09 - [TEST_STEP][PASSED] - click(findTestObject("Object Repository/Page_DIR_GBS/span_GBS Project Request")): Object: 'Object Repository/Page_DIR_GBS/span_GBS Project Request' is clicked on

2022-06-14 17:21:13 - [MESSAGE][PASSED] - Object: 'Object Repository/Page_DIR_GBS/span_GBS Project Request' is clicked on

2022-06-14 17:21:13 - [TEST_STEP][PASSED] - verifyElementPresent(findTestObject("Page_DIR_GBS/div_To Create Request"), 2): Object 'Object Repository/Page_DIR_GBS/div_To Create Request' is present

2022-06-14 17:21:17 - [MESSAGE][PASSED] - Object 'Object Repository/Page_DIR_GBS/div_To Create Request' is present

2022-06-14 17:21:17 - [TEST_STEP][PASSED] - uploadFileWithDragAndDrop(findTestObject("Page_DIR_GBS/div_To Create Request"), REQAF_File): null

2022-06-14 17:21:17 - [TEST_STEP][PASSED] - delay(2): Delayed 2 second(s)

2022-06-14 17:21:19 - [MESSAGE][PASSED] - Delayed 2 second(s)

2022-06-14 17:21:19 - [TEST_STEP][PASSED] - verifyElementPresent(findTestObject("Page_DIR_GBS/div_Choose Analysis Type"), 2): Object 'Object Repository/Page_DIR_GBS/div_Choose Analysis Type' is present

2022-06-14 17:21:19 - [MESSAGE][PASSED] - Object 'Object Repository/Page_DIR_GBS/div_Choose Analysis Type' is present

2022-06-14 17:21:19 - [TEST_STEP][PASSED] - click(findTestObject("Object Repository/Page_DIR_GBS/button_OK")): Object: 'Object Repository/Page_DIR_GBS/button_OK' is clicked on

2022-06-14 17:21:51 - [MESSAGE][INFO] - Unable to find the element located by 'By.xpath: (//button[@type='button'])[87]'. Please recheck the objects properties to make sure the desired element is located. 

2022-06-14 17:21:51 - [MESSAGE][WARNING] - [SELF-HEALING] Failed to find element with id 'Object Repository/Page_DIR_GBS/button_OK'. Try using Self-healing.

2022-06-14 17:21:51 - [MESSAGE][WARNING] - [SELF-HEALING] The current locator of test object 'Object Repository/Page_DIR_GBS/button_OK' was broken. Propose an alternative one: '//*/text()[normalize-space(.)='OK']/parent::*'.

2022-06-14 17:21:51 - [MESSAGE][PASSED] - Object: 'Object Repository/Page_DIR_GBS/button_OK' is clicked on

2022-06-14 17:21:51 - [TEST_STEP][PASSED] - verifyElementPresent(findTestObject("Page_DIR_GBS/div_Project Request Details"), 2): Object 'Object Repository/Page_DIR_GBS/div_Project Request Details' is present

2022-06-14 17:21:53 - [MESSAGE][PASSED] - Object 'Object Repository/Page_DIR_GBS/div_Project Request Details' is present

2022-06-14 17:21:53 - [TEST_STEP][PASSED] - click(findTestObject("Page_DIR_GBS/button_Please select site")): Object: 'Object Repository/Page_DIR_GBS/button_Please select site' is clicked on

2022-06-14 17:22:03 - [MESSAGE][PASSED] - Object: 'Object Repository/Page_DIR_GBS/button_Please select site' is clicked on

2022-06-14 17:22:03 - [TEST_STEP][PASSED] - click(findTestObject("Page_DIR_GBS/span_012 - PCBA KALLANG, SINGAPORE (012)")): Object: 'Object Repository/Page_DIR_GBS/span_012 - PCBA KALLANG, SINGAPORE (012)' is clicked on

2022-06-14 17:22:03 - [MESSAGE][PASSED] - Object: 'Object Repository/Page_DIR_GBS/span_012 - PCBA KALLANG, SINGAPORE (012)' is clicked on

2022-06-14 17:22:03 - [TEST_STEP][PASSED] - click(findTestObject("Page_DIR_GBS/button_Customer")): Object: 'Object Repository/Page_DIR_GBS/button_Customer' is clicked on

2022-06-14 17:22:04 - [MESSAGE][PASSED] - Object: 'Object Repository/Page_DIR_GBS/button_Customer' is clicked on

2022-06-14 17:22:04 - [TEST_STEP][PASSED] - click(findTestObject("Page_DIR_GBS/span_3M COMPANY")): Object: 'Object Repository/Page_DIR_GBS/span_3M COMPANY' is clicked on

2022-06-14 17:22:04 - [MESSAGE][PASSED] - Object: 'Object Repository/Page_DIR_GBS/span_3M COMPANY' is clicked on

2022-06-14 17:22:04 - [TEST_STEP][PASSED] - click(findTestObject("Page_DIR_GBS/input__dueDateRequest")): Object: 'Object Repository/Page_DIR_GBS/input__dueDateRequest' is clicked on

2022-06-14 17:22:05 - [MESSAGE][PASSED] - Object: 'Object Repository/Page_DIR_GBS/input__dueDateRequest' is clicked on

2022-06-14 17:22:05 - [TEST_STEP][PASSED] - delay(3): Delayed 3 second(s)

2022-06-14 17:22:08 - [MESSAGE][PASSED] - Delayed 3 second(s)

2022-06-14 17:22:08 - [TEST_STEP][PASSED] - click(findTestObject("Page_DIR_GBS/span_MonthRequest")): Object: 'Object Repository/Page_DIR_GBS/span_MonthRequest' is clicked on

2022-06-14 17:22:08 - [MESSAGE][PASSED] - Object: 'Object Repository/Page_DIR_GBS/span_MonthRequest' is clicked on

2022-06-14 17:22:08 - [TEST_STEP][PASSED] - scrollToElement(findTestObject("Page_DIR_GBS/div_DecemberRequest"), 2, STOP_ON_FAILURE): Scroll to object 'Object Repository/Page_DIR_GBS/div_DecemberRequest' successfully

2022-06-14 17:22:08 - [MESSAGE][PASSED] - Scroll to object 'Object Repository/Page_DIR_GBS/div_DecemberRequest' successfully

2022-06-14 17:22:08 - [TEST_STEP][PASSED] - click(findTestObject("Page_DIR_GBS/div_DecemberRequest")): Object: 'Object Repository/Page_DIR_GBS/div_DecemberRequest' is clicked on

2022-06-14 17:22:09 - [MESSAGE][PASSED] - Object: 'Object Repository/Page_DIR_GBS/div_DecemberRequest' is clicked on

2022-06-14 17:22:09 - [TEST_STEP][PASSED] - delay(2): Delayed 2 second(s)

2022-06-14 17:22:11 - [MESSAGE][PASSED] - Delayed 2 second(s)

2022-06-14 17:22:11 - [TEST_STEP][PASSED] - click(findTestObject("Page_DIR_GBS/span_YearRequest")): Object: 'Object Repository/Page_DIR_GBS/span_YearRequest' is clicked on

2022-06-14 17:22:11 - [MESSAGE][PASSED] - Object: 'Object Repository/Page_DIR_GBS/span_YearRequest' is clicked on

2022-06-14 17:22:11 - [TEST_STEP][PASSED] - delay(2): Delayed 2 second(s)

2022-06-14 17:22:13 - [MESSAGE][PASSED] - Delayed 2 second(s)

2022-06-14 17:22:13 - [TEST_STEP][PASSED] - scrollToElement(findTestObject("Page_DIR_GBS/div_Year2024Request"), 2): Scroll to object 'Object Repository/Page_DIR_GBS/div_Year2024Request' successfully

2022-06-14 17:22:14 - [MESSAGE][PASSED] - Scroll to object 'Object Repository/Page_DIR_GBS/div_Year2024Request' successfully

2022-06-14 17:22:14 - [TEST_STEP][PASSED] - click(findTestObject("Page_DIR_GBS/div_Year2024Request")): Object: 'Object Repository/Page_DIR_GBS/div_Year2024Request' is clicked on

2022-06-14 17:22:14 - [MESSAGE][PASSED] - Object: 'Object Repository/Page_DIR_GBS/div_Year2024Request' is clicked on

2022-06-14 17:22:14 - [TEST_STEP][PASSED] - delay(2): Delayed 2 second(s)

2022-06-14 17:22:16 - [MESSAGE][PASSED] - Delayed 2 second(s)

2022-06-14 17:22:16 - [TEST_STEP][PASSED] - click(findTestObject("Page_DIR_GBS/div_Date31Request")): Object: 'Object Repository/Page_DIR_GBS/div_Date31Request' is clicked on

2022-06-14 17:22:16 - [MESSAGE][PASSED] - Object: 'Object Repository/Page_DIR_GBS/div_Date31Request' is clicked on

2022-06-14 17:22:16 - [TEST_STEP][PASSED] - delay(2): Delayed 2 second(s)

2022-06-14 17:22:18 - [MESSAGE][PASSED] - Delayed 2 second(s)

2022-06-14 17:22:18 - [TEST_STEP][PASSED] - setText(findTestObject("Page_DIR_GBS/textarea_Comments_Request"), "Please Ignore. Test file created by DIR support team for testing purpose"): Text 'Please Ignore. Test file created by DIR support team for testing purpose' is set on object 'Object Repository/Page_DIR_GBS/textarea_Comments_Request'

2022-06-14 17:22:19 - [MESSAGE][PASSED] - Text 'Please Ignore. Test file created by DIR support team for testing purpose' is set on object 'Object Repository/Page_DIR_GBS/textarea_Comments_Request'

2022-06-14 17:22:19 - [TEST_STEP][PASSED] - scrollToElement(findTestObject("Page_DIR_GBS/select_RequestType"), 2, STOP_ON_FAILURE): Scroll to object 'Object Repository/Page_DIR_GBS/select_RequestType' successfully

2022-06-14 17:22:20 - [MESSAGE][PASSED] - Scroll to object 'Object Repository/Page_DIR_GBS/select_RequestType' successfully

2022-06-14 17:22:20 - [TEST_STEP][PASSED] - selectOptionByValue(findTestObject("Page_DIR_GBS/select_RequestType"), "GBS", true): All options with value 'GBS' are selected in object 'Object Repository/Page_DIR_GBS/select_RequestType'  using regular expression

2022-06-14 17:22:21 - [MESSAGE][PASSED] - All options with value 'GBS' are selected in object 'Object Repository/Page_DIR_GBS/select_RequestType'  using regular expression

2022-06-14 17:22:21 - [TEST_STEP][PASSED] - selectOptionByValue(findTestObject("Page_DIR_GBS/select_Application"), "MILITARY", true): All options with value 'MILITARY' are selected in object 'Object Repository/Page_DIR_GBS/select_Application'  using regular expression

2022-06-14 17:22:22 - [MESSAGE][PASSED] - All options with value 'MILITARY' are selected in object 'Object Repository/Page_DIR_GBS/select_Application'  using regular expression

2022-06-14 17:22:22 - [TEST_STEP][PASSED] - click(findTestObject("Page_DIR_GBS/button_CreateRequest")): Object: 'Object Repository/Page_DIR_GBS/button_CreateRequest' is clicked on

2022-06-14 17:22:23 - [MESSAGE][PASSED] - Object: 'Object Repository/Page_DIR_GBS/button_CreateRequest' is clicked on

2022-06-14 17:22:23 - [TEST_STEP][PASSED] - verifyElementPresent(findTestObject("Page_DIR_GBS/div_SuccessProject Request"), 4): Object 'Object Repository/Page_DIR_GBS/div_SuccessProject Request' is present

2022-06-14 17:22:52 - [MESSAGE][PASSED] - Object 'Object Repository/Page_DIR_GBS/div_SuccessProject Request' is present

2022-06-14 17:22:52 - [TEST_STEP][PASSED] - click(findTestObject("Object Repository/Page_DIR_GBS/button_OK")): Object: 'Object Repository/Page_DIR_GBS/button_OK' is clicked on

2022-06-14 17:23:23 - [MESSAGE][INFO] - Unable to find the element located by 'By.xpath: (//button[@type='button'])[87]'. Please recheck the objects properties to make sure the desired element is located. 

2022-06-14 17:23:23 - [MESSAGE][WARNING] - [SELF-HEALING] Failed to find element with id 'Object Repository/Page_DIR_GBS/button_OK'. Try using Self-healing.

2022-06-14 17:23:24 - [MESSAGE][WARNING] - [SELF-HEALING] The current locator of test object 'Object Repository/Page_DIR_GBS/button_OK' was broken. Propose an alternative one: '//*/text()[normalize-space(.)='OK']/parent::*'.

2022-06-14 17:23:24 - [MESSAGE][PASSED] - Object: 'Object Repository/Page_DIR_GBS/button_OK' is clicked on

2022-06-14 17:23:24 - [TEST_STEP][PASSED] - verifyElementPresent(findTestObject("Page_DIR_GBS/div_AFSelfServiceAlert"), 2): Object 'Object Repository/Page_DIR_GBS/div_AFSelfServiceAlert' is present

2022-06-14 17:23:25 - [MESSAGE][PASSED] - Object 'Object Repository/Page_DIR_GBS/div_AFSelfServiceAlert' is present

2022-06-14 17:23:25 - [TEST_STEP][PASSED] - verifyElementPresent(findTestObject("Page_DIR_GBS/div_AFSelfServiceEmail"), 2): Object 'Object Repository/Page_DIR_GBS/div_AFSelfServiceEmail' is present

2022-06-14 17:23:25 - [MESSAGE][PASSED] - Object 'Object Repository/Page_DIR_GBS/div_AFSelfServiceEmail' is present

2022-06-14 17:23:25 - [TEST_STEP][PASSED] - verifyElementPresent(findTestObject("Page_DIR_GBS/div_To Create Request"), 0): Object 'Object Repository/Page_DIR_GBS/div_To Create Request' is present

2022-06-14 17:23:25 - [MESSAGE][WARNING] - Timeout '0' is invalid. Using default page load timeout: '30'

2022-06-14 17:23:25 - [MESSAGE][PASSED] - Object 'Object Repository/Page_DIR_GBS/div_To Create Request' is present

2022-06-14 17:23:25 - [TEST_STEP][PASSED] - click(findTestObject("Page_DIR_GBS/span_Welcome Thangasumathy Jayakumar")): Object: 'Object Repository/Page_DIR_GBS/span_Welcome Thangasumathy Jayakumar' is clicked on

2022-06-14 17:23:26 - [MESSAGE][PASSED] - Object: 'Object Repository/Page_DIR_GBS/span_Welcome Thangasumathy Jayakumar' is clicked on

2022-06-14 17:23:26 - [TEST_STEP][PASSED] - click(findTestObject("Page_DIR_GBS/a_Logout")): Object: 'Object Repository/Page_DIR_GBS/a_Logout' is clicked on

2022-06-14 17:23:27 - [MESSAGE][PASSED] - Object: 'Object Repository/Page_DIR_GBS/a_Logout' is clicked on]]></system-out>
         <system-err><![CDATA[]]></system-err>
      </testcase>
      <system-out><![CDATA[2022-06-14 17:15:12 - [TEST_SUITE][PASSED] - Sanity_GBS: Test Cases/Sanity/GBS Request/Create AF Request]]></system-out>
      <system-err><![CDATA[]]></system-err>
   </testsuite>
</testsuites>
