<?xml version="1.0" encoding="UTF-8"?>
<testsuites name="Sanity_GBS" time="456.478" tests="5" failures="1" errors="0">
   <testsuite name="Sanity_GBS" tests="5" failures="1" errors="0" time="456.478" skipped="0" timestamp="2022-05-25 10:53:09" hostname="gsstjaya - GSSM0803.asia.ad.flextronics.com" id="Test Suites/Sanity_GBS">
      <properties>
         <property name="deviceName" value=""/>
         <property name="devicePlatform" value=""/>
         <property name="logFolder" value="C:\\Sumathy\\Katalon Projects_Scripts\\PIR_DIR2\\Reports\\20220525_105256\\Sanity_GBS\\20220525_105256"/>
         <property name="logFiles" value="C:\\Sumathy\\Katalon Projects_Scripts\\PIR_DIR2\\Reports\\20220525_105256\\Sanity_GBS\\20220525_105256\\execution0.log"/>
         <property name="attachments" value="C:\\Sumathy\\Katalon Projects_Scripts\\PIR_DIR2\\Reports\\20220525_105256\\Sanity_GBS\\20220525_105256\\1653456217032.png"/>
         <property name="hostName" value="gsstjaya - GSSM0803.asia.ad.flextronics.com"/>
         <property name="os" value="Windows 10 64bit"/>
         <property name="katalonVersion" value="8.3.5.208"/>
         <property name="browser" value="Chrome 101.0.4951.67"/>
         <property name="hostAddress" value="10.195.94.89"/>
         <property name="sessionId" value="6ebe64affe48c2b98fc3099b1d90ad55"/>
         <property name="seleniumVersion" value="3.141.59"/>
         <property name="proxyInformation" value="ProxyInformation { proxyOption=NO_PROXY, proxyServerType=HTTP, username=, password=********, proxyServerAddress=, proxyServerPort=0, executionList=&quot;&quot;, isApplyToDesiredCapabilities=true }"/>
         <property name="platform" value="Windows 10"/>
      </properties>
      <testcase name="Test Cases/Sanity/GBS/Create AF Project" time="27.82" classname="Test Cases/Sanity/GBS/Create AF Project" status="FAILED">
         <failure type="FAILED" message="Test Cases/Sanity/GBS/Create AF Project FAILED.
Reason:
com.kms.katalon.core.exception.StepFailedException: Unable to click on object 'Object Repository/Page_DIR/div_To Create Project   Drop GBS project'
	at com.kms.katalon.core.webui.keyword.internal.WebUIKeywordMain.stepFailed(WebUIKeywordMain.groovy:64)
	at com.kms.katalon.core.webui.keyword.internal.WebUIKeywordMain.runKeyword(WebUIKeywordMain.groovy:26)
	at com.kms.katalon.core.webui.keyword.builtin.UploadFileWithDragAndDrop.uploadFileWithDragAndDrop(UploadFileWithDragAndDrop.groovy:67)
	at com.kms.katalon.core.webui.keyword.builtin.UploadFileWithDragAndDrop.execute(UploadFileWithDragAndDrop.groovy:41)
	at com.kms.katalon.core.keyword.internal.KeywordExecutor.executeKeywordForPlatform(KeywordExecutor.groovy:74)
	at com.kms.katalon.core.webui.keyword.WebUiBuiltInKeywords.uploadFileWithDragAndDrop(WebUiBuiltInKeywords.groovy:5008)
	at com.kms.katalon.core.webui.keyword.WebUiBuiltInKeywords$uploadFileWithDragAndDrop$7.call(Unknown Source)
	at Create AF Project.run(Create AF Project:50)
	at com.kms.katalon.core.main.ScriptEngine.run(ScriptEngine.java:194)
	at com.kms.katalon.core.main.ScriptEngine.runScriptAsRawText(ScriptEngine.java:119)
	at com.kms.katalon.core.main.TestCaseExecutor.runScript(TestCaseExecutor.java:445)
	at com.kms.katalon.core.main.TestCaseExecutor.doExecute(TestCaseExecutor.java:436)
	at com.kms.katalon.core.main.TestCaseExecutor.processExecutionPhase(TestCaseExecutor.java:415)
	at com.kms.katalon.core.main.TestCaseExecutor.accessMainPhase(TestCaseExecutor.java:407)
	at com.kms.katalon.core.main.TestCaseExecutor.execute(TestCaseExecutor.java:284)
	at com.kms.katalon.core.common.CommonExecutor.accessTestCaseMainPhase(CommonExecutor.java:65)
	at com.kms.katalon.core.main.TestSuiteExecutor.accessTestSuiteMainPhase(TestSuiteExecutor.java:144)
	at com.kms.katalon.core.main.TestSuiteExecutor.execute(TestSuiteExecutor.java:106)
	at com.kms.katalon.core.main.TestCaseMain.startTestSuite(TestCaseMain.java:185)
	at com.kms.katalon.core.main.TestCaseMain$startTestSuite$0.call(Unknown Source)
	at TempTestSuite1653456176331.run(TempTestSuite1653456176331.groovy:36)
Caused by: org.openqa.selenium.InvalidArgumentException: invalid argument: File not found : C:\Sumathy\Katalon Projects_Scripts\PIR_DIR2\TestFilesFile for Dummy MPN.xlsx
  (Session info: chrome=101.0.4951.67)
Build info: version: '3.141.59', revision: 'e82be7d358', time: '2018-11-14T08:25:53'
System info: host: 'GSSM0803', ip: '10.195.94.89', os.name: 'Windows 10', os.arch: 'amd64', os.version: '10.0', java.version: '1.8.0_282'
Driver info: com.kms.katalon.selenium.driver.CChromeDriver
Capabilities {acceptInsecureCerts: false, browserName: chrome, browserVersion: 101.0.4951.67, chrome: {chromedriverVersion: 101.0.4951.41 (93c720db8323..., userDataDir: C:\Users\gsstjaya\AppData\L...}, goog:chromeOptions: {debuggerAddress: localhost:49607}, javascriptEnabled: true, networkConnectionEnabled: false, pageLoadStrategy: normal, platform: WINDOWS, platformName: WINDOWS, proxy: Proxy(), setWindowRect: true, strictFileInteractability: false, timeouts: {implicit: 0, pageLoad: 300000, script: 30000}, unhandledPromptBehavior: dismiss and notify, webauthn:extension:credBlob: true, webauthn:extension:largeBlob: true, webauthn:virtualAuthenticators: true}
Session ID: 44eb5895bdc3e8a12a5cb3c1e0b5ef3e
	at org.openqa.selenium.remote.http.W3CHttpResponseCodec.createException(W3CHttpResponseCodec.java:187)
	at org.openqa.selenium.remote.http.W3CHttpResponseCodec.decode(W3CHttpResponseCodec.java:122)
	at org.openqa.selenium.remote.http.W3CHttpResponseCodec.decode(W3CHttpResponseCodec.java:49)
	at org.openqa.selenium.remote.HttpCommandExecutor.execute(HttpCommandExecutor.java:158)
	at org.openqa.selenium.remote.service.DriverCommandExecutor.execute(DriverCommandExecutor.java:83)
	at org.openqa.selenium.remote.RemoteWebDriver.execute(RemoteWebDriver.java:552)
	at com.kms.katalon.selenium.driver.CChromeDriver.execute(CChromeDriver.java:19)
	at org.openqa.selenium.remote.RemoteWebElement.execute(RemoteWebElement.java:285)
	at org.openqa.selenium.remote.RemoteWebElement.sendKeys(RemoteWebElement.java:106)
	at org.openqa.selenium.support.events.EventFiringWebDriver$EventFiringWebElement.lambda$new$0(EventFiringWebDriver.java:404)
	at com.sun.proxy.$Proxy11.sendKeys(Unknown Source)
	at org.openqa.selenium.support.events.EventFiringWebDriver$EventFiringWebElement.sendKeys(EventFiringWebDriver.java:429)
	at com.kms.katalon.core.webui.keyword.builtin.UploadFileWithDragAndDrop$_uploadFileWithDragAndDrop_closure1.doCall(UploadFileWithDragAndDrop.groovy:60)
	at com.kms.katalon.core.webui.keyword.builtin.UploadFileWithDragAndDrop$_uploadFileWithDragAndDrop_closure1.call(UploadFileWithDragAndDrop.groovy)
	at com.kms.katalon.core.webui.keyword.internal.WebUIKeywordMain.runKeyword(WebUIKeywordMain.groovy:20)
	... 19 more
"/>
         <system-out><![CDATA[2022-05-25 10:53:09 - [TEST_CASE][FAILED] - Test Cases/Sanity/GBS/Create AF Project: Test Cases/Sanity/GBS/Create AF Project FAILED.
Reason:
com.kms.katalon.core.exception.StepFailedException: Unable to click on object 'Object Repository/Page_DIR/div_To Create Project   Drop GBS project'
	at com.kms.katalon.core.webui.keyword.internal.WebUIKeywordMain.stepFailed(WebUIKeywordMain.groovy:64)
	at com.kms.katalon.core.webui.keyword.internal.WebUIKeywordMain.runKeyword(WebUIKeywordMain.groovy:26)
	at com.kms.katalon.core.webui.keyword.builtin.UploadFileWithDragAndDrop.uploadFileWithDragAndDrop(UploadFileWithDragAndDrop.groovy:67)
	at com.kms.katalon.core.webui.keyword.builtin.UploadFileWithDragAndDrop.execute(UploadFileWithDragAndDrop.groovy:41)
	at com.kms.katalon.core.keyword.internal.KeywordExecutor.executeKeywordForPlatform(KeywordExecutor.groovy:74)
	at com.kms.katalon.core.webui.keyword.WebUiBuiltInKeywords.uploadFileWithDragAndDrop(WebUiBuiltInKeywords.groovy:5008)
	at com.kms.katalon.core.webui.keyword.WebUiBuiltInKeywords$uploadFileWithDragAndDrop$7.call(Unknown Source)
	at Create AF Project.run(Create AF Project:50)
	at com.kms.katalon.core.main.ScriptEngine.run(ScriptEngine.java:194)
	at com.kms.katalon.core.main.ScriptEngine.runScriptAsRawText(ScriptEngine.java:119)
	at com.kms.katalon.core.main.TestCaseExecutor.runScript(TestCaseExecutor.java:445)
	at com.kms.katalon.core.main.TestCaseExecutor.doExecute(TestCaseExecutor.java:436)
	at com.kms.katalon.core.main.TestCaseExecutor.processExecutionPhase(TestCaseExecutor.java:415)
	at com.kms.katalon.core.main.TestCaseExecutor.accessMainPhase(TestCaseExecutor.java:407)
	at com.kms.katalon.core.main.TestCaseExecutor.execute(TestCaseExecutor.java:284)
	at com.kms.katalon.core.common.CommonExecutor.accessTestCaseMainPhase(CommonExecutor.java:65)
	at com.kms.katalon.core.main.TestSuiteExecutor.accessTestSuiteMainPhase(TestSuiteExecutor.java:144)
	at com.kms.katalon.core.main.TestSuiteExecutor.execute(TestSuiteExecutor.java:106)
	at com.kms.katalon.core.main.TestCaseMain.startTestSuite(TestCaseMain.java:185)
	at com.kms.katalon.core.main.TestCaseMain$startTestSuite$0.call(Unknown Source)
	at TempTestSuite1653456176331.run(TempTestSuite1653456176331.groovy:36)
Caused by: org.openqa.selenium.InvalidArgumentException: invalid argument: File not found : C:\Sumathy\Katalon Projects_Scripts\PIR_DIR2\TestFilesFile for Dummy MPN.xlsx
  (Session info: chrome=101.0.4951.67)
Build info: version: '3.141.59', revision: 'e82be7d358', time: '2018-11-14T08:25:53'
System info: host: 'GSSM0803', ip: '10.195.94.89', os.name: 'Windows 10', os.arch: 'amd64', os.version: '10.0', java.version: '1.8.0_282'
Driver info: com.kms.katalon.selenium.driver.CChromeDriver
Capabilities {acceptInsecureCerts: false, browserName: chrome, browserVersion: 101.0.4951.67, chrome: {chromedriverVersion: 101.0.4951.41 (93c720db8323..., userDataDir: C:\Users\gsstjaya\AppData\L...}, goog:chromeOptions: {debuggerAddress: localhost:49607}, javascriptEnabled: true, networkConnectionEnabled: false, pageLoadStrategy: normal, platform: WINDOWS, platformName: WINDOWS, proxy: Proxy(), setWindowRect: true, strictFileInteractability: false, timeouts: {implicit: 0, pageLoad: 300000, script: 30000}, unhandledPromptBehavior: dismiss and notify, webauthn:extension:credBlob: true, webauthn:extension:largeBlob: true, webauthn:virtualAuthenticators: true}
Session ID: 44eb5895bdc3e8a12a5cb3c1e0b5ef3e
	at org.openqa.selenium.remote.http.W3CHttpResponseCodec.createException(W3CHttpResponseCodec.java:187)
	at org.openqa.selenium.remote.http.W3CHttpResponseCodec.decode(W3CHttpResponseCodec.java:122)
	at org.openqa.selenium.remote.http.W3CHttpResponseCodec.decode(W3CHttpResponseCodec.java:49)
	at org.openqa.selenium.remote.HttpCommandExecutor.execute(HttpCommandExecutor.java:158)
	at org.openqa.selenium.remote.service.DriverCommandExecutor.execute(DriverCommandExecutor.java:83)
	at org.openqa.selenium.remote.RemoteWebDriver.execute(RemoteWebDriver.java:552)
	at com.kms.katalon.selenium.driver.CChromeDriver.execute(CChromeDriver.java:19)
	at org.openqa.selenium.remote.RemoteWebElement.execute(RemoteWebElement.java:285)
	at org.openqa.selenium.remote.RemoteWebElement.sendKeys(RemoteWebElement.java:106)
	at org.openqa.selenium.support.events.EventFiringWebDriver$EventFiringWebElement.lambda$new$0(EventFiringWebDriver.java:404)
	at com.sun.proxy.$Proxy11.sendKeys(Unknown Source)
	at org.openqa.selenium.support.events.EventFiringWebDriver$EventFiringWebElement.sendKeys(EventFiringWebDriver.java:429)
	at com.kms.katalon.core.webui.keyword.builtin.UploadFileWithDragAndDrop$_uploadFileWithDragAndDrop_closure1.doCall(UploadFileWithDragAndDrop.groovy:60)
	at com.kms.katalon.core.webui.keyword.builtin.UploadFileWithDragAndDrop$_uploadFileWithDragAndDrop_closure1.call(UploadFileWithDragAndDrop.groovy)
	at com.kms.katalon.core.webui.keyword.internal.WebUIKeywordMain.runKeyword(WebUIKeywordMain.groovy:20)
	... 19 more


2022-05-25 10:53:10 - [TEST_STEP][PASSED] - openBrowser(""): Browser is opened with url: ''

2022-05-25 10:53:10 - [MESSAGE][INFO] - Starting 'Chrome' driver

2022-05-25 10:53:10 - [MESSAGE][INFO] - Action delay is set to 0 milliseconds

2022-05-25 10:53:12 - [MESSAGE][PASSED] - Browser is opened with url: ''

2022-05-25 10:53:12 - [TEST_STEP][PASSED] - maximizeWindow(): Current window maximized

2022-05-25 10:53:13 - [MESSAGE][PASSED] - Current window maximized

2022-05-25 10:53:13 - [TEST_STEP][PASSED] - navigateToUrl(URL): Navigate to 'https://pirqa.flex.com/login' successfully

2022-05-25 10:53:16 - [MESSAGE][PASSED] - Navigate to 'https://pirqa.flex.com/login' successfully

2022-05-25 10:53:16 - [TEST_STEP][PASSED] - setText(findTestObject("Page_It-Right Platform/Username"), username): Text 'gsstjaya' is set on object 'Object Repository/Page_It-Right Platform/Username'

2022-05-25 10:53:17 - [MESSAGE][PASSED] - Text 'gsstjaya' is set on object 'Object Repository/Page_It-Right Platform/Username'

2022-05-25 10:53:17 - [TEST_STEP][PASSED] - setEncryptedText(findTestObject("Page_It-Right Platform/password"), pwd): Text ****** has been set on object 'Object Repository/Page_It-Right Platform/password'

2022-05-25 10:53:17 - [MESSAGE][PASSED] - Text ****** has been set on object 'Object Repository/Page_It-Right Platform/password'

2022-05-25 10:53:17 - [TEST_STEP][PASSED] - click(findTestObject("Page_It-Right Platform/button_Sign in")): Object: 'Object Repository/Page_It-Right Platform/button_Sign in' is clicked on

2022-05-25 10:53:20 - [MESSAGE][PASSED] - Object: 'Object Repository/Page_It-Right Platform/button_Sign in' is clicked on

2022-05-25 10:53:20 - [TEST_STEP][PASSED] - click(findTestObject("Object Repository/Page_It-Right Platform/span_WelcomeToggler")): Object: 'Object Repository/Page_It-Right Platform/span_WelcomeToggler' is clicked on

2022-05-25 10:53:21 - [MESSAGE][PASSED] - Object: 'Object Repository/Page_It-Right Platform/span_WelcomeToggler' is clicked on

2022-05-25 10:53:21 - [TEST_STEP][PASSED] - verifyElementPresent(findTestObject("Object Repository/Page_It-Right Platform/div_WelcomeMenu"), 0): Object 'Object Repository/Page_It-Right Platform/div_WelcomeMenu' is present

2022-05-25 10:53:21 - [MESSAGE][WARNING] - Timeout '0' is invalid. Using default page load timeout: '30'

2022-05-25 10:53:21 - [MESSAGE][PASSED] - Object 'Object Repository/Page_It-Right Platform/div_WelcomeMenu' is present

2022-05-25 10:53:21 - [TEST_STEP][PASSED] - click(findTestObject("Page_It-Right Platform/span_GBS")): Object: 'Object Repository/Page_It-Right Platform/span_GBS' is clicked on

2022-05-25 10:53:26 - [MESSAGE][PASSED] - Object: 'Object Repository/Page_It-Right Platform/span_GBS' is clicked on

2022-05-25 10:53:26 - [TEST_STEP][PASSED] - delay(2): Delayed 2 second(s)

2022-05-25 10:53:28 - [MESSAGE][PASSED] - Delayed 2 second(s)

2022-05-25 10:53:28 - [TEST_STEP][PASSED] - click(findTestObject("Page_DIR/button_Technical Sourcing")): Object: 'Object Repository/Page_DIR/button_Technical Sourcing' is clicked on

2022-05-25 10:53:28 - [MESSAGE][PASSED] - Object: 'Object Repository/Page_DIR/button_Technical Sourcing' is clicked on

2022-05-25 10:53:28 - [TEST_STEP][PASSED] - click(findTestObject("Page_DIR/span_Flex_Organization")): Object: 'Object Repository/Page_DIR/span_Flex_Organization' is clicked on

2022-05-25 10:53:29 - [MESSAGE][PASSED] - Object: 'Object Repository/Page_DIR/span_Flex_Organization' is clicked on

2022-05-25 10:53:29 - [TEST_STEP][PASSED] - selectOptionByValue(findTestObject("Page_DIR/select_Organization"), "FLEX", true): All options with value 'FLEX' are selected in object 'Object Repository/Page_DIR/select_Organization'  using regular expression

2022-05-25 10:53:34 - [MESSAGE][PASSED] - All options with value 'FLEX' are selected in object 'Object Repository/Page_DIR/select_Organization'  using regular expression

2022-05-25 10:53:34 - [TEST_STEP][PASSED] - delay(2): Delayed 2 second(s)

2022-05-25 10:53:36 - [MESSAGE][PASSED] - Delayed 2 second(s)

2022-05-25 10:53:36 - [TEST_STEP][PASSED] - verifyElementPresent(findTestObject("Page_DIR/div_To Create Project   Drop GBS project"), 0): Object 'Object Repository/Page_DIR/div_To Create Project   Drop GBS project' is present

2022-05-25 10:53:36 - [MESSAGE][WARNING] - Timeout '0' is invalid. Using default page load timeout: '30'

2022-05-25 10:53:36 - [MESSAGE][PASSED] - Object 'Object Repository/Page_DIR/div_To Create Project   Drop GBS project' is present

2022-05-25 10:53:36 - [TEST_STEP][FAILED] - uploadFileWithDragAndDrop(findTestObject("Page_DIR/div_To Create Project   Drop GBS project"), GBSAF_File): Unable to click on object 'Object Repository/Page_DIR/div_To Create Project   Drop GBS project' (Root cause: com.kms.katalon.core.exception.StepFailedException: Unable to click on object 'Object Repository/Page_DIR/div_To Create Project   Drop GBS project'
	at com.kms.katalon.core.webui.keyword.internal.WebUIKeywordMain.stepFailed(WebUIKeywordMain.groovy:64)
	at com.kms.katalon.core.webui.keyword.internal.WebUIKeywordMain.runKeyword(WebUIKeywordMain.groovy:26)
	at com.kms.katalon.core.webui.keyword.builtin.UploadFileWithDragAndDrop.uploadFileWithDragAndDrop(UploadFileWithDragAndDrop.groovy:67)
	at com.kms.katalon.core.webui.keyword.builtin.UploadFileWithDragAndDrop.execute(UploadFileWithDragAndDrop.groovy:41)
	at com.kms.katalon.core.keyword.internal.KeywordExecutor.executeKeywordForPlatform(KeywordExecutor.groovy:74)
	at com.kms.katalon.core.webui.keyword.WebUiBuiltInKeywords.uploadFileWithDragAndDrop(WebUiBuiltInKeywords.groovy:5008)
	at com.kms.katalon.core.webui.keyword.WebUiBuiltInKeywords$uploadFileWithDragAndDrop$7.call(Unknown Source)
	at Create AF Project.run(Create AF Project:50)
	at com.kms.katalon.core.main.ScriptEngine.run(ScriptEngine.java:194)
	at com.kms.katalon.core.main.ScriptEngine.runScriptAsRawText(ScriptEngine.java:119)
	at com.kms.katalon.core.main.TestCaseExecutor.runScript(TestCaseExecutor.java:445)
	at com.kms.katalon.core.main.TestCaseExecutor.doExecute(TestCaseExecutor.java:436)
	at com.kms.katalon.core.main.TestCaseExecutor.processExecutionPhase(TestCaseExecutor.java:415)
	at com.kms.katalon.core.main.TestCaseExecutor.accessMainPhase(TestCaseExecutor.java:407)
	at com.kms.katalon.core.main.TestCaseExecutor.execute(TestCaseExecutor.java:284)
	at com.kms.katalon.core.common.CommonExecutor.accessTestCaseMainPhase(CommonExecutor.java:65)
	at com.kms.katalon.core.main.TestSuiteExecutor.accessTestSuiteMainPhase(TestSuiteExecutor.java:144)
	at com.kms.katalon.core.main.TestSuiteExecutor.execute(TestSuiteExecutor.java:106)
	at com.kms.katalon.core.main.TestCaseMain.startTestSuite(TestCaseMain.java:185)
	at com.kms.katalon.core.main.TestCaseMain$startTestSuite$0.call(Unknown Source)
	at TempTestSuite1653456176331.run(TempTestSuite1653456176331.groovy:36)
Caused by: org.openqa.selenium.InvalidArgumentException: invalid argument: File not found : C:\Sumathy\Katalon Projects_Scripts\PIR_DIR2\TestFilesFile for Dummy MPN.xlsx
  (Session info: chrome=101.0.4951.67)
Build info: version: '3.141.59', revision: 'e82be7d358', time: '2018-11-14T08:25:53'
System info: host: 'GSSM0803', ip: '10.195.94.89', os.name: 'Windows 10', os.arch: 'amd64', os.version: '10.0', java.version: '1.8.0_282'
Driver info: com.kms.katalon.selenium.driver.CChromeDriver
Capabilities {acceptInsecureCerts: false, browserName: chrome, browserVersion: 101.0.4951.67, chrome: {chromedriverVersion: 101.0.4951.41 (93c720db8323..., userDataDir: C:\Users\gsstjaya\AppData\L...}, goog:chromeOptions: {debuggerAddress: localhost:49607}, javascriptEnabled: true, networkConnectionEnabled: false, pageLoadStrategy: normal, platform: WINDOWS, platformName: WINDOWS, proxy: Proxy(), setWindowRect: true, strictFileInteractability: false, timeouts: {implicit: 0, pageLoad: 300000, script: 30000}, unhandledPromptBehavior: dismiss and notify, webauthn:extension:credBlob: true, webauthn:extension:largeBlob: true, webauthn:virtualAuthenticators: true}
Session ID: 44eb5895bdc3e8a12a5cb3c1e0b5ef3e
	at org.openqa.selenium.remote.http.W3CHttpResponseCodec.createException(W3CHttpResponseCodec.java:187)
	at org.openqa.selenium.remote.http.W3CHttpResponseCodec.decode(W3CHttpResponseCodec.java:122)
	at org.openqa.selenium.remote.http.W3CHttpResponseCodec.decode(W3CHttpResponseCodec.java:49)
	at org.openqa.selenium.remote.HttpCommandExecutor.execute(HttpCommandExecutor.java:158)
	at org.openqa.selenium.remote.service.DriverCommandExecutor.execute(DriverCommandExecutor.java:83)
	at org.openqa.selenium.remote.RemoteWebDriver.execute(RemoteWebDriver.java:552)
	at com.kms.katalon.selenium.driver.CChromeDriver.execute(CChromeDriver.java:19)
	at org.openqa.selenium.remote.RemoteWebElement.execute(RemoteWebElement.java:285)
	at org.openqa.selenium.remote.RemoteWebElement.sendKeys(RemoteWebElement.java:106)
	at org.openqa.selenium.support.events.EventFiringWebDriver$EventFiringWebElement.lambda$new$0(EventFiringWebDriver.java:404)
	at com.sun.proxy.$Proxy11.sendKeys(Unknown Source)
	at org.openqa.selenium.support.events.EventFiringWebDriver$EventFiringWebElement.sendKeys(EventFiringWebDriver.java:429)
	at com.kms.katalon.core.webui.keyword.builtin.UploadFileWithDragAndDrop$_uploadFileWithDragAndDrop_closure1.doCall(UploadFileWithDragAndDrop.groovy:60)
	at com.kms.katalon.core.webui.keyword.builtin.UploadFileWithDragAndDrop$_uploadFileWithDragAndDrop_closure1.call(UploadFileWithDragAndDrop.groovy)
	at com.kms.katalon.core.webui.keyword.internal.WebUIKeywordMain.runKeyword(WebUIKeywordMain.groovy:20)
	at com.kms.katalon.core.webui.keyword.builtin.UploadFileWithDragAndDrop.uploadFileWithDragAndDrop(UploadFileWithDragAndDrop.groovy:67)
	at com.kms.katalon.core.webui.keyword.builtin.UploadFileWithDragAndDrop.execute(UploadFileWithDragAndDrop.groovy:41)
	at com.kms.katalon.core.keyword.internal.KeywordExecutor.executeKeywordForPlatform(KeywordExecutor.groovy:74)
	at com.kms.katalon.core.webui.keyword.WebUiBuiltInKeywords.uploadFileWithDragAndDrop(WebUiBuiltInKeywords.groovy:5008)
	at com.kms.katalon.core.webui.keyword.WebUiBuiltInKeywords$uploadFileWithDragAndDrop$7.call(Unknown Source)
	at Script1632384454973.run(Script1632384454973.groovy:50)
	... 13 more
)

2022-05-25 10:53:37 - [MESSAGE][FAILED] - Unable to click on object 'Object Repository/Page_DIR/div_To Create Project   Drop GBS project' (Root cause: com.kms.katalon.core.exception.StepFailedException: Unable to click on object 'Object Repository/Page_DIR/div_To Create Project   Drop GBS project'
	at com.kms.katalon.core.webui.keyword.internal.WebUIKeywordMain.stepFailed(WebUIKeywordMain.groovy:64)
	at com.kms.katalon.core.webui.keyword.internal.WebUIKeywordMain.runKeyword(WebUIKeywordMain.groovy:26)
	at com.kms.katalon.core.webui.keyword.builtin.UploadFileWithDragAndDrop.uploadFileWithDragAndDrop(UploadFileWithDragAndDrop.groovy:67)
	at com.kms.katalon.core.webui.keyword.builtin.UploadFileWithDragAndDrop.execute(UploadFileWithDragAndDrop.groovy:41)
	at com.kms.katalon.core.keyword.internal.KeywordExecutor.executeKeywordForPlatform(KeywordExecutor.groovy:74)
	at com.kms.katalon.core.webui.keyword.WebUiBuiltInKeywords.uploadFileWithDragAndDrop(WebUiBuiltInKeywords.groovy:5008)
	at com.kms.katalon.core.webui.keyword.WebUiBuiltInKeywords$uploadFileWithDragAndDrop$7.call(Unknown Source)
	at Create AF Project.run(Create AF Project:50)
	at com.kms.katalon.core.main.ScriptEngine.run(ScriptEngine.java:194)
	at com.kms.katalon.core.main.ScriptEngine.runScriptAsRawText(ScriptEngine.java:119)
	at com.kms.katalon.core.main.TestCaseExecutor.runScript(TestCaseExecutor.java:445)
	at com.kms.katalon.core.main.TestCaseExecutor.doExecute(TestCaseExecutor.java:436)
	at com.kms.katalon.core.main.TestCaseExecutor.processExecutionPhase(TestCaseExecutor.java:415)
	at com.kms.katalon.core.main.TestCaseExecutor.accessMainPhase(TestCaseExecutor.java:407)
	at com.kms.katalon.core.main.TestCaseExecutor.execute(TestCaseExecutor.java:284)
	at com.kms.katalon.core.common.CommonExecutor.accessTestCaseMainPhase(CommonExecutor.java:65)
	at com.kms.katalon.core.main.TestSuiteExecutor.accessTestSuiteMainPhase(TestSuiteExecutor.java:144)
	at com.kms.katalon.core.main.TestSuiteExecutor.execute(TestSuiteExecutor.java:106)
	at com.kms.katalon.core.main.TestCaseMain.startTestSuite(TestCaseMain.java:185)
	at com.kms.katalon.core.main.TestCaseMain$startTestSuite$0.call(Unknown Source)
	at TempTestSuite1653456176331.run(TempTestSuite1653456176331.groovy:36)
Caused by: org.openqa.selenium.InvalidArgumentException: invalid argument: File not found : C:\Sumathy\Katalon Projects_Scripts\PIR_DIR2\TestFilesFile for Dummy MPN.xlsx
  (Session info: chrome=101.0.4951.67)
Build info: version: '3.141.59', revision: 'e82be7d358', time: '2018-11-14T08:25:53'
System info: host: 'GSSM0803', ip: '10.195.94.89', os.name: 'Windows 10', os.arch: 'amd64', os.version: '10.0', java.version: '1.8.0_282'
Driver info: com.kms.katalon.selenium.driver.CChromeDriver
Capabilities {acceptInsecureCerts: false, browserName: chrome, browserVersion: 101.0.4951.67, chrome: {chromedriverVersion: 101.0.4951.41 (93c720db8323..., userDataDir: C:\Users\gsstjaya\AppData\L...}, goog:chromeOptions: {debuggerAddress: localhost:49607}, javascriptEnabled: true, networkConnectionEnabled: false, pageLoadStrategy: normal, platform: WINDOWS, platformName: WINDOWS, proxy: Proxy(), setWindowRect: true, strictFileInteractability: false, timeouts: {implicit: 0, pageLoad: 300000, script: 30000}, unhandledPromptBehavior: dismiss and notify, webauthn:extension:credBlob: true, webauthn:extension:largeBlob: true, webauthn:virtualAuthenticators: true}
Session ID: 44eb5895bdc3e8a12a5cb3c1e0b5ef3e
	at org.openqa.selenium.remote.http.W3CHttpResponseCodec.createException(W3CHttpResponseCodec.java:187)
	at org.openqa.selenium.remote.http.W3CHttpResponseCodec.decode(W3CHttpResponseCodec.java:122)
	at org.openqa.selenium.remote.http.W3CHttpResponseCodec.decode(W3CHttpResponseCodec.java:49)
	at org.openqa.selenium.remote.HttpCommandExecutor.execute(HttpCommandExecutor.java:158)
	at org.openqa.selenium.remote.service.DriverCommandExecutor.execute(DriverCommandExecutor.java:83)
	at org.openqa.selenium.remote.RemoteWebDriver.execute(RemoteWebDriver.java:552)
	at com.kms.katalon.selenium.driver.CChromeDriver.execute(CChromeDriver.java:19)
	at org.openqa.selenium.remote.RemoteWebElement.execute(RemoteWebElement.java:285)
	at org.openqa.selenium.remote.RemoteWebElement.sendKeys(RemoteWebElement.java:106)
	at org.openqa.selenium.support.events.EventFiringWebDriver$EventFiringWebElement.lambda$new$0(EventFiringWebDriver.java:404)
	at com.sun.proxy.$Proxy11.sendKeys(Unknown Source)
	at org.openqa.selenium.support.events.EventFiringWebDriver$EventFiringWebElement.sendKeys(EventFiringWebDriver.java:429)
	at com.kms.katalon.core.webui.keyword.builtin.UploadFileWithDragAndDrop$_uploadFileWithDragAndDrop_closure1.doCall(UploadFileWithDragAndDrop.groovy:60)
	at com.kms.katalon.core.webui.keyword.builtin.UploadFileWithDragAndDrop$_uploadFileWithDragAndDrop_closure1.call(UploadFileWithDragAndDrop.groovy)
	at com.kms.katalon.core.webui.keyword.internal.WebUIKeywordMain.runKeyword(WebUIKeywordMain.groovy:20)
	at com.kms.katalon.core.webui.keyword.builtin.UploadFileWithDragAndDrop.uploadFileWithDragAndDrop(UploadFileWithDragAndDrop.groovy:67)
	at com.kms.katalon.core.webui.keyword.builtin.UploadFileWithDragAndDrop.execute(UploadFileWithDragAndDrop.groovy:41)
	at com.kms.katalon.core.keyword.internal.KeywordExecutor.executeKeywordForPlatform(KeywordExecutor.groovy:74)
	at com.kms.katalon.core.webui.keyword.WebUiBuiltInKeywords.uploadFileWithDragAndDrop(WebUiBuiltInKeywords.groovy:5008)
	at com.kms.katalon.core.webui.keyword.WebUiBuiltInKeywords$uploadFileWithDragAndDrop$7.call(Unknown Source)
	at Script1632384454973.run(Script1632384454973.groovy:50)
	... 13 more
)
[[ATTACHMENT|C:\\Sumathy\\Katalon Projects_Scripts\\PIR_DIR2\\Reports\\20220525_105256\\Sanity_GBS\\20220525_105256\\1653456217032.png]]]]></system-out>
         <system-err><![CDATA[2022-05-25 10:53:09 - [TEST_CASE][FAILED] - Test Cases/Sanity/GBS/Create AF Project: Test Cases/Sanity/GBS/Create AF Project FAILED.
Reason:
com.kms.katalon.core.exception.StepFailedException: Unable to click on object 'Object Repository/Page_DIR/div_To Create Project   Drop GBS project'
	at com.kms.katalon.core.webui.keyword.internal.WebUIKeywordMain.stepFailed(WebUIKeywordMain.groovy:64)
	at com.kms.katalon.core.webui.keyword.internal.WebUIKeywordMain.runKeyword(WebUIKeywordMain.groovy:26)
	at com.kms.katalon.core.webui.keyword.builtin.UploadFileWithDragAndDrop.uploadFileWithDragAndDrop(UploadFileWithDragAndDrop.groovy:67)
	at com.kms.katalon.core.webui.keyword.builtin.UploadFileWithDragAndDrop.execute(UploadFileWithDragAndDrop.groovy:41)
	at com.kms.katalon.core.keyword.internal.KeywordExecutor.executeKeywordForPlatform(KeywordExecutor.groovy:74)
	at com.kms.katalon.core.webui.keyword.WebUiBuiltInKeywords.uploadFileWithDragAndDrop(WebUiBuiltInKeywords.groovy:5008)
	at com.kms.katalon.core.webui.keyword.WebUiBuiltInKeywords$uploadFileWithDragAndDrop$7.call(Unknown Source)
	at Create AF Project.run(Create AF Project:50)
	at com.kms.katalon.core.main.ScriptEngine.run(ScriptEngine.java:194)
	at com.kms.katalon.core.main.ScriptEngine.runScriptAsRawText(ScriptEngine.java:119)
	at com.kms.katalon.core.main.TestCaseExecutor.runScript(TestCaseExecutor.java:445)
	at com.kms.katalon.core.main.TestCaseExecutor.doExecute(TestCaseExecutor.java:436)
	at com.kms.katalon.core.main.TestCaseExecutor.processExecutionPhase(TestCaseExecutor.java:415)
	at com.kms.katalon.core.main.TestCaseExecutor.accessMainPhase(TestCaseExecutor.java:407)
	at com.kms.katalon.core.main.TestCaseExecutor.execute(TestCaseExecutor.java:284)
	at com.kms.katalon.core.common.CommonExecutor.accessTestCaseMainPhase(CommonExecutor.java:65)
	at com.kms.katalon.core.main.TestSuiteExecutor.accessTestSuiteMainPhase(TestSuiteExecutor.java:144)
	at com.kms.katalon.core.main.TestSuiteExecutor.execute(TestSuiteExecutor.java:106)
	at com.kms.katalon.core.main.TestCaseMain.startTestSuite(TestCaseMain.java:185)
	at com.kms.katalon.core.main.TestCaseMain$startTestSuite$0.call(Unknown Source)
	at TempTestSuite1653456176331.run(TempTestSuite1653456176331.groovy:36)
Caused by: org.openqa.selenium.InvalidArgumentException: invalid argument: File not found : C:\Sumathy\Katalon Projects_Scripts\PIR_DIR2\TestFilesFile for Dummy MPN.xlsx
  (Session info: chrome=101.0.4951.67)
Build info: version: '3.141.59', revision: 'e82be7d358', time: '2018-11-14T08:25:53'
System info: host: 'GSSM0803', ip: '10.195.94.89', os.name: 'Windows 10', os.arch: 'amd64', os.version: '10.0', java.version: '1.8.0_282'
Driver info: com.kms.katalon.selenium.driver.CChromeDriver
Capabilities {acceptInsecureCerts: false, browserName: chrome, browserVersion: 101.0.4951.67, chrome: {chromedriverVersion: 101.0.4951.41 (93c720db8323..., userDataDir: C:\Users\gsstjaya\AppData\L...}, goog:chromeOptions: {debuggerAddress: localhost:49607}, javascriptEnabled: true, networkConnectionEnabled: false, pageLoadStrategy: normal, platform: WINDOWS, platformName: WINDOWS, proxy: Proxy(), setWindowRect: true, strictFileInteractability: false, timeouts: {implicit: 0, pageLoad: 300000, script: 30000}, unhandledPromptBehavior: dismiss and notify, webauthn:extension:credBlob: true, webauthn:extension:largeBlob: true, webauthn:virtualAuthenticators: true}
Session ID: 44eb5895bdc3e8a12a5cb3c1e0b5ef3e
	at org.openqa.selenium.remote.http.W3CHttpResponseCodec.createException(W3CHttpResponseCodec.java:187)
	at org.openqa.selenium.remote.http.W3CHttpResponseCodec.decode(W3CHttpResponseCodec.java:122)
	at org.openqa.selenium.remote.http.W3CHttpResponseCodec.decode(W3CHttpResponseCodec.java:49)
	at org.openqa.selenium.remote.HttpCommandExecutor.execute(HttpCommandExecutor.java:158)
	at org.openqa.selenium.remote.service.DriverCommandExecutor.execute(DriverCommandExecutor.java:83)
	at org.openqa.selenium.remote.RemoteWebDriver.execute(RemoteWebDriver.java:552)
	at com.kms.katalon.selenium.driver.CChromeDriver.execute(CChromeDriver.java:19)
	at org.openqa.selenium.remote.RemoteWebElement.execute(RemoteWebElement.java:285)
	at org.openqa.selenium.remote.RemoteWebElement.sendKeys(RemoteWebElement.java:106)
	at org.openqa.selenium.support.events.EventFiringWebDriver$EventFiringWebElement.lambda$new$0(EventFiringWebDriver.java:404)
	at com.sun.proxy.$Proxy11.sendKeys(Unknown Source)
	at org.openqa.selenium.support.events.EventFiringWebDriver$EventFiringWebElement.sendKeys(EventFiringWebDriver.java:429)
	at com.kms.katalon.core.webui.keyword.builtin.UploadFileWithDragAndDrop$_uploadFileWithDragAndDrop_closure1.doCall(UploadFileWithDragAndDrop.groovy:60)
	at com.kms.katalon.core.webui.keyword.builtin.UploadFileWithDragAndDrop$_uploadFileWithDragAndDrop_closure1.call(UploadFileWithDragAndDrop.groovy)
	at com.kms.katalon.core.webui.keyword.internal.WebUIKeywordMain.runKeyword(WebUIKeywordMain.groovy:20)
	... 19 more]]></system-err>
      </testcase>
      <testcase name="Test Cases/Sanity/GBS/AF_Review_Save" time="112.258" classname="Test Cases/Sanity/GBS/AF_Review_Save" status="PASSED">
         <system-out><![CDATA[2022-05-25 10:53:37 - [TEST_CASE][PASSED] - Test Cases/Sanity/GBS/AF_Review_Save: Test Cases/Sanity/GBS/AF_Review_Save

2022-05-25 10:53:37 - [TEST_STEP][PASSED] - openBrowser(""): Browser is opened with url: ''

2022-05-25 10:53:37 - [MESSAGE][WARNING] - A browser is already opened. Closing browser and opening a new one

2022-05-25 10:53:38 - [MESSAGE][INFO] - Starting 'Chrome' driver

2022-05-25 10:53:38 - [MESSAGE][INFO] - Action delay is set to 0 milliseconds

2022-05-25 10:53:39 - [MESSAGE][PASSED] - Browser is opened with url: ''

2022-05-25 10:53:39 - [TEST_STEP][PASSED] - maximizeWindow(): Current window maximized

2022-05-25 10:53:39 - [MESSAGE][PASSED] - Current window maximized

2022-05-25 10:53:39 - [TEST_STEP][PASSED] - navigateToUrl(URL): Navigate to 'https://pirqa.flex.com/login' successfully

2022-05-25 10:53:42 - [MESSAGE][PASSED] - Navigate to 'https://pirqa.flex.com/login' successfully

2022-05-25 10:53:42 - [TEST_STEP][PASSED] - setText(findTestObject("Page_It-Right Platform/Username"), username): Text 'gsstjaya' is set on object 'Object Repository/Page_It-Right Platform/Username'

2022-05-25 10:53:43 - [MESSAGE][PASSED] - Text 'gsstjaya' is set on object 'Object Repository/Page_It-Right Platform/Username'

2022-05-25 10:53:43 - [TEST_STEP][PASSED] - setEncryptedText(findTestObject("Page_It-Right Platform/password"), pwd): Text ****** has been set on object 'Object Repository/Page_It-Right Platform/password'

2022-05-25 10:53:43 - [MESSAGE][PASSED] - Text ****** has been set on object 'Object Repository/Page_It-Right Platform/password'

2022-05-25 10:53:43 - [TEST_STEP][PASSED] - click(findTestObject("Page_It-Right Platform/button_Sign in")): Object: 'Object Repository/Page_It-Right Platform/button_Sign in' is clicked on

2022-05-25 10:53:47 - [MESSAGE][PASSED] - Object: 'Object Repository/Page_It-Right Platform/button_Sign in' is clicked on

2022-05-25 10:53:47 - [TEST_STEP][PASSED] - click(findTestObject("Object Repository/Page_It-Right Platform/span_WelcomeToggler")): Object: 'Object Repository/Page_It-Right Platform/span_WelcomeToggler' is clicked on

2022-05-25 10:53:47 - [MESSAGE][PASSED] - Object: 'Object Repository/Page_It-Right Platform/span_WelcomeToggler' is clicked on

2022-05-25 10:53:47 - [TEST_STEP][PASSED] - verifyElementPresent(findTestObject("Object Repository/Page_It-Right Platform/div_WelcomeMenu"), 0): Object 'Object Repository/Page_It-Right Platform/div_WelcomeMenu' is present

2022-05-25 10:53:47 - [MESSAGE][WARNING] - Timeout '0' is invalid. Using default page load timeout: '30'

2022-05-25 10:53:48 - [MESSAGE][PASSED] - Object 'Object Repository/Page_It-Right Platform/div_WelcomeMenu' is present

2022-05-25 10:53:48 - [TEST_STEP][PASSED] - click(findTestObject("Object Repository/Page_It-Right Platform/span_GBS")): Object: 'Object Repository/Page_It-Right Platform/span_GBS' is clicked on

2022-05-25 10:53:52 - [MESSAGE][PASSED] - Object: 'Object Repository/Page_It-Right Platform/span_GBS' is clicked on

2022-05-25 10:53:52 - [TEST_STEP][PASSED] - delay(2): Delayed 2 second(s)

2022-05-25 10:53:54 - [MESSAGE][PASSED] - Delayed 2 second(s)

2022-05-25 10:53:54 - [TEST_STEP][PASSED] - click(findTestObject("Page_DIR/button_Technical Sourcing")): Object: 'Object Repository/Page_DIR/button_Technical Sourcing' is clicked on

2022-05-25 10:53:55 - [MESSAGE][PASSED] - Object: 'Object Repository/Page_DIR/button_Technical Sourcing' is clicked on

2022-05-25 10:53:55 - [TEST_STEP][PASSED] - click(findTestObject("Page_DIR/span_Flex_Organization")): Object: 'Object Repository/Page_DIR/span_Flex_Organization' is clicked on

2022-05-25 10:53:55 - [MESSAGE][PASSED] - Object: 'Object Repository/Page_DIR/span_Flex_Organization' is clicked on

2022-05-25 10:53:55 - [TEST_STEP][PASSED] - selectOptionByValue(findTestObject("Page_DIR/select_Organization"), "FLEX", true): All options with value 'FLEX' are selected in object 'Object Repository/Page_DIR/select_Organization'  using regular expression

2022-05-25 10:54:00 - [MESSAGE][PASSED] - All options with value 'FLEX' are selected in object 'Object Repository/Page_DIR/select_Organization'  using regular expression

2022-05-25 10:54:00 - [TEST_STEP][PASSED] - delay(2): Delayed 2 second(s)

2022-05-25 10:54:02 - [MESSAGE][PASSED] - Delayed 2 second(s)

2022-05-25 10:54:02 - [TEST_STEP][PASSED] - scrollToElement(findTestObject("Page_DIR/i_Project-folder-open"), 2): Scroll to object 'Object Repository/Page_DIR/i_Project-folder-open' successfully

2022-05-25 10:54:33 - [MESSAGE][INFO] - Unable to find the element located by 'By.xpath: //tr[@id='3835']/td[17]/a/i'. Please recheck the objects properties to make sure the desired element is located. 

2022-05-25 10:54:33 - [MESSAGE][WARNING] - [SELF-HEALING] Failed to find element with id 'Object Repository/Page_DIR/i_Project-folder-open'. Try using Self-healing.

2022-05-25 10:54:33 - [MESSAGE][WARNING] - [SELF-HEALING] The current locator of test object 'Object Repository/Page_DIR/i_Project-folder-open' was broken. Propose an alternative one: '//tr[2]/td[17]/a/i'.

2022-05-25 10:54:33 - [MESSAGE][PASSED] - Scroll to object 'Object Repository/Page_DIR/i_Project-folder-open' successfully

2022-05-25 10:54:33 - [TEST_STEP][PASSED] - click(findTestObject("Page_DIR/i_Project-folder-open")): Object: 'Object Repository/Page_DIR/i_Project-folder-open' is clicked on

2022-05-25 10:55:05 - [MESSAGE][INFO] - Unable to find the element located by 'By.xpath: //tr[@id='3835']/td[17]/a/i'. Please recheck the objects properties to make sure the desired element is located. 

2022-05-25 10:55:05 - [MESSAGE][WARNING] - [SELF-HEALING] Failed to find element with id 'Object Repository/Page_DIR/i_Project-folder-open'. Try using Self-healing.

2022-05-25 10:55:05 - [MESSAGE][WARNING] - [SELF-HEALING] The current locator of test object 'Object Repository/Page_DIR/i_Project-folder-open' was broken. Propose an alternative one: '//tr[2]/td[17]/a/i'.

2022-05-25 10:55:05 - [MESSAGE][PASSED] - Object: 'Object Repository/Page_DIR/i_Project-folder-open' is clicked on

2022-05-25 10:55:05 - [TEST_STEP][PASSED] - delay(3): Delayed 3 second(s)

2022-05-25 10:55:08 - [MESSAGE][PASSED] - Delayed 3 second(s)

2022-05-25 10:55:08 - [TEST_STEP][PASSED] - verifyElementPresent(findTestObject("Page_DIR/a_Back to Projects"), 2): Object 'Object Repository/Page_DIR/a_Back to Projects' is present

2022-05-25 10:55:08 - [MESSAGE][PASSED] - Object 'Object Repository/Page_DIR/a_Back to Projects' is present

2022-05-25 10:55:08 - [TEST_STEP][PASSED] - verifyElementPresent(findTestObject("Page_DIR/a_PIR-TEST-0005"), 2): Object 'Object Repository/Page_DIR/a_PIR-TEST-0005' is present

2022-05-25 10:55:09 - [MESSAGE][PASSED] - Object 'Object Repository/Page_DIR/a_PIR-TEST-0005' is present

2022-05-25 10:55:09 - [TEST_STEP][PASSED] - click(findTestObject("Page_DIR/i_MPNoptionsMain")): Object: 'Object Repository/Page_DIR/i_MPNoptionsMain' is clicked on

2022-05-25 10:55:09 - [MESSAGE][PASSED] - Object: 'Object Repository/Page_DIR/i_MPNoptionsMain' is clicked on

2022-05-25 10:55:09 - [TEST_STEP][PASSED] - click(findTestObject("Page_DIR/a_Review")): Object: 'Object Repository/Page_DIR/a_Review' is clicked on

2022-05-25 10:55:10 - [MESSAGE][PASSED] - Object: 'Object Repository/Page_DIR/a_Review' is clicked on

2022-05-25 10:55:10 - [TEST_STEP][PASSED] - delay(3): Delayed 3 second(s)

2022-05-25 10:55:13 - [MESSAGE][PASSED] - Delayed 3 second(s)

2022-05-25 10:55:13 - [TEST_STEP][PASSED] - verifyElementPresent(findTestObject("Page_DIR/h3_Parts Review"), 2): Object 'Object Repository/Page_DIR/h3_Parts Review' is present

2022-05-25 10:55:13 - [MESSAGE][PASSED] - Object 'Object Repository/Page_DIR/h3_Parts Review' is present

2022-05-25 10:55:13 - [TEST_STEP][PASSED] - verifyElementPresent(findTestObject("Page_DIR/span_PIR-TEST-0005"), 0): Object 'Object Repository/Page_DIR/span_PIR-TEST-0005' is present

2022-05-25 10:55:13 - [MESSAGE][WARNING] - Timeout '0' is invalid. Using default page load timeout: '30'

2022-05-25 10:55:13 - [MESSAGE][PASSED] - Object 'Object Repository/Page_DIR/span_PIR-TEST-0005' is present

2022-05-25 10:55:13 - [TEST_STEP][PASSED] - click(findTestObject("Page_DIR/button_Select product category")): Object: 'Object Repository/Page_DIR/button_Select product category' is clicked on

2022-05-25 10:55:14 - [MESSAGE][PASSED] - Object: 'Object Repository/Page_DIR/button_Select product category' is clicked on

2022-05-25 10:55:14 - [TEST_STEP][PASSED] - verifyElementPresent(findTestObject("Page_DIR/div_Select product category"), 2): Object 'Object Repository/Page_DIR/div_Select product category' is present

2022-05-25 10:55:14 - [MESSAGE][PASSED] - Object 'Object Repository/Page_DIR/div_Select product category' is present

2022-05-25 10:55:14 - [TEST_STEP][PASSED] - setText(findTestObject("Page_DIR/input_Select product category"), "cer"): Text 'cer' is set on object 'Object Repository/Page_DIR/input_Select product category'

2022-05-25 10:55:15 - [MESSAGE][PASSED] - Text 'cer' is set on object 'Object Repository/Page_DIR/input_Select product category'

2022-05-25 10:55:15 - [TEST_STEP][PASSED] - click(findTestObject("Page_DIR/span_Ceramic Capacitor")): Object: 'Object Repository/Page_DIR/span_Ceramic Capacitor' is clicked on

2022-05-25 10:55:15 - [MESSAGE][PASSED] - Object: 'Object Repository/Page_DIR/span_Ceramic Capacitor' is clicked on

2022-05-25 10:55:15 - [TEST_STEP][PASSED] - selectOptionByValue(findTestObject("Page_DIR/select_Commodity"), "Ceramic Capacitor", true): All options with value 'Ceramic Capacitor' are selected in object 'Object Repository/Page_DIR/select_Commodity'  using regular expression

2022-05-25 10:55:22 - [MESSAGE][PASSED] - All options with value 'Ceramic Capacitor' are selected in object 'Object Repository/Page_DIR/select_Commodity'  using regular expression

2022-05-25 10:55:22 - [TEST_STEP][PASSED] - verifyElementPresent(findTestObject("Page_DIR/div_Commodity code"), 2): Object 'Object Repository/Page_DIR/div_Commodity code' is present

2022-05-25 10:55:22 - [MESSAGE][PASSED] - Object 'Object Repository/Page_DIR/div_Commodity code' is present

2022-05-25 10:55:22 - [TEST_STEP][PASSED] - setText(findTestObject("Page_DIR/input_Commodity Prefix_attr"), "CAP"): Text 'CAP' is set on object 'Object Repository/Page_DIR/input_Commodity Prefix_attr'

2022-05-25 10:55:23 - [MESSAGE][PASSED] - Text 'CAP' is set on object 'Object Repository/Page_DIR/input_Commodity Prefix_attr'

2022-05-25 10:55:23 - [TEST_STEP][PASSED] - click(findTestObject("Page_DIR/button_MPNoptionsReview")): Object: 'Object Repository/Page_DIR/button_MPNoptionsReview' is clicked on

2022-05-25 10:55:23 - [MESSAGE][PASSED] - Object: 'Object Repository/Page_DIR/button_MPNoptionsReview' is clicked on

2022-05-25 10:55:23 - [TEST_STEP][PASSED] - click(findTestObject("Page_DIR/button_Save")): Object: 'Object Repository/Page_DIR/button_Save' is clicked on

2022-05-25 10:55:24 - [MESSAGE][PASSED] - Object: 'Object Repository/Page_DIR/button_Save' is clicked on

2022-05-25 10:55:24 - [TEST_STEP][PASSED] - delay(2): Delayed 2 second(s)

2022-05-25 10:55:26 - [MESSAGE][PASSED] - Delayed 2 second(s)

2022-05-25 10:55:26 - [TEST_STEP][PASSED] - verifyElementPresent(findTestObject("Page_DIR/div_Save Success"), 2): Object 'Object Repository/Page_DIR/div_Save Success' is present

2022-05-25 10:55:26 - [MESSAGE][PASSED] - Object 'Object Repository/Page_DIR/div_Save Success' is present

2022-05-25 10:55:26 - [TEST_STEP][PASSED] - click(findTestObject("Page_DIR/i_return-arrow")): Object: 'Object Repository/Page_DIR/i_return-arrow' is clicked on

2022-05-25 10:55:27 - [MESSAGE][PASSED] - Object: 'Object Repository/Page_DIR/i_return-arrow' is clicked on

2022-05-25 10:55:27 - [TEST_STEP][PASSED] - verifyElementPresent(findTestObject("Page_DIR/a_Back to Projects"), 2): Object 'Object Repository/Page_DIR/a_Back to Projects' is present

2022-05-25 10:55:27 - [MESSAGE][PASSED] - Object 'Object Repository/Page_DIR/a_Back to Projects' is present

2022-05-25 10:55:27 - [TEST_STEP][PASSED] - verifyElementPresent(findTestObject("Page_DIR/a_PIR-TEST-0005"), 2): Object 'Object Repository/Page_DIR/a_PIR-TEST-0005' is present

2022-05-25 10:55:28 - [MESSAGE][PASSED] - Object 'Object Repository/Page_DIR/a_PIR-TEST-0005' is present

2022-05-25 10:55:28 - [TEST_STEP][PASSED] - click(findTestObject("Page_DIR/span_Welcome Thangasumathy Jayakumar")): Object: 'Object Repository/Page_DIR/span_Welcome Thangasumathy Jayakumar' is clicked on

2022-05-25 10:55:28 - [MESSAGE][PASSED] - Object: 'Object Repository/Page_DIR/span_Welcome Thangasumathy Jayakumar' is clicked on

2022-05-25 10:55:28 - [TEST_STEP][PASSED] - click(findTestObject("Page_DIR/a_Logout")): Object: 'Object Repository/Page_DIR/a_Logout' is clicked on

2022-05-25 10:55:29 - [MESSAGE][PASSED] - Object: 'Object Repository/Page_DIR/a_Logout' is clicked on]]></system-out>
         <system-err><![CDATA[]]></system-err>
      </testcase>
      <testcase name="Test Cases/Sanity/GBS/AF_Review_RevertSave" time="105.269" classname="Test Cases/Sanity/GBS/AF_Review_RevertSave" status="PASSED">
         <system-out><![CDATA[2022-05-25 10:55:29 - [TEST_CASE][PASSED] - Test Cases/Sanity/GBS/AF_Review_RevertSave: Test Cases/Sanity/GBS/AF_Review_RevertSave

2022-05-25 10:55:29 - [TEST_STEP][PASSED] - openBrowser(""): Browser is opened with url: ''

2022-05-25 10:55:29 - [MESSAGE][WARNING] - A browser is already opened. Closing browser and opening a new one

2022-05-25 10:55:30 - [MESSAGE][INFO] - Starting 'Chrome' driver

2022-05-25 10:55:30 - [MESSAGE][INFO] - Action delay is set to 0 milliseconds

2022-05-25 10:55:31 - [MESSAGE][PASSED] - Browser is opened with url: ''

2022-05-25 10:55:31 - [TEST_STEP][PASSED] - maximizeWindow(): Current window maximized

2022-05-25 10:55:32 - [MESSAGE][PASSED] - Current window maximized

2022-05-25 10:55:32 - [TEST_STEP][PASSED] - navigateToUrl(URL): Navigate to 'https://pirqa.flex.com/login' successfully

2022-05-25 10:55:34 - [MESSAGE][PASSED] - Navigate to 'https://pirqa.flex.com/login' successfully

2022-05-25 10:55:34 - [TEST_STEP][PASSED] - setText(findTestObject("Page_It-Right Platform/Username"), username): Text 'gsstjaya' is set on object 'Object Repository/Page_It-Right Platform/Username'

2022-05-25 10:55:35 - [MESSAGE][PASSED] - Text 'gsstjaya' is set on object 'Object Repository/Page_It-Right Platform/Username'

2022-05-25 10:55:35 - [TEST_STEP][PASSED] - setEncryptedText(findTestObject("Page_It-Right Platform/password"), pwd): Text ****** has been set on object 'Object Repository/Page_It-Right Platform/password'

2022-05-25 10:55:35 - [MESSAGE][PASSED] - Text ****** has been set on object 'Object Repository/Page_It-Right Platform/password'

2022-05-25 10:55:35 - [TEST_STEP][PASSED] - click(findTestObject("Page_It-Right Platform/button_Sign in")): Object: 'Object Repository/Page_It-Right Platform/button_Sign in' is clicked on

2022-05-25 10:55:38 - [MESSAGE][PASSED] - Object: 'Object Repository/Page_It-Right Platform/button_Sign in' is clicked on

2022-05-25 10:55:38 - [TEST_STEP][PASSED] - click(findTestObject("Object Repository/Page_It-Right Platform/span_WelcomeToggler")): Object: 'Object Repository/Page_It-Right Platform/span_WelcomeToggler' is clicked on

2022-05-25 10:55:39 - [MESSAGE][PASSED] - Object: 'Object Repository/Page_It-Right Platform/span_WelcomeToggler' is clicked on

2022-05-25 10:55:39 - [TEST_STEP][PASSED] - verifyElementPresent(findTestObject("Object Repository/Page_It-Right Platform/div_WelcomeMenu"), 0): Object 'Object Repository/Page_It-Right Platform/div_WelcomeMenu' is present

2022-05-25 10:55:39 - [MESSAGE][WARNING] - Timeout '0' is invalid. Using default page load timeout: '30'

2022-05-25 10:55:39 - [MESSAGE][PASSED] - Object 'Object Repository/Page_It-Right Platform/div_WelcomeMenu' is present

2022-05-25 10:55:39 - [TEST_STEP][PASSED] - click(findTestObject("Object Repository/Page_It-Right Platform/span_GBS")): Object: 'Object Repository/Page_It-Right Platform/span_GBS' is clicked on

2022-05-25 10:55:44 - [MESSAGE][PASSED] - Object: 'Object Repository/Page_It-Right Platform/span_GBS' is clicked on

2022-05-25 10:55:44 - [TEST_STEP][PASSED] - delay(2): Delayed 2 second(s)

2022-05-25 10:55:46 - [MESSAGE][PASSED] - Delayed 2 second(s)

2022-05-25 10:55:46 - [TEST_STEP][PASSED] - click(findTestObject("Page_DIR/button_Technical Sourcing")): Object: 'Object Repository/Page_DIR/button_Technical Sourcing' is clicked on

2022-05-25 10:55:46 - [MESSAGE][PASSED] - Object: 'Object Repository/Page_DIR/button_Technical Sourcing' is clicked on

2022-05-25 10:55:46 - [TEST_STEP][PASSED] - click(findTestObject("Page_DIR/span_Flex_Organization")): Object: 'Object Repository/Page_DIR/span_Flex_Organization' is clicked on

2022-05-25 10:55:47 - [MESSAGE][PASSED] - Object: 'Object Repository/Page_DIR/span_Flex_Organization' is clicked on

2022-05-25 10:55:47 - [TEST_STEP][PASSED] - selectOptionByValue(findTestObject("Page_DIR/select_Organization"), "FLEX", true): All options with value 'FLEX' are selected in object 'Object Repository/Page_DIR/select_Organization'  using regular expression

2022-05-25 10:55:52 - [MESSAGE][PASSED] - All options with value 'FLEX' are selected in object 'Object Repository/Page_DIR/select_Organization'  using regular expression

2022-05-25 10:55:52 - [TEST_STEP][PASSED] - delay(2): Delayed 2 second(s)

2022-05-25 10:55:54 - [MESSAGE][PASSED] - Delayed 2 second(s)

2022-05-25 10:55:54 - [TEST_STEP][PASSED] - scrollToElement(findTestObject("Page_DIR/i_Project-folder-open"), 2): Scroll to object 'Object Repository/Page_DIR/i_Project-folder-open' successfully

2022-05-25 10:56:25 - [MESSAGE][INFO] - Unable to find the element located by 'By.xpath: //tr[@id='3835']/td[17]/a/i'. Please recheck the objects properties to make sure the desired element is located. 

2022-05-25 10:56:25 - [MESSAGE][WARNING] - [SELF-HEALING] Failed to find element with id 'Object Repository/Page_DIR/i_Project-folder-open'. Try using Self-healing.

2022-05-25 10:56:25 - [MESSAGE][WARNING] - [SELF-HEALING] The current locator of test object 'Object Repository/Page_DIR/i_Project-folder-open' was broken. Propose an alternative one: '//tr[2]/td[17]/a/i'.

2022-05-25 10:56:25 - [MESSAGE][PASSED] - Scroll to object 'Object Repository/Page_DIR/i_Project-folder-open' successfully

2022-05-25 10:56:25 - [TEST_STEP][PASSED] - click(findTestObject("Page_DIR/i_Project-folder-open")): Object: 'Object Repository/Page_DIR/i_Project-folder-open' is clicked on

2022-05-25 10:56:56 - [MESSAGE][INFO] - Unable to find the element located by 'By.xpath: //tr[@id='3835']/td[17]/a/i'. Please recheck the objects properties to make sure the desired element is located. 

2022-05-25 10:56:56 - [MESSAGE][WARNING] - [SELF-HEALING] Failed to find element with id 'Object Repository/Page_DIR/i_Project-folder-open'. Try using Self-healing.

2022-05-25 10:56:57 - [MESSAGE][WARNING] - [SELF-HEALING] The current locator of test object 'Object Repository/Page_DIR/i_Project-folder-open' was broken. Propose an alternative one: '//tr[2]/td[17]/a/i'.

2022-05-25 10:56:57 - [MESSAGE][PASSED] - Object: 'Object Repository/Page_DIR/i_Project-folder-open' is clicked on

2022-05-25 10:56:57 - [TEST_STEP][PASSED] - delay(3): Delayed 3 second(s)

2022-05-25 10:57:00 - [MESSAGE][PASSED] - Delayed 3 second(s)

2022-05-25 10:57:00 - [TEST_STEP][PASSED] - verifyElementPresent(findTestObject("Page_DIR/a_Back to Projects"), 2): Object 'Object Repository/Page_DIR/a_Back to Projects' is present

2022-05-25 10:57:00 - [MESSAGE][PASSED] - Object 'Object Repository/Page_DIR/a_Back to Projects' is present

2022-05-25 10:57:00 - [TEST_STEP][PASSED] - verifyElementPresent(findTestObject("Page_DIR/a_PIR-TEST-0005"), 2): Object 'Object Repository/Page_DIR/a_PIR-TEST-0005' is present

2022-05-25 10:57:01 - [MESSAGE][PASSED] - Object 'Object Repository/Page_DIR/a_PIR-TEST-0005' is present

2022-05-25 10:57:01 - [TEST_STEP][PASSED] - click(findTestObject("Page_DIR/i_MPNoptionsMain")): Object: 'Object Repository/Page_DIR/i_MPNoptionsMain' is clicked on

2022-05-25 10:57:01 - [MESSAGE][PASSED] - Object: 'Object Repository/Page_DIR/i_MPNoptionsMain' is clicked on

2022-05-25 10:57:01 - [TEST_STEP][PASSED] - click(findTestObject("Page_DIR/a_Review")): Object: 'Object Repository/Page_DIR/a_Review' is clicked on

2022-05-25 10:57:01 - [MESSAGE][PASSED] - Object: 'Object Repository/Page_DIR/a_Review' is clicked on

2022-05-25 10:57:01 - [TEST_STEP][PASSED] - delay(3): Delayed 3 second(s)

2022-05-25 10:57:04 - [MESSAGE][PASSED] - Delayed 3 second(s)

2022-05-25 10:57:04 - [TEST_STEP][PASSED] - verifyElementPresent(findTestObject("Page_DIR/h3_Parts Review"), 2): Object 'Object Repository/Page_DIR/h3_Parts Review' is present

2022-05-25 10:57:05 - [MESSAGE][PASSED] - Object 'Object Repository/Page_DIR/h3_Parts Review' is present

2022-05-25 10:57:05 - [TEST_STEP][PASSED] - verifyElementPresent(findTestObject("Page_DIR/span_PIR-TEST-0005"), 0): Object 'Object Repository/Page_DIR/span_PIR-TEST-0005' is present

2022-05-25 10:57:05 - [MESSAGE][WARNING] - Timeout '0' is invalid. Using default page load timeout: '30'

2022-05-25 10:57:05 - [MESSAGE][PASSED] - Object 'Object Repository/Page_DIR/span_PIR-TEST-0005' is present

2022-05-25 10:57:05 - [TEST_STEP][PASSED] - click(findTestObject("Page_DIR/button_MPNoptionsReview")): Object: 'Object Repository/Page_DIR/button_MPNoptionsReview' is clicked on

2022-05-25 10:57:06 - [MESSAGE][PASSED] - Object: 'Object Repository/Page_DIR/button_MPNoptionsReview' is clicked on

2022-05-25 10:57:06 - [TEST_STEP][PASSED] - click(findTestObject("Page_DIR/button_Revert")): Object: 'Object Repository/Page_DIR/button_Revert' is clicked on

2022-05-25 10:57:06 - [MESSAGE][PASSED] - Object: 'Object Repository/Page_DIR/button_Revert' is clicked on

2022-05-25 10:57:06 - [TEST_STEP][PASSED] - verifyElementPresent(findTestObject("Page_DIR/div_WARNING_Revert"), 2): Object 'Object Repository/Page_DIR/div_WARNING_Revert' is present

2022-05-25 10:57:07 - [MESSAGE][PASSED] - Object 'Object Repository/Page_DIR/div_WARNING_Revert' is present

2022-05-25 10:57:07 - [TEST_STEP][PASSED] - click(findTestObject("Page_DIR/button_Yes")): Object: 'Object Repository/Page_DIR/button_Yes' is clicked on

2022-05-25 10:57:07 - [MESSAGE][PASSED] - Object: 'Object Repository/Page_DIR/button_Yes' is clicked on

2022-05-25 10:57:07 - [TEST_STEP][PASSED] - click(findTestObject("Page_DIR/button_MPNoptionsReview")): Object: 'Object Repository/Page_DIR/button_MPNoptionsReview' is clicked on

2022-05-25 10:57:09 - [MESSAGE][PASSED] - Object: 'Object Repository/Page_DIR/button_MPNoptionsReview' is clicked on

2022-05-25 10:57:09 - [TEST_STEP][PASSED] - click(findTestObject("Page_DIR/button_Save")): Object: 'Object Repository/Page_DIR/button_Save' is clicked on

2022-05-25 10:57:09 - [MESSAGE][PASSED] - Object: 'Object Repository/Page_DIR/button_Save' is clicked on

2022-05-25 10:57:09 - [TEST_STEP][PASSED] - delay(2): Delayed 2 second(s)

2022-05-25 10:57:11 - [MESSAGE][PASSED] - Delayed 2 second(s)

2022-05-25 10:57:11 - [TEST_STEP][PASSED] - verifyElementPresent(findTestObject("Page_DIR/div_Save Success"), 2): Object 'Object Repository/Page_DIR/div_Save Success' is present

2022-05-25 10:57:11 - [MESSAGE][PASSED] - Object 'Object Repository/Page_DIR/div_Save Success' is present

2022-05-25 10:57:11 - [TEST_STEP][PASSED] - click(findTestObject("Page_DIR/i_return-arrow")): Object: 'Object Repository/Page_DIR/i_return-arrow' is clicked on

2022-05-25 10:57:12 - [MESSAGE][PASSED] - Object: 'Object Repository/Page_DIR/i_return-arrow' is clicked on

2022-05-25 10:57:12 - [TEST_STEP][PASSED] - verifyElementPresent(findTestObject("Page_DIR/a_Back to Projects"), 2): Object 'Object Repository/Page_DIR/a_Back to Projects' is present

2022-05-25 10:57:13 - [MESSAGE][PASSED] - Object 'Object Repository/Page_DIR/a_Back to Projects' is present

2022-05-25 10:57:13 - [TEST_STEP][PASSED] - verifyElementPresent(findTestObject("Page_DIR/a_PIR-TEST-0005"), 2): Object 'Object Repository/Page_DIR/a_PIR-TEST-0005' is present

2022-05-25 10:57:13 - [MESSAGE][PASSED] - Object 'Object Repository/Page_DIR/a_PIR-TEST-0005' is present

2022-05-25 10:57:13 - [TEST_STEP][PASSED] - click(findTestObject("Page_DIR/span_Welcome Thangasumathy Jayakumar")): Object: 'Object Repository/Page_DIR/span_Welcome Thangasumathy Jayakumar' is clicked on

2022-05-25 10:57:13 - [MESSAGE][PASSED] - Object: 'Object Repository/Page_DIR/span_Welcome Thangasumathy Jayakumar' is clicked on

2022-05-25 10:57:13 - [TEST_STEP][PASSED] - click(findTestObject("Page_DIR/a_Logout")): Object: 'Object Repository/Page_DIR/a_Logout' is clicked on

2022-05-25 10:57:14 - [MESSAGE][PASSED] - Object: 'Object Repository/Page_DIR/a_Logout' is clicked on]]></system-out>
         <system-err><![CDATA[]]></system-err>
      </testcase>
      <testcase name="Test Cases/Sanity/GBS/AF_Export" time="65.203" classname="Test Cases/Sanity/GBS/AF_Export" status="PASSED">
         <system-out><![CDATA[2022-05-25 10:57:14 - [TEST_CASE][PASSED] - Test Cases/Sanity/GBS/AF_Export: Test Cases/Sanity/GBS/AF_Export

2022-05-25 10:57:15 - [TEST_STEP][PASSED] - openBrowser(""): Browser is opened with url: ''

2022-05-25 10:57:15 - [MESSAGE][WARNING] - A browser is already opened. Closing browser and opening a new one

2022-05-25 10:57:16 - [MESSAGE][INFO] - Starting 'Chrome' driver

2022-05-25 10:57:16 - [MESSAGE][INFO] - Action delay is set to 0 milliseconds

2022-05-25 10:57:17 - [MESSAGE][PASSED] - Browser is opened with url: ''

2022-05-25 10:57:17 - [TEST_STEP][PASSED] - maximizeWindow(): Current window maximized

2022-05-25 10:57:17 - [MESSAGE][PASSED] - Current window maximized

2022-05-25 10:57:17 - [TEST_STEP][PASSED] - navigateToUrl(URL): Navigate to 'https://pirqa.flex.com/login' successfully

2022-05-25 10:57:19 - [MESSAGE][PASSED] - Navigate to 'https://pirqa.flex.com/login' successfully

2022-05-25 10:57:19 - [TEST_STEP][PASSED] - setText(findTestObject("Page_It-Right Platform/Username"), username): Text 'gsstjaya' is set on object 'Object Repository/Page_It-Right Platform/Username'

2022-05-25 10:57:20 - [MESSAGE][PASSED] - Text 'gsstjaya' is set on object 'Object Repository/Page_It-Right Platform/Username'

2022-05-25 10:57:20 - [TEST_STEP][PASSED] - setEncryptedText(findTestObject("Page_It-Right Platform/password"), pwd): Text ****** has been set on object 'Object Repository/Page_It-Right Platform/password'

2022-05-25 10:57:21 - [MESSAGE][PASSED] - Text ****** has been set on object 'Object Repository/Page_It-Right Platform/password'

2022-05-25 10:57:21 - [TEST_STEP][PASSED] - click(findTestObject("Page_It-Right Platform/button_Sign in")): Object: 'Object Repository/Page_It-Right Platform/button_Sign in' is clicked on

2022-05-25 10:57:23 - [MESSAGE][PASSED] - Object: 'Object Repository/Page_It-Right Platform/button_Sign in' is clicked on

2022-05-25 10:57:23 - [TEST_STEP][PASSED] - click(findTestObject("Object Repository/Page_It-Right Platform/span_WelcomeToggler")): Object: 'Object Repository/Page_It-Right Platform/span_WelcomeToggler' is clicked on

2022-05-25 10:57:23 - [MESSAGE][PASSED] - Object: 'Object Repository/Page_It-Right Platform/span_WelcomeToggler' is clicked on

2022-05-25 10:57:23 - [TEST_STEP][PASSED] - verifyElementPresent(findTestObject("Object Repository/Page_It-Right Platform/div_WelcomeMenu"), 0): Object 'Object Repository/Page_It-Right Platform/div_WelcomeMenu' is present

2022-05-25 10:57:23 - [MESSAGE][WARNING] - Timeout '0' is invalid. Using default page load timeout: '30'

2022-05-25 10:57:24 - [MESSAGE][PASSED] - Object 'Object Repository/Page_It-Right Platform/div_WelcomeMenu' is present

2022-05-25 10:57:24 - [TEST_STEP][PASSED] - click(findTestObject("Object Repository/Page_It-Right Platform/span_GBS")): Object: 'Object Repository/Page_It-Right Platform/span_GBS' is clicked on

2022-05-25 10:57:28 - [MESSAGE][PASSED] - Object: 'Object Repository/Page_It-Right Platform/span_GBS' is clicked on

2022-05-25 10:57:28 - [TEST_STEP][PASSED] - click(findTestObject("Object Repository/Page_DIR/div_Technical Sourcing")): Object: 'Object Repository/Page_DIR/div_Technical Sourcing' is clicked on

2022-05-25 10:57:31 - [MESSAGE][PASSED] - Object: 'Object Repository/Page_DIR/div_Technical Sourcing' is clicked on

2022-05-25 10:57:31 - [TEST_STEP][PASSED] - click(findTestObject("Object Repository/Page_DIR/span_Flex")): Object: 'Object Repository/Page_DIR/span_Flex' is clicked on

2022-05-25 10:57:32 - [MESSAGE][PASSED] - Object: 'Object Repository/Page_DIR/span_Flex' is clicked on

2022-05-25 10:57:32 - [TEST_STEP][PASSED] - selectOptionByValue(findTestObject("Object Repository/Page_DIR/select_Technical Sourcing                Flex"), "FLEX", true): All options with value 'FLEX' are selected in object 'Object Repository/Page_DIR/select_Technical Sourcing                Flex'  using regular expression

2022-05-25 10:57:36 - [MESSAGE][PASSED] - All options with value 'FLEX' are selected in object 'Object Repository/Page_DIR/select_Technical Sourcing                Flex'  using regular expression

2022-05-25 10:57:36 - [TEST_STEP][PASSED] - delay(2): Delayed 2 second(s)

2022-05-25 10:57:38 - [MESSAGE][PASSED] - Delayed 2 second(s)

2022-05-25 10:57:38 - [TEST_STEP][PASSED] - scrollToElement(findTestObject("Page_DIR/i_Project file-excel"), 2): Scroll to object 'Object Repository/Page_DIR/i_Project file-excel' successfully

2022-05-25 10:57:38 - [MESSAGE][PASSED] - Scroll to object 'Object Repository/Page_DIR/i_Project file-excel' successfully

2022-05-25 10:57:38 - [TEST_STEP][PASSED] - click(findTestObject("Page_DIR/i_Project file-excel")): Object: 'Object Repository/Page_DIR/i_Project file-excel' is clicked on

2022-05-25 10:57:39 - [MESSAGE][PASSED] - Object: 'Object Repository/Page_DIR/i_Project file-excel' is clicked on

2022-05-25 10:57:39 - [TEST_STEP][PASSED] - verifyElementPresent(findTestObject("Page_DIR/ul_ExportOptions"), 0): Object 'Object Repository/Page_DIR/ul_ExportOptions' is present

2022-05-25 10:57:39 - [MESSAGE][WARNING] - Timeout '0' is invalid. Using default page load timeout: '30'

2022-05-25 10:57:39 - [MESSAGE][PASSED] - Object 'Object Repository/Page_DIR/ul_ExportOptions' is present

2022-05-25 10:57:39 - [TEST_STEP][PASSED] - click(findTestObject("Object Repository/Page_DIR/a_Both")): Object: 'Object Repository/Page_DIR/a_Both' is clicked on

2022-05-25 10:57:40 - [MESSAGE][PASSED] - Object: 'Object Repository/Page_DIR/a_Both' is clicked on

2022-05-25 10:57:40 - [TEST_STEP][PASSED] - verifyElementPresent(findTestObject("Page_DIR/div_To Create Project   Drop GBS project"), 0): Object 'Object Repository/Page_DIR/div_To Create Project   Drop GBS project' is present

2022-05-25 10:57:40 - [MESSAGE][WARNING] - Timeout '0' is invalid. Using default page load timeout: '30'

2022-05-25 10:57:41 - [MESSAGE][PASSED] - Object 'Object Repository/Page_DIR/div_To Create Project   Drop GBS project' is present

2022-05-25 10:57:41 - [TEST_STEP][PASSED] - click(findTestObject("Object Repository/Page_DIR/i_Project-folder-open")): Object: 'Object Repository/Page_DIR/i_Project-folder-open' is clicked on

2022-05-25 10:58:12 - [MESSAGE][INFO] - Unable to find the element located by 'By.xpath: //tr[@id='3835']/td[17]/a/i'. Please recheck the objects properties to make sure the desired element is located. 

2022-05-25 10:58:12 - [MESSAGE][WARNING] - [SELF-HEALING] Failed to find element with id 'Object Repository/Page_DIR/i_Project-folder-open'. Try using Self-healing.

2022-05-25 10:58:12 - [MESSAGE][WARNING] - [SELF-HEALING] The current locator of test object 'Object Repository/Page_DIR/i_Project-folder-open' was broken. Propose an alternative one: '//tr[2]/td[17]/a/i'.

2022-05-25 10:58:13 - [MESSAGE][PASSED] - Object: 'Object Repository/Page_DIR/i_Project-folder-open' is clicked on

2022-05-25 10:58:13 - [TEST_STEP][PASSED] - delay(2): Delayed 2 second(s)

2022-05-25 10:58:15 - [MESSAGE][PASSED] - Delayed 2 second(s)

2022-05-25 10:58:15 - [TEST_STEP][PASSED] - verifyElementPresent(findTestObject("Object Repository/Page_DIR/a_Back to Projects"), 1): Object 'Object Repository/Page_DIR/a_Back to Projects' is present

2022-05-25 10:58:15 - [MESSAGE][PASSED] - Object 'Object Repository/Page_DIR/a_Back to Projects' is present

2022-05-25 10:58:15 - [TEST_STEP][PASSED] - verifyElementPresent(findTestObject("Object Repository/Page_DIR/a_PIR-TEST-0005"), 1): Object 'Object Repository/Page_DIR/a_PIR-TEST-0005' is present

2022-05-25 10:58:15 - [MESSAGE][PASSED] - Object 'Object Repository/Page_DIR/a_PIR-TEST-0005' is present

2022-05-25 10:58:15 - [TEST_STEP][PASSED] - verifyElementPresent(findTestObject("Object Repository/Page_DIR/button_Export"), 1): Object 'Object Repository/Page_DIR/button_Export' is present

2022-05-25 10:58:16 - [MESSAGE][PASSED] - Object 'Object Repository/Page_DIR/button_Export' is present

2022-05-25 10:58:16 - [TEST_STEP][PASSED] - click(findTestObject("Object Repository/Page_DIR/button_Export")): Object: 'Object Repository/Page_DIR/button_Export' is clicked on

2022-05-25 10:58:16 - [MESSAGE][PASSED] - Object: 'Object Repository/Page_DIR/button_Export' is clicked on

2022-05-25 10:58:16 - [TEST_STEP][PASSED] - verifyElementPresent(findTestObject("Page_DIR/ul_Export Options_Project"), 2): Object 'Object Repository/Page_DIR/ul_Export Options_Project' is present

2022-05-25 10:58:17 - [MESSAGE][PASSED] - Object 'Object Repository/Page_DIR/ul_Export Options_Project' is present

2022-05-25 10:58:17 - [TEST_STEP][PASSED] - click(findTestObject("Page_DIR/a_Both_Project")): Object: 'Object Repository/Page_DIR/a_Both_Project' is clicked on

2022-05-25 10:58:17 - [MESSAGE][PASSED] - Object: 'Object Repository/Page_DIR/a_Both_Project' is clicked on

2022-05-25 10:58:17 - [TEST_STEP][PASSED] - verifyElementPresent(findTestObject("Object Repository/Page_DIR/a_PIR-TEST-0005"), 2): Object 'Object Repository/Page_DIR/a_PIR-TEST-0005' is present

2022-05-25 10:58:18 - [MESSAGE][PASSED] - Object 'Object Repository/Page_DIR/a_PIR-TEST-0005' is present

2022-05-25 10:58:18 - [TEST_STEP][PASSED] - verifyElementPresent(findTestObject("Object Repository/Page_DIR/a_Back to Projects"), 2): Object 'Object Repository/Page_DIR/a_Back to Projects' is present

2022-05-25 10:58:18 - [MESSAGE][PASSED] - Object 'Object Repository/Page_DIR/a_Back to Projects' is present

2022-05-25 10:58:18 - [TEST_STEP][PASSED] - click(findTestObject("Object Repository/Page_DIR/a_Welcome Thangasumathy Jayakumar")): Object: 'Object Repository/Page_DIR/a_Welcome Thangasumathy Jayakumar' is clicked on

2022-05-25 10:58:19 - [MESSAGE][PASSED] - Object: 'Object Repository/Page_DIR/a_Welcome Thangasumathy Jayakumar' is clicked on

2022-05-25 10:58:19 - [TEST_STEP][PASSED] - click(findTestObject("Object Repository/Page_DIR/a_Logout")): Object: 'Object Repository/Page_DIR/a_Logout' is clicked on

2022-05-25 10:58:19 - [MESSAGE][PASSED] - Object: 'Object Repository/Page_DIR/a_Logout' is clicked on]]></system-out>
         <system-err><![CDATA[]]></system-err>
      </testcase>
      <testcase name="Test Cases/Sanity/GBS Request/Create AF Request" time="145.561" classname="Test Cases/Sanity/GBS Request/Create AF Request" status="PASSED">
         <system-out><![CDATA[2022-05-25 10:58:19 - [TEST_CASE][PASSED] - Test Cases/Sanity/GBS Request/Create AF Request: Test Cases/Sanity/GBS Request/Create AF Request

2022-05-25 10:58:20 - [TEST_STEP][PASSED] - openBrowser(""): Browser is opened with url: ''

2022-05-25 10:58:20 - [MESSAGE][WARNING] - A browser is already opened. Closing browser and opening a new one

2022-05-25 10:58:21 - [MESSAGE][INFO] - Starting 'Chrome' driver

2022-05-25 10:58:21 - [MESSAGE][INFO] - Action delay is set to 0 milliseconds

2022-05-25 10:58:22 - [MESSAGE][PASSED] - Browser is opened with url: ''

2022-05-25 10:58:22 - [TEST_STEP][PASSED] - maximizeWindow(): Current window maximized

2022-05-25 10:58:22 - [MESSAGE][PASSED] - Current window maximized

2022-05-25 10:58:22 - [TEST_STEP][PASSED] - navigateToUrl(URL): Navigate to 'https://pirqa.flex.com/login' successfully

2022-05-25 10:58:25 - [MESSAGE][PASSED] - Navigate to 'https://pirqa.flex.com/login' successfully

2022-05-25 10:58:25 - [TEST_STEP][PASSED] - setText(findTestObject("Page_It-Right Platform/Username"), username): Text 'gsstjaya' is set on object 'Object Repository/Page_It-Right Platform/Username'

2022-05-25 10:58:26 - [MESSAGE][PASSED] - Text 'gsstjaya' is set on object 'Object Repository/Page_It-Right Platform/Username'

2022-05-25 10:58:26 - [TEST_STEP][PASSED] - setEncryptedText(findTestObject("Page_It-Right Platform/password"), pwd): Text ****** has been set on object 'Object Repository/Page_It-Right Platform/password'

2022-05-25 10:58:26 - [MESSAGE][PASSED] - Text ****** has been set on object 'Object Repository/Page_It-Right Platform/password'

2022-05-25 10:58:26 - [TEST_STEP][PASSED] - click(findTestObject("Page_It-Right Platform/button_Sign in")): Object: 'Object Repository/Page_It-Right Platform/button_Sign in' is clicked on

2022-05-25 10:58:28 - [MESSAGE][PASSED] - Object: 'Object Repository/Page_It-Right Platform/button_Sign in' is clicked on

2022-05-25 10:58:28 - [TEST_STEP][PASSED] - click(findTestObject("Object Repository/Page_It-Right Platform/span_WelcomeToggler")): Object: 'Object Repository/Page_It-Right Platform/span_WelcomeToggler' is clicked on

2022-05-25 10:58:29 - [MESSAGE][PASSED] - Object: 'Object Repository/Page_It-Right Platform/span_WelcomeToggler' is clicked on

2022-05-25 10:58:29 - [TEST_STEP][PASSED] - verifyElementPresent(findTestObject("Object Repository/Page_It-Right Platform/div_WelcomeMenu"), 0): Object 'Object Repository/Page_It-Right Platform/div_WelcomeMenu' is present

2022-05-25 10:58:29 - [MESSAGE][WARNING] - Timeout '0' is invalid. Using default page load timeout: '30'

2022-05-25 10:58:30 - [MESSAGE][PASSED] - Object 'Object Repository/Page_It-Right Platform/div_WelcomeMenu' is present

2022-05-25 10:58:30 - [TEST_STEP][PASSED] - click(findTestObject("Object Repository/Page_DIR/span_GBS Project Request")): Object: 'Object Repository/Page_DIR/span_GBS Project Request' is clicked on

2022-05-25 10:58:32 - [MESSAGE][PASSED] - Object: 'Object Repository/Page_DIR/span_GBS Project Request' is clicked on

2022-05-25 10:58:32 - [TEST_STEP][PASSED] - verifyElementPresent(findTestObject("Page_DIR/div_To Create Request"), 2): Object 'Object Repository/Page_DIR/div_To Create Request' is present

2022-05-25 10:58:34 - [MESSAGE][PASSED] - Object 'Object Repository/Page_DIR/div_To Create Request' is present

2022-05-25 10:58:34 - [TEST_STEP][PASSED] - uploadFileWithDragAndDrop(findTestObject("Page_DIR/div_To Create Request"), REQAF_File): null

2022-05-25 10:58:35 - [TEST_STEP][PASSED] - delay(2): Delayed 2 second(s)

2022-05-25 10:58:37 - [MESSAGE][PASSED] - Delayed 2 second(s)

2022-05-25 10:58:37 - [TEST_STEP][PASSED] - verifyElementPresent(findTestObject("Page_DIR/div_Choose Analysis Type"), 2): Object 'Object Repository/Page_DIR/div_Choose Analysis Type' is present

2022-05-25 10:58:37 - [MESSAGE][PASSED] - Object 'Object Repository/Page_DIR/div_Choose Analysis Type' is present

2022-05-25 10:58:37 - [TEST_STEP][PASSED] - click(findTestObject("Object Repository/Page_DIR/button_OK")): Object: 'Object Repository/Page_DIR/button_OK' is clicked on

2022-05-25 10:59:08 - [MESSAGE][INFO] - Unable to find the element located by 'By.xpath: (//button[@type='button'])[87]'. Please recheck the objects properties to make sure the desired element is located. 

2022-05-25 10:59:08 - [MESSAGE][WARNING] - [SELF-HEALING] Failed to find element with id 'Object Repository/Page_DIR/button_OK'. Try using Self-healing.

2022-05-25 10:59:09 - [MESSAGE][WARNING] - [SELF-HEALING] The current locator of test object 'Object Repository/Page_DIR/button_OK' was broken. Propose an alternative one: '//*/text()[normalize-space(.)='OK']/parent::*'.

2022-05-25 10:59:09 - [MESSAGE][PASSED] - Object: 'Object Repository/Page_DIR/button_OK' is clicked on

2022-05-25 10:59:09 - [TEST_STEP][PASSED] - verifyElementPresent(findTestObject("Page_DIR/div_Project Request Details"), 2): Object 'Object Repository/Page_DIR/div_Project Request Details' is present

2022-05-25 10:59:20 - [MESSAGE][PASSED] - Object 'Object Repository/Page_DIR/div_Project Request Details' is present

2022-05-25 10:59:20 - [TEST_STEP][PASSED] - click(findTestObject("Page_DIR/button_Please select site")): Object: 'Object Repository/Page_DIR/button_Please select site' is clicked on

2022-05-25 10:59:20 - [MESSAGE][PASSED] - Object: 'Object Repository/Page_DIR/button_Please select site' is clicked on

2022-05-25 10:59:20 - [TEST_STEP][PASSED] - click(findTestObject("Page_DIR/span_012 - PCBA KALLANG, SINGAPORE (012)")): Object: 'Object Repository/Page_DIR/span_012 - PCBA KALLANG, SINGAPORE (012)' is clicked on

2022-05-25 10:59:21 - [MESSAGE][PASSED] - Object: 'Object Repository/Page_DIR/span_012 - PCBA KALLANG, SINGAPORE (012)' is clicked on

2022-05-25 10:59:21 - [TEST_STEP][PASSED] - click(findTestObject("Page_DIR/button_Customer")): Object: 'Object Repository/Page_DIR/button_Customer' is clicked on

2022-05-25 10:59:21 - [MESSAGE][PASSED] - Object: 'Object Repository/Page_DIR/button_Customer' is clicked on

2022-05-25 10:59:21 - [TEST_STEP][PASSED] - click(findTestObject("Page_DIR/span_3M COMPANY")): Object: 'Object Repository/Page_DIR/span_3M COMPANY' is clicked on

2022-05-25 10:59:22 - [MESSAGE][PASSED] - Object: 'Object Repository/Page_DIR/span_3M COMPANY' is clicked on

2022-05-25 10:59:22 - [TEST_STEP][PASSED] - click(findTestObject("Page_DIR/input__dueDateRequest")): Object: 'Object Repository/Page_DIR/input__dueDateRequest' is clicked on

2022-05-25 10:59:23 - [MESSAGE][PASSED] - Object: 'Object Repository/Page_DIR/input__dueDateRequest' is clicked on

2022-05-25 10:59:23 - [TEST_STEP][PASSED] - delay(3): Delayed 3 second(s)

2022-05-25 10:59:26 - [MESSAGE][PASSED] - Delayed 3 second(s)

2022-05-25 10:59:26 - [TEST_STEP][PASSED] - click(findTestObject("Page_DIR/span_MonthRequest")): Object: 'Object Repository/Page_DIR/span_MonthRequest' is clicked on

2022-05-25 10:59:26 - [MESSAGE][PASSED] - Object: 'Object Repository/Page_DIR/span_MonthRequest' is clicked on

2022-05-25 10:59:26 - [TEST_STEP][PASSED] - scrollToElement(findTestObject("Page_DIR/div_DecemberRequest"), 2, STOP_ON_FAILURE): Scroll to object 'Object Repository/Page_DIR/div_DecemberRequest' successfully

2022-05-25 10:59:26 - [MESSAGE][PASSED] - Scroll to object 'Object Repository/Page_DIR/div_DecemberRequest' successfully

2022-05-25 10:59:26 - [TEST_STEP][PASSED] - click(findTestObject("Page_DIR/div_DecemberRequest")): Object: 'Object Repository/Page_DIR/div_DecemberRequest' is clicked on

2022-05-25 10:59:27 - [MESSAGE][PASSED] - Object: 'Object Repository/Page_DIR/div_DecemberRequest' is clicked on

2022-05-25 10:59:27 - [TEST_STEP][PASSED] - delay(2): Delayed 2 second(s)

2022-05-25 10:59:29 - [MESSAGE][PASSED] - Delayed 2 second(s)

2022-05-25 10:59:29 - [TEST_STEP][PASSED] - click(findTestObject("Page_DIR/span_YearRequest")): Object: 'Object Repository/Page_DIR/span_YearRequest' is clicked on

2022-05-25 10:59:29 - [MESSAGE][PASSED] - Object: 'Object Repository/Page_DIR/span_YearRequest' is clicked on

2022-05-25 10:59:29 - [TEST_STEP][PASSED] - delay(2): Delayed 2 second(s)

2022-05-25 10:59:31 - [MESSAGE][PASSED] - Delayed 2 second(s)

2022-05-25 10:59:31 - [TEST_STEP][PASSED] - scrollToElement(findTestObject("Page_DIR/div_Year2024Request"), 2): Scroll to object 'Object Repository/Page_DIR/div_Year2024Request' successfully

2022-05-25 10:59:32 - [MESSAGE][PASSED] - Scroll to object 'Object Repository/Page_DIR/div_Year2024Request' successfully

2022-05-25 10:59:32 - [TEST_STEP][PASSED] - click(findTestObject("Page_DIR/div_Year2024Request")): Object: 'Object Repository/Page_DIR/div_Year2024Request' is clicked on

2022-05-25 10:59:32 - [MESSAGE][PASSED] - Object: 'Object Repository/Page_DIR/div_Year2024Request' is clicked on

2022-05-25 10:59:32 - [TEST_STEP][PASSED] - delay(2): Delayed 2 second(s)

2022-05-25 10:59:34 - [MESSAGE][PASSED] - Delayed 2 second(s)

2022-05-25 10:59:34 - [TEST_STEP][PASSED] - click(findTestObject("Page_DIR/div_Date31Request")): Object: 'Object Repository/Page_DIR/div_Date31Request' is clicked on

2022-05-25 10:59:34 - [MESSAGE][PASSED] - Object: 'Object Repository/Page_DIR/div_Date31Request' is clicked on

2022-05-25 10:59:34 - [TEST_STEP][PASSED] - delay(2): Delayed 2 second(s)

2022-05-25 10:59:36 - [MESSAGE][PASSED] - Delayed 2 second(s)

2022-05-25 10:59:36 - [TEST_STEP][PASSED] - setText(findTestObject("Page_DIR/textarea_Comments_Request"), "test rqst"): Text 'test rqst' is set on object 'Object Repository/Page_DIR/textarea_Comments_Request'

2022-05-25 10:59:37 - [MESSAGE][PASSED] - Text 'test rqst' is set on object 'Object Repository/Page_DIR/textarea_Comments_Request'

2022-05-25 10:59:37 - [TEST_STEP][PASSED] - scrollToElement(findTestObject("Page_DIR/select_RequestType"), 2, STOP_ON_FAILURE): Scroll to object 'Object Repository/Page_DIR/select_RequestType' successfully

2022-05-25 10:59:38 - [MESSAGE][PASSED] - Scroll to object 'Object Repository/Page_DIR/select_RequestType' successfully

2022-05-25 10:59:38 - [TEST_STEP][PASSED] - selectOptionByValue(findTestObject("Page_DIR/select_RequestType"), "GBS", true): All options with value 'GBS' are selected in object 'Object Repository/Page_DIR/select_RequestType'  using regular expression

2022-05-25 10:59:39 - [MESSAGE][PASSED] - All options with value 'GBS' are selected in object 'Object Repository/Page_DIR/select_RequestType'  using regular expression

2022-05-25 10:59:39 - [TEST_STEP][PASSED] - selectOptionByValue(findTestObject("Page_DIR/select_Application"), "MILITARY", true): All options with value 'MILITARY' are selected in object 'Object Repository/Page_DIR/select_Application'  using regular expression

2022-05-25 10:59:40 - [MESSAGE][PASSED] - All options with value 'MILITARY' are selected in object 'Object Repository/Page_DIR/select_Application'  using regular expression

2022-05-25 10:59:40 - [TEST_STEP][PASSED] - click(findTestObject("Page_DIR/button_CreateRequest")): Object: 'Object Repository/Page_DIR/button_CreateRequest' is clicked on

2022-05-25 10:59:41 - [MESSAGE][PASSED] - Object: 'Object Repository/Page_DIR/button_CreateRequest' is clicked on

2022-05-25 10:59:41 - [TEST_STEP][PASSED] - verifyElementPresent(findTestObject("Page_DIR/div_SuccessProject Request"), 4): Object 'Object Repository/Page_DIR/div_SuccessProject Request' is present

2022-05-25 11:00:11 - [MESSAGE][PASSED] - Object 'Object Repository/Page_DIR/div_SuccessProject Request' is present

2022-05-25 11:00:11 - [TEST_STEP][PASSED] - click(findTestObject("Object Repository/Page_DIR/button_OK")): Object: 'Object Repository/Page_DIR/button_OK' is clicked on

2022-05-25 11:00:42 - [MESSAGE][INFO] - Unable to find the element located by 'By.xpath: (//button[@type='button'])[87]'. Please recheck the objects properties to make sure the desired element is located. 

2022-05-25 11:00:42 - [MESSAGE][WARNING] - [SELF-HEALING] Failed to find element with id 'Object Repository/Page_DIR/button_OK'. Try using Self-healing.

2022-05-25 11:00:42 - [MESSAGE][WARNING] - [SELF-HEALING] The current locator of test object 'Object Repository/Page_DIR/button_OK' was broken. Propose an alternative one: '//*/text()[normalize-space(.)='OK']/parent::*'.

2022-05-25 11:00:42 - [MESSAGE][PASSED] - Object: 'Object Repository/Page_DIR/button_OK' is clicked on

2022-05-25 11:00:42 - [TEST_STEP][PASSED] - verifyElementPresent(findTestObject("Page_DIR/div_AFSelfServiceAlert"), 2): Object 'Object Repository/Page_DIR/div_AFSelfServiceAlert' is present

2022-05-25 11:00:43 - [MESSAGE][PASSED] - Object 'Object Repository/Page_DIR/div_AFSelfServiceAlert' is present

2022-05-25 11:00:43 - [TEST_STEP][PASSED] - verifyElementPresent(findTestObject("Page_DIR/div_AFSelfServiceEmail"), 2): Object 'Object Repository/Page_DIR/div_AFSelfServiceEmail' is present

2022-05-25 11:00:43 - [MESSAGE][PASSED] - Object 'Object Repository/Page_DIR/div_AFSelfServiceEmail' is present

2022-05-25 11:00:43 - [TEST_STEP][PASSED] - verifyElementPresent(findTestObject("Page_DIR/div_To Create Request"), 0): Object 'Object Repository/Page_DIR/div_To Create Request' is present

2022-05-25 11:00:44 - [MESSAGE][WARNING] - Timeout '0' is invalid. Using default page load timeout: '30'

2022-05-25 11:00:44 - [MESSAGE][PASSED] - Object 'Object Repository/Page_DIR/div_To Create Request' is present

2022-05-25 11:00:44 - [TEST_STEP][PASSED] - click(findTestObject("Page_DIR/span_Welcome Thangasumathy Jayakumar")): Object: 'Object Repository/Page_DIR/span_Welcome Thangasumathy Jayakumar' is clicked on

2022-05-25 11:00:44 - [MESSAGE][PASSED] - Object: 'Object Repository/Page_DIR/span_Welcome Thangasumathy Jayakumar' is clicked on

2022-05-25 11:00:44 - [TEST_STEP][PASSED] - click(findTestObject("Page_DIR/a_Logout")): Object: 'Object Repository/Page_DIR/a_Logout' is clicked on

2022-05-25 11:00:45 - [MESSAGE][PASSED] - Object: 'Object Repository/Page_DIR/a_Logout' is clicked on]]></system-out>
         <system-err><![CDATA[]]></system-err>
      </testcase>
      <system-out><![CDATA[2022-05-25 10:53:09 - [TEST_SUITE][FAILED] - Sanity_GBS: Test Cases/Sanity/GBS/Create AF Project FAILED.
Reason:
com.kms.katalon.core.exception.StepFailedException: Unable to click on object 'Object Repository/Page_DIR/div_To Create Project   Drop GBS project'
	at com.kms.katalon.core.webui.keyword.internal.WebUIKeywordMain.stepFailed(WebUIKeywordMain.groovy:64)
	at com.kms.katalon.core.webui.keyword.internal.WebUIKeywordMain.runKeyword(WebUIKeywordMain.groovy:26)
	at com.kms.katalon.core.webui.keyword.builtin.UploadFileWithDragAndDrop.uploadFileWithDragAndDrop(UploadFileWithDragAndDrop.groovy:67)
	at com.kms.katalon.core.webui.keyword.builtin.UploadFileWithDragAndDrop.execute(UploadFileWithDragAndDrop.groovy:41)
	at com.kms.katalon.core.keyword.internal.KeywordExecutor.executeKeywordForPlatform(KeywordExecutor.groovy:74)
	at com.kms.katalon.core.webui.keyword.WebUiBuiltInKeywords.uploadFileWithDragAndDrop(WebUiBuiltInKeywords.groovy:5008)
	at com.kms.katalon.core.webui.keyword.WebUiBuiltInKeywords$uploadFileWithDragAndDrop$7.call(Unknown Source)
	at Create AF Project.run(Create AF Project:50)
	at com.kms.katalon.core.main.ScriptEngine.run(ScriptEngine.java:194)
	at com.kms.katalon.core.main.ScriptEngine.runScriptAsRawText(ScriptEngine.java:119)
	at com.kms.katalon.core.main.TestCaseExecutor.runScript(TestCaseExecutor.java:445)
	at com.kms.katalon.core.main.TestCaseExecutor.doExecute(TestCaseExecutor.java:436)
	at com.kms.katalon.core.main.TestCaseExecutor.processExecutionPhase(TestCaseExecutor.java:415)
	at com.kms.katalon.core.main.TestCaseExecutor.accessMainPhase(TestCaseExecutor.java:407)
	at com.kms.katalon.core.main.TestCaseExecutor.execute(TestCaseExecutor.java:284)
	at com.kms.katalon.core.common.CommonExecutor.accessTestCaseMainPhase(CommonExecutor.java:65)
	at com.kms.katalon.core.main.TestSuiteExecutor.accessTestSuiteMainPhase(TestSuiteExecutor.java:144)
	at com.kms.katalon.core.main.TestSuiteExecutor.execute(TestSuiteExecutor.java:106)
	at com.kms.katalon.core.main.TestCaseMain.startTestSuite(TestCaseMain.java:185)
	at com.kms.katalon.core.main.TestCaseMain$startTestSuite$0.call(Unknown Source)
	at TempTestSuite1653456176331.run(TempTestSuite1653456176331.groovy:36)
Caused by: org.openqa.selenium.InvalidArgumentException: invalid argument: File not found : C:\Sumathy\Katalon Projects_Scripts\PIR_DIR2\TestFilesFile for Dummy MPN.xlsx
  (Session info: chrome=101.0.4951.67)
Build info: version: '3.141.59', revision: 'e82be7d358', time: '2018-11-14T08:25:53'
System info: host: 'GSSM0803', ip: '10.195.94.89', os.name: 'Windows 10', os.arch: 'amd64', os.version: '10.0', java.version: '1.8.0_282'
Driver info: com.kms.katalon.selenium.driver.CChromeDriver
Capabilities {acceptInsecureCerts: false, browserName: chrome, browserVersion: 101.0.4951.67, chrome: {chromedriverVersion: 101.0.4951.41 (93c720db8323..., userDataDir: C:\Users\gsstjaya\AppData\L...}, goog:chromeOptions: {debuggerAddress: localhost:49607}, javascriptEnabled: true, networkConnectionEnabled: false, pageLoadStrategy: normal, platform: WINDOWS, platformName: WINDOWS, proxy: Proxy(), setWindowRect: true, strictFileInteractability: false, timeouts: {implicit: 0, pageLoad: 300000, script: 30000}, unhandledPromptBehavior: dismiss and notify, webauthn:extension:credBlob: true, webauthn:extension:largeBlob: true, webauthn:virtualAuthenticators: true}
Session ID: 44eb5895bdc3e8a12a5cb3c1e0b5ef3e
	at org.openqa.selenium.remote.http.W3CHttpResponseCodec.createException(W3CHttpResponseCodec.java:187)
	at org.openqa.selenium.remote.http.W3CHttpResponseCodec.decode(W3CHttpResponseCodec.java:122)
	at org.openqa.selenium.remote.http.W3CHttpResponseCodec.decode(W3CHttpResponseCodec.java:49)
	at org.openqa.selenium.remote.HttpCommandExecutor.execute(HttpCommandExecutor.java:158)
	at org.openqa.selenium.remote.service.DriverCommandExecutor.execute(DriverCommandExecutor.java:83)
	at org.openqa.selenium.remote.RemoteWebDriver.execute(RemoteWebDriver.java:552)
	at com.kms.katalon.selenium.driver.CChromeDriver.execute(CChromeDriver.java:19)
	at org.openqa.selenium.remote.RemoteWebElement.execute(RemoteWebElement.java:285)
	at org.openqa.selenium.remote.RemoteWebElement.sendKeys(RemoteWebElement.java:106)
	at org.openqa.selenium.support.events.EventFiringWebDriver$EventFiringWebElement.lambda$new$0(EventFiringWebDriver.java:404)
	at com.sun.proxy.$Proxy11.sendKeys(Unknown Source)
	at org.openqa.selenium.support.events.EventFiringWebDriver$EventFiringWebElement.sendKeys(EventFiringWebDriver.java:429)
	at com.kms.katalon.core.webui.keyword.builtin.UploadFileWithDragAndDrop$_uploadFileWithDragAndDrop_closure1.doCall(UploadFileWithDragAndDrop.groovy:60)
	at com.kms.katalon.core.webui.keyword.builtin.UploadFileWithDragAndDrop$_uploadFileWithDragAndDrop_closure1.call(UploadFileWithDragAndDrop.groovy)
	at com.kms.katalon.core.webui.keyword.internal.WebUIKeywordMain.runKeyword(WebUIKeywordMain.groovy:20)
	... 19 more]]></system-out>
      <system-err><![CDATA[2022-05-25 10:53:09 - [TEST_SUITE][FAILED] - Sanity_GBS: Test Cases/Sanity/GBS/Create AF Project FAILED.
Reason:
com.kms.katalon.core.exception.StepFailedException: Unable to click on object 'Object Repository/Page_DIR/div_To Create Project   Drop GBS project'
	at com.kms.katalon.core.webui.keyword.internal.WebUIKeywordMain.stepFailed(WebUIKeywordMain.groovy:64)
	at com.kms.katalon.core.webui.keyword.internal.WebUIKeywordMain.runKeyword(WebUIKeywordMain.groovy:26)
	at com.kms.katalon.core.webui.keyword.builtin.UploadFileWithDragAndDrop.uploadFileWithDragAndDrop(UploadFileWithDragAndDrop.groovy:67)
	at com.kms.katalon.core.webui.keyword.builtin.UploadFileWithDragAndDrop.execute(UploadFileWithDragAndDrop.groovy:41)
	at com.kms.katalon.core.keyword.internal.KeywordExecutor.executeKeywordForPlatform(KeywordExecutor.groovy:74)
	at com.kms.katalon.core.webui.keyword.WebUiBuiltInKeywords.uploadFileWithDragAndDrop(WebUiBuiltInKeywords.groovy:5008)
	at com.kms.katalon.core.webui.keyword.WebUiBuiltInKeywords$uploadFileWithDragAndDrop$7.call(Unknown Source)
	at Create AF Project.run(Create AF Project:50)
	at com.kms.katalon.core.main.ScriptEngine.run(ScriptEngine.java:194)
	at com.kms.katalon.core.main.ScriptEngine.runScriptAsRawText(ScriptEngine.java:119)
	at com.kms.katalon.core.main.TestCaseExecutor.runScript(TestCaseExecutor.java:445)
	at com.kms.katalon.core.main.TestCaseExecutor.doExecute(TestCaseExecutor.java:436)
	at com.kms.katalon.core.main.TestCaseExecutor.processExecutionPhase(TestCaseExecutor.java:415)
	at com.kms.katalon.core.main.TestCaseExecutor.accessMainPhase(TestCaseExecutor.java:407)
	at com.kms.katalon.core.main.TestCaseExecutor.execute(TestCaseExecutor.java:284)
	at com.kms.katalon.core.common.CommonExecutor.accessTestCaseMainPhase(CommonExecutor.java:65)
	at com.kms.katalon.core.main.TestSuiteExecutor.accessTestSuiteMainPhase(TestSuiteExecutor.java:144)
	at com.kms.katalon.core.main.TestSuiteExecutor.execute(TestSuiteExecutor.java:106)
	at com.kms.katalon.core.main.TestCaseMain.startTestSuite(TestCaseMain.java:185)
	at com.kms.katalon.core.main.TestCaseMain$startTestSuite$0.call(Unknown Source)
	at TempTestSuite1653456176331.run(TempTestSuite1653456176331.groovy:36)
Caused by: org.openqa.selenium.InvalidArgumentException: invalid argument: File not found : C:\Sumathy\Katalon Projects_Scripts\PIR_DIR2\TestFilesFile for Dummy MPN.xlsx
  (Session info: chrome=101.0.4951.67)
Build info: version: '3.141.59', revision: 'e82be7d358', time: '2018-11-14T08:25:53'
System info: host: 'GSSM0803', ip: '10.195.94.89', os.name: 'Windows 10', os.arch: 'amd64', os.version: '10.0', java.version: '1.8.0_282'
Driver info: com.kms.katalon.selenium.driver.CChromeDriver
Capabilities {acceptInsecureCerts: false, browserName: chrome, browserVersion: 101.0.4951.67, chrome: {chromedriverVersion: 101.0.4951.41 (93c720db8323..., userDataDir: C:\Users\gsstjaya\AppData\L...}, goog:chromeOptions: {debuggerAddress: localhost:49607}, javascriptEnabled: true, networkConnectionEnabled: false, pageLoadStrategy: normal, platform: WINDOWS, platformName: WINDOWS, proxy: Proxy(), setWindowRect: true, strictFileInteractability: false, timeouts: {implicit: 0, pageLoad: 300000, script: 30000}, unhandledPromptBehavior: dismiss and notify, webauthn:extension:credBlob: true, webauthn:extension:largeBlob: true, webauthn:virtualAuthenticators: true}
Session ID: 44eb5895bdc3e8a12a5cb3c1e0b5ef3e
	at org.openqa.selenium.remote.http.W3CHttpResponseCodec.createException(W3CHttpResponseCodec.java:187)
	at org.openqa.selenium.remote.http.W3CHttpResponseCodec.decode(W3CHttpResponseCodec.java:122)
	at org.openqa.selenium.remote.http.W3CHttpResponseCodec.decode(W3CHttpResponseCodec.java:49)
	at org.openqa.selenium.remote.HttpCommandExecutor.execute(HttpCommandExecutor.java:158)
	at org.openqa.selenium.remote.service.DriverCommandExecutor.execute(DriverCommandExecutor.java:83)
	at org.openqa.selenium.remote.RemoteWebDriver.execute(RemoteWebDriver.java:552)
	at com.kms.katalon.selenium.driver.CChromeDriver.execute(CChromeDriver.java:19)
	at org.openqa.selenium.remote.RemoteWebElement.execute(RemoteWebElement.java:285)
	at org.openqa.selenium.remote.RemoteWebElement.sendKeys(RemoteWebElement.java:106)
	at org.openqa.selenium.support.events.EventFiringWebDriver$EventFiringWebElement.lambda$new$0(EventFiringWebDriver.java:404)
	at com.sun.proxy.$Proxy11.sendKeys(Unknown Source)
	at org.openqa.selenium.support.events.EventFiringWebDriver$EventFiringWebElement.sendKeys(EventFiringWebDriver.java:429)
	at com.kms.katalon.core.webui.keyword.builtin.UploadFileWithDragAndDrop$_uploadFileWithDragAndDrop_closure1.doCall(UploadFileWithDragAndDrop.groovy:60)
	at com.kms.katalon.core.webui.keyword.builtin.UploadFileWithDragAndDrop$_uploadFileWithDragAndDrop_closure1.call(UploadFileWithDragAndDrop.groovy)
	at com.kms.katalon.core.webui.keyword.internal.WebUIKeywordMain.runKeyword(WebUIKeywordMain.groovy:20)
	... 19 more]]></system-err>
   </testsuite>
</testsuites>
